warn: Microsoft.EntityFrameworkCore.Model.Validation[30000]
      No type was specified for the decimal column 'Average' on entity type 'Education'. This will cause values to be silently truncated if they do not fit in the default precision and scale. Explicitly specify the SQL server column type that can accommodate all the values using 'HasColumnType()'.
info: Microsoft.EntityFrameworkCore.Infrastructure[10403]
      Entity Framework Core 2.2.0-rtm-35687 initialized 'AtiehJobCoreDbContext' using provider 'Microsoft.EntityFrameworkCore.SqlServer' with options: MaxPoolSize=128 CommandTimeout=180 
info: Microsoft.EntityFrameworkCore.Database.Command[20101]
      Executed DbCommand (106ms) [Parameters=[], CommandType='Text', CommandTimeout='180']
      SELECT [k].[XmlData]
      FROM [DataProtectionKeys] AS [k]
warn: Microsoft.EntityFrameworkCore.Model.Validation[30000]
      No type was specified for the decimal column 'Average' on entity type 'Education'. This will cause values to be silently truncated if they do not fit in the default precision and scale. Explicitly specify the SQL server column type that can accommodate all the values using 'HasColumnType()'.
info: Microsoft.EntityFrameworkCore.Infrastructure[10403]
      Entity Framework Core 2.2.0-rtm-35687 initialized 'AtiehJobCoreDbContext' using provider 'Microsoft.EntityFrameworkCore.SqlServer' with options: MaxPoolSize=128 CommandTimeout=180 
info: Microsoft.EntityFrameworkCore.Infrastructure[10403]
      Entity Framework Core 2.2.0-rtm-35687 initialized 'AtiehJobCoreDbContext' using provider 'Microsoft.EntityFrameworkCore.SqlServer' with options: MaxPoolSize=128 CommandTimeout=180 
info: Microsoft.EntityFrameworkCore.Database.Command[20101]
      Executed DbCommand (31ms) [Parameters=[], CommandType='Text', CommandTimeout='180']
      SELECT OBJECT_ID(N'[__EFMigrationsHistory]');
info: Microsoft.EntityFrameworkCore.Database.Command[20101]
      Executed DbCommand (20ms) [Parameters=[], CommandType='Text', CommandTimeout='180']
      SELECT OBJECT_ID(N'[__EFMigrationsHistory]');
info: Microsoft.EntityFrameworkCore.Database.Command[20101]
      Executed DbCommand (15ms) [Parameters=[], CommandType='Text', CommandTimeout='180']
      SELECT [MigrationId], [ProductVersion]
      FROM [__EFMigrationsHistory]
      ORDER BY [MigrationId];
info: Microsoft.EntityFrameworkCore.Migrations[20405]
      No migrations were applied. The database is already up to date.
info: Microsoft.EntityFrameworkCore.Infrastructure[10403]
      Entity Framework Core 2.2.0-rtm-35687 initialized 'AtiehJobCoreDbContext' using provider 'Microsoft.EntityFrameworkCore.SqlServer' with options: MaxPoolSize=128 CommandTimeout=180 
info: Microsoft.EntityFrameworkCore.Database.Command[20101]
      Executed DbCommand (78ms) [Parameters=[@__normalizedUserName_0='?' (Size = 256)], CommandType='Text', CommandTimeout='180']
      SELECT TOP(1) [u].[Id], [u].[AccessFailedCount], [u].[ConcurrencyStamp], [u].[CreatedByBrowserName], [u].[CreatedByIp], [u].[CreatedByUserId], [u].[CreatedDateTime], [u].[DateOfBirth], [u].[Email], [u].[EmailConfirmed], [u].[FatherName], [u].[FirstName], [u].[GenderType], [u].[IsActive], [u].[IsDeleted], [u].[IsEmailPublic], [u].[LastName], [u].[LastVisitedDateTime], [u].[LockoutEnabled], [u].[LockoutEnd], [u].[MobileNumber], [u].[ModifiedByBrowserName], [u].[ModifiedByIp], [u].[ModifiedByUserId], [u].[ModifiedDateTime], [u].[NationalCode], [u].[NormalizedEmail], [u].[NormalizedUserName], [u].[PasswordHash], [u].[PhoneNumber], [u].[PhoneNumberConfirmed], [u].[PhotoFileName], [u].[PlaceOfBirth], [u].[SecurityStamp], [u].[SsnId], [u].[SsnSerial], [u].[TwoFactorEnabled], [u].[UserName], [u].[UserType]
      FROM [Users] AS [u]
      WHERE [u].[NormalizedUserName] = @__normalizedUserName_0
info: AtiehJobCore.Services.Identity.IdentityDbInitializer[0]
      SeedDatabaseWithAdminUserAsync: adminUser already exists.
info: Microsoft.EntityFrameworkCore.Database.Command[20101]
      Executed DbCommand (21ms) [Parameters=[], CommandType='Text', CommandTimeout='180']
      SELECT [r].[Id], [r].[ConcurrencyStamp], [r].[CreatedByBrowserName], [r].[CreatedByIp], [r].[CreatedByUserId], [r].[CreatedDateTime], [r].[Description], [r].[IsActive], [r].[IsDeleted], [r].[ModifiedByBrowserName], [r].[ModifiedByIp], [r].[ModifiedByUserId], [r].[ModifiedDateTime], [r].[Name], [r].[NormalizedName]
      FROM [Roles] AS [r]
Hosting environment: Development
Content root path: D:\Programming\Best Project\AtiehJobCore\Presentation\AtiehJobCore.Web
Application started. Press Ctrl+C to shut down.
info: Microsoft.AspNetCore.Hosting.Internal.WebHost[1]
      Request starting HTTP/2.0 GET https://localhost:44344/  
info: Microsoft.EntityFrameworkCore.Infrastructure[10403]
      Entity Framework Core 2.2.0-rtm-35687 initialized 'AtiehJobCoreDbContext' using provider 'Microsoft.EntityFrameworkCore.SqlServer' with options: MaxPoolSize=128 CommandTimeout=180 
info: Microsoft.EntityFrameworkCore.Database.Command[20101]
      Executed DbCommand (58ms) [Parameters=[@__get_Item_0='?' (DbType = Int32)], CommandType='Text', CommandTimeout='180']
      SELECT TOP(1) [e].[Id], [e].[AccessFailedCount], [e].[ConcurrencyStamp], [e].[CreatedByBrowserName], [e].[CreatedByIp], [e].[CreatedByUserId], [e].[CreatedDateTime], [e].[DateOfBirth], [e].[Email], [e].[EmailConfirmed], [e].[FatherName], [e].[FirstName], [e].[GenderType], [e].[IsActive], [e].[IsDeleted], [e].[IsEmailPublic], [e].[LastName], [e].[LastVisitedDateTime], [e].[LockoutEnabled], [e].[LockoutEnd], [e].[MobileNumber], [e].[ModifiedByBrowserName], [e].[ModifiedByIp], [e].[ModifiedByUserId], [e].[ModifiedDateTime], [e].[NationalCode], [e].[NormalizedEmail], [e].[NormalizedUserName], [e].[PasswordHash], [e].[PhoneNumber], [e].[PhoneNumberConfirmed], [e].[PhotoFileName], [e].[PlaceOfBirth], [e].[SecurityStamp], [e].[SsnId], [e].[SsnSerial], [e].[TwoFactorEnabled], [e].[UserName], [e].[UserType]
      FROM [Users] AS [e]
      WHERE [e].[Id] = @__get_Item_0
info: Microsoft.EntityFrameworkCore.Database.Command[20101]
      Executed DbCommand (70ms) [Parameters=[@__user_Id_0='?' (DbType = Int32)], CommandType='Text', CommandTimeout='180']
      SELECT [uc].[Id], [uc].[ClaimType], [uc].[ClaimValue], [uc].[CreatedByBrowserName], [uc].[CreatedByIp], [uc].[CreatedByUserId], [uc].[CreatedDateTime], [uc].[ModifiedByBrowserName], [uc].[ModifiedByIp], [uc].[ModifiedByUserId], [uc].[ModifiedDateTime], [uc].[UserId]
      FROM [UserClaims] AS [uc]
      WHERE [uc].[UserId] = @__user_Id_0
info: Microsoft.EntityFrameworkCore.Database.Command[20101]
      Executed DbCommand (43ms) [Parameters=[@__userId_0='?' (DbType = Int32)], CommandType='Text', CommandTimeout='180']
      SELECT [role].[Name]
      FROM [UserRoles] AS [userRole]
      INNER JOIN [Roles] AS [role] ON [userRole].[RoleId] = [role].[Id]
      WHERE [userRole].[UserId] = @__userId_0
info: Microsoft.EntityFrameworkCore.Database.Command[20101]
      Executed DbCommand (40ms) [Parameters=[@__normalizedName_0='?' (Size = 256)], CommandType='Text', CommandTimeout='180']
      SELECT TOP(1) [r].[Id], [r].[ConcurrencyStamp], [r].[CreatedByBrowserName], [r].[CreatedByIp], [r].[CreatedByUserId], [r].[CreatedDateTime], [r].[Description], [r].[IsActive], [r].[IsDeleted], [r].[ModifiedByBrowserName], [r].[ModifiedByIp], [r].[ModifiedByUserId], [r].[ModifiedDateTime], [r].[Name], [r].[NormalizedName]
      FROM [Roles] AS [r]
      WHERE [r].[NormalizedName] = @__normalizedName_0
info: Microsoft.EntityFrameworkCore.Database.Command[20101]
      Executed DbCommand (51ms) [Parameters=[@__role_Id_0='?' (DbType = Int32)], CommandType='Text', CommandTimeout='180']
      SELECT [rc].[ClaimType], [rc].[ClaimValue]
      FROM [RoleClaims] AS [rc]
      WHERE [rc].[RoleId] = @__role_Id_0
info: Microsoft.EntityFrameworkCore.Database.Command[20101]
      Executed DbCommand (70ms) [Parameters=[@__normalizedUserName_0='?' (Size = 256)], CommandType='Text', CommandTimeout='180']
      SELECT TOP(1) [u].[Id], [u].[AccessFailedCount], [u].[ConcurrencyStamp], [u].[CreatedByBrowserName], [u].[CreatedByIp], [u].[CreatedByUserId], [u].[CreatedDateTime], [u].[DateOfBirth], [u].[Email], [u].[EmailConfirmed], [u].[FatherName], [u].[FirstName], [u].[GenderType], [u].[IsActive], [u].[IsDeleted], [u].[IsEmailPublic], [u].[LastName], [u].[LastVisitedDateTime], [u].[LockoutEnabled], [u].[LockoutEnd], [u].[MobileNumber], [u].[ModifiedByBrowserName], [u].[ModifiedByIp], [u].[ModifiedByUserId], [u].[ModifiedDateTime], [u].[NationalCode], [u].[NormalizedEmail], [u].[NormalizedUserName], [u].[PasswordHash], [u].[PhoneNumber], [u].[PhoneNumberConfirmed], [u].[PhotoFileName], [u].[PlaceOfBirth], [u].[SecurityStamp], [u].[SsnId], [u].[SsnSerial], [u].[TwoFactorEnabled], [u].[UserName], [u].[UserType]
      FROM [Users] AS [u]
      WHERE [u].[NormalizedUserName] = @__normalizedUserName_0
info: Microsoft.EntityFrameworkCore.Database.Command[20101]
      Executed DbCommand (27ms) [Parameters=[@__normalizedEmail_0='?' (Size = 256)], CommandType='Text', CommandTimeout='180']
      SELECT TOP(1) [u].[Id], [u].[AccessFailedCount], [u].[ConcurrencyStamp], [u].[CreatedByBrowserName], [u].[CreatedByIp], [u].[CreatedByUserId], [u].[CreatedDateTime], [u].[DateOfBirth], [u].[Email], [u].[EmailConfirmed], [u].[FatherName], [u].[FirstName], [u].[GenderType], [u].[IsActive], [u].[IsDeleted], [u].[IsEmailPublic], [u].[LastName], [u].[LastVisitedDateTime], [u].[LockoutEnabled], [u].[LockoutEnd], [u].[MobileNumber], [u].[ModifiedByBrowserName], [u].[ModifiedByIp], [u].[ModifiedByUserId], [u].[ModifiedDateTime], [u].[NationalCode], [u].[NormalizedEmail], [u].[NormalizedUserName], [u].[PasswordHash], [u].[PhoneNumber], [u].[PhoneNumberConfirmed], [u].[PhotoFileName], [u].[PlaceOfBirth], [u].[SecurityStamp], [u].[SsnId], [u].[SsnSerial], [u].[TwoFactorEnabled], [u].[UserName], [u].[UserType]
      FROM [Users] AS [u]
      WHERE [u].[NormalizedEmail] = @__normalizedEmail_0
info: Microsoft.EntityFrameworkCore.Database.Command[20101]
      Executed DbCommand (34ms) [Parameters=[@__normalizedUserName_0='?' (Size = 256)], CommandType='Text', CommandTimeout='180']
      SELECT TOP(1) [u].[Id], [u].[AccessFailedCount], [u].[ConcurrencyStamp], [u].[CreatedByBrowserName], [u].[CreatedByIp], [u].[CreatedByUserId], [u].[CreatedDateTime], [u].[DateOfBirth], [u].[Email], [u].[EmailConfirmed], [u].[FatherName], [u].[FirstName], [u].[GenderType], [u].[IsActive], [u].[IsDeleted], [u].[IsEmailPublic], [u].[LastName], [u].[LastVisitedDateTime], [u].[LockoutEnabled], [u].[LockoutEnd], [u].[MobileNumber], [u].[ModifiedByBrowserName], [u].[ModifiedByIp], [u].[ModifiedByUserId], [u].[ModifiedDateTime], [u].[NationalCode], [u].[NormalizedEmail], [u].[NormalizedUserName], [u].[PasswordHash], [u].[PhoneNumber], [u].[PhoneNumberConfirmed], [u].[PhotoFileName], [u].[PlaceOfBirth], [u].[SecurityStamp], [u].[SsnId], [u].[SsnSerial], [u].[TwoFactorEnabled], [u].[UserName], [u].[UserType]
      FROM [Users] AS [u]
      WHERE [u].[NormalizedUserName] = @__normalizedUserName_0
info: Microsoft.EntityFrameworkCore.Database.Command[20101]
      Executed DbCommand (50ms) [Parameters=[@__normalizedEmail_0='?' (Size = 256)], CommandType='Text', CommandTimeout='180']
      SELECT TOP(1) [u].[Id], [u].[AccessFailedCount], [u].[ConcurrencyStamp], [u].[CreatedByBrowserName], [u].[CreatedByIp], [u].[CreatedByUserId], [u].[CreatedDateTime], [u].[DateOfBirth], [u].[Email], [u].[EmailConfirmed], [u].[FatherName], [u].[FirstName], [u].[GenderType], [u].[IsActive], [u].[IsDeleted], [u].[IsEmailPublic], [u].[LastName], [u].[LastVisitedDateTime], [u].[LockoutEnabled], [u].[LockoutEnd], [u].[MobileNumber], [u].[ModifiedByBrowserName], [u].[ModifiedByIp], [u].[ModifiedByUserId], [u].[ModifiedDateTime], [u].[NationalCode], [u].[NormalizedEmail], [u].[NormalizedUserName], [u].[PasswordHash], [u].[PhoneNumber], [u].[PhoneNumberConfirmed], [u].[PhotoFileName], [u].[PlaceOfBirth], [u].[SecurityStamp], [u].[SsnId], [u].[SsnSerial], [u].[TwoFactorEnabled], [u].[UserName], [u].[UserType]
      FROM [Users] AS [u]
      WHERE [u].[NormalizedEmail] = @__normalizedEmail_0
info: Microsoft.EntityFrameworkCore.Database.Command[20101]
      Executed DbCommand (91ms) [Parameters=[@p38='?' (DbType = Int32), @p0='?' (DbType = Int32), @p1='?' (Size = 4000), @p39='?' (Size = 4000), @p2='?' (Size = 1000), @p3='?' (Size = 255), @p4='?' (DbType = Int32), @p5='?' (DbType = DateTimeOffset), @p6='?' (DbType = DateTimeOffset), @p7='?' (Size = 256), @p8='?' (DbType = Boolean), @p9='?' (Size = 100), @p10='?' (Size = 100), @p11='?' (DbType = Byte), @p12='?' (DbType = Boolean), @p13='?' (DbType = Boolean), @p14='?' (DbType = Boolean), @p15='?' (Size = 450), @p16='?' (DbType = DateTimeOffset), @p17='?' (DbType = Boolean), @p18='?' (DbType = DateTimeOffset), @p19='?' (Size = 11), @p20='?' (Size = 1000), @p21='?' (Size = 255), @p22='?' (DbType = Int32), @p23='?' (DbType = DateTimeOffset), @p24='?' (Size = 10), @p25='?' (Size = 256), @p26='?' (Size = 256), @p27='?' (Size = 4000), @p28='?' (Size = 4000), @p29='?' (DbType = Boolean), @p30='?' (Size = 450), @p31='?' (Size = 150), @p32='?' (Size = 4000), @p33='?' (Size = 100), @p34='?' (Size = 100), @p35='?' (DbType = Boolean), @p36='?' (Size = 256), @p37='?' (DbType = Int32)], CommandType='Text', CommandTimeout='180']
      SET NOCOUNT ON;
      UPDATE [Users] SET [AccessFailedCount] = @p0, [ConcurrencyStamp] = @p1, [CreatedByBrowserName] = @p2, [CreatedByIp] = @p3, [CreatedByUserId] = @p4, [CreatedDateTime] = @p5, [DateOfBirth] = @p6, [Email] = @p7, [EmailConfirmed] = @p8, [FatherName] = @p9, [FirstName] = @p10, [GenderType] = @p11, [IsActive] = @p12, [IsDeleted] = @p13, [IsEmailPublic] = @p14, [LastName] = @p15, [LastVisitedDateTime] = @p16, [LockoutEnabled] = @p17, [LockoutEnd] = @p18, [MobileNumber] = @p19, [ModifiedByBrowserName] = @p20, [ModifiedByIp] = @p21, [ModifiedByUserId] = @p22, [ModifiedDateTime] = @p23, [NationalCode] = @p24, [NormalizedEmail] = @p25, [NormalizedUserName] = @p26, [PasswordHash] = @p27, [PhoneNumber] = @p28, [PhoneNumberConfirmed] = @p29, [PhotoFileName] = @p30, [PlaceOfBirth] = @p31, [SecurityStamp] = @p32, [SsnId] = @p33, [SsnSerial] = @p34, [TwoFactorEnabled] = @p35, [UserName] = @p36, [UserType] = @p37
      WHERE [Id] = @p38 AND [ConcurrencyStamp] = @p39;
      SELECT @@ROWCOUNT;
info: Microsoft.AspNetCore.Routing.EndpointMiddleware[0]
      Executing endpoint 'AtiehJobCore.Web.Controllers.HomeController.Index (AtiehJobCore.Web)'
info: Microsoft.AspNetCore.Mvc.Internal.ControllerActionInvoker[1]
      Route matched with {action = "Index", controller = "Home", area = ""}. Executing action AtiehJobCore.Web.Controllers.HomeController.Index (AtiehJobCore.Web)
info: Microsoft.AspNetCore.Mvc.Internal.ControllerActionInvoker[1]
      Executing action method AtiehJobCore.Web.Controllers.HomeController.Index (AtiehJobCore.Web) - Validation state: Valid
info: Microsoft.AspNetCore.Mvc.Internal.ControllerActionInvoker[2]
      Executed action method AtiehJobCore.Web.Controllers.HomeController.Index (AtiehJobCore.Web), returned result Microsoft.AspNetCore.Mvc.ViewResult in 1.061ms.
info: Microsoft.AspNetCore.Mvc.ViewFeatures.ViewResultExecutor[1]
      Executing ViewResult, running view Index.
info: Microsoft.EntityFrameworkCore.Database.Command[20101]
      Executed DbCommand (138ms) [Parameters=[@__p_2='?' (DbType = Int32), @__now_0='?' (DbType = DateTimeOffset), @__minutes_1='?' (DbType = DateTimeOffset)], CommandType='Text', CommandTimeout='180']
      SELECT TOP(@__p_2) [user].[Id], [user].[AccessFailedCount], [user].[ConcurrencyStamp], [user].[CreatedByBrowserName], [user].[CreatedByIp], [user].[CreatedByUserId], [user].[CreatedDateTime], [user].[DateOfBirth], [user].[Email], [user].[EmailConfirmed], [user].[FatherName], [user].[FirstName], [user].[GenderType], [user].[IsActive], [user].[IsDeleted], [user].[IsEmailPublic], [user].[LastName], [user].[LastVisitedDateTime], [user].[LockoutEnabled], [user].[LockoutEnd], [user].[MobileNumber], [user].[ModifiedByBrowserName], [user].[ModifiedByIp], [user].[ModifiedByUserId], [user].[ModifiedDateTime], [user].[NationalCode], [user].[NormalizedEmail], [user].[NormalizedUserName], [user].[PasswordHash], [user].[PhoneNumber], [user].[PhoneNumberConfirmed], [user].[PhotoFileName], [user].[PlaceOfBirth], [user].[SecurityStamp], [user].[SsnId], [user].[SsnSerial], [user].[TwoFactorEnabled], [user].[UserName], [user].[UserType]
      FROM [Users] AS [user]
      WHERE ([user].[LastVisitedDateTime] IS NOT NULL AND ([user].[LastVisitedDateTime] <= @__now_0)) AND ([user].[LastVisitedDateTime] >= @__minutes_1)
      ORDER BY [user].[LastVisitedDateTime] DESC
