warn: Microsoft.EntityFrameworkCore.Model.Validation[30000]
      No type was specified for the decimal column 'Average' on entity type 'Education'. This will cause values to be silently truncated if they do not fit in the default precision and scale. Explicitly specify the SQL server column type that can accommodate all the values using 'HasColumnType()'.
info: Microsoft.EntityFrameworkCore.Infrastructure[10403]
      Entity Framework Core 2.2.0-rtm-35687 initialized 'AtiehJobCoreDbContext' using provider 'Microsoft.EntityFrameworkCore.SqlServer' with options: MaxPoolSize=128 CommandTimeout=180 
info: Microsoft.EntityFrameworkCore.Database.Command[20101]
      Executed DbCommand (96ms) [Parameters=[], CommandType='Text', CommandTimeout='180']
      SELECT [k].[XmlData]
      FROM [DataProtectionKeys] AS [k]
warn: Microsoft.EntityFrameworkCore.Model.Validation[30000]
      No type was specified for the decimal column 'Average' on entity type 'Education'. This will cause values to be silently truncated if they do not fit in the default precision and scale. Explicitly specify the SQL server column type that can accommodate all the values using 'HasColumnType()'.
info: Microsoft.EntityFrameworkCore.Infrastructure[10403]
      Entity Framework Core 2.2.0-rtm-35687 initialized 'AtiehJobCoreDbContext' using provider 'Microsoft.EntityFrameworkCore.SqlServer' with options: MaxPoolSize=128 CommandTimeout=180 
info: Microsoft.EntityFrameworkCore.Infrastructure[10403]
      Entity Framework Core 2.2.0-rtm-35687 initialized 'AtiehJobCoreDbContext' using provider 'Microsoft.EntityFrameworkCore.SqlServer' with options: MaxPoolSize=128 CommandTimeout=180 
info: Microsoft.EntityFrameworkCore.Database.Command[20101]
      Executed DbCommand (23ms) [Parameters=[], CommandType='Text', CommandTimeout='180']
      SELECT OBJECT_ID(N'[__EFMigrationsHistory]');
info: Microsoft.EntityFrameworkCore.Database.Command[20101]
      Executed DbCommand (18ms) [Parameters=[], CommandType='Text', CommandTimeout='180']
      SELECT OBJECT_ID(N'[__EFMigrationsHistory]');
info: Microsoft.EntityFrameworkCore.Database.Command[20101]
      Executed DbCommand (17ms) [Parameters=[], CommandType='Text', CommandTimeout='180']
      SELECT [MigrationId], [ProductVersion]
      FROM [__EFMigrationsHistory]
      ORDER BY [MigrationId];
info: Microsoft.EntityFrameworkCore.Migrations[20405]
      No migrations were applied. The database is already up to date.
info: Microsoft.EntityFrameworkCore.Infrastructure[10403]
      Entity Framework Core 2.2.0-rtm-35687 initialized 'AtiehJobCoreDbContext' using provider 'Microsoft.EntityFrameworkCore.SqlServer' with options: MaxPoolSize=128 CommandTimeout=180 
info: Microsoft.EntityFrameworkCore.Database.Command[20101]
      Executed DbCommand (69ms) [Parameters=[@__normalizedUserName_0='?' (Size = 256)], CommandType='Text', CommandTimeout='180']
      SELECT TOP(1) [u].[Id], [u].[AccessFailedCount], [u].[ConcurrencyStamp], [u].[CreatedByBrowserName], [u].[CreatedByIp], [u].[CreatedByUserId], [u].[CreatedDateTime], [u].[DateOfBirth], [u].[Email], [u].[EmailConfirmed], [u].[FatherName], [u].[FirstName], [u].[GenderType], [u].[IsActive], [u].[IsDeleted], [u].[IsEmailPublic], [u].[LastName], [u].[LastVisitedDateTime], [u].[LockoutEnabled], [u].[LockoutEnd], [u].[MobileNumber], [u].[ModifiedByBrowserName], [u].[ModifiedByIp], [u].[ModifiedByUserId], [u].[ModifiedDateTime], [u].[NationalCode], [u].[NormalizedEmail], [u].[NormalizedUserName], [u].[PasswordHash], [u].[PhoneNumber], [u].[PhoneNumberConfirmed], [u].[PhotoFileName], [u].[PlaceOfBirth], [u].[SecurityStamp], [u].[SsnId], [u].[SsnSerial], [u].[TwoFactorEnabled], [u].[UserName], [u].[UserType]
      FROM [Users] AS [u]
      WHERE [u].[NormalizedUserName] = @__normalizedUserName_0
info: AtiehJobCore.Services.Identity.IdentityDbInitializer[0]
      SeedDatabaseWithAdminUserAsync: adminUser already exists.
info: Microsoft.EntityFrameworkCore.Database.Command[20101]
      Executed DbCommand (19ms) [Parameters=[], CommandType='Text', CommandTimeout='180']
      SELECT [r].[Id], [r].[ConcurrencyStamp], [r].[CreatedByBrowserName], [r].[CreatedByIp], [r].[CreatedByUserId], [r].[CreatedDateTime], [r].[Description], [r].[IsActive], [r].[IsDeleted], [r].[ModifiedByBrowserName], [r].[ModifiedByIp], [r].[ModifiedByUserId], [r].[ModifiedDateTime], [r].[Name], [r].[NormalizedName]
      FROM [Roles] AS [r]
Hosting environment: Development
Content root path: D:\Programming\Best Project\AtiehJobCore\Presentation\AtiehJobCore.Web
Application started. Press Ctrl+C to shut down.
info: Microsoft.AspNetCore.Hosting.Internal.WebHost[1]
      Request starting HTTP/2.0 GET https://localhost:44344/  
info: Microsoft.AspNetCore.Routing.EndpointMiddleware[0]
      Executing endpoint 'AtiehJobCore.Web.Controllers.HomeController.Index (AtiehJobCore.Web)'
info: Microsoft.AspNetCore.Mvc.Internal.ControllerActionInvoker[1]
      Route matched with {action = "Index", controller = "Home", area = ""}. Executing action AtiehJobCore.Web.Controllers.HomeController.Index (AtiehJobCore.Web)
info: Microsoft.AspNetCore.Mvc.Internal.ControllerActionInvoker[1]
      Executing action method AtiehJobCore.Web.Controllers.HomeController.Index (AtiehJobCore.Web) - Validation state: Valid
info: Microsoft.AspNetCore.Mvc.Internal.ControllerActionInvoker[2]
      Executed action method AtiehJobCore.Web.Controllers.HomeController.Index (AtiehJobCore.Web), returned result Microsoft.AspNetCore.Mvc.ViewResult in 1.0249ms.
info: Microsoft.AspNetCore.Mvc.ViewFeatures.ViewResultExecutor[1]
      Executing ViewResult, running view Index.
info: Microsoft.AspNetCore.Mvc.ViewFeatures.ViewResultExecutor[4]
      Executed ViewResult - view Index executed in 267.833ms.
info: Microsoft.AspNetCore.Mvc.Internal.ControllerActionInvoker[2]
      Executed action AtiehJobCore.Web.Controllers.HomeController.Index (AtiehJobCore.Web) in 441.8293ms
info: Microsoft.AspNetCore.Routing.EndpointMiddleware[1]
      Executed endpoint 'AtiehJobCore.Web.Controllers.HomeController.Index (AtiehJobCore.Web)'
info: Microsoft.AspNetCore.Hosting.Internal.WebHost[2]
      Request finished in 621.7174ms 200 text/html; charset=utf-8
info: Microsoft.AspNetCore.Hosting.Internal.WebHost[1]
      Request starting HTTP/2.0 GET https://localhost:44344/favicon.ico  
info: Microsoft.AspNetCore.Hosting.Internal.WebHost[2]
      Request finished in 69.0431ms 404 text/plain
info: Microsoft.AspNetCore.Hosting.Internal.WebHost[1]
      Request starting HTTP/2.0 GET https://localhost:44344/Identity/account/register  
info: Microsoft.AspNetCore.Routing.EndpointMiddleware[0]
      Executing endpoint 'AtiehJobCore.Web.Areas.Identity.Controllers.AccountController.Register (AtiehJobCore.Web)'
info: Microsoft.AspNetCore.Mvc.Internal.ControllerActionInvoker[1]
      Route matched with {area = "Identity", action = "Register", controller = "Account"}. Executing action AtiehJobCore.Web.Areas.Identity.Controllers.AccountController.Register (AtiehJobCore.Web)
info: Microsoft.EntityFrameworkCore.Infrastructure[10403]
      Entity Framework Core 2.2.0-rtm-35687 initialized 'AtiehJobCoreDbContext' using provider 'Microsoft.EntityFrameworkCore.SqlServer' with options: MaxPoolSize=128 CommandTimeout=180 
info: Microsoft.AspNetCore.Mvc.Internal.ControllerActionInvoker[1]
      Executing action method AtiehJobCore.Web.Areas.Identity.Controllers.AccountController.Register (AtiehJobCore.Web) - Validation state: Valid
info: Microsoft.AspNetCore.Mvc.Internal.ControllerActionInvoker[2]
      Executed action method AtiehJobCore.Web.Areas.Identity.Controllers.AccountController.Register (AtiehJobCore.Web), returned result Microsoft.AspNetCore.Mvc.ViewResult in 0.3263ms.
info: Microsoft.AspNetCore.Mvc.ViewFeatures.ViewResultExecutor[1]
      Executing ViewResult, running view Register.
info: DNTCaptcha.Core.Providers.CookieCaptchaStorageProvider[0]
      Using the CookieCaptchaStorageProvider.
info: Microsoft.AspNetCore.Mvc.ViewFeatures.ViewResultExecutor[4]
      Executed ViewResult - view Register executed in 208.9314ms.
info: Microsoft.AspNetCore.Mvc.Internal.ControllerActionInvoker[2]
      Executed action AtiehJobCore.Web.Areas.Identity.Controllers.AccountController.Register (AtiehJobCore.Web) in 409.5248ms
info: Microsoft.AspNetCore.Routing.EndpointMiddleware[1]
      Executed endpoint 'AtiehJobCore.Web.Areas.Identity.Controllers.AccountController.Register (AtiehJobCore.Web)'
info: Microsoft.AspNetCore.Hosting.Internal.WebHost[2]
      Request finished in 429.4837ms 200 text/html; charset=utf-8
info: Microsoft.AspNetCore.Hosting.Internal.WebHost[1]
      Request starting HTTP/2.0 GET https://localhost:44344/DNTCaptchaImage/Show?text=CfDJ8LAVDtwkOhhMqDQGKX5XPyC%2FOaevY%2FXUBwCt9KhmUE%2B9NUFexJHtNmcvjoWXNazMs63%2BH40P8j0v6KdWtxzrioMae8ICiu0ZWFPOukYV8M%2Fqo0BtMB1XQlj3G7%2FKip3PRnbyyqEMNvAR9MbfPdyYmZp7H2CmSfyNnfc2pZ7%2B%2B%2Bfl&rndDate=636835341510433252&foreColor=%23333333&backColor=%23ccc&fontSize=20&fontName=Tahoma  
info: Microsoft.AspNetCore.Routing.EndpointMiddleware[0]
      Executing endpoint 'DNTCaptcha.Core.DNTCaptchaImageController.Show (DNTCaptcha.Core)'
info: Microsoft.AspNetCore.Mvc.Internal.ControllerActionInvoker[1]
      Route matched with {action = "Show", controller = "DNTCaptchaImage", area = ""}. Executing action DNTCaptcha.Core.DNTCaptchaImageController.Show (DNTCaptcha.Core)
info: Microsoft.AspNetCore.Hosting.Internal.WebHost[1]
      Request starting HTTP/2.0 GET https://localhost:44344/Identity/account/register  
info: Microsoft.AspNetCore.Routing.EndpointMiddleware[0]
      Executing endpoint 'AtiehJobCore.Web.Areas.Identity.Controllers.AccountController.Register (AtiehJobCore.Web)'
info: Microsoft.AspNetCore.Mvc.Internal.ControllerActionInvoker[1]
      Route matched with {area = "Identity", action = "Register", controller = "Account"}. Executing action AtiehJobCore.Web.Areas.Identity.Controllers.AccountController.Register (AtiehJobCore.Web)
info: Microsoft.AspNetCore.Mvc.Internal.ControllerActionInvoker[1]
      Executing action method DNTCaptcha.Core.DNTCaptchaImageController.Show (DNTCaptcha.Core) with arguments (CfDJ8LAVDtwkOhhMqDQGKX5XPyC/OaevY/XUBwCt9KhmUE+9NUFexJHtNmcvjoWXNazMs63+H40P8j0v6KdWtxzrioMae8ICiu0ZWFPOukYV8M/qo0BtMB1XQlj3G7/Kip3PRnbyyqEMNvAR9MbfPdyYmZp7H2CmSfyNnfc2pZ7+++fl, 636835341510433252, #333333, #ccc, 20, Tahoma) - Validation state: Valid
info: Microsoft.EntityFrameworkCore.Infrastructure[10403]
      Entity Framework Core 2.2.0-rtm-35687 initialized 'AtiehJobCoreDbContext' using provider 'Microsoft.EntityFrameworkCore.SqlServer' with options: MaxPoolSize=128 CommandTimeout=180 
info: Microsoft.AspNetCore.Mvc.Internal.ControllerActionInvoker[1]
      Executing action method AtiehJobCore.Web.Areas.Identity.Controllers.AccountController.Register (AtiehJobCore.Web) - Validation state: Valid
info: Microsoft.AspNetCore.Mvc.Internal.ControllerActionInvoker[2]
      Executed action method AtiehJobCore.Web.Areas.Identity.Controllers.AccountController.Register (AtiehJobCore.Web), returned result Microsoft.AspNetCore.Mvc.ViewResult in 0.0422ms.
info: Microsoft.AspNetCore.Mvc.ViewFeatures.ViewResultExecutor[1]
      Executing ViewResult, running view Register.
info: Microsoft.AspNetCore.Mvc.ViewFeatures.ViewResultExecutor[4]
      Executed ViewResult - view Register executed in 58.3596ms.
info: Microsoft.AspNetCore.Mvc.Internal.ControllerActionInvoker[2]
      Executed action AtiehJobCore.Web.Areas.Identity.Controllers.AccountController.Register (AtiehJobCore.Web) in 278.8017ms
info: Microsoft.AspNetCore.Routing.EndpointMiddleware[1]
      Executed endpoint 'AtiehJobCore.Web.Areas.Identity.Controllers.AccountController.Register (AtiehJobCore.Web)'
info: Microsoft.AspNetCore.Hosting.Internal.WebHost[2]
      Request finished in 307.782ms 200 text/html; charset=utf-8
info: Microsoft.AspNetCore.Hosting.Internal.WebHost[1]
      Request starting HTTP/2.0 GET https://localhost:44344/DNTCaptchaImage/Show?text=CfDJ8LAVDtwkOhhMqDQGKX5XPyBQ4lmZmTkX%2Ba2A5QoJs6Q1iv7VZMvTC%2BkMiRkRDsL9EgrCn%2Flp9NzokjkMikhVcCrWd075k86uE%2BhLErSKLfDi5sxus%2BIHEj4zIBZNX3AHBZ70SAprZdo78oAWzZYz%2FPQzrrkTBVUUdvrNCP0qmftdfhdq%2Bt%2BFk40QehymT4eHyw%3D%3D&rndDate=636835341514285987&foreColor=%23333333&backColor=%23ccc&fontSize=20&fontName=Tahoma  
info: Microsoft.AspNetCore.Hosting.Internal.WebHost[1]
      Request starting HTTP/2.0 GET https://localhost:44344/dist/remoteValidation.min.js  
info: Microsoft.AspNetCore.Routing.EndpointMiddleware[0]
      Executing endpoint 'DNTCaptcha.Core.DNTCaptchaImageController.Show (DNTCaptcha.Core)'
info: Microsoft.AspNetCore.Mvc.Internal.ControllerActionInvoker[1]
      Route matched with {action = "Show", controller = "DNTCaptchaImage", area = ""}. Executing action DNTCaptcha.Core.DNTCaptchaImageController.Show (DNTCaptcha.Core)
info: Microsoft.AspNetCore.Mvc.Internal.ControllerActionInvoker[1]
      Executing action method DNTCaptcha.Core.DNTCaptchaImageController.Show (DNTCaptcha.Core) with arguments (CfDJ8LAVDtwkOhhMqDQGKX5XPyBQ4lmZmTkX+a2A5QoJs6Q1iv7VZMvTC+kMiRkRDsL9EgrCn/lp9NzokjkMikhVcCrWd075k86uE+hLErSKLfDi5sxus+IHEj4zIBZNX3AHBZ70SAprZdo78oAWzZYz/PQzrrkTBVUUdvrNCP0qmftdfhdq+t+Fk40QehymT4eHyw==, 636835341514285987, #333333, #ccc, 20, Tahoma) - Validation state: Valid
info: Microsoft.AspNetCore.StaticFiles.StaticFileMiddleware[2]
      Sending file. Request path: '/dist/remoteValidation.min.js'. Physical path: 'D:\Programming\Best Project\AtiehJobCore\Presentation\AtiehJobCore.Web\wwwroot\dist\remoteValidation.min.js'
info: Microsoft.AspNetCore.Hosting.Internal.WebHost[2]
      Request finished in 61.3073ms 200 application/javascript
info: Microsoft.AspNetCore.Mvc.Internal.ControllerActionInvoker[2]
      Executed action method DNTCaptcha.Core.DNTCaptchaImageController.Show (DNTCaptcha.Core), returned result Microsoft.AspNetCore.Mvc.FileContentResult in 101.8534ms.
info: Microsoft.AspNetCore.Mvc.Infrastructure.FileContentResultExecutor[2]
      Executing Microsoft.AspNetCore.Mvc.FileContentResult, sending file with download name '' ...
info: Microsoft.AspNetCore.Mvc.Internal.ControllerActionInvoker[2]
      Executed action method DNTCaptcha.Core.DNTCaptchaImageController.Show (DNTCaptcha.Core), returned result Microsoft.AspNetCore.Mvc.FileContentResult in 423.7543ms.
info: Microsoft.AspNetCore.Mvc.Infrastructure.FileContentResultExecutor[2]
      Executing Microsoft.AspNetCore.Mvc.FileContentResult, sending file with download name '' ...
info: Microsoft.AspNetCore.Mvc.Internal.ControllerActionInvoker[2]
      Executed action DNTCaptcha.Core.DNTCaptchaImageController.Show (DNTCaptcha.Core) in 158.8838ms
info: Microsoft.AspNetCore.Mvc.Internal.ControllerActionInvoker[2]
      Executed action DNTCaptcha.Core.DNTCaptchaImageController.Show (DNTCaptcha.Core) in 520.3601ms
info: Microsoft.AspNetCore.Routing.EndpointMiddleware[1]
      Executed endpoint 'DNTCaptcha.Core.DNTCaptchaImageController.Show (DNTCaptcha.Core)'
info: Microsoft.AspNetCore.Routing.EndpointMiddleware[1]
      Executed endpoint 'DNTCaptcha.Core.DNTCaptchaImageController.Show (DNTCaptcha.Core)'
info: Microsoft.AspNetCore.Hosting.Internal.WebHost[2]
      Request finished in 555.8661ms 200 image/png
info: Microsoft.AspNetCore.Hosting.Internal.WebHost[2]
      Request finished in 189.1338ms 200 image/png
info: Microsoft.AspNetCore.Hosting.Internal.WebHost[1]
      Request starting HTTP/2.0 POST https://localhost:44344/DNTCaptchaImage/Refresh?rndDate=636835341514287108&BackColor=%23ccc&FontName=Tahoma&FontSize=20&ForeColor=%23333333&Language=Persian&Max=9000&Min=1&Placeholder=%DA%A9%D8%AF%20%D8%A7%D9%85%D9%86%DB%8C%D8%AA%DB%8C%20%D8%A8%D9%87%20%D8%B1%D9%82%D9%85&TextBoxClass=text-box%20form-control&TextBoxTemplate=%3Cdiv%20class%3D%27input-group%27%3E%3Cspan%20class%3D%27input-group-prepend%27%3E%3Cspan%20class%3D%27input-group-text%27%3E%3Ci%20class%3D%27fas%20fa-lock%27%3E%3C%2Fi%3E%3C%2Fspan%3E%3C%2Fspan%3E%7B0%7D%3C%2Fdiv%3E&ValidationErrorMessage=%D9%84%D8%B7%D9%81%D8%A7%20%DA%A9%D8%AF%20%D8%A7%D9%85%D9%86%DB%8C%D8%AA%DB%8C%20%D8%B1%D8%A7%20%D8%A8%D9%87%20%D8%B1%D9%82%D9%85%20%D9%88%D8%A7%D8%B1%D8%AF%20%D9%86%D9%85%D8%A7%D8%A6%DB%8C%D8%AF&ValidationMessageClass=text-danger&CaptchaToken=.dntCaptcha39defcc78461217cd856a02dce29b5b87a2d9e7350853425&RefreshButtonClass=fas%20fa-redo%20btn-sm application/x-www-form-urlencoded; charset=UTF-8 214
info: Microsoft.AspNetCore.Routing.EndpointMiddleware[0]
      Executing endpoint 'DNTCaptcha.Core.DNTCaptchaImageController.Refresh (DNTCaptcha.Core)'
info: Microsoft.AspNetCore.Mvc.Internal.ControllerActionInvoker[1]
      Route matched with {action = "Refresh", controller = "DNTCaptchaImage", area = ""}. Executing action DNTCaptcha.Core.DNTCaptchaImageController.Refresh (DNTCaptcha.Core)
info: Microsoft.AspNetCore.Mvc.Internal.ControllerActionInvoker[1]
      Executing action method DNTCaptcha.Core.DNTCaptchaImageController.Refresh (DNTCaptcha.Core) with arguments (636835341514287108, DNTCaptcha.Core.DNTCaptchaTagHelperHtmlAttributes) - Validation state: Valid
info: Microsoft.AspNetCore.Mvc.Internal.ControllerActionInvoker[2]
      Executed action method DNTCaptcha.Core.DNTCaptchaImageController.Refresh (DNTCaptcha.Core), returned result Microsoft.AspNetCore.Mvc.ContentResult in 7.0766ms.
info: Microsoft.AspNetCore.Mvc.Infrastructure.ContentResultExecutor[1]
      Executing ContentResult with HTTP Response ContentType of text/plain; charset=utf-8
info: Microsoft.AspNetCore.Mvc.Internal.ControllerActionInvoker[2]
      Executed action DNTCaptcha.Core.DNTCaptchaImageController.Refresh (DNTCaptcha.Core) in 74.6234ms
info: Microsoft.AspNetCore.Routing.EndpointMiddleware[1]
      Executed endpoint 'DNTCaptcha.Core.DNTCaptchaImageController.Refresh (DNTCaptcha.Core)'
info: Microsoft.AspNetCore.Hosting.Internal.WebHost[2]
      Request finished in 106.6381ms 200 text/plain; charset=utf-8
info: Microsoft.AspNetCore.Hosting.Internal.WebHost[1]
      Request starting HTTP/2.0 GET https://localhost:44344/DNTCaptchaImage/Show?text=CfDJ8LAVDtwkOhhMqDQGKX5XPyBK33ChSETBBl6K%2BpiTBZOc10ZJup%2FCr8vSGx43Ts3e6MjtSzAJVZHzXLUR2cedPIRh2FvHYqy9ls0hR5oWXkopv%2FpKWkocHixUtK9dGYo%2FOVj2y5fxwiae2VGpCrRlqvvoYaKyKQNNH4czodunY88t&rndDate=636835341532419717&foreColor=%23333333&backColor=%23ccc&fontSize=20&fontName=Tahoma  
info: Microsoft.AspNetCore.Routing.EndpointMiddleware[0]
      Executing endpoint 'DNTCaptcha.Core.DNTCaptchaImageController.Show (DNTCaptcha.Core)'
info: Microsoft.AspNetCore.Mvc.Internal.ControllerActionInvoker[1]
      Route matched with {action = "Show", controller = "DNTCaptchaImage", area = ""}. Executing action DNTCaptcha.Core.DNTCaptchaImageController.Show (DNTCaptcha.Core)
info: Microsoft.AspNetCore.Mvc.Internal.ControllerActionInvoker[1]
      Executing action method DNTCaptcha.Core.DNTCaptchaImageController.Show (DNTCaptcha.Core) with arguments (CfDJ8LAVDtwkOhhMqDQGKX5XPyBK33ChSETBBl6K+piTBZOc10ZJup/Cr8vSGx43Ts3e6MjtSzAJVZHzXLUR2cedPIRh2FvHYqy9ls0hR5oWXkopv/pKWkocHixUtK9dGYo/OVj2y5fxwiae2VGpCrRlqvvoYaKyKQNNH4czodunY88t, 636835341532419717, #333333, #ccc, 20, Tahoma) - Validation state: Valid
info: Microsoft.AspNetCore.Mvc.Internal.ControllerActionInvoker[2]
      Executed action method DNTCaptcha.Core.DNTCaptchaImageController.Show (DNTCaptcha.Core), returned result Microsoft.AspNetCore.Mvc.FileContentResult in 25.6006ms.
info: Microsoft.AspNetCore.Mvc.Infrastructure.FileContentResultExecutor[2]
      Executing Microsoft.AspNetCore.Mvc.FileContentResult, sending file with download name '' ...
info: Microsoft.AspNetCore.Mvc.Internal.ControllerActionInvoker[2]
      Executed action DNTCaptcha.Core.DNTCaptchaImageController.Show (DNTCaptcha.Core) in 63.3428ms
info: Microsoft.AspNetCore.Routing.EndpointMiddleware[1]
      Executed endpoint 'DNTCaptcha.Core.DNTCaptchaImageController.Show (DNTCaptcha.Core)'
info: Microsoft.AspNetCore.Hosting.Internal.WebHost[2]
      Request finished in 78.4275ms 200 image/png
