warn: Microsoft.EntityFrameworkCore.Model.Validation[30000]
      No type was specified for the decimal column 'Average' on entity type 'Education'. This will cause values to be silently truncated if they do not fit in the default precision and scale. Explicitly specify the SQL server column type that can accommodate all the values using 'HasColumnType()'.
info: Microsoft.EntityFrameworkCore.Infrastructure[10403]
      Entity Framework Core 2.2.0-rtm-35687 initialized 'AtiehJobCoreDbContext' using provider 'Microsoft.EntityFrameworkCore.SqlServer' with options: MaxPoolSize=128 CommandTimeout=180 
info: Microsoft.EntityFrameworkCore.Database.Command[20101]
      Executed DbCommand (97ms) [Parameters=[], CommandType='Text', CommandTimeout='180']
      SELECT [k].[XmlData]
      FROM [DataProtectionKeys] AS [k]
warn: Microsoft.EntityFrameworkCore.Model.Validation[30000]
      No type was specified for the decimal column 'Average' on entity type 'Education'. This will cause values to be silently truncated if they do not fit in the default precision and scale. Explicitly specify the SQL server column type that can accommodate all the values using 'HasColumnType()'.
info: Microsoft.EntityFrameworkCore.Infrastructure[10403]
      Entity Framework Core 2.2.0-rtm-35687 initialized 'AtiehJobCoreDbContext' using provider 'Microsoft.EntityFrameworkCore.SqlServer' with options: MaxPoolSize=128 CommandTimeout=180 
info: Microsoft.EntityFrameworkCore.Infrastructure[10403]
      Entity Framework Core 2.2.0-rtm-35687 initialized 'AtiehJobCoreDbContext' using provider 'Microsoft.EntityFrameworkCore.SqlServer' with options: MaxPoolSize=128 CommandTimeout=180 
info: Microsoft.EntityFrameworkCore.Database.Command[20101]
      Executed DbCommand (38ms) [Parameters=[], CommandType='Text', CommandTimeout='180']
      SELECT OBJECT_ID(N'[__EFMigrationsHistory]');
info: Microsoft.EntityFrameworkCore.Database.Command[20101]
      Executed DbCommand (19ms) [Parameters=[], CommandType='Text', CommandTimeout='180']
      SELECT OBJECT_ID(N'[__EFMigrationsHistory]');
info: Microsoft.EntityFrameworkCore.Database.Command[20101]
      Executed DbCommand (23ms) [Parameters=[], CommandType='Text', CommandTimeout='180']
      SELECT [MigrationId], [ProductVersion]
      FROM [__EFMigrationsHistory]
      ORDER BY [MigrationId];
info: Microsoft.EntityFrameworkCore.Migrations[20405]
      No migrations were applied. The database is already up to date.
info: Microsoft.EntityFrameworkCore.Infrastructure[10403]
      Entity Framework Core 2.2.0-rtm-35687 initialized 'AtiehJobCoreDbContext' using provider 'Microsoft.EntityFrameworkCore.SqlServer' with options: MaxPoolSize=128 CommandTimeout=180 
info: Microsoft.EntityFrameworkCore.Database.Command[20101]
      Executed DbCommand (79ms) [Parameters=[@__normalizedUserName_0='?' (Size = 256)], CommandType='Text', CommandTimeout='180']
      SELECT TOP(1) [u].[Id], [u].[AccessFailedCount], [u].[ConcurrencyStamp], [u].[CreatedByBrowserName], [u].[CreatedByIp], [u].[CreatedByUserId], [u].[CreatedDateTime], [u].[DateOfBirth], [u].[Email], [u].[EmailConfirmed], [u].[FatherName], [u].[FirstName], [u].[GenderType], [u].[IsActive], [u].[IsDeleted], [u].[IsEmailPublic], [u].[LastName], [u].[LastVisitedDateTime], [u].[LockoutEnabled], [u].[LockoutEnd], [u].[MobileNumber], [u].[ModifiedByBrowserName], [u].[ModifiedByIp], [u].[ModifiedByUserId], [u].[ModifiedDateTime], [u].[NationalCode], [u].[NormalizedEmail], [u].[NormalizedUserName], [u].[PasswordHash], [u].[PhoneNumber], [u].[PhoneNumberConfirmed], [u].[PhotoFileName], [u].[PlaceOfBirth], [u].[SecurityStamp], [u].[SsnId], [u].[SsnSerial], [u].[TwoFactorEnabled], [u].[UserName], [u].[UserType]
      FROM [Users] AS [u]
      WHERE [u].[NormalizedUserName] = @__normalizedUserName_0
info: AtiehJobCore.Services.Identity.IdentityDbInitializer[0]
      SeedDatabaseWithAdminUserAsync: adminUser already exists.
info: Microsoft.EntityFrameworkCore.Database.Command[20101]
      Executed DbCommand (21ms) [Parameters=[], CommandType='Text', CommandTimeout='180']
      SELECT [r].[Id], [r].[ConcurrencyStamp], [r].[CreatedByBrowserName], [r].[CreatedByIp], [r].[CreatedByUserId], [r].[CreatedDateTime], [r].[Description], [r].[IsActive], [r].[IsDeleted], [r].[ModifiedByBrowserName], [r].[ModifiedByIp], [r].[ModifiedByUserId], [r].[ModifiedDateTime], [r].[Name], [r].[NormalizedName]
      FROM [Roles] AS [r]
Hosting environment: Development
Content root path: H:\Programming\Best Project\AtiehJobCore\Presentation\AtiehJobCore.Web
Application started. Press Ctrl+C to shut down.
info: Microsoft.AspNetCore.Hosting.Internal.WebHost[1]
      Request starting HTTP/2.0 GET https://localhost:44344/  
info: Microsoft.AspNetCore.Authentication.Cookies.CookieAuthenticationHandler[7]
      Identity.Application was not authenticated. Failure message: Unprotect ticket failed
info: Microsoft.AspNetCore.Routing.EndpointMiddleware[0]
      Executing endpoint 'AtiehJobCore.Web.Controllers.HomeController.Index (AtiehJobCore.Web)'
info: Microsoft.AspNetCore.Mvc.Internal.ControllerActionInvoker[1]
      Route matched with {action = "Index", controller = "Home", area = ""}. Executing action AtiehJobCore.Web.Controllers.HomeController.Index (AtiehJobCore.Web)
info: Microsoft.AspNetCore.Mvc.Internal.ControllerActionInvoker[1]
      Executing action method AtiehJobCore.Web.Controllers.HomeController.Index (AtiehJobCore.Web) - Validation state: Valid
info: Microsoft.AspNetCore.Mvc.Internal.ControllerActionInvoker[2]
      Executed action method AtiehJobCore.Web.Controllers.HomeController.Index (AtiehJobCore.Web), returned result Microsoft.AspNetCore.Mvc.ViewResult in 5.3768ms.
info: Microsoft.AspNetCore.Mvc.ViewFeatures.ViewResultExecutor[1]
      Executing ViewResult, running view Index.
info: Microsoft.EntityFrameworkCore.Infrastructure[10403]
      Entity Framework Core 2.2.0-rtm-35687 initialized 'AtiehJobCoreDbContext' using provider 'Microsoft.EntityFrameworkCore.SqlServer' with options: MaxPoolSize=128 CommandTimeout=180 
info: Microsoft.EntityFrameworkCore.Database.Command[20101]
      Executed DbCommand (115ms) [Parameters=[@__p_2='?' (DbType = Int32), @__now_0='?' (DbType = DateTimeOffset), @__minutes_1='?' (DbType = DateTimeOffset)], CommandType='Text', CommandTimeout='180']
      SELECT TOP(@__p_2) [user].[Id], [user].[AccessFailedCount], [user].[ConcurrencyStamp], [user].[CreatedByBrowserName], [user].[CreatedByIp], [user].[CreatedByUserId], [user].[CreatedDateTime], [user].[DateOfBirth], [user].[Email], [user].[EmailConfirmed], [user].[FatherName], [user].[FirstName], [user].[GenderType], [user].[IsActive], [user].[IsDeleted], [user].[IsEmailPublic], [user].[LastName], [user].[LastVisitedDateTime], [user].[LockoutEnabled], [user].[LockoutEnd], [user].[MobileNumber], [user].[ModifiedByBrowserName], [user].[ModifiedByIp], [user].[ModifiedByUserId], [user].[ModifiedDateTime], [user].[NationalCode], [user].[NormalizedEmail], [user].[NormalizedUserName], [user].[PasswordHash], [user].[PhoneNumber], [user].[PhoneNumberConfirmed], [user].[PhotoFileName], [user].[PlaceOfBirth], [user].[SecurityStamp], [user].[SsnId], [user].[SsnSerial], [user].[TwoFactorEnabled], [user].[UserName], [user].[UserType]
      FROM [Users] AS [user]
      WHERE ([user].[LastVisitedDateTime] IS NOT NULL AND ([user].[LastVisitedDateTime] <= @__now_0)) AND ([user].[LastVisitedDateTime] >= @__minutes_1)
      ORDER BY [user].[LastVisitedDateTime] DESC
info: Microsoft.AspNetCore.Mvc.ViewFeatures.ViewResultExecutor[4]
      Executed ViewResult - view Index executed in 743.7283ms.
info: Microsoft.AspNetCore.Mvc.Internal.ControllerActionInvoker[2]
      Executed action AtiehJobCore.Web.Controllers.HomeController.Index (AtiehJobCore.Web) in 917.1992ms
info: Microsoft.AspNetCore.Routing.EndpointMiddleware[1]
      Executed endpoint 'AtiehJobCore.Web.Controllers.HomeController.Index (AtiehJobCore.Web)'
info: Microsoft.AspNetCore.Hosting.Internal.WebHost[1]
      Request starting HTTP/2.0 GET https://localhost:44344/avatars/icon-user-default.png  
info: Microsoft.AspNetCore.Hosting.Internal.WebHost[1]
      Request starting HTTP/2.0 GET https://localhost:44344/dist/bundle.min.css?v=3rq1nsot6bSIpy_09ilzV7h6D4dbpYruxHrb7kknEds  
info: Microsoft.AspNetCore.Hosting.Internal.WebHost[1]
      Request starting HTTP/2.0 GET https://localhost:44344/dist/bundle.min.js?v=eGqxTlcRDyH1VRrhn4j68VNVCBow8IlyqpQXPn0jxaA  
info: Microsoft.AspNetCore.Authentication.Cookies.CookieAuthenticationHandler[7]
      Identity.Application was not authenticated. Failure message: Unprotect ticket failed
info: Microsoft.AspNetCore.Hosting.Internal.WebHost[2]
      Request finished in 1208.8454ms 200 text/html; charset=utf-8
info: Microsoft.AspNetCore.StaticFiles.StaticFileMiddleware[2]
      Sending file. Request path: '/dist/bundle.min.css'. Physical path: 'H:\Programming\Best Project\AtiehJobCore\Presentation\AtiehJobCore.Web\wwwroot\dist\bundle.min.css'
info: Microsoft.AspNetCore.StaticFiles.StaticFileMiddleware[2]
      Sending file. Request path: '/dist/bundle.min.js'. Physical path: 'H:\Programming\Best Project\AtiehJobCore\Presentation\AtiehJobCore.Web\wwwroot\dist\bundle.min.js'
info: Microsoft.AspNetCore.Hosting.Internal.WebHost[2]
      Request finished in 167.7481ms 200 application/javascript
info: Microsoft.AspNetCore.Hosting.Internal.WebHost[2]
      Request finished in 169.7227ms 200 text/css
info: Microsoft.AspNetCore.Hosting.Internal.WebHost[2]
      Request finished in 225.8904ms 404 text/plain
info: Microsoft.AspNetCore.Hosting.Internal.WebHost[1]
      Request starting HTTP/2.0 GET https://localhost:44344/webfonts/samim/Samim-Bold.woff  
info: Microsoft.AspNetCore.Hosting.Internal.WebHost[1]
      Request starting HTTP/2.0 GET https://localhost:44344/webfonts/fa-solid-900.woff2  
info: Microsoft.AspNetCore.Hosting.Internal.WebHost[1]
      Request starting HTTP/2.0 GET https://localhost:44344/webfonts/samim/Samim.woff  
info: Microsoft.AspNetCore.StaticFiles.StaticFileMiddleware[2]
      Sending file. Request path: '/webfonts/samim/Samim-Bold.woff'. Physical path: 'H:\Programming\Best Project\AtiehJobCore\Presentation\AtiehJobCore.Web\wwwroot\webfonts\samim\Samim-Bold.woff'
info: Microsoft.AspNetCore.Hosting.Internal.WebHost[2]
      Request finished in 62.6671ms 200 application/font-woff
info: Microsoft.AspNetCore.StaticFiles.StaticFileMiddleware[2]
      Sending file. Request path: '/webfonts/samim/Samim.woff'. Physical path: 'H:\Programming\Best Project\AtiehJobCore\Presentation\AtiehJobCore.Web\wwwroot\webfonts\samim\Samim.woff'
info: Microsoft.AspNetCore.StaticFiles.StaticFileMiddleware[2]
      Sending file. Request path: '/webfonts/fa-solid-900.woff2'. Physical path: 'H:\Programming\Best Project\AtiehJobCore\Presentation\AtiehJobCore.Web\wwwroot\webfonts\fa-solid-900.woff2'
info: Microsoft.AspNetCore.Hosting.Internal.WebHost[2]
      Request finished in 70.1693ms 200 font/woff2
info: Microsoft.AspNetCore.Hosting.Internal.WebHost[2]
      Request finished in 67.0456ms 200 application/font-woff
info: Microsoft.AspNetCore.Hosting.Internal.WebHost[1]
      Request starting HTTP/2.0 GET https://localhost:44344/favicon.ico  
info: Microsoft.AspNetCore.Authentication.Cookies.CookieAuthenticationHandler[7]
      Identity.Application was not authenticated. Failure message: Unprotect ticket failed
info: Microsoft.AspNetCore.Hosting.Internal.WebHost[2]
      Request finished in 10.6411ms 404 text/plain
info: Microsoft.AspNetCore.Hosting.Internal.WebHost[1]
      Request starting HTTP/2.0 GET https://localhost:44344/Home/ColumnsOne  
info: Microsoft.AspNetCore.Authentication.Cookies.CookieAuthenticationHandler[7]
      Identity.Application was not authenticated. Failure message: Unprotect ticket failed
info: Microsoft.AspNetCore.Routing.EndpointMiddleware[0]
      Executing endpoint 'AtiehJobCore.Web.Controllers.HomeController.ColumnsOne (AtiehJobCore.Web)'
info: Microsoft.AspNetCore.Mvc.Internal.ControllerActionInvoker[1]
      Route matched with {action = "ColumnsOne", controller = "Home", area = ""}. Executing action AtiehJobCore.Web.Controllers.HomeController.ColumnsOne (AtiehJobCore.Web)
info: Microsoft.AspNetCore.Mvc.Internal.ControllerActionInvoker[1]
      Executing action method AtiehJobCore.Web.Controllers.HomeController.ColumnsOne (AtiehJobCore.Web) - Validation state: Valid
info: Microsoft.AspNetCore.Mvc.Internal.ControllerActionInvoker[2]
      Executed action method AtiehJobCore.Web.Controllers.HomeController.ColumnsOne (AtiehJobCore.Web), returned result Microsoft.AspNetCore.Mvc.ViewResult in 0.9529ms.
info: Microsoft.AspNetCore.Mvc.ViewFeatures.ViewResultExecutor[1]
      Executing ViewResult, running view ColumnsOne.
info: Microsoft.AspNetCore.Mvc.ViewFeatures.ViewResultExecutor[4]
      Executed ViewResult - view ColumnsOne executed in 139.4854ms.
info: Microsoft.AspNetCore.Mvc.Internal.ControllerActionInvoker[2]
      Executed action AtiehJobCore.Web.Controllers.HomeController.ColumnsOne (AtiehJobCore.Web) in 201.4526ms
info: Microsoft.AspNetCore.Routing.EndpointMiddleware[1]
      Executed endpoint 'AtiehJobCore.Web.Controllers.HomeController.ColumnsOne (AtiehJobCore.Web)'
info: Microsoft.AspNetCore.Hosting.Internal.WebHost[2]
      Request finished in 231.7727ms 200 text/html; charset=utf-8
info: Microsoft.AspNetCore.Hosting.Internal.WebHost[1]
      Request starting HTTP/2.0 GET https://localhost:44344/dist/bundle.min.js?v=eGqxTlcRDyH1VRrhn4j68VNVCBow8IlyqpQXPn0jxaA  
info: Microsoft.AspNetCore.Hosting.Internal.WebHost[1]
      Request starting HTTP/2.0 GET https://localhost:44344/dist/bundle.min.css?v=3rq1nsot6bSIpy_09ilzV7h6D4dbpYruxHrb7kknEds  
info: Microsoft.AspNetCore.Hosting.Internal.WebHost[1]
      Request starting HTTP/2.0 GET https://localhost:44344/avatars/icon-user-default.png  
info: Microsoft.AspNetCore.Authentication.Cookies.CookieAuthenticationHandler[7]
      Identity.Application was not authenticated. Failure message: Unprotect ticket failed
info: Microsoft.AspNetCore.Hosting.Internal.WebHost[2]
      Request finished in 17.432ms 404 text/plain
info: Microsoft.AspNetCore.StaticFiles.StaticFileMiddleware[2]
      Sending file. Request path: '/dist/bundle.min.js'. Physical path: 'H:\Programming\Best Project\AtiehJobCore\Presentation\AtiehJobCore.Web\wwwroot\dist\bundle.min.js'
info: Microsoft.AspNetCore.StaticFiles.StaticFileMiddleware[2]
      Sending file. Request path: '/dist/bundle.min.css'. Physical path: 'H:\Programming\Best Project\AtiehJobCore\Presentation\AtiehJobCore.Web\wwwroot\dist\bundle.min.css'
info: Microsoft.AspNetCore.Hosting.Internal.WebHost[2]
      Request finished in 30.888ms 200 text/css
info: Microsoft.AspNetCore.Hosting.Internal.WebHost[2]
      Request finished in 30.9595ms 200 application/javascript
info: Microsoft.AspNetCore.Hosting.Internal.WebHost[1]
      Request starting HTTP/2.0 GET https://localhost:44344/webfonts/samim/Samim.woff  
info: Microsoft.AspNetCore.Hosting.Internal.WebHost[1]
      Request starting HTTP/2.0 GET https://localhost:44344/webfonts/samim/Samim-Bold.woff  
info: Microsoft.AspNetCore.Hosting.Internal.WebHost[1]
      Request starting HTTP/2.0 GET https://localhost:44344/webfonts/fa-solid-900.woff2  
info: Microsoft.AspNetCore.StaticFiles.StaticFileMiddleware[2]
      Sending file. Request path: '/webfonts/samim/Samim.woff'. Physical path: 'H:\Programming\Best Project\AtiehJobCore\Presentation\AtiehJobCore.Web\wwwroot\webfonts\samim\Samim.woff'
info: Microsoft.AspNetCore.StaticFiles.StaticFileMiddleware[2]
      Sending file. Request path: '/webfonts/samim/Samim-Bold.woff'. Physical path: 'H:\Programming\Best Project\AtiehJobCore\Presentation\AtiehJobCore.Web\wwwroot\webfonts\samim\Samim-Bold.woff'
info: Microsoft.AspNetCore.Hosting.Internal.WebHost[2]
      Request finished in 18.3957ms 200 application/font-woff
info: Microsoft.AspNetCore.StaticFiles.StaticFileMiddleware[2]
      Sending file. Request path: '/webfonts/fa-solid-900.woff2'. Physical path: 'H:\Programming\Best Project\AtiehJobCore\Presentation\AtiehJobCore.Web\wwwroot\webfonts\fa-solid-900.woff2'
info: Microsoft.AspNetCore.Hosting.Internal.WebHost[2]
      Request finished in 20.7765ms 200 application/font-woff
info: Microsoft.AspNetCore.Hosting.Internal.WebHost[2]
      Request finished in 31.9439ms 200 font/woff2
info: Microsoft.AspNetCore.Hosting.Internal.WebHost[1]
      Request starting HTTP/2.0 GET https://localhost:44344/Base/SetFaLanguage  
info: Microsoft.AspNetCore.Authentication.Cookies.CookieAuthenticationHandler[7]
      Identity.Application was not authenticated. Failure message: Unprotect ticket failed
info: Microsoft.AspNetCore.Routing.EndpointMiddleware[0]
      Executing endpoint 'AtiehJobCore.Web.Controllers.BaseController.SetFaLanguage (AtiehJobCore.Web)'
info: Microsoft.AspNetCore.Mvc.Internal.ControllerActionInvoker[1]
      Route matched with {action = "SetFaLanguage", controller = "Base", area = ""}. Executing action AtiehJobCore.Web.Controllers.BaseController.SetFaLanguage (AtiehJobCore.Web)
info: Microsoft.AspNetCore.Mvc.Internal.ControllerActionInvoker[1]
      Executing action method AtiehJobCore.Web.Controllers.BaseController.SetFaLanguage (AtiehJobCore.Web) with arguments (fa-IR) - Validation state: Valid
info: Microsoft.AspNetCore.Mvc.Internal.ControllerActionInvoker[2]
      Executed action method AtiehJobCore.Web.Controllers.BaseController.SetFaLanguage (AtiehJobCore.Web), returned result Microsoft.AspNetCore.Mvc.RedirectToActionResult in 5.0479ms.
info: Microsoft.AspNetCore.Mvc.RedirectToActionResult[1]
      Executing RedirectResult, redirecting to /.
info: Microsoft.AspNetCore.Mvc.Internal.ControllerActionInvoker[2]
      Executed action AtiehJobCore.Web.Controllers.BaseController.SetFaLanguage (AtiehJobCore.Web) in 51.9438ms
info: Microsoft.AspNetCore.Routing.EndpointMiddleware[1]
      Executed endpoint 'AtiehJobCore.Web.Controllers.BaseController.SetFaLanguage (AtiehJobCore.Web)'
info: Microsoft.AspNetCore.Hosting.Internal.WebHost[2]
      Request finished in 83.2666ms 302 
info: Microsoft.AspNetCore.Hosting.Internal.WebHost[1]
      Request starting HTTP/2.0 GET https://localhost:44344/  
info: Microsoft.AspNetCore.Authentication.Cookies.CookieAuthenticationHandler[7]
      Identity.Application was not authenticated. Failure message: Unprotect ticket failed
info: Microsoft.AspNetCore.Routing.EndpointMiddleware[0]
      Executing endpoint 'AtiehJobCore.Web.Controllers.HomeController.Index (AtiehJobCore.Web)'
info: Microsoft.AspNetCore.Mvc.Internal.ControllerActionInvoker[1]
      Route matched with {action = "Index", controller = "Home", area = ""}. Executing action AtiehJobCore.Web.Controllers.HomeController.Index (AtiehJobCore.Web)
info: Microsoft.AspNetCore.Mvc.Internal.ControllerActionInvoker[1]
      Executing action method AtiehJobCore.Web.Controllers.HomeController.Index (AtiehJobCore.Web) - Validation state: Valid
info: Microsoft.AspNetCore.Mvc.Internal.ControllerActionInvoker[2]
      Executed action method AtiehJobCore.Web.Controllers.HomeController.Index (AtiehJobCore.Web), returned result Microsoft.AspNetCore.Mvc.ViewResult in 0.027ms.
info: Microsoft.AspNetCore.Mvc.ViewFeatures.ViewResultExecutor[1]
      Executing ViewResult, running view Index.
info: Microsoft.AspNetCore.Mvc.ViewFeatures.ViewResultExecutor[4]
      Executed ViewResult - view Index executed in 104.2586ms.
info: Microsoft.AspNetCore.Mvc.Internal.ControllerActionInvoker[2]
      Executed action AtiehJobCore.Web.Controllers.HomeController.Index (AtiehJobCore.Web) in 141.3107ms
info: Microsoft.AspNetCore.Routing.EndpointMiddleware[1]
      Executed endpoint 'AtiehJobCore.Web.Controllers.HomeController.Index (AtiehJobCore.Web)'
info: Microsoft.AspNetCore.Hosting.Internal.WebHost[2]
      Request finished in 165.7833ms 200 text/html; charset=utf-8
info: Microsoft.AspNetCore.Hosting.Internal.WebHost[1]
      Request starting HTTP/2.0 GET https://localhost:44344/dist/bundle.min.css?v=3rq1nsot6bSIpy_09ilzV7h6D4dbpYruxHrb7kknEds  
info: Microsoft.AspNetCore.Hosting.Internal.WebHost[1]
      Request starting HTTP/2.0 GET https://localhost:44344/dist/bundle.min.js?v=eGqxTlcRDyH1VRrhn4j68VNVCBow8IlyqpQXPn0jxaA  
info: Microsoft.AspNetCore.Hosting.Internal.WebHost[1]
      Request starting HTTP/2.0 GET https://localhost:44344/avatars/icon-user-default.png  
info: Microsoft.AspNetCore.Authentication.Cookies.CookieAuthenticationHandler[7]
      Identity.Application was not authenticated. Failure message: Unprotect ticket failed
info: Microsoft.AspNetCore.StaticFiles.StaticFileMiddleware[2]
      Sending file. Request path: '/dist/bundle.min.css'. Physical path: 'H:\Programming\Best Project\AtiehJobCore\Presentation\AtiehJobCore.Web\wwwroot\dist\bundle.min.css'
info: Microsoft.AspNetCore.Hosting.Internal.WebHost[2]
      Request finished in 29.428ms 200 text/css
info: Microsoft.AspNetCore.Hosting.Internal.WebHost[2]
      Request finished in 28.863ms 404 text/plain
info: Microsoft.AspNetCore.StaticFiles.StaticFileMiddleware[2]
      Sending file. Request path: '/dist/bundle.min.js'. Physical path: 'H:\Programming\Best Project\AtiehJobCore\Presentation\AtiehJobCore.Web\wwwroot\dist\bundle.min.js'
info: Microsoft.AspNetCore.Hosting.Internal.WebHost[2]
      Request finished in 51.4274ms 200 application/javascript
info: Microsoft.AspNetCore.Hosting.Internal.WebHost[1]
      Request starting HTTP/2.0 GET https://localhost:44344/webfonts/fa-solid-900.woff2  
info: Microsoft.AspNetCore.Hosting.Internal.WebHost[1]
      Request starting HTTP/2.0 GET https://localhost:44344/webfonts/samim/Samim.woff  
info: Microsoft.AspNetCore.Hosting.Internal.WebHost[1]
      Request starting HTTP/2.0 GET https://localhost:44344/webfonts/samim/Samim-Bold.woff  
info: Microsoft.AspNetCore.StaticFiles.StaticFileMiddleware[2]
      Sending file. Request path: '/webfonts/samim/Samim-Bold.woff'. Physical path: 'H:\Programming\Best Project\AtiehJobCore\Presentation\AtiehJobCore.Web\wwwroot\webfonts\samim\Samim-Bold.woff'
info: Microsoft.AspNetCore.Hosting.Internal.WebHost[2]
      Request finished in 17.749ms 200 application/font-woff
info: Microsoft.AspNetCore.StaticFiles.StaticFileMiddleware[2]
      Sending file. Request path: '/webfonts/samim/Samim.woff'. Physical path: 'H:\Programming\Best Project\AtiehJobCore\Presentation\AtiehJobCore.Web\wwwroot\webfonts\samim\Samim.woff'
info: Microsoft.AspNetCore.StaticFiles.StaticFileMiddleware[2]
      Sending file. Request path: '/webfonts/fa-solid-900.woff2'. Physical path: 'H:\Programming\Best Project\AtiehJobCore\Presentation\AtiehJobCore.Web\wwwroot\webfonts\fa-solid-900.woff2'
info: Microsoft.AspNetCore.Hosting.Internal.WebHost[2]
      Request finished in 31.5138ms 200 application/font-woff
info: Microsoft.AspNetCore.Hosting.Internal.WebHost[2]
      Request finished in 36.9646ms 200 font/woff2
info: Microsoft.AspNetCore.Hosting.Internal.WebHost[1]
      Request starting HTTP/2.0 GET https://localhost:44344/Home/ColumnsOne  
info: Microsoft.AspNetCore.Authentication.Cookies.CookieAuthenticationHandler[7]
      Identity.Application was not authenticated. Failure message: Unprotect ticket failed
info: Microsoft.AspNetCore.Routing.EndpointMiddleware[0]
      Executing endpoint 'AtiehJobCore.Web.Controllers.HomeController.ColumnsOne (AtiehJobCore.Web)'
info: Microsoft.AspNetCore.Mvc.Internal.ControllerActionInvoker[1]
      Route matched with {action = "ColumnsOne", controller = "Home", area = ""}. Executing action AtiehJobCore.Web.Controllers.HomeController.ColumnsOne (AtiehJobCore.Web)
info: Microsoft.AspNetCore.Mvc.Internal.ControllerActionInvoker[1]
      Executing action method AtiehJobCore.Web.Controllers.HomeController.ColumnsOne (AtiehJobCore.Web) - Validation state: Valid
info: Microsoft.AspNetCore.Mvc.Internal.ControllerActionInvoker[2]
      Executed action method AtiehJobCore.Web.Controllers.HomeController.ColumnsOne (AtiehJobCore.Web), returned result Microsoft.AspNetCore.Mvc.ViewResult in 0.0361ms.
info: Microsoft.AspNetCore.Mvc.ViewFeatures.ViewResultExecutor[1]
      Executing ViewResult, running view ColumnsOne.
info: Microsoft.AspNetCore.Mvc.ViewFeatures.ViewResultExecutor[4]
      Executed ViewResult - view ColumnsOne executed in 104.7108ms.
info: Microsoft.AspNetCore.Mvc.Internal.ControllerActionInvoker[2]
      Executed action AtiehJobCore.Web.Controllers.HomeController.ColumnsOne (AtiehJobCore.Web) in 147.0026ms
info: Microsoft.AspNetCore.Routing.EndpointMiddleware[1]
      Executed endpoint 'AtiehJobCore.Web.Controllers.HomeController.ColumnsOne (AtiehJobCore.Web)'
info: Microsoft.AspNetCore.Hosting.Internal.WebHost[2]
      Request finished in 170.1301ms 200 text/html; charset=utf-8
info: Microsoft.AspNetCore.Hosting.Internal.WebHost[1]
      Request starting HTTP/2.0 GET https://localhost:44344/dist/bundle.min.css?v=3rq1nsot6bSIpy_09ilzV7h6D4dbpYruxHrb7kknEds  
info: Microsoft.AspNetCore.Hosting.Internal.WebHost[1]
      Request starting HTTP/2.0 GET https://localhost:44344/dist/bundle.min.js?v=eGqxTlcRDyH1VRrhn4j68VNVCBow8IlyqpQXPn0jxaA  
info: Microsoft.AspNetCore.Hosting.Internal.WebHost[1]
      Request starting HTTP/2.0 GET https://localhost:44344/avatars/icon-user-default.png  
info: Microsoft.AspNetCore.Authentication.Cookies.CookieAuthenticationHandler[7]
      Identity.Application was not authenticated. Failure message: Unprotect ticket failed
info: Microsoft.AspNetCore.StaticFiles.StaticFileMiddleware[2]
      Sending file. Request path: '/dist/bundle.min.js'. Physical path: 'H:\Programming\Best Project\AtiehJobCore\Presentation\AtiehJobCore.Web\wwwroot\dist\bundle.min.js'
info: Microsoft.AspNetCore.Hosting.Internal.WebHost[2]
      Request finished in 17.5503ms 404 text/plain
info: Microsoft.AspNetCore.StaticFiles.StaticFileMiddleware[2]
      Sending file. Request path: '/dist/bundle.min.css'. Physical path: 'H:\Programming\Best Project\AtiehJobCore\Presentation\AtiehJobCore.Web\wwwroot\dist\bundle.min.css'
info: Microsoft.AspNetCore.Hosting.Internal.WebHost[2]
      Request finished in 26.1756ms 200 application/javascript
info: Microsoft.AspNetCore.Hosting.Internal.WebHost[2]
      Request finished in 32.6478ms 200 text/css
info: Microsoft.AspNetCore.Hosting.Internal.WebHost[1]
      Request starting HTTP/2.0 GET https://localhost:44344/webfonts/samim/Samim-Bold.woff  
info: Microsoft.AspNetCore.Hosting.Internal.WebHost[1]
      Request starting HTTP/2.0 GET https://localhost:44344/webfonts/samim/Samim.woff  
info: Microsoft.AspNetCore.Hosting.Internal.WebHost[1]
      Request starting HTTP/2.0 GET https://localhost:44344/webfonts/fa-solid-900.woff2  
info: Microsoft.AspNetCore.StaticFiles.StaticFileMiddleware[2]
      Sending file. Request path: '/webfonts/samim/Samim.woff'. Physical path: 'H:\Programming\Best Project\AtiehJobCore\Presentation\AtiehJobCore.Web\wwwroot\webfonts\samim\Samim.woff'
info: Microsoft.AspNetCore.StaticFiles.StaticFileMiddleware[2]
      Sending file. Request path: '/webfonts/samim/Samim-Bold.woff'. Physical path: 'H:\Programming\Best Project\AtiehJobCore\Presentation\AtiehJobCore.Web\wwwroot\webfonts\samim\Samim-Bold.woff'
info: Microsoft.AspNetCore.Hosting.Internal.WebHost[2]
      Request finished in 29.8569ms 200 application/font-woff
info: Microsoft.AspNetCore.Hosting.Internal.WebHost[2]
      Request finished in 32.7518ms 200 application/font-woff
info: Microsoft.AspNetCore.StaticFiles.StaticFileMiddleware[2]
      Sending file. Request path: '/webfonts/fa-solid-900.woff2'. Physical path: 'H:\Programming\Best Project\AtiehJobCore\Presentation\AtiehJobCore.Web\wwwroot\webfonts\fa-solid-900.woff2'
info: Microsoft.AspNetCore.Hosting.Internal.WebHost[2]
      Request finished in 41.7375ms 200 font/woff2
