info: Microsoft.AspNetCore.DataProtection.KeyManagement.XmlKeyManager[0]
      User profile is available. Using 'C:\Users\Chegini-pc\AppData\Local\ASP.NET\DataProtection-Keys' as key repository and Windows DPAPI to encrypt keys at rest.
Hosting environment: Development
Content root path: D:\Programming New\AtiehJobCore\Presentation\AtiehJobCore.Web
Application started. Press Ctrl+C to shut down.
info: Microsoft.AspNetCore.Hosting.Internal.WebHost[1]
      Request starting HTTP/2.0 GET https://localhost:44344/  
info: Microsoft.AspNetCore.Routing.EndpointMiddleware[0]
      Executing endpoint 'AtiehJobCore.Web.Controllers.InstallController.Index (AtiehJobCore.Web)'
info: Microsoft.AspNetCore.Mvc.Internal.ControllerActionInvoker[1]
      Route matched with {action = "Index", controller = "Install", area = ""}. Executing action AtiehJobCore.Web.Controllers.InstallController.Index (AtiehJobCore.Web)
info: Microsoft.AspNetCore.Mvc.Internal.ControllerActionInvoker[1]
      Executing action method AtiehJobCore.Web.Controllers.InstallController.Index (AtiehJobCore.Web) - Validation state: Valid
info: Microsoft.AspNetCore.Mvc.Internal.ControllerActionInvoker[2]
      Executed action method AtiehJobCore.Web.Controllers.InstallController.Index (AtiehJobCore.Web), returned result Microsoft.AspNetCore.Mvc.RedirectToActionResult in 4.7757ms.
info: Microsoft.AspNetCore.Mvc.RedirectToActionResult[1]
      Executing RedirectResult, redirecting to /Home.
info: Microsoft.AspNetCore.Mvc.Internal.ControllerActionInvoker[2]
      Executed action AtiehJobCore.Web.Controllers.InstallController.Index (AtiehJobCore.Web) in 171.5339ms
info: Microsoft.AspNetCore.Routing.EndpointMiddleware[1]
      Executed endpoint 'AtiehJobCore.Web.Controllers.InstallController.Index (AtiehJobCore.Web)'
info: Microsoft.AspNetCore.Hosting.Internal.WebHost[1]
      Request starting HTTP/2.0 GET https://localhost:44344/Home  
info: Microsoft.AspNetCore.Hosting.Internal.WebHost[2]
      Request finished in 376.9209ms 302 
info: Microsoft.AspNetCore.Routing.EndpointMiddleware[0]
      Executing endpoint 'AtiehJobCore.Web.Controllers.HomeController.Index (AtiehJobCore.Web)'
info: Microsoft.AspNetCore.Mvc.Internal.ControllerActionInvoker[1]
      Route matched with {action = "Index", controller = "Home", area = ""}. Executing action AtiehJobCore.Web.Controllers.HomeController.Index (AtiehJobCore.Web)
info: Microsoft.AspNetCore.Mvc.Internal.ControllerActionInvoker[2]
      Executed action AtiehJobCore.Web.Controllers.HomeController.Index (AtiehJobCore.Web) in 560.1843ms
info: Microsoft.AspNetCore.Routing.EndpointMiddleware[1]
      Executed endpoint 'AtiehJobCore.Web.Controllers.HomeController.Index (AtiehJobCore.Web)'
fail: Microsoft.AspNetCore.Diagnostics.DeveloperExceptionPageMiddleware[1]
      An unhandled exception has occurred while executing the request.
Autofac.Core.DependencyResolutionException: An error occurred during the activation of a particular registration. See the inner exception for details. Registration: Activator = WebWorkContext (ReflectionActivator), Services = [AtiehJobCore.Common.Infrastructure.MongoDb.IWorkContext], Lifetime = Autofac.Core.Lifetime.CurrentScopeLifetime, Sharing = Shared, Ownership = OwnedByLifetimeScope ---> An error occurred during the activation of a particular registration. See the inner exception for details. Registration: Activator = AtiehJobCookieAuthenticationService (ReflectionActivator), Services = [AtiehJobCore.Services.Authentication.IAtiehJobAuthenticationService], Lifetime = Autofac.Core.Lifetime.CurrentScopeLifetime, Sharing = Shared, Ownership = OwnedByLifetimeScope ---> None of the constructors found with 'Autofac.Core.Activators.Reflection.DefaultConstructorFinder' on type 'AtiehJobCore.Services.Authentication.AtiehJobCookieAuthenticationService' can be invoked with the available services and parameters:
Cannot resolve parameter 'AtiehJobCore.Common.MongoDb.Domain.Users.UserSettings userSettings' of constructor 'Void .ctor(AtiehJobCore.Common.MongoDb.Domain.Users.UserSettings, AtiehJobCore.Services.MongoDb.Users.IUserService, Microsoft.AspNetCore.Http.IHttpContextAccessor)'. (See inner exception for details.) (See inner exception for details.) ---> Autofac.Core.DependencyResolutionException: An error occurred during the activation of a particular registration. See the inner exception for details. Registration: Activator = AtiehJobCookieAuthenticationService (ReflectionActivator), Services = [AtiehJobCore.Services.Authentication.IAtiehJobAuthenticationService], Lifetime = Autofac.Core.Lifetime.CurrentScopeLifetime, Sharing = Shared, Ownership = OwnedByLifetimeScope ---> None of the constructors found with 'Autofac.Core.Activators.Reflection.DefaultConstructorFinder' on type 'AtiehJobCore.Services.Authentication.AtiehJobCookieAuthenticationService' can be invoked with the available services and parameters:
Cannot resolve parameter 'AtiehJobCore.Common.MongoDb.Domain.Users.UserSettings userSettings' of constructor 'Void .ctor(AtiehJobCore.Common.MongoDb.Domain.Users.UserSettings, AtiehJobCore.Services.MongoDb.Users.IUserService, Microsoft.AspNetCore.Http.IHttpContextAccessor)'. (See inner exception for details.) ---> Autofac.Core.DependencyResolutionException: None of the constructors found with 'Autofac.Core.Activators.Reflection.DefaultConstructorFinder' on type 'AtiehJobCore.Services.Authentication.AtiehJobCookieAuthenticationService' can be invoked with the available services and parameters:
Cannot resolve parameter 'AtiehJobCore.Common.MongoDb.Domain.Users.UserSettings userSettings' of constructor 'Void .ctor(AtiehJobCore.Common.MongoDb.Domain.Users.UserSettings, AtiehJobCore.Services.MongoDb.Users.IUserService, Microsoft.AspNetCore.Http.IHttpContextAccessor)'.
   at Autofac.Core.Activators.Reflection.ReflectionActivator.GetValidConstructorBindings(IComponentContext context, IEnumerable`1 parameters)
   at Autofac.Core.Activators.Reflection.ReflectionActivator.ActivateInstance(IComponentContext context, IEnumerable`1 parameters)
   at Autofac.Core.Resolving.InstanceLookup.Activate(IEnumerable`1 parameters)
   --- End of inner exception stack trace ---
   at Autofac.Core.Resolving.InstanceLookup.Activate(IEnumerable`1 parameters)
   at Autofac.Core.Lifetime.LifetimeScope.GetOrCreateAndShare(Guid id, Func`1 creator)
   at Autofac.Core.Resolving.InstanceLookup.Execute()
   at Autofac.Core.Resolving.ResolveOperation.GetOrCreateInstance(ISharingLifetimeScope currentOperationScope, IComponentRegistration registration, IEnumerable`1 parameters)
   at Autofac.Core.Activators.Reflection.ConstructorParameterBinding.Instantiate()
   at Autofac.Core.Activators.Reflection.ReflectionActivator.ActivateInstance(IComponentContext context, IEnumerable`1 parameters)
   at Autofac.Core.Resolving.InstanceLookup.Activate(IEnumerable`1 parameters)
   --- End of inner exception stack trace ---
   at Autofac.Core.Resolving.InstanceLookup.Activate(IEnumerable`1 parameters)
   at Autofac.Core.Lifetime.LifetimeScope.GetOrCreateAndShare(Guid id, Func`1 creator)
   at Autofac.Core.Resolving.InstanceLookup.Execute()
   at Autofac.Core.Resolving.ResolveOperation.GetOrCreateInstance(ISharingLifetimeScope currentOperationScope, IComponentRegistration registration, IEnumerable`1 parameters)
   at Autofac.Core.Resolving.ResolveOperation.Execute(IComponentRegistration registration, IEnumerable`1 parameters)
   at Autofac.ResolutionExtensions.TryResolveService(IComponentContext context, Service service, IEnumerable`1 parameters, Object& instance)
   at Autofac.ResolutionExtensions.ResolveOptionalService(IComponentContext context, Service service, IEnumerable`1 parameters)
   at Microsoft.Extensions.DependencyInjection.ActivatorUtilities.GetService(IServiceProvider sp, Type type, Type requiredBy, Boolean isDefaultParameterRequired)
   at lambda_method(Closure , IServiceProvider , Object[] )
   at Microsoft.AspNetCore.Mvc.Controllers.ControllerActivatorProvider.<>c__DisplayClass4_0.<CreateActivator>b__0(ControllerContext controllerContext)
   at Microsoft.AspNetCore.Mvc.Controllers.ControllerFactoryProvider.<>c__DisplayClass5_0.<CreateControllerFactory>g__CreateController|0(ControllerContext controllerContext)
   at Microsoft.AspNetCore.Mvc.Internal.ControllerActionInvoker.Next(State& next, Scope& scope, Object& state, Boolean& isCompleted)
   at Microsoft.AspNetCore.Mvc.Internal.ControllerActionInvoker.InvokeInnerFilterAsync()
   at Microsoft.AspNetCore.Mvc.Internal.ResourceInvoker.InvokeNextResourceFilter()
   at Microsoft.AspNetCore.Mvc.Internal.ResourceInvoker.Rethrow(ResourceExecutedContext context)
   at Microsoft.AspNetCore.Mvc.Internal.ResourceInvoker.Next(State& next, Scope& scope, Object& state, Boolean& isCompleted)
   at Microsoft.AspNetCore.Mvc.Internal.ResourceInvoker.InvokeFilterPipelineAsync()
   at Microsoft.AspNetCore.Mvc.Internal.ResourceInvoker.InvokeAsync()
   at Microsoft.AspNetCore.Routing.EndpointMiddleware.Invoke(HttpContext httpContext)
   at Microsoft.AspNetCore.Routing.EndpointRoutingMiddleware.Invoke(HttpContext httpContext)
   at Ben.Diagnostics.BlockingDetectionMiddleware.Invoke(HttpContext httpContext) in C:\GitHub\Ben.BlockingDetector\src\Ben.BlockingDetector\BlockingDetectionMiddleware.cs:line 36
   at Microsoft.AspNetCore.StaticFiles.StaticFileMiddleware.Invoke(HttpContext context)
   at Microsoft.AspNetCore.Localization.RequestLocalizationMiddleware.Invoke(HttpContext context)
   at ElmahCore.Mvc.ErrorLogMiddleware.Invoke(HttpContext context, Func`1 next)
   at ElmahCore.Mvc.BuilderHelper.<>c.<<UseElmah>b__0_0>d.MoveNext()
--- End of stack trace from previous location where exception was thrown ---
   at Microsoft.AspNetCore.Diagnostics.EntityFrameworkCore.MigrationsEndPointMiddleware.Invoke(HttpContext context)
   at Microsoft.AspNetCore.Diagnostics.EntityFrameworkCore.DatabaseErrorPageMiddleware.Invoke(HttpContext httpContext)
   at Microsoft.AspNetCore.Diagnostics.EntityFrameworkCore.DatabaseErrorPageMiddleware.Invoke(HttpContext httpContext)
   at Microsoft.AspNetCore.Diagnostics.DeveloperExceptionPageMiddleware.Invoke(HttpContext context)
info: Microsoft.AspNetCore.Hosting.Internal.WebHost[2]
      Request finished in 1458.0674ms 500 text/html; charset=utf-8
