warn: Microsoft.EntityFrameworkCore.Model.Validation[30000]
      No type was specified for the decimal column 'Average' on entity type 'Education'. This will cause values to be silently truncated if they do not fit in the default precision and scale. Explicitly specify the SQL server column type that can accommodate all the values using 'HasColumnType()'.
info: Microsoft.EntityFrameworkCore.Infrastructure[10403]
      Entity Framework Core 2.2.0-rtm-35687 initialized 'AtiehJobCoreDbContext' using provider 'Microsoft.EntityFrameworkCore.SqlServer' with options: MaxPoolSize=128 CommandTimeout=180 
info: Microsoft.EntityFrameworkCore.Database.Command[20101]
      Executed DbCommand (135ms) [Parameters=[], CommandType='Text', CommandTimeout='180']
      SELECT [k].[XmlData]
      FROM [DataProtectionKeys] AS [k]
warn: Microsoft.EntityFrameworkCore.Model.Validation[30000]
      No type was specified for the decimal column 'Average' on entity type 'Education'. This will cause values to be silently truncated if they do not fit in the default precision and scale. Explicitly specify the SQL server column type that can accommodate all the values using 'HasColumnType()'.
info: Microsoft.EntityFrameworkCore.Infrastructure[10403]
      Entity Framework Core 2.2.0-rtm-35687 initialized 'AtiehJobCoreDbContext' using provider 'Microsoft.EntityFrameworkCore.SqlServer' with options: MaxPoolSize=128 CommandTimeout=180 
info: Microsoft.EntityFrameworkCore.Infrastructure[10403]
      Entity Framework Core 2.2.0-rtm-35687 initialized 'AtiehJobCoreDbContext' using provider 'Microsoft.EntityFrameworkCore.SqlServer' with options: MaxPoolSize=128 CommandTimeout=180 
info: Microsoft.EntityFrameworkCore.Database.Command[20101]
      Executed DbCommand (30ms) [Parameters=[], CommandType='Text', CommandTimeout='180']
      SELECT OBJECT_ID(N'[__EFMigrationsHistory]');
info: Microsoft.EntityFrameworkCore.Database.Command[20101]
      Executed DbCommand (20ms) [Parameters=[], CommandType='Text', CommandTimeout='180']
      SELECT OBJECT_ID(N'[__EFMigrationsHistory]');
info: Microsoft.EntityFrameworkCore.Database.Command[20101]
      Executed DbCommand (18ms) [Parameters=[], CommandType='Text', CommandTimeout='180']
      SELECT [MigrationId], [ProductVersion]
      FROM [__EFMigrationsHistory]
      ORDER BY [MigrationId];
info: Microsoft.EntityFrameworkCore.Migrations[20405]
      No migrations were applied. The database is already up to date.
info: Microsoft.EntityFrameworkCore.Infrastructure[10403]
      Entity Framework Core 2.2.0-rtm-35687 initialized 'AtiehJobCoreDbContext' using provider 'Microsoft.EntityFrameworkCore.SqlServer' with options: MaxPoolSize=128 CommandTimeout=180 
info: Microsoft.EntityFrameworkCore.Database.Command[20101]
      Executed DbCommand (140ms) [Parameters=[@__normalizedUserName_0='?' (Size = 256)], CommandType='Text', CommandTimeout='180']
      SELECT TOP(1) [u].[Id], [u].[AccessFailedCount], [u].[ConcurrencyStamp], [u].[CreatedByBrowserName], [u].[CreatedByIp], [u].[CreatedByUserId], [u].[CreatedDateTime], [u].[DateOfBirth], [u].[Email], [u].[EmailConfirmed], [u].[FatherName], [u].[FirstName], [u].[GenderType], [u].[IsActive], [u].[IsDeleted], [u].[IsEmailPublic], [u].[LastName], [u].[LastVisitedDateTime], [u].[LockoutEnabled], [u].[LockoutEnd], [u].[MobileNumber], [u].[ModifiedByBrowserName], [u].[ModifiedByIp], [u].[ModifiedByUserId], [u].[ModifiedDateTime], [u].[NationalCode], [u].[NormalizedEmail], [u].[NormalizedUserName], [u].[PasswordHash], [u].[PhoneNumber], [u].[PhoneNumberConfirmed], [u].[PhotoFileName], [u].[PlaceOfBirth], [u].[SecurityStamp], [u].[SsnId], [u].[SsnSerial], [u].[TwoFactorEnabled], [u].[UserName], [u].[UserType]
      FROM [Users] AS [u]
      WHERE [u].[NormalizedUserName] = @__normalizedUserName_0
info: AtiehJobCore.Services.Identity.IdentityDbInitializer[0]
      SeedDatabaseWithAdminUserAsync: adminUser already exists.
info: Microsoft.EntityFrameworkCore.Database.Command[20101]
      Executed DbCommand (26ms) [Parameters=[], CommandType='Text', CommandTimeout='180']
      SELECT [r].[Id], [r].[ConcurrencyStamp], [r].[CreatedByBrowserName], [r].[CreatedByIp], [r].[CreatedByUserId], [r].[CreatedDateTime], [r].[Description], [r].[IsActive], [r].[IsDeleted], [r].[ModifiedByBrowserName], [r].[ModifiedByIp], [r].[ModifiedByUserId], [r].[ModifiedDateTime], [r].[Name], [r].[NormalizedName]
      FROM [Roles] AS [r]
Hosting environment: Development
Content root path: H:\Programming\Best Project\AtiehJobCore\Presentation\AtiehJobCore.Web
Application started. Press Ctrl+C to shut down.
info: Microsoft.AspNetCore.Hosting.Internal.WebHost[1]
      Request starting HTTP/2.0 GET https://localhost:44344/  
info: Microsoft.AspNetCore.Authentication.Cookies.CookieAuthenticationHandler[7]
      Identity.Application was not authenticated. Failure message: Unprotect ticket failed
info: Microsoft.AspNetCore.Routing.EndpointMiddleware[0]
      Executing endpoint 'AtiehJobCore.Web.Controllers.HomeController.Index (AtiehJobCore.Web)'
info: Microsoft.AspNetCore.Mvc.Internal.ControllerActionInvoker[1]
      Route matched with {action = "Index", controller = "Home", area = ""}. Executing action AtiehJobCore.Web.Controllers.HomeController.Index (AtiehJobCore.Web)
info: Microsoft.AspNetCore.Mvc.Internal.ControllerActionInvoker[1]
      Executing action method AtiehJobCore.Web.Controllers.HomeController.Index (AtiehJobCore.Web) - Validation state: Valid
info: Microsoft.AspNetCore.Mvc.Internal.ControllerActionInvoker[2]
      Executed action method AtiehJobCore.Web.Controllers.HomeController.Index (AtiehJobCore.Web), returned result Microsoft.AspNetCore.Mvc.ViewResult in 1.141ms.
info: Microsoft.AspNetCore.Mvc.ViewFeatures.ViewResultExecutor[1]
      Executing ViewResult, running view Index.
info: Microsoft.EntityFrameworkCore.Infrastructure[10403]
      Entity Framework Core 2.2.0-rtm-35687 initialized 'AtiehJobCoreDbContext' using provider 'Microsoft.EntityFrameworkCore.SqlServer' with options: MaxPoolSize=128 CommandTimeout=180 
info: Microsoft.EntityFrameworkCore.Database.Command[20101]
      Executed DbCommand (123ms) [Parameters=[@__p_2='?' (DbType = Int32), @__now_0='?' (DbType = DateTimeOffset), @__minutes_1='?' (DbType = DateTimeOffset)], CommandType='Text', CommandTimeout='180']
      SELECT TOP(@__p_2) [user].[Id], [user].[AccessFailedCount], [user].[ConcurrencyStamp], [user].[CreatedByBrowserName], [user].[CreatedByIp], [user].[CreatedByUserId], [user].[CreatedDateTime], [user].[DateOfBirth], [user].[Email], [user].[EmailConfirmed], [user].[FatherName], [user].[FirstName], [user].[GenderType], [user].[IsActive], [user].[IsDeleted], [user].[IsEmailPublic], [user].[LastName], [user].[LastVisitedDateTime], [user].[LockoutEnabled], [user].[LockoutEnd], [user].[MobileNumber], [user].[ModifiedByBrowserName], [user].[ModifiedByIp], [user].[ModifiedByUserId], [user].[ModifiedDateTime], [user].[NationalCode], [user].[NormalizedEmail], [user].[NormalizedUserName], [user].[PasswordHash], [user].[PhoneNumber], [user].[PhoneNumberConfirmed], [user].[PhotoFileName], [user].[PlaceOfBirth], [user].[SecurityStamp], [user].[SsnId], [user].[SsnSerial], [user].[TwoFactorEnabled], [user].[UserName], [user].[UserType]
      FROM [Users] AS [user]
      WHERE ([user].[LastVisitedDateTime] IS NOT NULL AND ([user].[LastVisitedDateTime] <= @__now_0)) AND ([user].[LastVisitedDateTime] >= @__minutes_1)
      ORDER BY [user].[LastVisitedDateTime] DESC
info: Microsoft.AspNetCore.Mvc.ViewFeatures.ViewResultExecutor[4]
      Executed ViewResult - view Index executed in 901.1528ms.
info: Microsoft.AspNetCore.Mvc.Internal.ControllerActionInvoker[2]
      Executed action AtiehJobCore.Web.Controllers.HomeController.Index (AtiehJobCore.Web) in 1073.3535ms
info: Microsoft.AspNetCore.Routing.EndpointMiddleware[1]
      Executed endpoint 'AtiehJobCore.Web.Controllers.HomeController.Index (AtiehJobCore.Web)'
info: Microsoft.AspNetCore.Hosting.Internal.WebHost[1]
      Request starting HTTP/2.0 GET https://localhost:44344/dist/bundle.min.css?v=3rq1nsot6bSIpy_09ilzV7h6D4dbpYruxHrb7kknEds  
info: Microsoft.AspNetCore.Hosting.Internal.WebHost[1]
      Request starting HTTP/2.0 GET https://localhost:44344/avatars/icon-user-default.png  
info: Microsoft.AspNetCore.Hosting.Internal.WebHost[1]
      Request starting HTTP/2.0 GET https://localhost:44344/dist/bundle.min.js?v=eGqxTlcRDyH1VRrhn4j68VNVCBow8IlyqpQXPn0jxaA  
info: Microsoft.AspNetCore.Authentication.Cookies.CookieAuthenticationHandler[7]
      Identity.Application was not authenticated. Failure message: Unprotect ticket failed
info: Microsoft.AspNetCore.Hosting.Internal.WebHost[2]
      Request finished in 1405.8479ms 200 text/html; charset=utf-8
info: Microsoft.AspNetCore.StaticFiles.StaticFileMiddleware[2]
      Sending file. Request path: '/dist/bundle.min.css'. Physical path: 'H:\Programming\Best Project\AtiehJobCore\Presentation\AtiehJobCore.Web\wwwroot\dist\bundle.min.css'
info: Microsoft.AspNetCore.StaticFiles.StaticFileMiddleware[2]
      Sending file. Request path: '/dist/bundle.min.js'. Physical path: 'H:\Programming\Best Project\AtiehJobCore\Presentation\AtiehJobCore.Web\wwwroot\dist\bundle.min.js'
info: Microsoft.AspNetCore.Hosting.Internal.WebHost[2]
      Request finished in 117.5612ms 200 text/css
info: Microsoft.AspNetCore.Hosting.Internal.WebHost[2]
      Request finished in 117.4901ms 200 application/javascript
info: Microsoft.AspNetCore.Hosting.Internal.WebHost[1]
      Request starting HTTP/2.0 GET https://localhost:44344/webfonts/samim/Samim.woff  
info: Microsoft.AspNetCore.StaticFiles.StaticFileMiddleware[2]
      Sending file. Request path: '/webfonts/samim/Samim.woff'. Physical path: 'H:\Programming\Best Project\AtiehJobCore\Presentation\AtiehJobCore.Web\wwwroot\webfonts\samim\Samim.woff'
info: Microsoft.AspNetCore.Hosting.Internal.WebHost[2]
      Request finished in 186ms 404 text/plain
info: Microsoft.AspNetCore.Hosting.Internal.WebHost[2]
      Request finished in 12.3421ms 200 application/font-woff
info: Microsoft.AspNetCore.Hosting.Internal.WebHost[1]
      Request starting HTTP/2.0 GET https://localhost:44344/webfonts/fa-solid-900.woff2  
info: Microsoft.AspNetCore.Hosting.Internal.WebHost[1]
      Request starting HTTP/2.0 GET https://localhost:44344/webfonts/samim/Samim-Bold.woff  
info: Microsoft.AspNetCore.StaticFiles.StaticFileMiddleware[2]
      Sending file. Request path: '/webfonts/samim/Samim-Bold.woff'. Physical path: 'H:\Programming\Best Project\AtiehJobCore\Presentation\AtiehJobCore.Web\wwwroot\webfonts\samim\Samim-Bold.woff'
info: Microsoft.AspNetCore.StaticFiles.StaticFileMiddleware[2]
      Sending file. Request path: '/webfonts/fa-solid-900.woff2'. Physical path: 'H:\Programming\Best Project\AtiehJobCore\Presentation\AtiehJobCore.Web\wwwroot\webfonts\fa-solid-900.woff2'
info: Microsoft.AspNetCore.Hosting.Internal.WebHost[2]
      Request finished in 40.7965ms 200 application/font-woff
info: Microsoft.AspNetCore.Hosting.Internal.WebHost[2]
      Request finished in 44.3502ms 200 font/woff2
info: Microsoft.AspNetCore.Hosting.Internal.WebHost[1]
      Request starting HTTP/2.0 GET https://localhost:44344/favicon.ico  
info: Microsoft.AspNetCore.Authentication.Cookies.CookieAuthenticationHandler[7]
      Identity.Application was not authenticated. Failure message: Unprotect ticket failed
info: Microsoft.AspNetCore.Hosting.Internal.WebHost[2]
      Request finished in 11.1576ms 404 text/plain
info: Microsoft.AspNetCore.Hosting.Internal.WebHost[1]
      Request starting HTTP/2.0 GET https://localhost:44344/Identity/Account/Register  
info: Microsoft.AspNetCore.Authentication.Cookies.CookieAuthenticationHandler[7]
      Identity.Application was not authenticated. Failure message: Unprotect ticket failed
info: Microsoft.AspNetCore.Routing.EndpointMiddleware[0]
      Executing endpoint 'AtiehJobCore.Web.Areas.Identity.Controllers.AccountController.Register (AtiehJobCore.Web)'
info: Microsoft.AspNetCore.Mvc.Internal.ControllerActionInvoker[1]
      Route matched with {area = "Identity", action = "Register", controller = "Account"}. Executing action AtiehJobCore.Web.Areas.Identity.Controllers.AccountController.Register (AtiehJobCore.Web)
info: Microsoft.EntityFrameworkCore.Infrastructure[10403]
      Entity Framework Core 2.2.0-rtm-35687 initialized 'AtiehJobCoreDbContext' using provider 'Microsoft.EntityFrameworkCore.SqlServer' with options: MaxPoolSize=128 CommandTimeout=180 
info: Microsoft.AspNetCore.Mvc.Internal.ControllerActionInvoker[1]
      Executing action method AtiehJobCore.Web.Areas.Identity.Controllers.AccountController.Register (AtiehJobCore.Web) - Validation state: Valid
info: Microsoft.AspNetCore.Mvc.Internal.ControllerActionInvoker[2]
      Executed action method AtiehJobCore.Web.Areas.Identity.Controllers.AccountController.Register (AtiehJobCore.Web), returned result Microsoft.AspNetCore.Mvc.ViewResult in 0.5411ms.
info: Microsoft.AspNetCore.Mvc.ViewFeatures.ViewResultExecutor[1]
      Executing ViewResult, running view Register.
info: DNTCaptcha.Core.Providers.CookieCaptchaStorageProvider[0]
      Using the CookieCaptchaStorageProvider.
info: Microsoft.AspNetCore.Mvc.ViewFeatures.ViewResultExecutor[4]
      Executed ViewResult - view Register executed in 284.2038ms.
info: Microsoft.AspNetCore.Mvc.Internal.ControllerActionInvoker[2]
      Executed action AtiehJobCore.Web.Areas.Identity.Controllers.AccountController.Register (AtiehJobCore.Web) in 402.4142ms
info: Microsoft.AspNetCore.Routing.EndpointMiddleware[1]
      Executed endpoint 'AtiehJobCore.Web.Areas.Identity.Controllers.AccountController.Register (AtiehJobCore.Web)'
info: Microsoft.AspNetCore.Hosting.Internal.WebHost[2]
      Request finished in 429.9155ms 200 text/html; charset=utf-8
info: Microsoft.AspNetCore.Hosting.Internal.WebHost[1]
      Request starting HTTP/2.0 GET https://localhost:44344/dist/bundle.min.css?v=3rq1nsot6bSIpy_09ilzV7h6D4dbpYruxHrb7kknEds  
info: Microsoft.AspNetCore.Hosting.Internal.WebHost[1]
      Request starting HTTP/2.0 GET https://localhost:44344/avatars/icon-user-default.png  
info: Microsoft.AspNetCore.Hosting.Internal.WebHost[1]
      Request starting HTTP/2.0 GET https://localhost:44344/DNTCaptchaImage/Show?text=CfDJ8PecTi5dQgpGkTJjpdk7MkB46wkXamMM42%2FUDhQRfJR4ccNwt1v2d1ZYG5k8e3XbEd9ILQFDx4yU22T1CjGcOFVgIUpV16GsCoRtx%2FKm33NKOjbwccbZjmqtl1bJxpmn3oJy8HLUdHFcdKUoU34WT3dD2VnCqtNYhBnu9xaXYA45xnhy6QvFFTHcjrSIfxwsAg%3D%3D&rndDate=636838457840330325&foreColor=%23333333&backColor=%23ccc&fontSize=20&fontName=Tahoma  
info: Microsoft.AspNetCore.Hosting.Internal.WebHost[1]
      Request starting HTTP/2.0 GET https://localhost:44344/dist/bundle.min.js?v=eGqxTlcRDyH1VRrhn4j68VNVCBow8IlyqpQXPn0jxaA  
info: Microsoft.AspNetCore.Authentication.Cookies.CookieAuthenticationHandler[7]
      Identity.Application was not authenticated. Failure message: Unprotect ticket failed
info: Microsoft.AspNetCore.Authentication.Cookies.CookieAuthenticationHandler[7]
      Identity.Application was not authenticated. Failure message: Unprotect ticket failed
info: Microsoft.AspNetCore.Hosting.Internal.WebHost[2]
      Request finished in 20.0879ms 404 text/plain
info: Microsoft.AspNetCore.Routing.EndpointMiddleware[0]
      Executing endpoint 'DNTCaptcha.Core.DNTCaptchaImageController.Show (DNTCaptcha.Core)'
info: Microsoft.AspNetCore.StaticFiles.StaticFileMiddleware[2]
      Sending file. Request path: '/dist/bundle.min.css'. Physical path: 'H:\Programming\Best Project\AtiehJobCore\Presentation\AtiehJobCore.Web\wwwroot\dist\bundle.min.css'
info: Microsoft.AspNetCore.StaticFiles.StaticFileMiddleware[2]
      Sending file. Request path: '/dist/bundle.min.js'. Physical path: 'H:\Programming\Best Project\AtiehJobCore\Presentation\AtiehJobCore.Web\wwwroot\dist\bundle.min.js'
info: Microsoft.AspNetCore.Hosting.Internal.WebHost[2]
      Request finished in 49.4905ms 200 text/css
info: Microsoft.AspNetCore.Hosting.Internal.WebHost[2]
      Request finished in 41.3531ms 200 application/javascript
info: Microsoft.AspNetCore.Mvc.Internal.ControllerActionInvoker[1]
      Route matched with {action = "Show", controller = "DNTCaptchaImage", area = ""}. Executing action DNTCaptcha.Core.DNTCaptchaImageController.Show (DNTCaptcha.Core)
info: Microsoft.AspNetCore.Hosting.Internal.WebHost[1]
      Request starting HTTP/2.0 GET https://localhost:44344/webfonts/samim/Samim-Bold.woff  
info: Microsoft.AspNetCore.Hosting.Internal.WebHost[1]
      Request starting HTTP/2.0 GET https://localhost:44344/webfonts/samim/Samim.woff  
info: Microsoft.AspNetCore.StaticFiles.StaticFileMiddleware[2]
      Sending file. Request path: '/webfonts/samim/Samim-Bold.woff'. Physical path: 'H:\Programming\Best Project\AtiehJobCore\Presentation\AtiehJobCore.Web\wwwroot\webfonts\samim\Samim-Bold.woff'
info: Microsoft.AspNetCore.StaticFiles.StaticFileMiddleware[2]
      Sending file. Request path: '/webfonts/samim/Samim.woff'. Physical path: 'H:\Programming\Best Project\AtiehJobCore\Presentation\AtiehJobCore.Web\wwwroot\webfonts\samim\Samim.woff'
info: Microsoft.AspNetCore.Hosting.Internal.WebHost[1]
      Request starting HTTP/2.0 GET https://localhost:44344/webfonts/fa-solid-900.woff2  
info: Microsoft.AspNetCore.Hosting.Internal.WebHost[2]
      Request finished in 37.8336ms 200 application/font-woff
info: Microsoft.AspNetCore.Hosting.Internal.WebHost[2]
      Request finished in 41.7798ms 200 application/font-woff
info: Microsoft.AspNetCore.StaticFiles.StaticFileMiddleware[2]
      Sending file. Request path: '/webfonts/fa-solid-900.woff2'. Physical path: 'H:\Programming\Best Project\AtiehJobCore\Presentation\AtiehJobCore.Web\wwwroot\webfonts\fa-solid-900.woff2'
info: Microsoft.AspNetCore.Hosting.Internal.WebHost[2]
      Request finished in 49.6537ms 200 font/woff2
info: Microsoft.AspNetCore.Mvc.Internal.ControllerActionInvoker[1]
      Executing action method DNTCaptcha.Core.DNTCaptchaImageController.Show (DNTCaptcha.Core) with arguments (CfDJ8PecTi5dQgpGkTJjpdk7MkB46wkXamMM42/UDhQRfJR4ccNwt1v2d1ZYG5k8e3XbEd9ILQFDx4yU22T1CjGcOFVgIUpV16GsCoRtx/Km33NKOjbwccbZjmqtl1bJxpmn3oJy8HLUdHFcdKUoU34WT3dD2VnCqtNYhBnu9xaXYA45xnhy6QvFFTHcjrSIfxwsAg==, 636838457840330325, #333333, #ccc, 20, Tahoma) - Validation state: Valid
info: Microsoft.AspNetCore.Mvc.Internal.ControllerActionInvoker[2]
      Executed action method DNTCaptcha.Core.DNTCaptchaImageController.Show (DNTCaptcha.Core), returned result Microsoft.AspNetCore.Mvc.FileContentResult in 234.7009ms.
info: Microsoft.AspNetCore.Mvc.Infrastructure.FileContentResultExecutor[2]
      Executing Microsoft.AspNetCore.Mvc.FileContentResult, sending file with download name '' ...
info: Microsoft.AspNetCore.Mvc.Internal.ControllerActionInvoker[2]
      Executed action DNTCaptcha.Core.DNTCaptchaImageController.Show (DNTCaptcha.Core) in 378.3475ms
info: Microsoft.AspNetCore.Routing.EndpointMiddleware[1]
      Executed endpoint 'DNTCaptcha.Core.DNTCaptchaImageController.Show (DNTCaptcha.Core)'
info: Microsoft.AspNetCore.Hosting.Internal.WebHost[2]
      Request finished in 466.9612ms 200 image/png
info: Microsoft.AspNetCore.Hosting.Internal.WebHost[1]
      Request starting HTTP/2.0 POST https://localhost:44344/Identity/Account/ValidateUsername application/x-www-form-urlencoded; charset=UTF-8 202
info: Microsoft.AspNetCore.Authentication.Cookies.CookieAuthenticationHandler[7]
      Identity.Application was not authenticated. Failure message: Unprotect ticket failed
info: Microsoft.AspNetCore.Hosting.Internal.WebHost[1]
      Request starting HTTP/2.0 POST https://localhost:44344/Identity/Account/ValidateUsername application/x-www-form-urlencoded; charset=UTF-8 202
info: Microsoft.AspNetCore.Authentication.Cookies.CookieAuthenticationHandler[7]
      Identity.Application was not authenticated. Failure message: Unprotect ticket failed
info: Microsoft.AspNetCore.Routing.EndpointMiddleware[0]
      Executing endpoint 'AtiehJobCore.Web.Areas.Identity.Controllers.AccountController.ValidateUsername (AtiehJobCore.Web)'
info: Microsoft.AspNetCore.Routing.EndpointMiddleware[0]
      Executing endpoint 'AtiehJobCore.Web.Areas.Identity.Controllers.AccountController.ValidateUsername (AtiehJobCore.Web)'
info: Microsoft.AspNetCore.Mvc.Internal.ControllerActionInvoker[1]
      Route matched with {area = "Identity", action = "ValidateUsername", controller = "Account"}. Executing action AtiehJobCore.Web.Areas.Identity.Controllers.AccountController.ValidateUsername (AtiehJobCore.Web)
info: Microsoft.AspNetCore.Mvc.Internal.ControllerActionInvoker[1]
      Route matched with {area = "Identity", action = "ValidateUsername", controller = "Account"}. Executing action AtiehJobCore.Web.Areas.Identity.Controllers.AccountController.ValidateUsername (AtiehJobCore.Web)
info: Microsoft.AspNetCore.Mvc.Internal.ControllerActionInvoker[2]
      Executed action AtiehJobCore.Web.Areas.Identity.Controllers.AccountController.ValidateUsername (AtiehJobCore.Web) in 40.9758ms
info: Microsoft.AspNetCore.Routing.EndpointMiddleware[1]
      Executed endpoint 'AtiehJobCore.Web.Areas.Identity.Controllers.AccountController.ValidateUsername (AtiehJobCore.Web)'
fail: ElmahCore.Mvc.ErrorLogMiddleware[0]
      Elmah local exception
info: Microsoft.EntityFrameworkCore.Infrastructure[10403]
      Entity Framework Core 2.2.0-rtm-35687 initialized 'AtiehJobCoreDbContext' using provider 'Microsoft.EntityFrameworkCore.SqlServer' with options: MaxPoolSize=128 CommandTimeout=180 
info: Microsoft.EntityFrameworkCore.Infrastructure[10403]
      Entity Framework Core 2.2.0-rtm-35687 initialized 'AtiehJobCoreDbContext' using provider 'Microsoft.EntityFrameworkCore.SqlServer' with options: MaxPoolSize=128 CommandTimeout=180 
info: Microsoft.AspNetCore.Mvc.Internal.ControllerActionInvoker[1]
      Executing action method AtiehJobCore.Web.Areas.Identity.Controllers.AccountController.ValidateUsername (AtiehJobCore.Web) with arguments (joi, ) - Validation state: Valid
info: Microsoft.EntityFrameworkCore.Database.Command[20101]
      Executed DbCommand (59ms) [Parameters=[@__normalizedUserName_0='?' (Size = 256)], CommandType='Text', CommandTimeout='180']
      SELECT TOP(1) [u].[Id], [u].[AccessFailedCount], [u].[ConcurrencyStamp], [u].[CreatedByBrowserName], [u].[CreatedByIp], [u].[CreatedByUserId], [u].[CreatedDateTime], [u].[DateOfBirth], [u].[Email], [u].[EmailConfirmed], [u].[FatherName], [u].[FirstName], [u].[GenderType], [u].[IsActive], [u].[IsDeleted], [u].[IsEmailPublic], [u].[LastName], [u].[LastVisitedDateTime], [u].[LockoutEnabled], [u].[LockoutEnd], [u].[MobileNumber], [u].[ModifiedByBrowserName], [u].[ModifiedByIp], [u].[ModifiedByUserId], [u].[ModifiedDateTime], [u].[NationalCode], [u].[NormalizedEmail], [u].[NormalizedUserName], [u].[PasswordHash], [u].[PhoneNumber], [u].[PhoneNumberConfirmed], [u].[PhotoFileName], [u].[PlaceOfBirth], [u].[SecurityStamp], [u].[SsnId], [u].[SsnSerial], [u].[TwoFactorEnabled], [u].[UserName], [u].[UserType]
      FROM [Users] AS [u]
      WHERE [u].[NormalizedUserName] = @__normalizedUserName_0
info: Microsoft.AspNetCore.Mvc.Internal.ControllerActionInvoker[2]
      Executed action method AtiehJobCore.Web.Areas.Identity.Controllers.AccountController.ValidateUsername (AtiehJobCore.Web), returned result Microsoft.AspNetCore.Mvc.JsonResult in 106.6523ms.
info: Microsoft.AspNetCore.Mvc.Formatters.Json.Internal.JsonResultExecutor[1]
      Executing JsonResult, writing value of type 'System.String'.
info: Microsoft.AspNetCore.Mvc.Internal.ControllerActionInvoker[2]
      Executed action AtiehJobCore.Web.Areas.Identity.Controllers.AccountController.ValidateUsername (AtiehJobCore.Web) in 406.18ms
info: Microsoft.AspNetCore.Routing.EndpointMiddleware[1]
      Executed endpoint 'AtiehJobCore.Web.Areas.Identity.Controllers.AccountController.ValidateUsername (AtiehJobCore.Web)'
info: Microsoft.AspNetCore.Hosting.Internal.WebHost[2]
      Request finished in 467.6633ms 200 application/json; charset=utf-8
info: Microsoft.EntityFrameworkCore.Database.Command[20101]
      Executed DbCommand (32ms) [Parameters=[@p0='?' (Size = 1000), @p1='?' (Size = 255), @p2='?' (DbType = Int32), @p3='?' (DbType = DateTimeOffset), @p4='?' (DbType = Int32), @p5='?' (Size = 4000), @p6='?' (Size = 4000), @p7='?' (Size = 4000), @p8='?' (Size = 1000), @p9='?' (Size = 255), @p10='?' (DbType = Int32), @p11='?' (DbType = DateTimeOffset), @p12='?' (Size = 4000), @p13='?' (Size = 4000)], CommandType='Text', CommandTimeout='180']
      SET NOCOUNT ON;
      INSERT INTO [LogItems] ([CreatedByBrowserName], [CreatedByIp], [CreatedByUserId], [CreatedDateTime], [EventId], [LogLevel], [Logger], [Message], [ModifiedByBrowserName], [ModifiedByIp], [ModifiedByUserId], [ModifiedDateTime], [StateJson], [Url])
      VALUES (@p0, @p1, @p2, @p3, @p4, @p5, @p6, @p7, @p8, @p9, @p10, @p11, @p12, @p13);
      SELECT [Id]
      FROM [LogItems]
      WHERE @@ROWCOUNT = 1 AND [Id] = scope_identity();
fail: Microsoft.AspNetCore.Diagnostics.DeveloperExceptionPageMiddleware[1]
      An unhandled exception has occurred while executing the request.
Microsoft.AspNetCore.Connections.ConnectionResetException: The client has disconnected ---> System.Runtime.InteropServices.COMException: The specified network name is no longer available. (Exception from HRESULT: 0x80070040)
   --- End of inner exception stack trace ---
   at Microsoft.AspNetCore.Server.IIS.Core.IO.AsyncIOOperation.GetResult(Int16 token)
   at Microsoft.AspNetCore.Server.IIS.Core.IISHttpContext.ReadBody()
   at System.IO.Pipelines.PipeCompletion.ThrowLatchedException()
   at System.IO.Pipelines.Pipe.GetReadResult(ReadResult& result)
   at System.IO.Pipelines.Pipe.ReadAsync(CancellationToken token)
   at System.IO.Pipelines.Pipe.DefaultPipeReader.ReadAsync(CancellationToken cancellationToken)
   at Microsoft.AspNetCore.Server.IIS.Core.IISHttpContext.ReadAsync(Memory`1 memory, CancellationToken cancellationToken)
   at Microsoft.AspNetCore.Server.IIS.Core.HttpRequestStream.ReadAsyncInternal(Memory`1 buffer, CancellationToken cancellationToken)
   at System.IO.StreamReader.ReadBufferAsync()
   at System.IO.StreamReader.ReadAsyncInternal(Memory`1 buffer, CancellationToken cancellationToken)
   at Microsoft.AspNetCore.WebUtilities.FormReader.BufferAsync(CancellationToken cancellationToken)
   at Microsoft.AspNetCore.WebUtilities.FormReader.ReadNextPairAsyncImpl(CancellationToken cancellationToken)
   at Microsoft.AspNetCore.WebUtilities.FormReader.ReadFormAsync(CancellationToken cancellationToken)
   at Microsoft.AspNetCore.Http.Features.FormFeature.InnerReadFormAsync(CancellationToken cancellationToken)
   at Microsoft.AspNetCore.Http.Features.FormFeature.ReadForm()
   at Microsoft.AspNetCore.Http.Internal.DefaultHttpRequest.get_Form()
   at ElmahCore.Error..ctor(Exception e, HttpContext context)
   at ElmahCore.Mvc.ErrorLogMiddleware.LogException(Exception e, HttpContext context)
--- End of stack trace from previous location where exception was thrown ---
   at ElmahCore.Mvc.BuilderHelper.<>c.<<UseElmah>b__0_0>d.MoveNext()
--- End of stack trace from previous location where exception was thrown ---
   at Microsoft.AspNetCore.Diagnostics.EntityFrameworkCore.MigrationsEndPointMiddleware.Invoke(HttpContext context)
   at Microsoft.AspNetCore.Diagnostics.EntityFrameworkCore.DatabaseErrorPageMiddleware.Invoke(HttpContext httpContext)
   at Microsoft.AspNetCore.Diagnostics.EntityFrameworkCore.DatabaseErrorPageMiddleware.Invoke(HttpContext httpContext)
   at Microsoft.AspNetCore.Diagnostics.DeveloperExceptionPageMiddleware.Invoke(HttpContext context)
info: Microsoft.EntityFrameworkCore.Infrastructure[10403]
      Entity Framework Core 2.2.0-rtm-35687 initialized 'AtiehJobCoreDbContext' using provider 'Microsoft.EntityFrameworkCore.SqlServer' with options: MaxPoolSize=128 CommandTimeout=180 
info: Microsoft.EntityFrameworkCore.Database.Command[20101]
      Executed DbCommand (48ms) [Parameters=[@p0='?' (Size = 1000), @p1='?' (Size = 255), @p2='?' (DbType = Int32), @p3='?' (DbType = DateTimeOffset), @p4='?' (DbType = Int32), @p5='?' (Size = 4000), @p6='?' (Size = 4000), @p7='?' (Size = 4000), @p8='?' (Size = 1000), @p9='?' (Size = 255), @p10='?' (DbType = Int32), @p11='?' (DbType = DateTimeOffset), @p12='?' (Size = 4000), @p13='?' (Size = 4000)], CommandType='Text', CommandTimeout='180']
      SET NOCOUNT ON;
      INSERT INTO [LogItems] ([CreatedByBrowserName], [CreatedByIp], [CreatedByUserId], [CreatedDateTime], [EventId], [LogLevel], [Logger], [Message], [ModifiedByBrowserName], [ModifiedByIp], [ModifiedByUserId], [ModifiedDateTime], [StateJson], [Url])
      VALUES (@p0, @p1, @p2, @p3, @p4, @p5, @p6, @p7, @p8, @p9, @p10, @p11, @p12, @p13);
      SELECT [Id]
      FROM [LogItems]
      WHERE @@ROWCOUNT = 1 AND [Id] = scope_identity();
info: Microsoft.AspNetCore.Hosting.Internal.WebHost[2]
      Request finished in 665.8482ms 500 text/html; charset=utf-8
info: Microsoft.AspNetCore.Hosting.Internal.WebHost[1]
      Request starting HTTP/2.0 POST https://localhost:44344/Identity/Account/ValidateUsername application/x-www-form-urlencoded; charset=UTF-8 202
info: Microsoft.AspNetCore.Authentication.Cookies.CookieAuthenticationHandler[7]
      Identity.Application was not authenticated. Failure message: Unprotect ticket failed
info: Microsoft.AspNetCore.Routing.EndpointMiddleware[0]
      Executing endpoint 'AtiehJobCore.Web.Areas.Identity.Controllers.AccountController.ValidateUsername (AtiehJobCore.Web)'
info: Microsoft.AspNetCore.Mvc.Internal.ControllerActionInvoker[1]
      Route matched with {area = "Identity", action = "ValidateUsername", controller = "Account"}. Executing action AtiehJobCore.Web.Areas.Identity.Controllers.AccountController.ValidateUsername (AtiehJobCore.Web)
info: Microsoft.EntityFrameworkCore.Infrastructure[10403]
      Entity Framework Core 2.2.0-rtm-35687 initialized 'AtiehJobCoreDbContext' using provider 'Microsoft.EntityFrameworkCore.SqlServer' with options: MaxPoolSize=128 CommandTimeout=180 
info: Microsoft.AspNetCore.Mvc.Internal.ControllerActionInvoker[1]
      Executing action method AtiehJobCore.Web.Areas.Identity.Controllers.AccountController.ValidateUsername (AtiehJobCore.Web) with arguments (joi, ) - Validation state: Valid
info: Microsoft.EntityFrameworkCore.Database.Command[20101]
      Executed DbCommand (51ms) [Parameters=[@__normalizedUserName_0='?' (Size = 256)], CommandType='Text', CommandTimeout='180']
      SELECT TOP(1) [u].[Id], [u].[AccessFailedCount], [u].[ConcurrencyStamp], [u].[CreatedByBrowserName], [u].[CreatedByIp], [u].[CreatedByUserId], [u].[CreatedDateTime], [u].[DateOfBirth], [u].[Email], [u].[EmailConfirmed], [u].[FatherName], [u].[FirstName], [u].[GenderType], [u].[IsActive], [u].[IsDeleted], [u].[IsEmailPublic], [u].[LastName], [u].[LastVisitedDateTime], [u].[LockoutEnabled], [u].[LockoutEnd], [u].[MobileNumber], [u].[ModifiedByBrowserName], [u].[ModifiedByIp], [u].[ModifiedByUserId], [u].[ModifiedDateTime], [u].[NationalCode], [u].[NormalizedEmail], [u].[NormalizedUserName], [u].[PasswordHash], [u].[PhoneNumber], [u].[PhoneNumberConfirmed], [u].[PhotoFileName], [u].[PlaceOfBirth], [u].[SecurityStamp], [u].[SsnId], [u].[SsnSerial], [u].[TwoFactorEnabled], [u].[UserName], [u].[UserType]
      FROM [Users] AS [u]
      WHERE [u].[NormalizedUserName] = @__normalizedUserName_0
info: Microsoft.AspNetCore.Mvc.Internal.ControllerActionInvoker[2]
      Executed action method AtiehJobCore.Web.Areas.Identity.Controllers.AccountController.ValidateUsername (AtiehJobCore.Web), returned result Microsoft.AspNetCore.Mvc.JsonResult in 57.2161ms.
info: Microsoft.AspNetCore.Mvc.Formatters.Json.Internal.JsonResultExecutor[1]
      Executing JsonResult, writing value of type 'System.String'.
info: Microsoft.AspNetCore.Mvc.Internal.ControllerActionInvoker[2]
      Executed action AtiehJobCore.Web.Areas.Identity.Controllers.AccountController.ValidateUsername (AtiehJobCore.Web) in 175.368ms
info: Microsoft.AspNetCore.Routing.EndpointMiddleware[1]
      Executed endpoint 'AtiehJobCore.Web.Areas.Identity.Controllers.AccountController.ValidateUsername (AtiehJobCore.Web)'
info: Microsoft.AspNetCore.Hosting.Internal.WebHost[2]
      Request finished in 195.0267ms 200 application/json; charset=utf-8
info: Microsoft.AspNetCore.Hosting.Internal.WebHost[1]
      Request starting HTTP/2.0 POST https://localhost:44344/Identity/Account/ValidateUsername application/x-www-form-urlencoded; charset=UTF-8 202
info: Microsoft.AspNetCore.Authentication.Cookies.CookieAuthenticationHandler[7]
      Identity.Application was not authenticated. Failure message: Unprotect ticket failed
info: Microsoft.AspNetCore.Routing.EndpointMiddleware[0]
      Executing endpoint 'AtiehJobCore.Web.Areas.Identity.Controllers.AccountController.ValidateUsername (AtiehJobCore.Web)'
info: Microsoft.AspNetCore.Mvc.Internal.ControllerActionInvoker[1]
      Route matched with {area = "Identity", action = "ValidateUsername", controller = "Account"}. Executing action AtiehJobCore.Web.Areas.Identity.Controllers.AccountController.ValidateUsername (AtiehJobCore.Web)
info: Microsoft.EntityFrameworkCore.Infrastructure[10403]
      Entity Framework Core 2.2.0-rtm-35687 initialized 'AtiehJobCoreDbContext' using provider 'Microsoft.EntityFrameworkCore.SqlServer' with options: MaxPoolSize=128 CommandTimeout=180 
info: Microsoft.AspNetCore.Mvc.Internal.ControllerActionInvoker[1]
      Executing action method AtiehJobCore.Web.Areas.Identity.Controllers.AccountController.ValidateUsername (AtiehJobCore.Web) with arguments (joi, ) - Validation state: Valid
info: Microsoft.EntityFrameworkCore.Database.Command[20101]
      Executed DbCommand (48ms) [Parameters=[@__normalizedUserName_0='?' (Size = 256)], CommandType='Text', CommandTimeout='180']
      SELECT TOP(1) [u].[Id], [u].[AccessFailedCount], [u].[ConcurrencyStamp], [u].[CreatedByBrowserName], [u].[CreatedByIp], [u].[CreatedByUserId], [u].[CreatedDateTime], [u].[DateOfBirth], [u].[Email], [u].[EmailConfirmed], [u].[FatherName], [u].[FirstName], [u].[GenderType], [u].[IsActive], [u].[IsDeleted], [u].[IsEmailPublic], [u].[LastName], [u].[LastVisitedDateTime], [u].[LockoutEnabled], [u].[LockoutEnd], [u].[MobileNumber], [u].[ModifiedByBrowserName], [u].[ModifiedByIp], [u].[ModifiedByUserId], [u].[ModifiedDateTime], [u].[NationalCode], [u].[NormalizedEmail], [u].[NormalizedUserName], [u].[PasswordHash], [u].[PhoneNumber], [u].[PhoneNumberConfirmed], [u].[PhotoFileName], [u].[PlaceOfBirth], [u].[SecurityStamp], [u].[SsnId], [u].[SsnSerial], [u].[TwoFactorEnabled], [u].[UserName], [u].[UserType]
      FROM [Users] AS [u]
      WHERE [u].[NormalizedUserName] = @__normalizedUserName_0
info: Microsoft.AspNetCore.Mvc.Internal.ControllerActionInvoker[2]
      Executed action method AtiehJobCore.Web.Areas.Identity.Controllers.AccountController.ValidateUsername (AtiehJobCore.Web), returned result Microsoft.AspNetCore.Mvc.JsonResult in 51.8159ms.
info: Microsoft.AspNetCore.Mvc.Formatters.Json.Internal.JsonResultExecutor[1]
      Executing JsonResult, writing value of type 'System.String'.
info: Microsoft.AspNetCore.Mvc.Internal.ControllerActionInvoker[2]
      Executed action AtiehJobCore.Web.Areas.Identity.Controllers.AccountController.ValidateUsername (AtiehJobCore.Web) in 188.5628ms
info: Microsoft.AspNetCore.Routing.EndpointMiddleware[1]
      Executed endpoint 'AtiehJobCore.Web.Areas.Identity.Controllers.AccountController.ValidateUsername (AtiehJobCore.Web)'
info: Microsoft.AspNetCore.Hosting.Internal.WebHost[2]
      Request finished in 209.0966ms 200 application/json; charset=utf-8
info: Microsoft.AspNetCore.Hosting.Internal.WebHost[1]
      Request starting HTTP/2.0 POST https://localhost:44344/Home/SetLanguage?returnUrl=~%2FIdentity%2FAccount%2FRegister application/x-www-form-urlencoded 196
info: Microsoft.AspNetCore.Authentication.Cookies.CookieAuthenticationHandler[7]
      Identity.Application was not authenticated. Failure message: Unprotect ticket failed
info: Microsoft.AspNetCore.Routing.EndpointMiddleware[0]
      Executing endpoint 'AtiehJobCore.Web.Controllers.HomeController.SetLanguage (AtiehJobCore.Web)'
info: Microsoft.AspNetCore.Mvc.Internal.ControllerActionInvoker[1]
      Route matched with {action = "SetLanguage", controller = "Home", area = ""}. Executing action AtiehJobCore.Web.Controllers.HomeController.SetLanguage (AtiehJobCore.Web)
info: Microsoft.AspNetCore.Mvc.Internal.ControllerActionInvoker[1]
      Executing action method AtiehJobCore.Web.Controllers.HomeController.SetLanguage (AtiehJobCore.Web) with arguments (en-US, ~/Identity/Account/Register) - Validation state: Valid
info: Microsoft.AspNetCore.Mvc.Internal.ControllerActionInvoker[2]
      Executed action method AtiehJobCore.Web.Controllers.HomeController.SetLanguage (AtiehJobCore.Web), returned result Microsoft.AspNetCore.Mvc.LocalRedirectResult in 0.9501ms.
info: Microsoft.AspNetCore.Mvc.Infrastructure.LocalRedirectResultExecutor[1]
      Executing LocalRedirectResult, redirecting to /Identity/Account/Register.
info: Microsoft.AspNetCore.Mvc.Internal.ControllerActionInvoker[2]
      Executed action AtiehJobCore.Web.Controllers.HomeController.SetLanguage (AtiehJobCore.Web) in 38.2731ms
info: Microsoft.AspNetCore.Routing.EndpointMiddleware[1]
      Executed endpoint 'AtiehJobCore.Web.Controllers.HomeController.SetLanguage (AtiehJobCore.Web)'
info: Microsoft.AspNetCore.Hosting.Internal.WebHost[2]
      Request finished in 57.3841ms 302 
info: Microsoft.AspNetCore.Hosting.Internal.WebHost[1]
      Request starting HTTP/2.0 GET https://localhost:44344/Identity/Account/Register  
info: Microsoft.AspNetCore.Authentication.Cookies.CookieAuthenticationHandler[7]
      Identity.Application was not authenticated. Failure message: Unprotect ticket failed
info: Microsoft.AspNetCore.Routing.EndpointMiddleware[0]
      Executing endpoint 'AtiehJobCore.Web.Areas.Identity.Controllers.AccountController.Register (AtiehJobCore.Web)'
info: Microsoft.AspNetCore.Mvc.Internal.ControllerActionInvoker[1]
      Route matched with {area = "Identity", action = "Register", controller = "Account"}. Executing action AtiehJobCore.Web.Areas.Identity.Controllers.AccountController.Register (AtiehJobCore.Web)
info: Microsoft.EntityFrameworkCore.Infrastructure[10403]
      Entity Framework Core 2.2.0-rtm-35687 initialized 'AtiehJobCoreDbContext' using provider 'Microsoft.EntityFrameworkCore.SqlServer' with options: MaxPoolSize=128 CommandTimeout=180 
info: Microsoft.AspNetCore.Mvc.Internal.ControllerActionInvoker[1]
      Executing action method AtiehJobCore.Web.Areas.Identity.Controllers.AccountController.Register (AtiehJobCore.Web) - Validation state: Valid
info: Microsoft.AspNetCore.Mvc.Internal.ControllerActionInvoker[2]
      Executed action method AtiehJobCore.Web.Areas.Identity.Controllers.AccountController.Register (AtiehJobCore.Web), returned result Microsoft.AspNetCore.Mvc.ViewResult in 0.0643ms.
info: Microsoft.AspNetCore.Mvc.ViewFeatures.ViewResultExecutor[1]
      Executing ViewResult, running view Register.
info: Microsoft.AspNetCore.Mvc.ViewFeatures.ViewResultExecutor[4]
      Executed ViewResult - view Register executed in 196.465ms.
info: Microsoft.AspNetCore.Mvc.Internal.ControllerActionInvoker[2]
      Executed action AtiehJobCore.Web.Areas.Identity.Controllers.AccountController.Register (AtiehJobCore.Web) in 315.7428ms
info: Microsoft.AspNetCore.Routing.EndpointMiddleware[1]
      Executed endpoint 'AtiehJobCore.Web.Areas.Identity.Controllers.AccountController.Register (AtiehJobCore.Web)'
info: Microsoft.AspNetCore.Hosting.Internal.WebHost[2]
      Request finished in 331.3857ms 200 text/html; charset=utf-8
info: Microsoft.AspNetCore.Hosting.Internal.WebHost[1]
      Request starting HTTP/2.0 GET https://localhost:44344/dist/bundle.min.js?v=eGqxTlcRDyH1VRrhn4j68VNVCBow8IlyqpQXPn0jxaA  
info: Microsoft.AspNetCore.Hosting.Internal.WebHost[1]
      Request starting HTTP/2.0 GET https://localhost:44344/avatars/icon-user-default.png  
info: Microsoft.AspNetCore.Hosting.Internal.WebHost[1]
      Request starting HTTP/2.0 GET https://localhost:44344/dist/bundle.min.css?v=3rq1nsot6bSIpy_09ilzV7h6D4dbpYruxHrb7kknEds  
info: Microsoft.AspNetCore.Hosting.Internal.WebHost[1]
      Request starting HTTP/2.0 GET https://localhost:44344/DNTCaptchaImage/Show?text=CfDJ8PecTi5dQgpGkTJjpdk7MkCA9evw6B%2BJ5JHEri9Jfk9c06CI2q%2Fpyzv3eK8UpbY%2Fg7RHKFsh%2FyTlpL6DjghiBxtgfwVW5%2F0DCIJ1obAOS0x0KBMiTh1hqvL8dDm3i1Hra5zZizWpucDDr2LIr0%2F0Au1zmEotA27pZHaVujDi57RA&rndDate=636838458045425626&foreColor=%23333333&backColor=%23ccc&fontSize=20&fontName=Tahoma  
info: Microsoft.AspNetCore.Authentication.Cookies.CookieAuthenticationHandler[7]
      Identity.Application was not authenticated. Failure message: Unprotect ticket failed
info: Microsoft.AspNetCore.Authentication.Cookies.CookieAuthenticationHandler[7]
      Identity.Application was not authenticated. Failure message: Unprotect ticket failed
info: Microsoft.AspNetCore.Routing.EndpointMiddleware[0]
      Executing endpoint 'DNTCaptcha.Core.DNTCaptchaImageController.Show (DNTCaptcha.Core)'
info: Microsoft.AspNetCore.Mvc.Internal.ControllerActionInvoker[1]
      Route matched with {action = "Show", controller = "DNTCaptchaImage", area = ""}. Executing action DNTCaptcha.Core.DNTCaptchaImageController.Show (DNTCaptcha.Core)
info: Microsoft.AspNetCore.Hosting.Internal.WebHost[2]
      Request finished in 50.4002ms 404 text/plain
info: Microsoft.AspNetCore.Mvc.Internal.ControllerActionInvoker[1]
      Executing action method DNTCaptcha.Core.DNTCaptchaImageController.Show (DNTCaptcha.Core) with arguments (CfDJ8PecTi5dQgpGkTJjpdk7MkCA9evw6B+J5JHEri9Jfk9c06CI2q/pyzv3eK8UpbY/g7RHKFsh/yTlpL6DjghiBxtgfwVW5/0DCIJ1obAOS0x0KBMiTh1hqvL8dDm3i1Hra5zZizWpucDDr2LIr0/0Au1zmEotA27pZHaVujDi57RA, 636838458045425626, #333333, #ccc, 20, Tahoma) - Validation state: Valid
info: Microsoft.AspNetCore.StaticFiles.StaticFileMiddleware[2]
      Sending file. Request path: '/dist/bundle.min.js'. Physical path: 'H:\Programming\Best Project\AtiehJobCore\Presentation\AtiehJobCore.Web\wwwroot\dist\bundle.min.js'
info: Microsoft.AspNetCore.Hosting.Internal.WebHost[2]
      Request finished in 101.6324ms 200 application/javascript
info: Microsoft.AspNetCore.StaticFiles.StaticFileMiddleware[2]
      Sending file. Request path: '/dist/bundle.min.css'. Physical path: 'H:\Programming\Best Project\AtiehJobCore\Presentation\AtiehJobCore.Web\wwwroot\dist\bundle.min.css'
info: Microsoft.AspNetCore.Hosting.Internal.WebHost[2]
      Request finished in 105.099ms 200 text/css
info: Microsoft.AspNetCore.Mvc.Internal.ControllerActionInvoker[2]
      Executed action method DNTCaptcha.Core.DNTCaptchaImageController.Show (DNTCaptcha.Core), returned result Microsoft.AspNetCore.Mvc.FileContentResult in 37.8687ms.
info: Microsoft.AspNetCore.Mvc.Infrastructure.FileContentResultExecutor[2]
      Executing Microsoft.AspNetCore.Mvc.FileContentResult, sending file with download name '' ...
info: Microsoft.AspNetCore.Mvc.Internal.ControllerActionInvoker[2]
      Executed action DNTCaptcha.Core.DNTCaptchaImageController.Show (DNTCaptcha.Core) in 110.5895ms
info: Microsoft.AspNetCore.Routing.EndpointMiddleware[1]
      Executed endpoint 'DNTCaptcha.Core.DNTCaptchaImageController.Show (DNTCaptcha.Core)'
info: Microsoft.AspNetCore.Hosting.Internal.WebHost[2]
      Request finished in 154.2804ms 200 image/png
info: Microsoft.AspNetCore.Hosting.Internal.WebHost[1]
      Request starting HTTP/2.0 GET https://localhost:44344/webfonts/samim/Samim.woff  
info: Microsoft.AspNetCore.Hosting.Internal.WebHost[1]
      Request starting HTTP/2.0 GET https://localhost:44344/webfonts/samim/Samim-Bold.woff  
info: Microsoft.AspNetCore.Hosting.Internal.WebHost[1]
      Request starting HTTP/2.0 GET https://localhost:44344/webfonts/fa-solid-900.woff2  
info: Microsoft.AspNetCore.StaticFiles.StaticFileMiddleware[2]
      Sending file. Request path: '/webfonts/samim/Samim-Bold.woff'. Physical path: 'H:\Programming\Best Project\AtiehJobCore\Presentation\AtiehJobCore.Web\wwwroot\webfonts\samim\Samim-Bold.woff'
info: Microsoft.AspNetCore.StaticFiles.StaticFileMiddleware[2]
      Sending file. Request path: '/webfonts/samim/Samim.woff'. Physical path: 'H:\Programming\Best Project\AtiehJobCore\Presentation\AtiehJobCore.Web\wwwroot\webfonts\samim\Samim.woff'
info: Microsoft.AspNetCore.Hosting.Internal.WebHost[2]
      Request finished in 21.7452ms 200 application/font-woff
info: Microsoft.AspNetCore.Hosting.Internal.WebHost[2]
      Request finished in 32.0476ms 200 application/font-woff
info: Microsoft.AspNetCore.StaticFiles.StaticFileMiddleware[2]
      Sending file. Request path: '/webfonts/fa-solid-900.woff2'. Physical path: 'H:\Programming\Best Project\AtiehJobCore\Presentation\AtiehJobCore.Web\wwwroot\webfonts\fa-solid-900.woff2'
info: Microsoft.AspNetCore.Hosting.Internal.WebHost[2]
      Request finished in 39.6135ms 200 font/woff2
info: Microsoft.AspNetCore.Hosting.Internal.WebHost[1]
      Request starting HTTP/2.0 POST https://localhost:44344/Home/SetLanguage?returnUrl=~%2FIdentity%2FAccount%2FRegister application/x-www-form-urlencoded 196
info: Microsoft.AspNetCore.Authentication.Cookies.CookieAuthenticationHandler[7]
      Identity.Application was not authenticated. Failure message: Unprotect ticket failed
info: Microsoft.AspNetCore.Routing.EndpointMiddleware[0]
      Executing endpoint 'AtiehJobCore.Web.Controllers.HomeController.SetLanguage (AtiehJobCore.Web)'
info: Microsoft.AspNetCore.Mvc.Internal.ControllerActionInvoker[1]
      Route matched with {action = "SetLanguage", controller = "Home", area = ""}. Executing action AtiehJobCore.Web.Controllers.HomeController.SetLanguage (AtiehJobCore.Web)
info: Microsoft.AspNetCore.Mvc.Internal.ControllerActionInvoker[1]
      Executing action method AtiehJobCore.Web.Controllers.HomeController.SetLanguage (AtiehJobCore.Web) with arguments (fa-IR, ~/Identity/Account/Register) - Validation state: Valid
info: Microsoft.AspNetCore.Mvc.Internal.ControllerActionInvoker[2]
      Executed action method AtiehJobCore.Web.Controllers.HomeController.SetLanguage (AtiehJobCore.Web), returned result Microsoft.AspNetCore.Mvc.LocalRedirectResult in 0.0925ms.
info: Microsoft.AspNetCore.Mvc.Infrastructure.LocalRedirectResultExecutor[1]
      Executing LocalRedirectResult, redirecting to /Identity/Account/Register.
info: Microsoft.AspNetCore.Mvc.Internal.ControllerActionInvoker[2]
      Executed action AtiehJobCore.Web.Controllers.HomeController.SetLanguage (AtiehJobCore.Web) in 33.9657ms
info: Microsoft.AspNetCore.Routing.EndpointMiddleware[1]
      Executed endpoint 'AtiehJobCore.Web.Controllers.HomeController.SetLanguage (AtiehJobCore.Web)'
info: Microsoft.AspNetCore.Hosting.Internal.WebHost[2]
      Request finished in 55.7364ms 302 
info: Microsoft.AspNetCore.Hosting.Internal.WebHost[1]
      Request starting HTTP/2.0 GET https://localhost:44344/Identity/Account/Register  
info: Microsoft.AspNetCore.Authentication.Cookies.CookieAuthenticationHandler[7]
      Identity.Application was not authenticated. Failure message: Unprotect ticket failed
info: Microsoft.AspNetCore.Routing.EndpointMiddleware[0]
      Executing endpoint 'AtiehJobCore.Web.Areas.Identity.Controllers.AccountController.Register (AtiehJobCore.Web)'
info: Microsoft.AspNetCore.Mvc.Internal.ControllerActionInvoker[1]
      Route matched with {area = "Identity", action = "Register", controller = "Account"}. Executing action AtiehJobCore.Web.Areas.Identity.Controllers.AccountController.Register (AtiehJobCore.Web)
info: Microsoft.EntityFrameworkCore.Infrastructure[10403]
      Entity Framework Core 2.2.0-rtm-35687 initialized 'AtiehJobCoreDbContext' using provider 'Microsoft.EntityFrameworkCore.SqlServer' with options: MaxPoolSize=128 CommandTimeout=180 
info: Microsoft.AspNetCore.Mvc.Internal.ControllerActionInvoker[1]
      Executing action method AtiehJobCore.Web.Areas.Identity.Controllers.AccountController.Register (AtiehJobCore.Web) - Validation state: Valid
info: Microsoft.AspNetCore.Mvc.Internal.ControllerActionInvoker[2]
      Executed action method AtiehJobCore.Web.Areas.Identity.Controllers.AccountController.Register (AtiehJobCore.Web), returned result Microsoft.AspNetCore.Mvc.ViewResult in 0.0413ms.
info: Microsoft.AspNetCore.Mvc.ViewFeatures.ViewResultExecutor[1]
      Executing ViewResult, running view Register.
info: Microsoft.AspNetCore.Mvc.ViewFeatures.ViewResultExecutor[4]
      Executed ViewResult - view Register executed in 7.4187ms.
info: Microsoft.AspNetCore.Mvc.Internal.ControllerActionInvoker[2]
      Executed action AtiehJobCore.Web.Areas.Identity.Controllers.AccountController.Register (AtiehJobCore.Web) in 126.5994ms
info: Microsoft.AspNetCore.Routing.EndpointMiddleware[1]
      Executed endpoint 'AtiehJobCore.Web.Areas.Identity.Controllers.AccountController.Register (AtiehJobCore.Web)'
info: Microsoft.AspNetCore.Hosting.Internal.WebHost[2]
      Request finished in 141.9002ms 200 text/html; charset=utf-8
info: Microsoft.AspNetCore.Hosting.Internal.WebHost[1]
      Request starting HTTP/2.0 GET https://localhost:44344/dist/bundle.min.css?v=3rq1nsot6bSIpy_09ilzV7h6D4dbpYruxHrb7kknEds  
info: Microsoft.AspNetCore.Hosting.Internal.WebHost[1]
      Request starting HTTP/2.0 GET https://localhost:44344/avatars/icon-user-default.png  
info: Microsoft.AspNetCore.Hosting.Internal.WebHost[1]
      Request starting HTTP/2.0 GET https://localhost:44344/DNTCaptchaImage/Show?text=CfDJ8PecTi5dQgpGkTJjpdk7MkB40dG1O%2FLDZZ3jjP7IueNLd5N6rDJWUnNwnN67onCZz7xeJcu9rNs3HclG4ifxExvmhKZJuXqD6gXZOY47DRGXE0rPPM0%2BCR%2FgunDkfY8qqHfLJmLge5tQehSqlh1iEZmb5FoUVoXHAS7IRbbIb8c2h%2BliAG1%2B1G3xFAY%2BmTk17Q%3D%3D&rndDate=636838458090545063&foreColor=%23333333&backColor=%23ccc&fontSize=20&fontName=Tahoma  
info: Microsoft.AspNetCore.Hosting.Internal.WebHost[1]
      Request starting HTTP/2.0 GET https://localhost:44344/dist/bundle.min.js?v=eGqxTlcRDyH1VRrhn4j68VNVCBow8IlyqpQXPn0jxaA  
info: Microsoft.AspNetCore.Authentication.Cookies.CookieAuthenticationHandler[7]
      Identity.Application was not authenticated. Failure message: Unprotect ticket failed
info: Microsoft.AspNetCore.Authentication.Cookies.CookieAuthenticationHandler[7]
      Identity.Application was not authenticated. Failure message: Unprotect ticket failed
info: Microsoft.AspNetCore.Routing.EndpointMiddleware[0]
      Executing endpoint 'DNTCaptcha.Core.DNTCaptchaImageController.Show (DNTCaptcha.Core)'
info: Microsoft.AspNetCore.Hosting.Internal.WebHost[2]
      Request finished in 18.7281ms 404 text/plain
info: Microsoft.AspNetCore.Mvc.Internal.ControllerActionInvoker[1]
      Route matched with {action = "Show", controller = "DNTCaptchaImage", area = ""}. Executing action DNTCaptcha.Core.DNTCaptchaImageController.Show (DNTCaptcha.Core)
info: Microsoft.AspNetCore.StaticFiles.StaticFileMiddleware[2]
      Sending file. Request path: '/dist/bundle.min.css'. Physical path: 'H:\Programming\Best Project\AtiehJobCore\Presentation\AtiehJobCore.Web\wwwroot\dist\bundle.min.css'
info: Microsoft.AspNetCore.StaticFiles.StaticFileMiddleware[2]
      Sending file. Request path: '/dist/bundle.min.js'. Physical path: 'H:\Programming\Best Project\AtiehJobCore\Presentation\AtiehJobCore.Web\wwwroot\dist\bundle.min.js'
info: Microsoft.AspNetCore.Hosting.Internal.WebHost[2]
      Request finished in 36.2734ms 200 application/javascript
info: Microsoft.AspNetCore.Mvc.Internal.ControllerActionInvoker[1]
      Executing action method DNTCaptcha.Core.DNTCaptchaImageController.Show (DNTCaptcha.Core) with arguments (CfDJ8PecTi5dQgpGkTJjpdk7MkB40dG1O/LDZZ3jjP7IueNLd5N6rDJWUnNwnN67onCZz7xeJcu9rNs3HclG4ifxExvmhKZJuXqD6gXZOY47DRGXE0rPPM0+CR/gunDkfY8qqHfLJmLge5tQehSqlh1iEZmb5FoUVoXHAS7IRbbIb8c2h+liAG1+1G3xFAY+mTk17Q==, 636838458090545063, #333333, #ccc, 20, Tahoma) - Validation state: Valid
info: Microsoft.AspNetCore.Hosting.Internal.WebHost[2]
      Request finished in 63.6961ms 200 text/css
info: Microsoft.AspNetCore.Hosting.Internal.WebHost[1]
      Request starting HTTP/2.0 GET https://localhost:44344/webfonts/samim/Samim.woff  
info: Microsoft.AspNetCore.Mvc.Internal.ControllerActionInvoker[2]
      Executed action method DNTCaptcha.Core.DNTCaptchaImageController.Show (DNTCaptcha.Core), returned result Microsoft.AspNetCore.Mvc.FileContentResult in 34.5984ms.
info: Microsoft.AspNetCore.Hosting.Internal.WebHost[1]
      Request starting HTTP/2.0 GET https://localhost:44344/webfonts/samim/Samim-Bold.woff  
info: Microsoft.AspNetCore.Hosting.Internal.WebHost[1]
      Request starting HTTP/2.0 GET https://localhost:44344/webfonts/fa-solid-900.woff2  
info: Microsoft.AspNetCore.Mvc.Infrastructure.FileContentResultExecutor[2]
      Executing Microsoft.AspNetCore.Mvc.FileContentResult, sending file with download name '' ...
info: Microsoft.AspNetCore.StaticFiles.StaticFileMiddleware[2]
      Sending file. Request path: '/webfonts/samim/Samim.woff'. Physical path: 'H:\Programming\Best Project\AtiehJobCore\Presentation\AtiehJobCore.Web\wwwroot\webfonts\samim\Samim.woff'
info: Microsoft.AspNetCore.StaticFiles.StaticFileMiddleware[2]
      Sending file. Request path: '/webfonts/samim/Samim-Bold.woff'. Physical path: 'H:\Programming\Best Project\AtiehJobCore\Presentation\AtiehJobCore.Web\wwwroot\webfonts\samim\Samim-Bold.woff'
info: Microsoft.AspNetCore.Mvc.Internal.ControllerActionInvoker[2]
      Executed action DNTCaptcha.Core.DNTCaptchaImageController.Show (DNTCaptcha.Core) in 99.459ms
info: Microsoft.AspNetCore.Routing.EndpointMiddleware[1]
      Executed endpoint 'DNTCaptcha.Core.DNTCaptchaImageController.Show (DNTCaptcha.Core)'
info: Microsoft.AspNetCore.Hosting.Internal.WebHost[2]
      Request finished in 23.7648ms 200 application/font-woff
info: Microsoft.AspNetCore.Hosting.Internal.WebHost[2]
      Request finished in 32.6532ms 200 application/font-woff
info: Microsoft.AspNetCore.Hosting.Internal.WebHost[2]
      Request finished in 137.0883ms 200 image/png
info: Microsoft.AspNetCore.StaticFiles.StaticFileMiddleware[2]
      Sending file. Request path: '/webfonts/fa-solid-900.woff2'. Physical path: 'H:\Programming\Best Project\AtiehJobCore\Presentation\AtiehJobCore.Web\wwwroot\webfonts\fa-solid-900.woff2'
info: Microsoft.AspNetCore.Hosting.Internal.WebHost[2]
      Request finished in 37.5109ms 200 font/woff2
info: Microsoft.AspNetCore.Hosting.Internal.WebHost[1]
      Request starting HTTP/2.0 POST https://localhost:44344/Home/SetLanguage?returnUrl=~%2FIdentity%2FAccount%2FRegister application/x-www-form-urlencoded 196
info: Microsoft.AspNetCore.Authentication.Cookies.CookieAuthenticationHandler[7]
      Identity.Application was not authenticated. Failure message: Unprotect ticket failed
info: Microsoft.AspNetCore.Routing.EndpointMiddleware[0]
      Executing endpoint 'AtiehJobCore.Web.Controllers.HomeController.SetLanguage (AtiehJobCore.Web)'
info: Microsoft.AspNetCore.Mvc.Internal.ControllerActionInvoker[1]
      Route matched with {action = "SetLanguage", controller = "Home", area = ""}. Executing action AtiehJobCore.Web.Controllers.HomeController.SetLanguage (AtiehJobCore.Web)
info: Microsoft.AspNetCore.Mvc.Internal.ControllerActionInvoker[1]
      Executing action method AtiehJobCore.Web.Controllers.HomeController.SetLanguage (AtiehJobCore.Web) with arguments (en-US, ~/Identity/Account/Register) - Validation state: Valid
info: Microsoft.AspNetCore.Mvc.Internal.ControllerActionInvoker[2]
      Executed action method AtiehJobCore.Web.Controllers.HomeController.SetLanguage (AtiehJobCore.Web), returned result Microsoft.AspNetCore.Mvc.LocalRedirectResult in 0.0841ms.
info: Microsoft.AspNetCore.Mvc.Infrastructure.LocalRedirectResultExecutor[1]
      Executing LocalRedirectResult, redirecting to /Identity/Account/Register.
info: Microsoft.AspNetCore.Mvc.Internal.ControllerActionInvoker[2]
      Executed action AtiehJobCore.Web.Controllers.HomeController.SetLanguage (AtiehJobCore.Web) in 37.6674ms
info: Microsoft.AspNetCore.Routing.EndpointMiddleware[1]
      Executed endpoint 'AtiehJobCore.Web.Controllers.HomeController.SetLanguage (AtiehJobCore.Web)'
info: Microsoft.AspNetCore.Hosting.Internal.WebHost[2]
      Request finished in 53.9328ms 302 
info: Microsoft.AspNetCore.Hosting.Internal.WebHost[1]
      Request starting HTTP/2.0 GET https://localhost:44344/Identity/Account/Register  
info: Microsoft.AspNetCore.Authentication.Cookies.CookieAuthenticationHandler[7]
      Identity.Application was not authenticated. Failure message: Unprotect ticket failed
info: Microsoft.AspNetCore.Routing.EndpointMiddleware[0]
      Executing endpoint 'AtiehJobCore.Web.Areas.Identity.Controllers.AccountController.Register (AtiehJobCore.Web)'
info: Microsoft.AspNetCore.Mvc.Internal.ControllerActionInvoker[1]
      Route matched with {area = "Identity", action = "Register", controller = "Account"}. Executing action AtiehJobCore.Web.Areas.Identity.Controllers.AccountController.Register (AtiehJobCore.Web)
info: Microsoft.EntityFrameworkCore.Infrastructure[10403]
      Entity Framework Core 2.2.0-rtm-35687 initialized 'AtiehJobCoreDbContext' using provider 'Microsoft.EntityFrameworkCore.SqlServer' with options: MaxPoolSize=128 CommandTimeout=180 
info: Microsoft.AspNetCore.Mvc.Internal.ControllerActionInvoker[1]
      Executing action method AtiehJobCore.Web.Areas.Identity.Controllers.AccountController.Register (AtiehJobCore.Web) - Validation state: Valid
info: Microsoft.AspNetCore.Mvc.Internal.ControllerActionInvoker[2]
      Executed action method AtiehJobCore.Web.Areas.Identity.Controllers.AccountController.Register (AtiehJobCore.Web), returned result Microsoft.AspNetCore.Mvc.ViewResult in 0.0338ms.
info: Microsoft.AspNetCore.Mvc.ViewFeatures.ViewResultExecutor[1]
      Executing ViewResult, running view Register.
info: Microsoft.AspNetCore.Mvc.ViewFeatures.ViewResultExecutor[4]
      Executed ViewResult - view Register executed in 17.027ms.
info: Microsoft.AspNetCore.Mvc.Internal.ControllerActionInvoker[2]
      Executed action AtiehJobCore.Web.Areas.Identity.Controllers.AccountController.Register (AtiehJobCore.Web) in 174.7393ms
info: Microsoft.AspNetCore.Routing.EndpointMiddleware[1]
      Executed endpoint 'AtiehJobCore.Web.Areas.Identity.Controllers.AccountController.Register (AtiehJobCore.Web)'
info: Microsoft.AspNetCore.Hosting.Internal.WebHost[2]
      Request finished in 192.6929ms 200 text/html; charset=utf-8
info: Microsoft.AspNetCore.Hosting.Internal.WebHost[1]
      Request starting HTTP/2.0 GET https://localhost:44344/dist/bundle.min.css?v=3rq1nsot6bSIpy_09ilzV7h6D4dbpYruxHrb7kknEds  
info: Microsoft.AspNetCore.Hosting.Internal.WebHost[1]
      Request starting HTTP/2.0 GET https://localhost:44344/avatars/icon-user-default.png  
info: Microsoft.AspNetCore.Hosting.Internal.WebHost[1]
      Request starting HTTP/2.0 GET https://localhost:44344/DNTCaptchaImage/Show?text=CfDJ8PecTi5dQgpGkTJjpdk7MkBcrBiBqxEx94Ha4cJ%2Bps7RVQMyskD%2FxX9I4LDmTg%2BbcOqIMgJsGRyNmiipbGHZOugSm9QqPmEBo8SZU%2BJ%2BZhY0L1Eyt5wRINr3pkvLmKrsIMUVNIsS%2B7Sw%2B80XhUOOwiaBEllpj7AVKs4NM49Oa6bq&rndDate=636838458113003004&foreColor=%23333333&backColor=%23ccc&fontSize=20&fontName=Tahoma  
info: Microsoft.AspNetCore.Hosting.Internal.WebHost[1]
      Request starting HTTP/2.0 GET https://localhost:44344/dist/bundle.min.js?v=eGqxTlcRDyH1VRrhn4j68VNVCBow8IlyqpQXPn0jxaA  
info: Microsoft.AspNetCore.Authentication.Cookies.CookieAuthenticationHandler[7]
      Identity.Application was not authenticated. Failure message: Unprotect ticket failed
info: Microsoft.AspNetCore.Authentication.Cookies.CookieAuthenticationHandler[7]
      Identity.Application was not authenticated. Failure message: Unprotect ticket failed
info: Microsoft.AspNetCore.Routing.EndpointMiddleware[0]
      Executing endpoint 'DNTCaptcha.Core.DNTCaptchaImageController.Show (DNTCaptcha.Core)'
info: Microsoft.AspNetCore.Mvc.Internal.ControllerActionInvoker[1]
      Route matched with {action = "Show", controller = "DNTCaptchaImage", area = ""}. Executing action DNTCaptcha.Core.DNTCaptchaImageController.Show (DNTCaptcha.Core)
info: Microsoft.AspNetCore.StaticFiles.StaticFileMiddleware[2]
      Sending file. Request path: '/dist/bundle.min.css'. Physical path: 'H:\Programming\Best Project\AtiehJobCore\Presentation\AtiehJobCore.Web\wwwroot\dist\bundle.min.css'
info: Microsoft.AspNetCore.StaticFiles.StaticFileMiddleware[2]
      Sending file. Request path: '/dist/bundle.min.js'. Physical path: 'H:\Programming\Best Project\AtiehJobCore\Presentation\AtiehJobCore.Web\wwwroot\dist\bundle.min.js'
info: Microsoft.AspNetCore.Mvc.Internal.ControllerActionInvoker[1]
      Executing action method DNTCaptcha.Core.DNTCaptchaImageController.Show (DNTCaptcha.Core) with arguments (CfDJ8PecTi5dQgpGkTJjpdk7MkBcrBiBqxEx94Ha4cJ+ps7RVQMyskD/xX9I4LDmTg+bcOqIMgJsGRyNmiipbGHZOugSm9QqPmEBo8SZU+J+ZhY0L1Eyt5wRINr3pkvLmKrsIMUVNIsS+7Sw+80XhUOOwiaBEllpj7AVKs4NM49Oa6bq, 636838458113003004, #333333, #ccc, 20, Tahoma) - Validation state: Valid
info: Microsoft.AspNetCore.Hosting.Internal.WebHost[2]
      Request finished in 78.8149ms 200 text/css
info: Microsoft.AspNetCore.Hosting.Internal.WebHost[2]
      Request finished in 80.6891ms 200 application/javascript
info: Microsoft.AspNetCore.Hosting.Internal.WebHost[2]
      Request finished in 85.6495ms 404 text/plain
info: Microsoft.AspNetCore.Mvc.Internal.ControllerActionInvoker[2]
      Executed action method DNTCaptcha.Core.DNTCaptchaImageController.Show (DNTCaptcha.Core), returned result Microsoft.AspNetCore.Mvc.FileContentResult in 47.4726ms.
info: Microsoft.AspNetCore.Mvc.Infrastructure.FileContentResultExecutor[2]
      Executing Microsoft.AspNetCore.Mvc.FileContentResult, sending file with download name '' ...
info: Microsoft.AspNetCore.Hosting.Internal.WebHost[1]
      Request starting HTTP/2.0 GET https://localhost:44344/webfonts/samim/Samim-Bold.woff  
info: Microsoft.AspNetCore.Hosting.Internal.WebHost[1]
      Request starting HTTP/2.0 GET https://localhost:44344/webfonts/fa-solid-900.woff2  
info: Microsoft.AspNetCore.Hosting.Internal.WebHost[1]
      Request starting HTTP/2.0 GET https://localhost:44344/webfonts/samim/Samim.woff  
info: Microsoft.AspNetCore.Mvc.Internal.ControllerActionInvoker[2]
      Executed action DNTCaptcha.Core.DNTCaptchaImageController.Show (DNTCaptcha.Core) in 111.1399ms
info: Microsoft.AspNetCore.Routing.EndpointMiddleware[1]
      Executed endpoint 'DNTCaptcha.Core.DNTCaptchaImageController.Show (DNTCaptcha.Core)'
info: Microsoft.AspNetCore.StaticFiles.StaticFileMiddleware[2]
      Sending file. Request path: '/webfonts/samim/Samim-Bold.woff'. Physical path: 'H:\Programming\Best Project\AtiehJobCore\Presentation\AtiehJobCore.Web\wwwroot\webfonts\samim\Samim-Bold.woff'
info: Microsoft.AspNetCore.Hosting.Internal.WebHost[2]
      Request finished in 169.7219ms 200 image/png
info: Microsoft.AspNetCore.StaticFiles.StaticFileMiddleware[2]
      Sending file. Request path: '/webfonts/samim/Samim.woff'. Physical path: 'H:\Programming\Best Project\AtiehJobCore\Presentation\AtiehJobCore.Web\wwwroot\webfonts\samim\Samim.woff'
info: Microsoft.AspNetCore.StaticFiles.StaticFileMiddleware[2]
      Sending file. Request path: '/webfonts/fa-solid-900.woff2'. Physical path: 'H:\Programming\Best Project\AtiehJobCore\Presentation\AtiehJobCore.Web\wwwroot\webfonts\fa-solid-900.woff2'
info: Microsoft.AspNetCore.Hosting.Internal.WebHost[2]
      Request finished in 39.5524ms 200 application/font-woff
info: Microsoft.AspNetCore.Hosting.Internal.WebHost[2]
      Request finished in 51.5094ms 200 font/woff2
info: Microsoft.AspNetCore.Hosting.Internal.WebHost[2]
      Request finished in 51.5159ms 200 application/font-woff
