Hosting environment: Development
Content root path: H:\Programming New\AtiehJobCore\Presentation\AtiehJobCore.Web
Application started. Press Ctrl+C to shut down.
info: Microsoft.AspNetCore.Hosting.Internal.WebHost[1]
      Request starting HTTP/2.0 GET https://localhost:44344/  
info: Microsoft.AspNetCore.Hosting.Internal.WebHost[1]
      Request starting HTTP/2.0 GET https://localhost:44344/account/user/registeremployer  
info: Microsoft.AspNetCore.Mvc.Internal.ControllerActionInvoker[1]
      Route matched with {area = "Account", action = "RegisterEmployer", controller = "User"}. Executing action AtiehJobCore.Web.Areas.Account.Controllers.UserController.RegisterEmployer (AtiehJobCore.Web)
info: Microsoft.AspNetCore.Mvc.Internal.ControllerActionInvoker[1]
      Route matched with {action = "Index", controller = "Home", area = ""}. Executing action AtiehJobCore.Web.Controllers.HomeController.Index (AtiehJobCore.Web)
info: Microsoft.AspNetCore.Mvc.Internal.ControllerActionInvoker[1]
      Executing action method AtiehJobCore.Web.Areas.Account.Controllers.UserController.RegisterEmployer (AtiehJobCore.Web) - Validation state: Valid
info: Microsoft.AspNetCore.Mvc.Internal.ControllerActionInvoker[2]
      Executed action method AtiehJobCore.Web.Areas.Account.Controllers.UserController.RegisterEmployer (AtiehJobCore.Web), returned result Microsoft.AspNetCore.Mvc.ViewResult in 168.165ms.
info: Microsoft.AspNetCore.Mvc.ViewFeatures.ViewResultExecutor[1]
      Executing ViewResult, running view RegisterEmployer.
info: Microsoft.AspNetCore.Mvc.Internal.ControllerActionInvoker[1]
      Executing action method AtiehJobCore.Web.Controllers.HomeController.Index (AtiehJobCore.Web) - Validation state: Valid
info: Microsoft.AspNetCore.Mvc.Internal.ControllerActionInvoker[2]
      Executed action method AtiehJobCore.Web.Controllers.HomeController.Index (AtiehJobCore.Web), returned result Microsoft.AspNetCore.Mvc.ViewResult in 0.3037ms.
info: Microsoft.AspNetCore.Mvc.ViewFeatures.ViewResultExecutor[1]
      Executing ViewResult, running view Index.
info: Microsoft.AspNetCore.Mvc.ViewFeatures.ViewResultExecutor[4]
      Executed ViewResult - view RegisterEmployer executed in 631.5974ms.
info: Microsoft.AspNetCore.Mvc.Internal.ControllerActionInvoker[2]
      Executed action AtiehJobCore.Web.Areas.Account.Controllers.UserController.RegisterEmployer (AtiehJobCore.Web) in 870.9236ms
info: Microsoft.AspNetCore.Hosting.Internal.WebHost[2]
      Request finished in 1730.5298ms 200 text/html; charset=utf-8
info: Microsoft.AspNetCore.Mvc.ViewFeatures.ViewResultExecutor[4]
      Executed ViewResult - view Index executed in 670.3926ms.
info: Microsoft.AspNetCore.Mvc.Internal.ControllerActionInvoker[2]
      Executed action AtiehJobCore.Web.Controllers.HomeController.Index (AtiehJobCore.Web) in 1104.6862ms
info: Microsoft.AspNetCore.Hosting.Internal.WebHost[2]
      Request finished in 1841.8316ms 200 text/html; charset=utf-8
info: Microsoft.AspNetCore.Hosting.Internal.WebHost[1]
      Request starting HTTP/2.0 GET https://localhost:44344/Account/User/RegisterEmployer  
info: Microsoft.AspNetCore.Mvc.Internal.ControllerActionInvoker[1]
      Route matched with {area = "Account", action = "RegisterEmployer", controller = "User"}. Executing action AtiehJobCore.Web.Areas.Account.Controllers.UserController.RegisterEmployer (AtiehJobCore.Web)
info: Microsoft.AspNetCore.Mvc.Internal.ControllerActionInvoker[1]
      Executing action method AtiehJobCore.Web.Areas.Account.Controllers.UserController.RegisterEmployer (AtiehJobCore.Web) - Validation state: Valid
info: Microsoft.AspNetCore.Mvc.Internal.ControllerActionInvoker[2]
      Executed action method AtiehJobCore.Web.Areas.Account.Controllers.UserController.RegisterEmployer (AtiehJobCore.Web), returned result Microsoft.AspNetCore.Mvc.ViewResult in 2.402ms.
info: Microsoft.AspNetCore.Mvc.ViewFeatures.ViewResultExecutor[1]
      Executing ViewResult, running view RegisterEmployer.
info: Microsoft.AspNetCore.Mvc.ViewFeatures.ViewResultExecutor[4]
      Executed ViewResult - view RegisterEmployer executed in 45.7017ms.
info: Microsoft.AspNetCore.Mvc.Internal.ControllerActionInvoker[2]
      Executed action AtiehJobCore.Web.Areas.Account.Controllers.UserController.RegisterEmployer (AtiehJobCore.Web) in 48.933ms
info: Microsoft.AspNetCore.Hosting.Internal.WebHost[2]
      Request finished in 53.2619ms 200 text/html; charset=utf-8
info: Microsoft.AspNetCore.Hosting.Internal.WebHost[1]
      Request starting HTTP/2.0 POST https://localhost:44344/account/user/registeremployer application/x-www-form-urlencoded 387
info: Microsoft.AspNetCore.Mvc.Internal.ControllerActionInvoker[1]
      Route matched with {area = "Account", action = "RegisterEmployer", controller = "User"}. Executing action AtiehJobCore.Web.Areas.Account.Controllers.UserController.RegisterEmployer (AtiehJobCore.Web)
info: Microsoft.AspNetCore.Mvc.Internal.ControllerActionInvoker[1]
      Executing action method AtiehJobCore.Web.Areas.Account.Controllers.UserController.RegisterEmployer (AtiehJobCore.Web) with arguments (AtiehJobCore.Web.Framework.Models.Account.Employer.RegisterEmployerModel, , False, Microsoft.AspNetCore.Http.FormCollection) - Validation state: Invalid
info: Microsoft.AspNetCore.Mvc.Internal.ControllerActionInvoker[2]
      Executed action method AtiehJobCore.Web.Areas.Account.Controllers.UserController.RegisterEmployer (AtiehJobCore.Web), returned result Microsoft.AspNetCore.Mvc.ViewResult in 6.3814ms.
info: Microsoft.AspNetCore.Mvc.ViewFeatures.ViewResultExecutor[1]
      Executing ViewResult, running view RegisterEmployer.
info: Microsoft.AspNetCore.Mvc.ViewFeatures.ViewResultExecutor[4]
      Executed ViewResult - view RegisterEmployer executed in 36.4248ms.
info: Microsoft.AspNetCore.Mvc.Internal.ControllerActionInvoker[2]
      Executed action AtiehJobCore.Web.Areas.Account.Controllers.UserController.RegisterEmployer (AtiehJobCore.Web) in 297.2995ms
info: Microsoft.AspNetCore.Hosting.Internal.WebHost[2]
      Request finished in 334.912ms 200 text/html; charset=utf-8
info: Microsoft.AspNetCore.Hosting.Internal.WebHost[1]
      Request starting HTTP/2.0 POST https://localhost:44344/account/user/registeremployer application/x-www-form-urlencoded 387
info: Microsoft.AspNetCore.Mvc.Internal.ControllerActionInvoker[1]
      Route matched with {area = "Account", action = "RegisterEmployer", controller = "User"}. Executing action AtiehJobCore.Web.Areas.Account.Controllers.UserController.RegisterEmployer (AtiehJobCore.Web)
info: Microsoft.AspNetCore.Mvc.Internal.ControllerActionInvoker[1]
      Executing action method AtiehJobCore.Web.Areas.Account.Controllers.UserController.RegisterEmployer (AtiehJobCore.Web) with arguments (AtiehJobCore.Web.Framework.Models.Account.Employer.RegisterEmployerModel, , False, Microsoft.AspNetCore.Http.FormCollection) - Validation state: Invalid
info: Microsoft.AspNetCore.Mvc.Internal.ControllerActionInvoker[2]
      Executed action method AtiehJobCore.Web.Areas.Account.Controllers.UserController.RegisterEmployer (AtiehJobCore.Web), returned result Microsoft.AspNetCore.Mvc.ViewResult in 1.0558ms.
info: Microsoft.AspNetCore.Mvc.ViewFeatures.ViewResultExecutor[1]
      Executing ViewResult, running view RegisterEmployer.
info: Microsoft.AspNetCore.Mvc.ViewFeatures.ViewResultExecutor[4]
      Executed ViewResult - view RegisterEmployer executed in 35.6744ms.
info: Microsoft.AspNetCore.Mvc.Internal.ControllerActionInvoker[2]
      Executed action AtiehJobCore.Web.Areas.Account.Controllers.UserController.RegisterEmployer (AtiehJobCore.Web) in 81.2266ms
info: Microsoft.AspNetCore.Hosting.Internal.WebHost[2]
      Request finished in 84.1424ms 200 text/html; charset=utf-8
info: Microsoft.AspNetCore.Hosting.Internal.WebHost[1]
      Request starting HTTP/2.0 POST https://localhost:44344/account/user/registeremployer application/x-www-form-urlencoded 387
info: Microsoft.AspNetCore.Mvc.Internal.ControllerActionInvoker[1]
      Route matched with {area = "Account", action = "RegisterEmployer", controller = "User"}. Executing action AtiehJobCore.Web.Areas.Account.Controllers.UserController.RegisterEmployer (AtiehJobCore.Web)
info: Microsoft.AspNetCore.Mvc.Internal.ControllerActionInvoker[1]
      Executing action method AtiehJobCore.Web.Areas.Account.Controllers.UserController.RegisterEmployer (AtiehJobCore.Web) with arguments (AtiehJobCore.Web.Framework.Models.Account.Employer.RegisterEmployerModel, , False, Microsoft.AspNetCore.Http.FormCollection) - Validation state: Invalid
info: Microsoft.AspNetCore.Mvc.Internal.ControllerActionInvoker[2]
      Executed action method AtiehJobCore.Web.Areas.Account.Controllers.UserController.RegisterEmployer (AtiehJobCore.Web), returned result Microsoft.AspNetCore.Mvc.ViewResult in 1.1796ms.
info: Microsoft.AspNetCore.Mvc.ViewFeatures.ViewResultExecutor[1]
      Executing ViewResult, running view RegisterEmployer.
info: Microsoft.AspNetCore.Mvc.ViewFeatures.ViewResultExecutor[4]
      Executed ViewResult - view RegisterEmployer executed in 33.7448ms.
info: Microsoft.AspNetCore.Mvc.Internal.ControllerActionInvoker[2]
      Executed action AtiehJobCore.Web.Areas.Account.Controllers.UserController.RegisterEmployer (AtiehJobCore.Web) in 71.2168ms
info: Microsoft.AspNetCore.Hosting.Internal.WebHost[2]
      Request finished in 74.0771ms 200 text/html; charset=utf-8
