warn: Microsoft.EntityFrameworkCore.Model.Validation[30000]
      No type was specified for the decimal column 'Average' on entity type 'Education'. This will cause values to be silently truncated if they do not fit in the default precision and scale. Explicitly specify the SQL server column type that can accommodate all the values using 'HasColumnType()'.
info: Microsoft.EntityFrameworkCore.Infrastructure[10403]
      Entity Framework Core 2.2.0-rtm-35687 initialized 'AtiehJobCoreDbContext' using provider 'Microsoft.EntityFrameworkCore.SqlServer' with options: MaxPoolSize=128 CommandTimeout=180 
info: Microsoft.EntityFrameworkCore.Database.Command[20101]
      Executed DbCommand (187ms) [Parameters=[], CommandType='Text', CommandTimeout='180']
      SELECT [k].[XmlData]
      FROM [DataProtectionKeys] AS [k]
warn: Microsoft.EntityFrameworkCore.Model.Validation[30000]
      No type was specified for the decimal column 'Average' on entity type 'Education'. This will cause values to be silently truncated if they do not fit in the default precision and scale. Explicitly specify the SQL server column type that can accommodate all the values using 'HasColumnType()'.
info: Microsoft.EntityFrameworkCore.Infrastructure[10403]
      Entity Framework Core 2.2.0-rtm-35687 initialized 'AtiehJobCoreDbContext' using provider 'Microsoft.EntityFrameworkCore.SqlServer' with options: MaxPoolSize=128 CommandTimeout=180 
info: Microsoft.EntityFrameworkCore.Infrastructure[10403]
      Entity Framework Core 2.2.0-rtm-35687 initialized 'AtiehJobCoreDbContext' using provider 'Microsoft.EntityFrameworkCore.SqlServer' with options: MaxPoolSize=128 CommandTimeout=180 
info: Microsoft.EntityFrameworkCore.Database.Command[20101]
      Executed DbCommand (113ms) [Parameters=[], CommandType='Text', CommandTimeout='180']
      SELECT OBJECT_ID(N'[__EFMigrationsHistory]');
info: Microsoft.EntityFrameworkCore.Database.Command[20101]
      Executed DbCommand (1ms) [Parameters=[], CommandType='Text', CommandTimeout='180']
      SELECT OBJECT_ID(N'[__EFMigrationsHistory]');
info: Microsoft.EntityFrameworkCore.Database.Command[20101]
      Executed DbCommand (28ms) [Parameters=[], CommandType='Text', CommandTimeout='180']
      SELECT [MigrationId], [ProductVersion]
      FROM [__EFMigrationsHistory]
      ORDER BY [MigrationId];
info: Microsoft.EntityFrameworkCore.Migrations[20402]
      Applying migration '13971030121139_Initial'.
fail: Microsoft.EntityFrameworkCore.Database.Command[20102]
      Failed executing DbCommand (1,313ms) [Parameters=[], CommandType='Text', CommandTimeout='180']
      CREATE TABLE [AmountUnits] (
          [Id] int NOT NULL IDENTITY,
          [Description] nvarchar(255) NULL,
          [Title] nvarchar(50) NOT NULL,
          CONSTRAINT [PK_AmountUnits] PRIMARY KEY ([Id])
      );
System.Data.SqlClient.SqlException (0x80131904): There is already an object named 'AmountUnits' in the database.
   at System.Data.SqlClient.SqlConnection.OnError(SqlException exception, Boolean breakConnection, Action`1 wrapCloseInAction)
   at System.Data.SqlClient.SqlInternalConnection.OnError(SqlException exception, Boolean breakConnection, Action`1 wrapCloseInAction)
   at System.Data.SqlClient.TdsParser.ThrowExceptionAndWarning(TdsParserStateObject stateObj, Boolean callerHasConnectionLock, Boolean asyncClose)
   at System.Data.SqlClient.TdsParser.TryRun(RunBehavior runBehavior, SqlCommand cmdHandler, SqlDataReader dataStream, BulkCopySimpleResultSet bulkCopyHandler, TdsParserStateObject stateObj, Boolean& dataReady)
   at System.Data.SqlClient.SqlCommand.RunExecuteNonQueryTds(String methodName, Boolean async, Int32 timeout, Boolean asyncWrite)
   at System.Data.SqlClient.SqlCommand.InternalExecuteNonQuery(TaskCompletionSource`1 completion, Boolean sendToPipe, Int32 timeout, Boolean asyncWrite, String methodName)
   at System.Data.SqlClient.SqlCommand.ExecuteNonQuery()
   at Microsoft.EntityFrameworkCore.Storage.Internal.RelationalCommand.Execute(IRelationalConnection connection, DbCommandMethod executeMethod, IReadOnlyDictionary`2 parameterValues)
ClientConnectionId:c00fd7ce-9aa0-47aa-9cbd-0fdc1cbce590
Error Number:2714,State:6,Class:16
info: Microsoft.EntityFrameworkCore.Infrastructure[10403]
      Entity Framework Core 2.2.0-rtm-35687 initialized 'AtiehJobCoreDbContext' using provider 'Microsoft.EntityFrameworkCore.SqlServer' with options: MaxPoolSize=128 CommandTimeout=180 
info: Microsoft.EntityFrameworkCore.Database.Command[20101]
      Executed DbCommand (128ms) [Parameters=[@p0='?' (Size = 1000), @p1='?' (Size = 255), @p2='?' (DbType = Int32), @p3='?' (DbType = DateTimeOffset), @p4='?' (DbType = Int32), @p5='?' (Size = 4000), @p6='?' (Size = 4000), @p7='?' (Size = 4000), @p8='?' (Size = 1000), @p9='?' (Size = 255), @p10='?' (DbType = Int32), @p11='?' (DbType = DateTimeOffset), @p12='?' (Size = 4000), @p13='?' (Size = 4000)], CommandType='Text', CommandTimeout='180']
      SET NOCOUNT ON;
      INSERT INTO [LogItems] ([CreatedByBrowserName], [CreatedByIp], [CreatedByUserId], [CreatedDateTime], [EventId], [LogLevel], [Logger], [Message], [ModifiedByBrowserName], [ModifiedByIp], [ModifiedByUserId], [ModifiedDateTime], [StateJson], [Url])
      VALUES (@p0, @p1, @p2, @p3, @p4, @p5, @p6, @p7, @p8, @p9, @p10, @p11, @p12, @p13);
      SELECT [Id]
      FROM [LogItems]
      WHERE @@ROWCOUNT = 1 AND [Id] = scope_identity();
Application startup exception: System.Data.SqlClient.SqlException (0x80131904): There is already an object named 'AmountUnits' in the database.
   at System.Data.SqlClient.SqlConnection.OnError(SqlException exception, Boolean breakConnection, Action`1 wrapCloseInAction)
   at System.Data.SqlClient.SqlInternalConnection.OnError(SqlException exception, Boolean breakConnection, Action`1 wrapCloseInAction)
   at System.Data.SqlClient.TdsParser.ThrowExceptionAndWarning(TdsParserStateObject stateObj, Boolean callerHasConnectionLock, Boolean asyncClose)
   at System.Data.SqlClient.TdsParser.TryRun(RunBehavior runBehavior, SqlCommand cmdHandler, SqlDataReader dataStream, BulkCopySimpleResultSet bulkCopyHandler, TdsParserStateObject stateObj, Boolean& dataReady)
   at System.Data.SqlClient.SqlCommand.RunExecuteNonQueryTds(String methodName, Boolean async, Int32 timeout, Boolean asyncWrite)
   at System.Data.SqlClient.SqlCommand.InternalExecuteNonQuery(TaskCompletionSource`1 completion, Boolean sendToPipe, Int32 timeout, Boolean asyncWrite, String methodName)
   at System.Data.SqlClient.SqlCommand.ExecuteNonQuery()
   at Microsoft.EntityFrameworkCore.Storage.Internal.RelationalCommand.Execute(IRelationalConnection connection, DbCommandMethod executeMethod, IReadOnlyDictionary`2 parameterValues)
   at Microsoft.EntityFrameworkCore.Storage.Internal.RelationalCommand.ExecuteNonQuery(IRelationalConnection connection, IReadOnlyDictionary`2 parameterValues)
   at Microsoft.EntityFrameworkCore.Migrations.MigrationCommand.ExecuteNonQuery(IRelationalConnection connection, IReadOnlyDictionary`2 parameterValues)
   at Microsoft.EntityFrameworkCore.Migrations.Internal.MigrationCommandExecutor.ExecuteNonQuery(IEnumerable`1 migrationCommands, IRelationalConnection connection)
   at Microsoft.EntityFrameworkCore.Migrations.Internal.Migrator.Migrate(String targetMigration)
   at Microsoft.EntityFrameworkCore.RelationalDatabaseFacadeExtensions.Migrate(DatabaseFacade databaseFacade)
   at AtiehJobCore.Services.Identity.IdentityDbInitializer.Initialize() in D:\Programming\Best Project\AtiehJobCore\Libraries\AtiehJobCore.Services\Identity\IdentityDbInitializer.cs:line 58
   at AtiehJobCore.IocConfig.IdentityServicesRegistry.CallDbInitializer(IApplicationBuilder app) in D:\Programming\Best Project\AtiehJobCore\Libraries\AtiehJobCore.IocConfig\IdentityServicesRegistry.cs:line 49
   at AtiehJobCore.IocConfig.IdentityServicesRegistry.UseCustomIdentityServices(IApplicationBuilder app) in D:\Programming\Best Project\AtiehJobCore\Libraries\AtiehJobCore.IocConfig\IdentityServicesRegistry.cs:line 40
   at AtiehJobCore.Web.Startup.Configure(IApplicationBuilder app, IHostingEnvironment env, ILoggerFactory loggerFactory) in D:\Programming\Best Project\AtiehJobCore\Presentation\AtiehJobCore.Web\Startup.cs:line 124
--- End of stack trace from previous location where exception was thrown ---
   at Microsoft.AspNetCore.Hosting.ConventionBasedStartup.Configure(IApplicationBuilder app)
   at Microsoft.AspNetCore.Mvc.Internal.MiddlewareFilterBuilderStartupFilter.<>c__DisplayClass0_0.<Configure>g__MiddlewareFilterBuilder|0(IApplicationBuilder builder)
   at Microsoft.AspNetCore.Server.IIS.Core.IISServerSetupFilter.<>c__DisplayClass2_0.<Configure>b__0(IApplicationBuilder app)
   at Microsoft.AspNetCore.HostFilteringStartupFilter.<>c__DisplayClass0_0.<Configure>b__0(IApplicationBuilder app)
   at Microsoft.AspNetCore.Hosting.Internal.AutoRequestServicesStartupFilter.<>c__DisplayClass0_0.<Configure>b__0(IApplicationBuilder builder)
   at Microsoft.AspNetCore.Hosting.Internal.WebHost.BuildApplication()
ClientConnectionId:c00fd7ce-9aa0-47aa-9cbd-0fdc1cbce590
Error Number:2714,State:6,Class:16
crit: Microsoft.AspNetCore.Hosting.Internal.WebHost[6]
      Application startup exception
System.Data.SqlClient.SqlException (0x80131904): There is already an object named 'AmountUnits' in the database.
   at System.Data.SqlClient.SqlConnection.OnError(SqlException exception, Boolean breakConnection, Action`1 wrapCloseInAction)
   at System.Data.SqlClient.SqlInternalConnection.OnError(SqlException exception, Boolean breakConnection, Action`1 wrapCloseInAction)
   at System.Data.SqlClient.TdsParser.ThrowExceptionAndWarning(TdsParserStateObject stateObj, Boolean callerHasConnectionLock, Boolean asyncClose)
   at System.Data.SqlClient.TdsParser.TryRun(RunBehavior runBehavior, SqlCommand cmdHandler, SqlDataReader dataStream, BulkCopySimpleResultSet bulkCopyHandler, TdsParserStateObject stateObj, Boolean& dataReady)
   at System.Data.SqlClient.SqlCommand.RunExecuteNonQueryTds(String methodName, Boolean async, Int32 timeout, Boolean asyncWrite)
   at System.Data.SqlClient.SqlCommand.InternalExecuteNonQuery(TaskCompletionSource`1 completion, Boolean sendToPipe, Int32 timeout, Boolean asyncWrite, String methodName)
   at System.Data.SqlClient.SqlCommand.ExecuteNonQuery()
   at Microsoft.EntityFrameworkCore.Storage.Internal.RelationalCommand.Execute(IRelationalConnection connection, DbCommandMethod executeMethod, IReadOnlyDictionary`2 parameterValues)
   at Microsoft.EntityFrameworkCore.Storage.Internal.RelationalCommand.ExecuteNonQuery(IRelationalConnection connection, IReadOnlyDictionary`2 parameterValues)
   at Microsoft.EntityFrameworkCore.Migrations.MigrationCommand.ExecuteNonQuery(IRelationalConnection connection, IReadOnlyDictionary`2 parameterValues)
   at Microsoft.EntityFrameworkCore.Migrations.Internal.MigrationCommandExecutor.ExecuteNonQuery(IEnumerable`1 migrationCommands, IRelationalConnection connection)
   at Microsoft.EntityFrameworkCore.Migrations.Internal.Migrator.Migrate(String targetMigration)
   at Microsoft.EntityFrameworkCore.RelationalDatabaseFacadeExtensions.Migrate(DatabaseFacade databaseFacade)
   at AtiehJobCore.Services.Identity.IdentityDbInitializer.Initialize() in D:\Programming\Best Project\AtiehJobCore\Libraries\AtiehJobCore.Services\Identity\IdentityDbInitializer.cs:line 58
   at AtiehJobCore.IocConfig.IdentityServicesRegistry.CallDbInitializer(IApplicationBuilder app) in D:\Programming\Best Project\AtiehJobCore\Libraries\AtiehJobCore.IocConfig\IdentityServicesRegistry.cs:line 49
   at AtiehJobCore.IocConfig.IdentityServicesRegistry.UseCustomIdentityServices(IApplicationBuilder app) in D:\Programming\Best Project\AtiehJobCore\Libraries\AtiehJobCore.IocConfig\IdentityServicesRegistry.cs:line 40
   at AtiehJobCore.Web.Startup.Configure(IApplicationBuilder app, IHostingEnvironment env, ILoggerFactory loggerFactory) in D:\Programming\Best Project\AtiehJobCore\Presentation\AtiehJobCore.Web\Startup.cs:line 124
--- End of stack trace from previous location where exception was thrown ---
   at Microsoft.AspNetCore.Hosting.ConventionBasedStartup.Configure(IApplicationBuilder app)
   at Microsoft.AspNetCore.Mvc.Internal.MiddlewareFilterBuilderStartupFilter.<>c__DisplayClass0_0.<Configure>g__MiddlewareFilterBuilder|0(IApplicationBuilder builder)
   at Microsoft.AspNetCore.Server.IIS.Core.IISServerSetupFilter.<>c__DisplayClass2_0.<Configure>b__0(IApplicationBuilder app)
   at Microsoft.AspNetCore.HostFilteringStartupFilter.<>c__DisplayClass0_0.<Configure>b__0(IApplicationBuilder app)
   at Microsoft.AspNetCore.Hosting.Internal.AutoRequestServicesStartupFilter.<>c__DisplayClass0_0.<Configure>b__0(IApplicationBuilder builder)
   at Microsoft.AspNetCore.Hosting.Internal.WebHost.BuildApplication()
ClientConnectionId:c00fd7ce-9aa0-47aa-9cbd-0fdc1cbce590
Error Number:2714,State:6,Class:16
info: Microsoft.EntityFrameworkCore.Infrastructure[10403]
      Entity Framework Core 2.2.0-rtm-35687 initialized 'AtiehJobCoreDbContext' using provider 'Microsoft.EntityFrameworkCore.SqlServer' with options: MaxPoolSize=128 CommandTimeout=180 
info: Microsoft.EntityFrameworkCore.Database.Command[20101]
      Executed DbCommand (14ms) [Parameters=[@p0='?' (Size = 1000), @p1='?' (Size = 255), @p2='?' (DbType = Int32), @p3='?' (DbType = DateTimeOffset), @p4='?' (DbType = Int32), @p5='?' (Size = 4000), @p6='?' (Size = 4000), @p7='?' (Size = 4000), @p8='?' (Size = 1000), @p9='?' (Size = 255), @p10='?' (DbType = Int32), @p11='?' (DbType = DateTimeOffset), @p12='?' (Size = 4000), @p13='?' (Size = 4000)], CommandType='Text', CommandTimeout='180']
      SET NOCOUNT ON;
      INSERT INTO [LogItems] ([CreatedByBrowserName], [CreatedByIp], [CreatedByUserId], [CreatedDateTime], [EventId], [LogLevel], [Logger], [Message], [ModifiedByBrowserName], [ModifiedByIp], [ModifiedByUserId], [ModifiedDateTime], [StateJson], [Url])
      VALUES (@p0, @p1, @p2, @p3, @p4, @p5, @p6, @p7, @p8, @p9, @p10, @p11, @p12, @p13);
      SELECT [Id]
      FROM [LogItems]
      WHERE @@ROWCOUNT = 1 AND [Id] = scope_identity();
Hosting environment: Development
Content root path: D:\Programming\Best Project\AtiehJobCore\Presentation\AtiehJobCore.Web
Application started. Press Ctrl+C to shut down.
info: Microsoft.AspNetCore.Hosting.Internal.WebHost[1]
      Request starting HTTP/2.0 GET https://localhost:44344/  
info: Microsoft.AspNetCore.Hosting.Internal.WebHost[2]
      Request finished in 233.6027ms 500 text/html; charset=utf-8
info: Microsoft.AspNetCore.Hosting.Internal.WebHost[1]
      Request starting HTTP/2.0 GET https://localhost:44344/favicon.ico  
info: Microsoft.AspNetCore.Hosting.Internal.WebHost[2]
      Request finished in 11.9562ms 500 text/html; charset=utf-8
info: Microsoft.AspNetCore.Hosting.Internal.WebHost[1]
      Request starting HTTP/2.0 GET https://localhost:44344/favicon.ico  
info: Microsoft.AspNetCore.Hosting.Internal.WebHost[2]
      Request finished in 125.1928ms 500 text/html; charset=utf-8
