Hosting environment: Development
Content root path: H:\Programming New\AtiehJobCore\Presentation\AtiehJobCore.Web
Application started. Press Ctrl+C to shut down.
info: Microsoft.AspNetCore.Hosting.Internal.WebHost[1]
      Request starting HTTP/2.0 GET https://localhost:44344/  
info: Microsoft.AspNetCore.Mvc.Internal.ControllerActionInvoker[1]
      Route matched with {action = "Index", controller = "Home", area = ""}. Executing action AtiehJobCore.Web.Controllers.HomeController.Index (AtiehJobCore.Web)
info: Microsoft.AspNetCore.Mvc.Internal.ControllerActionInvoker[1]
      Executing action method AtiehJobCore.Web.Controllers.HomeController.Index (AtiehJobCore.Web) - Validation state: Valid
info: Microsoft.AspNetCore.Mvc.Internal.ControllerActionInvoker[2]
      Executed action method AtiehJobCore.Web.Controllers.HomeController.Index (AtiehJobCore.Web), returned result Microsoft.AspNetCore.Mvc.ViewResult in 1.7578ms.
info: Microsoft.AspNetCore.Mvc.ViewFeatures.ViewResultExecutor[1]
      Executing ViewResult, running view Index.
info: Microsoft.AspNetCore.Mvc.ViewFeatures.ViewResultExecutor[4]
      Executed ViewResult - view Index executed in 1525.5859ms.
info: Microsoft.AspNetCore.Mvc.Internal.ControllerActionInvoker[2]
      Executed action AtiehJobCore.Web.Controllers.HomeController.Index (AtiehJobCore.Web) in 4081.7547ms
info: Microsoft.AspNetCore.Hosting.Internal.WebHost[2]
      Request finished in 6238.1308ms 200 text/html; charset=utf-8
info: Microsoft.AspNetCore.Hosting.Internal.WebHost[1]
      Request starting HTTP/2.0 GET https://localhost:44344/js/jqueryAll.min.js?v=XW6yr5crmRky0ij53VOAb7CvfKcNtd1yunsOMEpx_W8  
info: Microsoft.AspNetCore.Hosting.Internal.WebHost[1]
      Request starting HTTP/2.0 GET https://localhost:44344/js/web.min.js?v=svzKX7Z4zzkDh0IRqBQDmiSf7Ylgx_HGXL7NQeMTQUI  
info: Microsoft.AspNetCore.Hosting.Internal.WebHost[1]
      Request starting HTTP/2.0 GET https://localhost:44344/css/web.min.css?v=afSwdgq2OTudoaR1w-BphxesGOrr4KUBU1NZxboj-6g  
info: Microsoft.AspNetCore.Hosting.Internal.WebHost[1]
      Request starting HTTP/2.0 GET https://localhost:44344/img/slide7.jpg  
info: Microsoft.AspNetCore.StaticFiles.StaticFileMiddleware[2]
      Sending file. Request path: '/js/web.min.js'. Physical path: 'H:\Programming New\AtiehJobCore\Presentation\AtiehJobCore.Web\wwwroot\js\web.min.js'
info: Microsoft.AspNetCore.Hosting.Internal.WebHost[2]
      Request finished in 82.3ms 200 application/javascript
info: Microsoft.AspNetCore.StaticFiles.StaticFileMiddleware[2]
      Sending file. Request path: '/js/jqueryAll.min.js'. Physical path: 'H:\Programming New\AtiehJobCore\Presentation\AtiehJobCore.Web\wwwroot\js\jqueryAll.min.js'
info: Microsoft.AspNetCore.StaticFiles.StaticFileMiddleware[2]
      Sending file. Request path: '/css/web.min.css'. Physical path: 'H:\Programming New\AtiehJobCore\Presentation\AtiehJobCore.Web\wwwroot\css\web.min.css'
info: Microsoft.AspNetCore.Hosting.Internal.WebHost[2]
      Request finished in 150.7906ms 200 application/javascript
info: Microsoft.AspNetCore.Hosting.Internal.WebHost[2]
      Request finished in 99.9569ms 200 text/css
info: Microsoft.AspNetCore.StaticFiles.StaticFileMiddleware[2]
      Sending file. Request path: '/img/slide7.jpg'. Physical path: 'H:\Programming New\AtiehJobCore\Presentation\AtiehJobCore.Web\wwwroot\img\slide7.jpg'
info: Microsoft.AspNetCore.Hosting.Internal.WebHost[2]
      Request finished in 111.3504ms 200 image/jpeg
info: Microsoft.AspNetCore.Hosting.Internal.WebHost[1]
      Request starting HTTP/2.0 GET https://localhost:44344/webfonts/samim/Samim.woff  
info: Microsoft.AspNetCore.Hosting.Internal.WebHost[1]
      Request starting HTTP/2.0 GET https://localhost:44344/webfonts/fontAwesome/fa-solid-900.woff2  
info: Microsoft.AspNetCore.Hosting.Internal.WebHost[1]
      Request starting HTTP/2.0 GET https://localhost:44344/webfonts/samim/Samim-Bold.woff  
info: Microsoft.AspNetCore.StaticFiles.StaticFileMiddleware[2]
      Sending file. Request path: '/webfonts/fontAwesome/fa-solid-900.woff2'. Physical path: 'H:\Programming New\AtiehJobCore\Presentation\AtiehJobCore.Web\wwwroot\webfonts\fontAwesome\fa-solid-900.woff2'
info: Microsoft.AspNetCore.StaticFiles.StaticFileMiddleware[2]
      Sending file. Request path: '/webfonts/samim/Samim.woff'. Physical path: 'H:\Programming New\AtiehJobCore\Presentation\AtiehJobCore.Web\wwwroot\webfonts\samim\Samim.woff'
info: Microsoft.AspNetCore.Hosting.Internal.WebHost[2]
      Request finished in 78.4435ms 200 font/woff2
info: Microsoft.AspNetCore.Hosting.Internal.WebHost[2]
      Request finished in 96.0878ms 200 application/font-woff
info: Microsoft.AspNetCore.StaticFiles.StaticFileMiddleware[2]
      Sending file. Request path: '/webfonts/samim/Samim-Bold.woff'. Physical path: 'H:\Programming New\AtiehJobCore\Presentation\AtiehJobCore.Web\wwwroot\webfonts\samim\Samim-Bold.woff'
info: Microsoft.AspNetCore.Hosting.Internal.WebHost[2]
      Request finished in 81.6338ms 200 application/font-woff
info: Microsoft.AspNetCore.Hosting.Internal.WebHost[1]
      Request starting HTTP/2.0 GET https://localhost:44344/changelanguage/5c692c238d0a073c74a2ec72?returnurl=%2f  
info: Microsoft.AspNetCore.Mvc.Internal.ControllerActionInvoker[1]
      Route matched with {action = "SetLanguage", controller = "Common", area = ""}. Executing action AtiehJobCore.Web.Controllers.CommonController.SetLanguage (AtiehJobCore.Web)
info: Microsoft.AspNetCore.Mvc.Internal.ControllerActionInvoker[1]
      Executing action method AtiehJobCore.Web.Controllers.CommonController.SetLanguage (AtiehJobCore.Web) with arguments (AtiehJobCore.Services.Localization.LanguageService, AtiehJobCore.Core.Domain.Localization.LocalizationSettings, 5c692c238d0a073c74a2ec72, /) - Validation state: Valid
info: Microsoft.AspNetCore.Mvc.Internal.ControllerActionInvoker[2]
      Executed action method AtiehJobCore.Web.Controllers.CommonController.SetLanguage (AtiehJobCore.Web), returned result Microsoft.AspNetCore.Mvc.RedirectResult in 45.9012ms.
info: Microsoft.AspNetCore.Mvc.Infrastructure.RedirectResultExecutor[1]
      Executing RedirectResult, redirecting to /.
info: Microsoft.AspNetCore.Mvc.Internal.ControllerActionInvoker[2]
      Executed action AtiehJobCore.Web.Controllers.CommonController.SetLanguage (AtiehJobCore.Web) in 184.6593ms
info: Microsoft.AspNetCore.Hosting.Internal.WebHost[2]
      Request finished in 243.4203ms 302 
info: Microsoft.AspNetCore.Hosting.Internal.WebHost[1]
      Request starting HTTP/2.0 GET https://localhost:44344/  
info: Microsoft.AspNetCore.Mvc.Internal.ControllerActionInvoker[1]
      Route matched with {action = "Index", controller = "Home", area = ""}. Executing action AtiehJobCore.Web.Controllers.HomeController.Index (AtiehJobCore.Web)
info: Microsoft.AspNetCore.Mvc.Internal.ControllerActionInvoker[1]
      Executing action method AtiehJobCore.Web.Controllers.HomeController.Index (AtiehJobCore.Web) - Validation state: Valid
info: Microsoft.AspNetCore.Mvc.Internal.ControllerActionInvoker[2]
      Executed action method AtiehJobCore.Web.Controllers.HomeController.Index (AtiehJobCore.Web), returned result Microsoft.AspNetCore.Mvc.ViewResult in 0.0864ms.
info: Microsoft.AspNetCore.Mvc.ViewFeatures.ViewResultExecutor[1]
      Executing ViewResult, running view Index.
info: Microsoft.AspNetCore.Mvc.ViewFeatures.ViewResultExecutor[4]
      Executed ViewResult - view Index executed in 91.7113ms.
info: Microsoft.AspNetCore.Mvc.Internal.ControllerActionInvoker[2]
      Executed action AtiehJobCore.Web.Controllers.HomeController.Index (AtiehJobCore.Web) in 495.4002ms
info: Microsoft.AspNetCore.Hosting.Internal.WebHost[2]
      Request finished in 505.4487ms 200 text/html; charset=utf-8
info: Microsoft.AspNetCore.Hosting.Internal.WebHost[1]
      Request starting HTTP/2.0 GET https://localhost:44344/css/web-rtl.min.css?v=rjFQjJBldtmRqjCji6OOcc8d6VROjTTrLwAcJ4S-4n4  
info: Microsoft.AspNetCore.StaticFiles.StaticFileMiddleware[2]
      Sending file. Request path: '/css/web-rtl.min.css'. Physical path: 'H:\Programming New\AtiehJobCore\Presentation\AtiehJobCore.Web\wwwroot\css\web-rtl.min.css'
info: Microsoft.AspNetCore.Hosting.Internal.WebHost[2]
      Request finished in 8.3165ms 200 text/css
info: Microsoft.AspNetCore.Hosting.Internal.WebHost[1]
      Request starting HTTP/2.0 GET https://localhost:44344/Account/User/RegisterJobseeker  
info: Microsoft.AspNetCore.Mvc.Internal.ControllerActionInvoker[1]
      Route matched with {area = "Account", action = "RegisterJobseeker", controller = "User"}. Executing action AtiehJobCore.Web.Areas.Account.Controllers.UserController.RegisterJobseeker (AtiehJobCore.Web)
info: Microsoft.AspNetCore.Mvc.Internal.ControllerActionInvoker[1]
      Executing action method AtiehJobCore.Web.Areas.Account.Controllers.UserController.RegisterJobseeker (AtiehJobCore.Web) - Validation state: Valid
info: Microsoft.AspNetCore.Mvc.Internal.ControllerActionInvoker[2]
      Executed action method AtiehJobCore.Web.Areas.Account.Controllers.UserController.RegisterJobseeker (AtiehJobCore.Web), returned result Microsoft.AspNetCore.Mvc.ViewResult in 33.0277ms.
info: Microsoft.AspNetCore.Mvc.ViewFeatures.ViewResultExecutor[1]
      Executing ViewResult, running view RegisterJobseeker.
info: Microsoft.AspNetCore.Mvc.ViewFeatures.ViewResultExecutor[4]
      Executed ViewResult - view RegisterJobseeker executed in 544.3205ms.
info: Microsoft.AspNetCore.Mvc.Internal.ControllerActionInvoker[2]
      Executed action AtiehJobCore.Web.Areas.Account.Controllers.UserController.RegisterJobseeker (AtiehJobCore.Web) in 656.0158ms
info: Microsoft.AspNetCore.Hosting.Internal.WebHost[2]
      Request finished in 718.9888ms 200 text/html; charset=utf-8
info: Microsoft.AspNetCore.Hosting.Internal.WebHost[1]
      Request starting HTTP/2.0 GET https://localhost:44344/css/account.min.css  
info: Microsoft.AspNetCore.Hosting.Internal.WebHost[1]
      Request starting HTTP/2.0 GET https://localhost:44344/css/account-rtl.min.css  
info: Microsoft.AspNetCore.StaticFiles.StaticFileMiddleware[2]
      Sending file. Request path: '/css/account-rtl.min.css'. Physical path: 'H:\Programming New\AtiehJobCore\Presentation\AtiehJobCore.Web\wwwroot\css\account-rtl.min.css'
info: Microsoft.AspNetCore.Hosting.Internal.WebHost[2]
      Request finished in 44.5819ms 200 text/css
info: Microsoft.AspNetCore.StaticFiles.StaticFileMiddleware[2]
      Sending file. Request path: '/css/account.min.css'. Physical path: 'H:\Programming New\AtiehJobCore\Presentation\AtiehJobCore.Web\wwwroot\css\account.min.css'
info: Microsoft.AspNetCore.Hosting.Internal.WebHost[2]
      Request finished in 62.1648ms 200 text/css
info: Microsoft.AspNetCore.Hosting.Internal.WebHost[1]
      Request starting HTTP/2.0 POST https://localhost:44344/account/user/registerjobseeker application/x-www-form-urlencoded 384
info: Microsoft.AspNetCore.Mvc.Internal.ControllerActionInvoker[1]
      Route matched with {area = "Account", action = "RegisterJobseeker", controller = "User"}. Executing action AtiehJobCore.Web.Areas.Account.Controllers.UserController.RegisterJobseeker (AtiehJobCore.Web)
info: Microsoft.AspNetCore.Mvc.Internal.ControllerActionInvoker[1]
      Executing action method AtiehJobCore.Web.Areas.Account.Controllers.UserController.RegisterJobseeker (AtiehJobCore.Web) with arguments (AtiehJobCore.Web.Framework.Models.Account.Jobseeker.RegisterSimpleJobseekerModel, , False, Microsoft.AspNetCore.Http.FormCollection) - Validation state: Valid
info: Microsoft.AspNetCore.Authentication.Cookies.CookieAuthenticationHandler[10]
      AuthenticationScheme: Authentication signed in.
info: Microsoft.AspNetCore.Mvc.Internal.ControllerActionInvoker[2]
      Executed action method AtiehJobCore.Web.Areas.Account.Controllers.UserController.RegisterJobseeker (AtiehJobCore.Web), returned result Microsoft.AspNetCore.Mvc.RedirectResult in 182356.9919ms.
info: Microsoft.AspNetCore.Mvc.Infrastructure.RedirectResultExecutor[1]
      Executing RedirectResult, redirecting to /registerresult/1.
info: Microsoft.AspNetCore.Mvc.Internal.ControllerActionInvoker[2]
      Executed action AtiehJobCore.Web.Areas.Account.Controllers.UserController.RegisterJobseeker (AtiehJobCore.Web) in 182480.3145ms
info: Microsoft.AspNetCore.Hosting.Internal.WebHost[2]
      Request finished in 182512.1988ms 302 
info: Microsoft.AspNetCore.Hosting.Internal.WebHost[1]
      Request starting HTTP/2.0 GET https://localhost:44344/registerresult/1  
info: Microsoft.AspNetCore.Mvc.Internal.ControllerActionInvoker[1]
      Route matched with {action = "PageNotFound", controller = "Common", area = ""}. Executing action AtiehJobCore.Web.Controllers.CommonController.PageNotFound (AtiehJobCore.Web)
info: Microsoft.AspNetCore.Mvc.Internal.ControllerActionInvoker[1]
      Executing action method AtiehJobCore.Web.Controllers.CommonController.PageNotFound (AtiehJobCore.Web) with arguments (AtiehJobCore.Services.Logging.DefaultLogger) - Validation state: Valid
info: Microsoft.AspNetCore.Mvc.Internal.ControllerActionInvoker[2]
      Executed action method AtiehJobCore.Web.Controllers.CommonController.PageNotFound (AtiehJobCore.Web), returned result Microsoft.AspNetCore.Mvc.ViewResult in 3.2668ms.
info: Microsoft.AspNetCore.Mvc.ViewFeatures.ViewResultExecutor[1]
      Executing ViewResult, running view PageNotFound.
info: Microsoft.AspNetCore.Mvc.ViewFeatures.ViewResultExecutor[4]
      Executed ViewResult - view PageNotFound executed in 398.8771ms.
info: Microsoft.AspNetCore.Mvc.Internal.ControllerActionInvoker[2]
      Executed action AtiehJobCore.Web.Controllers.CommonController.PageNotFound (AtiehJobCore.Web) in 469.2937ms
info: Microsoft.AspNetCore.Hosting.Internal.WebHost[2]
      Request finished in 509.0473ms 404 text/html
info: Microsoft.AspNetCore.Hosting.Internal.WebHost[1]
      Request starting HTTP/2.0 GET https://localhost:44344/  
info: Microsoft.AspNetCore.Mvc.Internal.ControllerActionInvoker[1]
      Route matched with {action = "Index", controller = "Home", area = ""}. Executing action AtiehJobCore.Web.Controllers.HomeController.Index (AtiehJobCore.Web)
info: Microsoft.AspNetCore.Mvc.Internal.ControllerActionInvoker[1]
      Executing action method AtiehJobCore.Web.Controllers.HomeController.Index (AtiehJobCore.Web) - Validation state: Valid
info: Microsoft.AspNetCore.Mvc.Internal.ControllerActionInvoker[2]
      Executed action method AtiehJobCore.Web.Controllers.HomeController.Index (AtiehJobCore.Web), returned result Microsoft.AspNetCore.Mvc.ViewResult in 0.0511ms.
info: Microsoft.AspNetCore.Mvc.ViewFeatures.ViewResultExecutor[1]
      Executing ViewResult, running view Index.
info: Microsoft.AspNetCore.Mvc.ViewFeatures.ViewResultExecutor[4]
      Executed ViewResult - view Index executed in 23.7151ms.
info: Microsoft.AspNetCore.Mvc.Internal.ControllerActionInvoker[2]
      Executed action AtiehJobCore.Web.Controllers.HomeController.Index (AtiehJobCore.Web) in 78.9601ms
info: Microsoft.AspNetCore.Hosting.Internal.WebHost[2]
      Request finished in 90.8136ms 200 text/html; charset=utf-8
info: Microsoft.AspNetCore.Hosting.Internal.WebHost[1]
      Request starting HTTP/2.0 GET https://localhost:44344/Home/ColumnOne  
info: Microsoft.AspNetCore.Mvc.Internal.ControllerActionInvoker[1]
      Route matched with {action = "ColumnsOne", controller = "Home", area = ""}. Executing action AtiehJobCore.Web.Controllers.HomeController.ColumnsOne (AtiehJobCore.Web)
info: Microsoft.AspNetCore.Mvc.Internal.ControllerActionInvoker[1]
      Executing action method AtiehJobCore.Web.Controllers.HomeController.ColumnsOne (AtiehJobCore.Web) - Validation state: Valid
info: Microsoft.AspNetCore.Mvc.Internal.ControllerActionInvoker[2]
      Executed action method AtiehJobCore.Web.Controllers.HomeController.ColumnsOne (AtiehJobCore.Web), returned result Microsoft.AspNetCore.Mvc.ViewResult in 0.3536ms.
info: Microsoft.AspNetCore.Mvc.ViewFeatures.ViewResultExecutor[1]
      Executing ViewResult, running view ColumnsOne.
info: Microsoft.AspNetCore.Mvc.ViewFeatures.ViewResultExecutor[4]
      Executed ViewResult - view ColumnsOne executed in 93.5344ms.
info: Microsoft.AspNetCore.Mvc.Internal.ControllerActionInvoker[2]
      Executed action AtiehJobCore.Web.Controllers.HomeController.ColumnsOne (AtiehJobCore.Web) in 139.7185ms
info: Microsoft.AspNetCore.Hosting.Internal.WebHost[2]
      Request finished in 150.9069ms 200 text/html; charset=utf-8
info: Microsoft.AspNetCore.Hosting.Internal.WebHost[1]
      Request starting HTTP/2.0 GET https://localhost:44344/Home/ColumnsThird  
info: Microsoft.AspNetCore.Mvc.Internal.ControllerActionInvoker[1]
      Route matched with {action = "ColumnsThird", controller = "Home", area = ""}. Executing action AtiehJobCore.Web.Controllers.HomeController.ColumnsThird (AtiehJobCore.Web)
info: Microsoft.AspNetCore.Mvc.Internal.ControllerActionInvoker[1]
      Executing action method AtiehJobCore.Web.Controllers.HomeController.ColumnsThird (AtiehJobCore.Web) - Validation state: Valid
info: Microsoft.AspNetCore.Mvc.Internal.ControllerActionInvoker[2]
      Executed action method AtiehJobCore.Web.Controllers.HomeController.ColumnsThird (AtiehJobCore.Web), returned result Microsoft.AspNetCore.Mvc.ViewResult in 0.4353ms.
info: Microsoft.AspNetCore.Mvc.ViewFeatures.ViewResultExecutor[1]
      Executing ViewResult, running view ColumnsThird.
info: Microsoft.AspNetCore.Mvc.ViewFeatures.ViewResultExecutor[4]
      Executed ViewResult - view ColumnsThird executed in 42.5641ms.
info: Microsoft.AspNetCore.Mvc.Internal.ControllerActionInvoker[2]
      Executed action AtiehJobCore.Web.Controllers.HomeController.ColumnsThird (AtiehJobCore.Web) in 88.0878ms
info: Microsoft.AspNetCore.Hosting.Internal.WebHost[2]
      Request finished in 100.8573ms 200 text/html; charset=utf-8
info: Microsoft.AspNetCore.Hosting.Internal.WebHost[1]
      Request starting HTTP/2.0 GET https://localhost:44344/Home/ColumnTwo  
info: Microsoft.AspNetCore.Mvc.Internal.ControllerActionInvoker[1]
      Route matched with {action = "ColumnsTwo", controller = "Home", area = ""}. Executing action AtiehJobCore.Web.Controllers.HomeController.ColumnsTwo (AtiehJobCore.Web)
info: Microsoft.AspNetCore.Mvc.Internal.ControllerActionInvoker[1]
      Executing action method AtiehJobCore.Web.Controllers.HomeController.ColumnsTwo (AtiehJobCore.Web) - Validation state: Valid
info: Microsoft.AspNetCore.Mvc.Internal.ControllerActionInvoker[2]
      Executed action method AtiehJobCore.Web.Controllers.HomeController.ColumnsTwo (AtiehJobCore.Web), returned result Microsoft.AspNetCore.Mvc.ViewResult in 0.3266ms.
info: Microsoft.AspNetCore.Mvc.ViewFeatures.ViewResultExecutor[1]
      Executing ViewResult, running view ColumnsTwo.
info: Microsoft.AspNetCore.Mvc.ViewFeatures.ViewResultExecutor[4]
      Executed ViewResult - view ColumnsTwo executed in 44.907ms.
info: Microsoft.AspNetCore.Mvc.Internal.ControllerActionInvoker[2]
      Executed action AtiehJobCore.Web.Controllers.HomeController.ColumnsTwo (AtiehJobCore.Web) in 87.4674ms
info: Microsoft.AspNetCore.Hosting.Internal.WebHost[2]
      Request finished in 97.7639ms 200 text/html; charset=utf-8
info: Microsoft.AspNetCore.Hosting.Internal.WebHost[1]
      Request starting HTTP/2.0 GET https://localhost:44344/Home/Error  
info: Microsoft.AspNetCore.Mvc.Internal.ControllerActionInvoker[1]
      Route matched with {action = "Error", controller = "Home", area = ""}. Executing action AtiehJobCore.Web.Controllers.HomeController.Error (AtiehJobCore.Web)
info: Microsoft.AspNetCore.Mvc.Internal.ControllerActionInvoker[1]
      Executing action method AtiehJobCore.Web.Controllers.HomeController.Error (AtiehJobCore.Web) - Validation state: Valid
info: Microsoft.AspNetCore.Mvc.Internal.ControllerActionInvoker[2]
      Executed action method AtiehJobCore.Web.Controllers.HomeController.Error (AtiehJobCore.Web), returned result Microsoft.AspNetCore.Mvc.ViewResult in 0.5574ms.
info: Microsoft.AspNetCore.Mvc.ViewFeatures.ViewResultExecutor[1]
      Executing ViewResult, running view Error.
info: Microsoft.AspNetCore.Mvc.ViewFeatures.ViewResultExecutor[4]
      Executed ViewResult - view Error executed in 84.0995ms.
info: Microsoft.AspNetCore.Mvc.Internal.ControllerActionInvoker[2]
      Executed action AtiehJobCore.Web.Controllers.HomeController.Error (AtiehJobCore.Web) in 129.208ms
info: Microsoft.AspNetCore.Hosting.Internal.WebHost[2]
      Request finished in 141.0381ms 500 text/html; charset=utf-8
info: Microsoft.AspNetCore.Hosting.Internal.WebHost[1]
      Request starting HTTP/2.0 GET https://localhost:44344/Account/User/Logout  
info: Microsoft.AspNetCore.Mvc.Internal.ControllerActionInvoker[1]
      Route matched with {area = "Account", action = "Logout", controller = "User"}. Executing action AtiehJobCore.Web.Areas.Account.Controllers.UserController.Logout (AtiehJobCore.Web)
info: Microsoft.AspNetCore.Mvc.Internal.ControllerActionInvoker[1]
      Executing action method AtiehJobCore.Web.Areas.Account.Controllers.UserController.Logout (AtiehJobCore.Web) with arguments (AtiehJobCore.Core.Domain.StoreInformationSettings) - Validation state: Valid
info: Microsoft.AspNetCore.Authentication.Cookies.CookieAuthenticationHandler[11]
      AuthenticationScheme: Authentication signed out.
info: Microsoft.AspNetCore.Mvc.Internal.ControllerActionInvoker[2]
      Executed action method AtiehJobCore.Web.Areas.Account.Controllers.UserController.Logout (AtiehJobCore.Web), returned result Microsoft.AspNetCore.Mvc.RedirectToRouteResult in 55.6864ms.
info: Microsoft.AspNetCore.Mvc.RedirectToRouteResult[1]
      Executing RedirectToRouteResult, redirecting to / from route HomePage.
info: Microsoft.AspNetCore.Mvc.Internal.ControllerActionInvoker[2]
      Executed action AtiehJobCore.Web.Areas.Account.Controllers.UserController.Logout (AtiehJobCore.Web) in 154.7316ms
info: Microsoft.AspNetCore.Hosting.Internal.WebHost[2]
      Request finished in 172.1906ms 302 
info: Microsoft.AspNetCore.Hosting.Internal.WebHost[1]
      Request starting HTTP/2.0 GET https://localhost:44344/  
info: Microsoft.AspNetCore.Mvc.Internal.ControllerActionInvoker[1]
      Route matched with {action = "Index", controller = "Home", area = ""}. Executing action AtiehJobCore.Web.Controllers.HomeController.Index (AtiehJobCore.Web)
info: Microsoft.AspNetCore.Mvc.Internal.ControllerActionInvoker[1]
      Executing action method AtiehJobCore.Web.Controllers.HomeController.Index (AtiehJobCore.Web) - Validation state: Valid
info: Microsoft.AspNetCore.Mvc.Internal.ControllerActionInvoker[2]
      Executed action method AtiehJobCore.Web.Controllers.HomeController.Index (AtiehJobCore.Web), returned result Microsoft.AspNetCore.Mvc.ViewResult in 0.0733ms.
info: Microsoft.AspNetCore.Mvc.ViewFeatures.ViewResultExecutor[1]
      Executing ViewResult, running view Index.
info: Microsoft.AspNetCore.Mvc.ViewFeatures.ViewResultExecutor[4]
      Executed ViewResult - view Index executed in 72.7445ms.
info: Microsoft.AspNetCore.Mvc.Internal.ControllerActionInvoker[2]
      Executed action AtiehJobCore.Web.Controllers.HomeController.Index (AtiehJobCore.Web) in 180.7937ms
info: Microsoft.AspNetCore.Hosting.Internal.WebHost[2]
      Request finished in 190.298ms 200 text/html; charset=utf-8
info: Microsoft.AspNetCore.Hosting.Internal.WebHost[1]
      Request starting HTTP/2.0 GET https://localhost:44344/changelanguage/5c692c238d0a073c74a2ec72?returnurl=%2f  
info: Microsoft.AspNetCore.Mvc.Internal.ControllerActionInvoker[1]
      Route matched with {action = "SetLanguage", controller = "Common", area = ""}. Executing action AtiehJobCore.Web.Controllers.CommonController.SetLanguage (AtiehJobCore.Web)
info: Microsoft.AspNetCore.Mvc.Internal.ControllerActionInvoker[1]
      Executing action method AtiehJobCore.Web.Controllers.CommonController.SetLanguage (AtiehJobCore.Web) with arguments (AtiehJobCore.Services.Localization.LanguageService, AtiehJobCore.Core.Domain.Localization.LocalizationSettings, 5c692c238d0a073c74a2ec72, /) - Validation state: Valid
info: Microsoft.AspNetCore.Mvc.Internal.ControllerActionInvoker[2]
      Executed action method AtiehJobCore.Web.Controllers.CommonController.SetLanguage (AtiehJobCore.Web), returned result Microsoft.AspNetCore.Mvc.RedirectResult in 5.0641ms.
info: Microsoft.AspNetCore.Mvc.Infrastructure.RedirectResultExecutor[1]
      Executing RedirectResult, redirecting to /.
info: Microsoft.AspNetCore.Mvc.Internal.ControllerActionInvoker[2]
      Executed action AtiehJobCore.Web.Controllers.CommonController.SetLanguage (AtiehJobCore.Web) in 43.8069ms
info: Microsoft.AspNetCore.Hosting.Internal.WebHost[2]
      Request finished in 53.3803ms 302 
info: Microsoft.AspNetCore.Hosting.Internal.WebHost[1]
      Request starting HTTP/2.0 GET https://localhost:44344/  
info: Microsoft.AspNetCore.Mvc.Internal.ControllerActionInvoker[1]
      Route matched with {action = "Index", controller = "Home", area = ""}. Executing action AtiehJobCore.Web.Controllers.HomeController.Index (AtiehJobCore.Web)
info: Microsoft.AspNetCore.Mvc.Internal.ControllerActionInvoker[1]
      Executing action method AtiehJobCore.Web.Controllers.HomeController.Index (AtiehJobCore.Web) - Validation state: Valid
info: Microsoft.AspNetCore.Mvc.Internal.ControllerActionInvoker[2]
      Executed action method AtiehJobCore.Web.Controllers.HomeController.Index (AtiehJobCore.Web), returned result Microsoft.AspNetCore.Mvc.ViewResult in 0.042ms.
info: Microsoft.AspNetCore.Mvc.ViewFeatures.ViewResultExecutor[1]
      Executing ViewResult, running view Index.
info: Microsoft.AspNetCore.Mvc.ViewFeatures.ViewResultExecutor[4]
      Executed ViewResult - view Index executed in 15.8874ms.
info: Microsoft.AspNetCore.Mvc.Internal.ControllerActionInvoker[2]
      Executed action AtiehJobCore.Web.Controllers.HomeController.Index (AtiehJobCore.Web) in 60.9966ms
info: Microsoft.AspNetCore.Hosting.Internal.WebHost[2]
      Request finished in 70.3399ms 200 text/html; charset=utf-8
info: Microsoft.AspNetCore.Hosting.Internal.WebHost[1]
      Request starting HTTP/2.0 GET https://localhost:44344/Account/User/Login  
info: Microsoft.AspNetCore.Mvc.Internal.ControllerActionInvoker[1]
      Route matched with {area = "Account", action = "Login", controller = "User"}. Executing action AtiehJobCore.Web.Areas.Account.Controllers.UserController.Login (AtiehJobCore.Web)
info: Microsoft.AspNetCore.Mvc.Internal.ControllerActionInvoker[1]
      Executing action method AtiehJobCore.Web.Areas.Account.Controllers.UserController.Login (AtiehJobCore.Web) - Validation state: Valid
info: Microsoft.AspNetCore.Mvc.Internal.ControllerActionInvoker[2]
      Executed action method AtiehJobCore.Web.Areas.Account.Controllers.UserController.Login (AtiehJobCore.Web), returned result Microsoft.AspNetCore.Mvc.ViewResult in 1.4947ms.
info: Microsoft.AspNetCore.Mvc.ViewFeatures.ViewResultExecutor[1]
      Executing ViewResult, running view Login.
info: Microsoft.AspNetCore.Mvc.ViewFeatures.ViewResultExecutor[4]
      Executed ViewResult - view Login executed in 517.3144ms.
info: Microsoft.AspNetCore.Mvc.Internal.ControllerActionInvoker[2]
      Executed action AtiehJobCore.Web.Areas.Account.Controllers.UserController.Login (AtiehJobCore.Web) in 558.0705ms
info: Microsoft.AspNetCore.Hosting.Internal.WebHost[2]
      Request finished in 572.5319ms 200 text/html; charset=utf-8
info: Microsoft.AspNetCore.Hosting.Internal.WebHost[1]
      Request starting HTTP/2.0 POST https://localhost:44344/account/user/login application/x-www-form-urlencoded 283
info: Microsoft.AspNetCore.Mvc.Internal.ControllerActionInvoker[1]
      Route matched with {area = "Account", action = "Login", controller = "User"}. Executing action AtiehJobCore.Web.Areas.Account.Controllers.UserController.Login (AtiehJobCore.Web)
info: Microsoft.AspNetCore.Mvc.Internal.ControllerActionInvoker[1]
      Executing action method AtiehJobCore.Web.Areas.Account.Controllers.UserController.Login (AtiehJobCore.Web) with arguments (AtiehJobCore.Web.Framework.Models.Account.LoginModel, , False, ) - Validation state: Valid
info: Microsoft.AspNetCore.Mvc.Internal.ControllerActionInvoker[2]
      Executed action method AtiehJobCore.Web.Areas.Account.Controllers.UserController.Login (AtiehJobCore.Web), returned result Microsoft.AspNetCore.Mvc.ViewResult in 10.0218ms.
info: Microsoft.AspNetCore.Mvc.ViewFeatures.ViewResultExecutor[1]
      Executing ViewResult, running view Login.
info: Microsoft.AspNetCore.Mvc.ViewFeatures.ViewResultExecutor[4]
      Executed ViewResult - view Login executed in 39.0434ms.
info: Microsoft.AspNetCore.Mvc.Internal.ControllerActionInvoker[2]
      Executed action AtiehJobCore.Web.Areas.Account.Controllers.UserController.Login (AtiehJobCore.Web) in 106.7168ms
info: Microsoft.AspNetCore.Hosting.Internal.WebHost[2]
      Request finished in 132.5229ms 200 text/html; charset=utf-8
info: Microsoft.AspNetCore.Hosting.Internal.WebHost[1]
      Request starting HTTP/2.0 POST https://localhost:44344/account/user/login application/x-www-form-urlencoded 284
info: Microsoft.AspNetCore.Mvc.Internal.ControllerActionInvoker[1]
      Route matched with {area = "Account", action = "Login", controller = "User"}. Executing action AtiehJobCore.Web.Areas.Account.Controllers.UserController.Login (AtiehJobCore.Web)
info: Microsoft.AspNetCore.Mvc.Internal.ControllerActionInvoker[1]
      Executing action method AtiehJobCore.Web.Areas.Account.Controllers.UserController.Login (AtiehJobCore.Web) with arguments (AtiehJobCore.Web.Framework.Models.Account.LoginModel, , False, ) - Validation state: Valid
info: Microsoft.AspNetCore.Authentication.Cookies.CookieAuthenticationHandler[10]
      AuthenticationScheme: Authentication signed in.
info: Microsoft.AspNetCore.Mvc.Internal.ControllerActionInvoker[2]
      Executed action method AtiehJobCore.Web.Areas.Account.Controllers.UserController.Login (AtiehJobCore.Web), returned result Microsoft.AspNetCore.Mvc.RedirectToRouteResult in 15.2927ms.
info: Microsoft.AspNetCore.Mvc.RedirectToRouteResult[1]
      Executing RedirectToRouteResult, redirecting to / from route HomePage.
info: Microsoft.AspNetCore.Mvc.Internal.ControllerActionInvoker[2]
      Executed action AtiehJobCore.Web.Areas.Account.Controllers.UserController.Login (AtiehJobCore.Web) in 62.0814ms
info: Microsoft.AspNetCore.Hosting.Internal.WebHost[2]
      Request finished in 76.0431ms 302 
info: Microsoft.AspNetCore.Hosting.Internal.WebHost[1]
      Request starting HTTP/2.0 GET https://localhost:44344/  
info: Microsoft.AspNetCore.Mvc.Internal.ControllerActionInvoker[1]
      Route matched with {action = "Index", controller = "Home", area = ""}. Executing action AtiehJobCore.Web.Controllers.HomeController.Index (AtiehJobCore.Web)
info: Microsoft.AspNetCore.Mvc.Internal.ControllerActionInvoker[1]
      Executing action method AtiehJobCore.Web.Controllers.HomeController.Index (AtiehJobCore.Web) - Validation state: Valid
info: Microsoft.AspNetCore.Mvc.Internal.ControllerActionInvoker[2]
      Executed action method AtiehJobCore.Web.Controllers.HomeController.Index (AtiehJobCore.Web), returned result Microsoft.AspNetCore.Mvc.ViewResult in 0.0374ms.
info: Microsoft.AspNetCore.Mvc.ViewFeatures.ViewResultExecutor[1]
      Executing ViewResult, running view Index.
info: Microsoft.AspNetCore.Mvc.ViewFeatures.ViewResultExecutor[4]
      Executed ViewResult - view Index executed in 23.0981ms.
info: Microsoft.AspNetCore.Mvc.Internal.ControllerActionInvoker[2]
      Executed action AtiehJobCore.Web.Controllers.HomeController.Index (AtiehJobCore.Web) in 68.6522ms
info: Microsoft.AspNetCore.Hosting.Internal.WebHost[2]
      Request finished in 79.5624ms 200 text/html; charset=utf-8
info: Microsoft.AspNetCore.Hosting.Internal.WebHost[1]
      Request starting HTTP/2.0 GET https://localhost:44344/admin  
info: Microsoft.AspNetCore.Mvc.Internal.ControllerActionInvoker[1]
      Route matched with {area = "Admin", action = "Index", controller = "Home"}. Executing action AtiehJobCore.Web.Areas.Admin.Controllers.HomeController.Index (AtiehJobCore.Web)
info: Microsoft.AspNetCore.Mvc.Internal.ControllerActionInvoker[3]
      Authorization failed for the request at filter 'AtiehJobCore.Web.Framework.Filters.AuthorizeAdminAttribute+AuthorizeAdminFilter'.
info: Microsoft.AspNetCore.Mvc.ChallengeResult[1]
      Executing ChallengeResult with authentication schemes ().
info: Microsoft.AspNetCore.Authentication.Cookies.CookieAuthenticationHandler[12]
      AuthenticationScheme: Authentication was challenged.
info: Microsoft.AspNetCore.Mvc.Internal.ControllerActionInvoker[2]
      Executed action AtiehJobCore.Web.Areas.Admin.Controllers.HomeController.Index (AtiehJobCore.Web) in 52.8423ms
info: Microsoft.AspNetCore.Hosting.Internal.WebHost[2]
      Request finished in 71.3538ms 302 
info: Microsoft.AspNetCore.Hosting.Internal.WebHost[1]
      Request starting HTTP/2.0 GET https://localhost:44344/account/user/login?ReturnUrl=%2Fadmin  
info: Microsoft.AspNetCore.Mvc.Internal.ControllerActionInvoker[1]
      Route matched with {area = "Account", action = "Login", controller = "User"}. Executing action AtiehJobCore.Web.Areas.Account.Controllers.UserController.Login (AtiehJobCore.Web)
info: Microsoft.AspNetCore.Mvc.Internal.ControllerActionInvoker[1]
      Executing action method AtiehJobCore.Web.Areas.Account.Controllers.UserController.Login (AtiehJobCore.Web) - Validation state: Valid
info: Microsoft.AspNetCore.Mvc.Internal.ControllerActionInvoker[2]
      Executed action method AtiehJobCore.Web.Areas.Account.Controllers.UserController.Login (AtiehJobCore.Web), returned result Microsoft.AspNetCore.Mvc.ViewResult in 0.1787ms.
info: Microsoft.AspNetCore.Mvc.ViewFeatures.ViewResultExecutor[1]
      Executing ViewResult, running view Login.
info: Microsoft.AspNetCore.Mvc.ViewFeatures.ViewResultExecutor[4]
      Executed ViewResult - view Login executed in 23.1031ms.
info: Microsoft.AspNetCore.Mvc.Internal.ControllerActionInvoker[2]
      Executed action AtiehJobCore.Web.Areas.Account.Controllers.UserController.Login (AtiehJobCore.Web) in 71.8249ms
info: Microsoft.AspNetCore.Hosting.Internal.WebHost[2]
      Request finished in 82.9271ms 200 text/html; charset=utf-8
info: Microsoft.AspNetCore.Hosting.Internal.WebHost[1]
      Request starting HTTP/2.0 GET https://localhost:44344/  
info: Microsoft.AspNetCore.Mvc.Internal.ControllerActionInvoker[1]
      Route matched with {action = "Index", controller = "Home", area = ""}. Executing action AtiehJobCore.Web.Controllers.HomeController.Index (AtiehJobCore.Web)
info: Microsoft.AspNetCore.Mvc.Internal.ControllerActionInvoker[1]
      Executing action method AtiehJobCore.Web.Controllers.HomeController.Index (AtiehJobCore.Web) - Validation state: Valid
info: Microsoft.AspNetCore.Mvc.Internal.ControllerActionInvoker[2]
      Executed action method AtiehJobCore.Web.Controllers.HomeController.Index (AtiehJobCore.Web), returned result Microsoft.AspNetCore.Mvc.ViewResult in 0.0434ms.
info: Microsoft.AspNetCore.Mvc.ViewFeatures.ViewResultExecutor[1]
      Executing ViewResult, running view Index.
info: Microsoft.AspNetCore.Mvc.ViewFeatures.ViewResultExecutor[4]
      Executed ViewResult - view Index executed in 17.2407ms.
info: Microsoft.AspNetCore.Mvc.Internal.ControllerActionInvoker[2]
      Executed action AtiehJobCore.Web.Controllers.HomeController.Index (AtiehJobCore.Web) in 72.291ms
info: Microsoft.AspNetCore.Hosting.Internal.WebHost[2]
      Request finished in 82.8519ms 200 text/html; charset=utf-8
info: Microsoft.AspNetCore.Hosting.Internal.WebHost[1]
      Request starting HTTP/2.0 GET https://localhost:44344/favicon.ico  
info: Microsoft.AspNetCore.StaticFiles.StaticFileMiddleware[2]
      Sending file. Request path: '/favicon.ico'. Physical path: 'H:\Programming New\AtiehJobCore\Presentation\AtiehJobCore.Web\wwwroot\favicon.ico'
info: Microsoft.AspNetCore.Hosting.Internal.WebHost[2]
      Request finished in 74.9688ms 200 image/x-icon
info: Microsoft.AspNetCore.Hosting.Internal.WebHost[1]
      Request starting HTTP/2.0 GET https://localhost:44344/admin/language/list  
info: Microsoft.AspNetCore.Mvc.Internal.ControllerActionInvoker[1]
      Route matched with {area = "Admin", action = "List", controller = "Language"}. Executing action AtiehJobCore.Web.Areas.Admin.Controllers.LanguageController.List (AtiehJobCore.Web)
info: Microsoft.AspNetCore.Mvc.Internal.ControllerActionInvoker[3]
      Authorization failed for the request at filter 'AtiehJobCore.Web.Framework.Filters.AuthorizeAdminAttribute+AuthorizeAdminFilter'.
info: Microsoft.AspNetCore.Mvc.ChallengeResult[1]
      Executing ChallengeResult with authentication schemes ().
info: Microsoft.AspNetCore.Authentication.Cookies.CookieAuthenticationHandler[12]
      AuthenticationScheme: Authentication was challenged.
info: Microsoft.AspNetCore.Mvc.Internal.ControllerActionInvoker[2]
      Executed action AtiehJobCore.Web.Areas.Admin.Controllers.LanguageController.List (AtiehJobCore.Web) in 10.3772ms
info: Microsoft.AspNetCore.Hosting.Internal.WebHost[2]
      Request finished in 27.6153ms 302 
info: Microsoft.AspNetCore.Hosting.Internal.WebHost[1]
      Request starting HTTP/2.0 GET https://localhost:44344/account/user/login?ReturnUrl=%2Fadmin%2Flanguage%2Flist  
info: Microsoft.AspNetCore.Mvc.Internal.ControllerActionInvoker[1]
      Route matched with {area = "Account", action = "Login", controller = "User"}. Executing action AtiehJobCore.Web.Areas.Account.Controllers.UserController.Login (AtiehJobCore.Web)
info: Microsoft.AspNetCore.Mvc.Internal.ControllerActionInvoker[1]
      Executing action method AtiehJobCore.Web.Areas.Account.Controllers.UserController.Login (AtiehJobCore.Web) - Validation state: Valid
info: Microsoft.AspNetCore.Mvc.Internal.ControllerActionInvoker[2]
      Executed action method AtiehJobCore.Web.Areas.Account.Controllers.UserController.Login (AtiehJobCore.Web), returned result Microsoft.AspNetCore.Mvc.ViewResult in 0.0541ms.
info: Microsoft.AspNetCore.Mvc.ViewFeatures.ViewResultExecutor[1]
      Executing ViewResult, running view Login.
info: Microsoft.AspNetCore.Mvc.ViewFeatures.ViewResultExecutor[4]
      Executed ViewResult - view Login executed in 19.2127ms.
info: Microsoft.AspNetCore.Mvc.Internal.ControllerActionInvoker[2]
      Executed action AtiehJobCore.Web.Areas.Account.Controllers.UserController.Login (AtiehJobCore.Web) in 60.0983ms
info: Microsoft.AspNetCore.Hosting.Internal.WebHost[2]
      Request finished in 69.8605ms 200 text/html; charset=utf-8
info: Microsoft.AspNetCore.Hosting.Internal.WebHost[1]
      Request starting HTTP/2.0 POST https://localhost:44344/account/user/login?returnurl=%2Fadmin%2Flanguage%2Flist application/x-www-form-urlencoded 324
info: Microsoft.AspNetCore.Mvc.Internal.ControllerActionInvoker[1]
      Route matched with {area = "Account", action = "Login", controller = "User"}. Executing action AtiehJobCore.Web.Areas.Account.Controllers.UserController.Login (AtiehJobCore.Web)
info: Microsoft.AspNetCore.Mvc.Internal.ControllerActionInvoker[1]
      Executing action method AtiehJobCore.Web.Areas.Account.Controllers.UserController.Login (AtiehJobCore.Web) with arguments (AtiehJobCore.Web.Framework.Models.Account.LoginModel, /admin/language/list, False, ) - Validation state: Valid
info: Microsoft.AspNetCore.Authentication.Cookies.CookieAuthenticationHandler[10]
      AuthenticationScheme: Authentication signed in.
info: Microsoft.AspNetCore.Mvc.Internal.ControllerActionInvoker[2]
      Executed action method AtiehJobCore.Web.Areas.Account.Controllers.UserController.Login (AtiehJobCore.Web), returned result Microsoft.AspNetCore.Mvc.RedirectResult in 10.4368ms.
info: Microsoft.AspNetCore.Mvc.Infrastructure.RedirectResultExecutor[1]
      Executing RedirectResult, redirecting to /admin/language/list.
info: Microsoft.AspNetCore.Mvc.Internal.ControllerActionInvoker[2]
      Executed action AtiehJobCore.Web.Areas.Account.Controllers.UserController.Login (AtiehJobCore.Web) in 104.524ms
info: Microsoft.AspNetCore.Hosting.Internal.WebHost[2]
      Request finished in 116.234ms 302 
info: Microsoft.AspNetCore.Hosting.Internal.WebHost[1]
      Request starting HTTP/2.0 GET https://localhost:44344/admin/language/list  
info: Microsoft.AspNetCore.Mvc.Internal.ControllerActionInvoker[1]
      Route matched with {area = "Admin", action = "List", controller = "Language"}. Executing action AtiehJobCore.Web.Areas.Admin.Controllers.LanguageController.List (AtiehJobCore.Web)
info: Microsoft.AspNetCore.Authorization.DefaultAuthorizationService[1]
      Authorization was successful.
info: Microsoft.AspNetCore.Mvc.Internal.ControllerActionInvoker[1]
      Executing action method AtiehJobCore.Web.Areas.Admin.Controllers.LanguageController.List (AtiehJobCore.Web) - Validation state: Valid
info: Microsoft.AspNetCore.Mvc.Internal.ControllerActionInvoker[2]
      Executed action method AtiehJobCore.Web.Areas.Admin.Controllers.LanguageController.List (AtiehJobCore.Web), returned result Microsoft.AspNetCore.Mvc.ViewResult in 0.5736ms.
info: Microsoft.AspNetCore.Mvc.ViewFeatures.ViewResultExecutor[1]
      Executing ViewResult, running view List.
info: Microsoft.AspNetCore.Mvc.ViewFeatures.ViewResultExecutor[4]
      Executed ViewResult - view List executed in 1517.6786ms.
info: Microsoft.AspNetCore.Mvc.Internal.ControllerActionInvoker[2]
      Executed action AtiehJobCore.Web.Areas.Admin.Controllers.LanguageController.List (AtiehJobCore.Web) in 1641.7834ms
info: Microsoft.AspNetCore.Hosting.Internal.WebHost[2]
      Request finished in 1650.7665ms 200 text/html; charset=utf-8
info: Microsoft.AspNetCore.Hosting.Internal.WebHost[1]
      Request starting HTTP/2.0 GET https://localhost:44344/css/admin/admin.min.css  
info: Microsoft.AspNetCore.Hosting.Internal.WebHost[1]
      Request starting HTTP/2.0 GET https://localhost:44344/css/admin/kendo/kendo.custom.min.css  
info: Microsoft.AspNetCore.Hosting.Internal.WebHost[1]
      Request starting HTTP/2.0 GET https://localhost:44344/css/admin/kendo/kendo.common.min.css  
info: Microsoft.AspNetCore.Hosting.Internal.WebHost[1]
      Request starting HTTP/2.0 GET https://localhost:44344/js/jqueryAll.min.js  
info: Microsoft.AspNetCore.Hosting.Internal.WebHost[1]
      Request starting HTTP/2.0 GET https://localhost:44344/css/admin/jquery-ui/jquery-ui.min.css  
info: Microsoft.AspNetCore.Hosting.Internal.WebHost[1]
      Request starting HTTP/2.0 GET https://localhost:44344/img/brand/4.svg  
info: Microsoft.AspNetCore.Hosting.Internal.WebHost[1]
      Request starting HTTP/2.0 GET https://localhost:44344/img/brand/3.svg  
info: Microsoft.AspNetCore.StaticFiles.StaticFileMiddleware[2]
      Sending file. Request path: '/css/admin/jquery-ui/jquery-ui.min.css'. Physical path: 'H:\Programming New\AtiehJobCore\Presentation\AtiehJobCore.Web\wwwroot\css\admin\jquery-ui\jquery-ui.min.css'
info: Microsoft.AspNetCore.Hosting.Internal.WebHost[2]
      Request finished in 129.5603ms 200 text/css
info: Microsoft.AspNetCore.StaticFiles.StaticFileMiddleware[2]
      Sending file. Request path: '/img/brand/4.svg'. Physical path: 'H:\Programming New\AtiehJobCore\Presentation\AtiehJobCore.Web\wwwroot\img\brand\4.svg'
info: Microsoft.AspNetCore.StaticFiles.StaticFileMiddleware[2]
      Sending file. Request path: '/css/admin/kendo/kendo.common.min.css'. Physical path: 'H:\Programming New\AtiehJobCore\Presentation\AtiehJobCore.Web\wwwroot\css\admin\kendo\kendo.common.min.css'
info: Microsoft.AspNetCore.Hosting.Internal.WebHost[2]
      Request finished in 197.1563ms 200 text/css
info: Microsoft.AspNetCore.StaticFiles.StaticFileMiddleware[2]
      Sending file. Request path: '/img/brand/3.svg'. Physical path: 'H:\Programming New\AtiehJobCore\Presentation\AtiehJobCore.Web\wwwroot\img\brand\3.svg'
info: Microsoft.AspNetCore.StaticFiles.StaticFileMiddleware[2]
      Sending file. Request path: '/css/admin/admin.min.css'. Physical path: 'H:\Programming New\AtiehJobCore\Presentation\AtiehJobCore.Web\wwwroot\css\admin\admin.min.css'
info: Microsoft.AspNetCore.StaticFiles.StaticFileMiddleware[2]
      Sending file. Request path: '/css/admin/kendo/kendo.custom.min.css'. Physical path: 'H:\Programming New\AtiehJobCore\Presentation\AtiehJobCore.Web\wwwroot\css\admin\kendo\kendo.custom.min.css'
info: Microsoft.AspNetCore.Hosting.Internal.WebHost[2]
      Request finished in 216.1684ms 200 image/svg+xml
info: Microsoft.AspNetCore.Hosting.Internal.WebHost[2]
      Request finished in 218.6696ms 200 image/svg+xml
info: Microsoft.AspNetCore.Hosting.Internal.WebHost[2]
      Request finished in 241.9486ms 200 text/css
info: Microsoft.AspNetCore.StaticFiles.StaticFileMiddleware[2]
      Sending file. Request path: '/js/jqueryAll.min.js'. Physical path: 'H:\Programming New\AtiehJobCore\Presentation\AtiehJobCore.Web\wwwroot\js\jqueryAll.min.js'
info: Microsoft.AspNetCore.Hosting.Internal.WebHost[2]
      Request finished in 258.6171ms 200 text/css
info: Microsoft.AspNetCore.Hosting.Internal.WebHost[1]
      Request starting HTTP/2.0 GET https://localhost:44344/js/admin/admin.min.js  
info: Microsoft.AspNetCore.Hosting.Internal.WebHost[2]
      Request finished in 262.3475ms 200 application/javascript
info: Microsoft.AspNetCore.StaticFiles.StaticFileMiddleware[2]
      Sending file. Request path: '/js/admin/admin.min.js'. Physical path: 'H:\Programming New\AtiehJobCore\Presentation\AtiehJobCore.Web\wwwroot\js\admin\admin.min.js'
info: Microsoft.AspNetCore.Hosting.Internal.WebHost[2]
      Request finished in 71.3094ms 200 application/javascript
info: Microsoft.AspNetCore.Hosting.Internal.WebHost[1]
      Request starting HTTP/2.0 GET https://localhost:44344/js/admin/admin.search.min.js  
info: Microsoft.AspNetCore.StaticFiles.StaticFileMiddleware[2]
      Sending file. Request path: '/js/admin/admin.search.min.js'. Physical path: 'H:\Programming New\AtiehJobCore\Presentation\AtiehJobCore.Web\wwwroot\js\admin\admin.search.min.js'
info: Microsoft.AspNetCore.Hosting.Internal.WebHost[2]
      Request finished in 44.9259ms 200 application/javascript
info: Microsoft.AspNetCore.Hosting.Internal.WebHost[1]
      Request starting HTTP/2.0 GET https://localhost:44344/js/admin/jquery-ui/jquery-ui.min.js  
info: Microsoft.AspNetCore.Hosting.Internal.WebHost[1]
      Request starting HTTP/2.0 GET https://localhost:44344/avatars/7.jpg  
info: Microsoft.AspNetCore.Hosting.Internal.WebHost[1]
      Request starting HTTP/2.0 GET https://localhost:44344/js/admin/kendo/cultures/kendo.culture.en-US.min.js  
info: Microsoft.AspNetCore.Hosting.Internal.WebHost[1]
      Request starting HTTP/2.0 GET https://localhost:44344/img/flags/us.png  
info: Microsoft.AspNetCore.Hosting.Internal.WebHost[1]
      Request starting HTTP/2.0 GET https://localhost:44344/js/admin/kendo/kendo.grid.min.js  
info: Microsoft.AspNetCore.Hosting.Internal.WebHost[1]
      Request starting HTTP/2.0 GET https://localhost:44344/js/admin/admin.common.min.js  
info: Microsoft.AspNetCore.Hosting.Internal.WebHost[1]
      Request starting HTTP/2.0 GET https://localhost:44344/avatars/6.jpg  
info: Microsoft.AspNetCore.Hosting.Internal.WebHost[1]
      Request starting HTTP/2.0 GET https://localhost:44344/img/flags/ir.png  
info: Microsoft.AspNetCore.Hosting.Internal.WebHost[1]
      Request starting HTTP/2.0 GET https://localhost:44344/js/admin/kendo/kendo.ui.core.min.js  
info: Microsoft.AspNetCore.Hosting.Internal.WebHost[1]
      Request starting HTTP/2.0 GET https://localhost:44344/avatars/4.jpg  
info: Microsoft.AspNetCore.StaticFiles.StaticFileMiddleware[2]
      Sending file. Request path: '/img/flags/ir.png'. Physical path: 'H:\Programming New\AtiehJobCore\Presentation\AtiehJobCore.Web\wwwroot\img\flags\ir.png'
info: Microsoft.AspNetCore.StaticFiles.StaticFileMiddleware[2]
      Sending file. Request path: '/avatars/7.jpg'. Physical path: 'H:\Programming New\AtiehJobCore\Presentation\AtiehJobCore.Web\wwwroot\avatars\7.jpg'
info: Microsoft.AspNetCore.Hosting.Internal.WebHost[2]
      Request finished in 193.2071ms 200 image/png
info: Microsoft.AspNetCore.Hosting.Internal.WebHost[2]
      Request finished in 200.8433ms 200 image/jpeg
info: Microsoft.AspNetCore.StaticFiles.StaticFileMiddleware[2]
      Sending file. Request path: '/avatars/4.jpg'. Physical path: 'H:\Programming New\AtiehJobCore\Presentation\AtiehJobCore.Web\wwwroot\avatars\4.jpg'
info: Microsoft.AspNetCore.StaticFiles.StaticFileMiddleware[2]
      Sending file. Request path: '/js/admin/kendo/cultures/kendo.culture.en-US.min.js'. Physical path: 'H:\Programming New\AtiehJobCore\Presentation\AtiehJobCore.Web\wwwroot\js\admin\kendo\cultures\kendo.culture.en-US.min.js'
info: Microsoft.AspNetCore.StaticFiles.StaticFileMiddleware[2]
      Sending file. Request path: '/img/flags/us.png'. Physical path: 'H:\Programming New\AtiehJobCore\Presentation\AtiehJobCore.Web\wwwroot\img\flags\us.png'
info: Microsoft.AspNetCore.Hosting.Internal.WebHost[2]
      Request finished in 159.2983ms 200 image/jpeg
info: Microsoft.AspNetCore.Hosting.Internal.WebHost[2]
      Request finished in 234.4481ms 200 application/javascript
info: Microsoft.AspNetCore.StaticFiles.StaticFileMiddleware[2]
      Sending file. Request path: '/js/admin/jquery-ui/jquery-ui.min.js'. Physical path: 'H:\Programming New\AtiehJobCore\Presentation\AtiehJobCore.Web\wwwroot\js\admin\jquery-ui\jquery-ui.min.js'
info: Microsoft.AspNetCore.Hosting.Internal.WebHost[1]
      Request starting HTTP/2.0 GET https://localhost:44344/avatars/2.jpg  
info: Microsoft.AspNetCore.Hosting.Internal.WebHost[1]
      Request starting HTTP/2.0 GET https://localhost:44344/avatars/3.jpg  
info: Microsoft.AspNetCore.Hosting.Internal.WebHost[1]
      Request starting HTTP/2.0 GET https://localhost:44344/avatars/5.jpg  
info: Microsoft.AspNetCore.StaticFiles.StaticFileMiddleware[2]
      Sending file. Request path: '/avatars/6.jpg'. Physical path: 'H:\Programming New\AtiehJobCore\Presentation\AtiehJobCore.Web\wwwroot\avatars\6.jpg'
info: Microsoft.AspNetCore.Hosting.Internal.WebHost[2]
      Request finished in 250.6401ms 200 application/javascript
info: Microsoft.AspNetCore.Hosting.Internal.WebHost[1]
      Request starting HTTP/2.0 GET https://localhost:44344/avatars/8.jpg  
info: Microsoft.AspNetCore.Hosting.Internal.WebHost[2]
      Request finished in 266.991ms 200 image/jpeg
info: Microsoft.AspNetCore.StaticFiles.StaticFileMiddleware[2]
      Sending file. Request path: '/js/admin/admin.common.min.js'. Physical path: 'H:\Programming New\AtiehJobCore\Presentation\AtiehJobCore.Web\wwwroot\js\admin\admin.common.min.js'
info: Microsoft.AspNetCore.Hosting.Internal.WebHost[1]
      Request starting HTTP/2.0 GET https://localhost:44344/webfonts/simpleLineIcon/Simple-Line-Icons.woff2?v=2.4.0  
info: Microsoft.AspNetCore.StaticFiles.StaticFileMiddleware[2]
      Sending file. Request path: '/avatars/5.jpg'. Physical path: 'H:\Programming New\AtiehJobCore\Presentation\AtiehJobCore.Web\wwwroot\avatars\5.jpg'
info: Microsoft.AspNetCore.Hosting.Internal.WebHost[2]
      Request finished in 301.5961ms 200 application/javascript
info: Microsoft.AspNetCore.StaticFiles.StaticFileMiddleware[2]
      Sending file. Request path: '/js/admin/kendo/kendo.grid.min.js'. Physical path: 'H:\Programming New\AtiehJobCore\Presentation\AtiehJobCore.Web\wwwroot\js\admin\kendo\kendo.grid.min.js'
info: Microsoft.AspNetCore.Hosting.Internal.WebHost[2]
      Request finished in 306.1212ms 200 image/png
info: Microsoft.AspNetCore.Hosting.Internal.WebHost[2]
      Request finished in 309.3111ms 200 application/javascript
info: Microsoft.AspNetCore.Hosting.Internal.WebHost[2]
      Request finished in 70.4505ms 200 image/jpeg
info: Microsoft.AspNetCore.StaticFiles.StaticFileMiddleware[2]
      Sending file. Request path: '/avatars/2.jpg'. Physical path: 'H:\Programming New\AtiehJobCore\Presentation\AtiehJobCore.Web\wwwroot\avatars\2.jpg'
info: Microsoft.AspNetCore.StaticFiles.StaticFileMiddleware[2]
      Sending file. Request path: '/avatars/3.jpg'. Physical path: 'H:\Programming New\AtiehJobCore\Presentation\AtiehJobCore.Web\wwwroot\avatars\3.jpg'
info: Microsoft.AspNetCore.StaticFiles.StaticFileMiddleware[2]
      Sending file. Request path: '/avatars/8.jpg'. Physical path: 'H:\Programming New\AtiehJobCore\Presentation\AtiehJobCore.Web\wwwroot\avatars\8.jpg'
info: Microsoft.AspNetCore.StaticFiles.StaticFileMiddleware[2]
      Sending file. Request path: '/webfonts/simpleLineIcon/Simple-Line-Icons.woff2'. Physical path: 'H:\Programming New\AtiehJobCore\Presentation\AtiehJobCore.Web\wwwroot\webfonts\simpleLineIcon\Simple-Line-Icons.woff2'
info: Microsoft.AspNetCore.StaticFiles.StaticFileMiddleware[2]
      Sending file. Request path: '/js/admin/kendo/kendo.ui.core.min.js'. Physical path: 'H:\Programming New\AtiehJobCore\Presentation\AtiehJobCore.Web\wwwroot\js\admin\kendo\kendo.ui.core.min.js'
info: Microsoft.AspNetCore.Hosting.Internal.WebHost[2]
      Request finished in 93.7343ms 200 image/jpeg
info: Microsoft.AspNetCore.Hosting.Internal.WebHost[2]
      Request finished in 81.8583ms 200 image/jpeg
info: Microsoft.AspNetCore.Hosting.Internal.WebHost[2]
      Request finished in 317.0622ms 200 application/javascript
info: Microsoft.AspNetCore.Hosting.Internal.WebHost[2]
      Request finished in 61.468ms 200 font/woff2
info: Microsoft.AspNetCore.Hosting.Internal.WebHost[2]
      Request finished in 117.2388ms 200 image/jpeg
info: Microsoft.AspNetCore.Hosting.Internal.WebHost[1]
      Request starting HTTP/2.0 GET https://localhost:44344/css/admin/kendo/fonts/glyphs/WebComponentsIcons.ttf?gedxeo  
info: Microsoft.AspNetCore.StaticFiles.StaticFileMiddleware[2]
      Sending file. Request path: '/css/admin/kendo/fonts/glyphs/WebComponentsIcons.ttf'. Physical path: 'H:\Programming New\AtiehJobCore\Presentation\AtiehJobCore.Web\wwwroot\css\admin\kendo\fonts\glyphs\WebComponentsIcons.ttf'
info: Microsoft.AspNetCore.Hosting.Internal.WebHost[2]
      Request finished in 125.8122ms 200 application/x-font-ttf
info: Microsoft.AspNetCore.Hosting.Internal.WebHost[1]
      Request starting HTTP/2.0 POST https://localhost:44344/admin/Language/List application/x-www-form-urlencoded; charset=UTF-8 225
info: Microsoft.AspNetCore.Hosting.Internal.WebHost[1]
      Request starting HTTP/2.0 GET https://localhost:44344/css/admin/kendo/Bootstrap/loading-image.gif  
info: Microsoft.AspNetCore.Mvc.Internal.ControllerActionInvoker[1]
      Route matched with {area = "Admin", action = "List", controller = "Language"}. Executing action AtiehJobCore.Web.Areas.Admin.Controllers.LanguageController.List (AtiehJobCore.Web)
info: Microsoft.AspNetCore.StaticFiles.StaticFileMiddleware[2]
      Sending file. Request path: '/css/admin/kendo/Bootstrap/loading-image.gif'. Physical path: 'H:\Programming New\AtiehJobCore\Presentation\AtiehJobCore.Web\wwwroot\css\admin\kendo\Bootstrap\loading-image.gif'
info: Microsoft.AspNetCore.Authorization.DefaultAuthorizationService[1]
      Authorization was successful.
info: Microsoft.AspNetCore.Hosting.Internal.WebHost[2]
      Request finished in 55.957ms 200 image/gif
info: Microsoft.AspNetCore.Mvc.Internal.ControllerActionInvoker[1]
      Executing action method AtiehJobCore.Web.Areas.Admin.Controllers.LanguageController.List (AtiehJobCore.Web) with arguments (AtiehJobCore.Web.Framework.KendoUi.DataSourceRequest) - Validation state: Valid
info: Microsoft.AspNetCore.Mvc.Internal.ControllerActionInvoker[2]
      Executed action method AtiehJobCore.Web.Areas.Admin.Controllers.LanguageController.List (AtiehJobCore.Web), returned result Microsoft.AspNetCore.Mvc.JsonResult in 3.0293ms.
info: Microsoft.AspNetCore.Mvc.Formatters.Json.Internal.JsonResultExecutor[1]
      Executing JsonResult, writing value of type 'AtiehJobCore.Web.Framework.KendoUi.DataSourceResult'.
info: Microsoft.AspNetCore.Mvc.Internal.ControllerActionInvoker[2]
      Executed action AtiehJobCore.Web.Areas.Admin.Controllers.LanguageController.List (AtiehJobCore.Web) in 122.7028ms
info: Microsoft.AspNetCore.Hosting.Internal.WebHost[2]
      Request finished in 150.1785ms 200 application/json; charset=utf-8
info: Microsoft.AspNetCore.Hosting.Internal.WebHost[1]
      Request starting HTTP/2.0 GET https://localhost:44344/  
info: Microsoft.AspNetCore.Mvc.Internal.ControllerActionInvoker[1]
      Route matched with {action = "Index", controller = "Home", area = ""}. Executing action AtiehJobCore.Web.Controllers.HomeController.Index (AtiehJobCore.Web)
info: Microsoft.AspNetCore.Mvc.Internal.ControllerActionInvoker[1]
      Executing action method AtiehJobCore.Web.Controllers.HomeController.Index (AtiehJobCore.Web) - Validation state: Valid
info: Microsoft.AspNetCore.Mvc.Internal.ControllerActionInvoker[2]
      Executed action method AtiehJobCore.Web.Controllers.HomeController.Index (AtiehJobCore.Web), returned result Microsoft.AspNetCore.Mvc.ViewResult in 0.0439ms.
info: Microsoft.AspNetCore.Mvc.ViewFeatures.ViewResultExecutor[1]
      Executing ViewResult, running view Index.
info: Microsoft.AspNetCore.Mvc.ViewFeatures.ViewResultExecutor[4]
      Executed ViewResult - view Index executed in 25.4771ms.
info: Microsoft.AspNetCore.Mvc.Internal.ControllerActionInvoker[2]
      Executed action AtiehJobCore.Web.Controllers.HomeController.Index (AtiehJobCore.Web) in 87.2963ms
info: Microsoft.AspNetCore.Hosting.Internal.WebHost[2]
      Request finished in 108.394ms 200 text/html; charset=utf-8
info: Microsoft.AspNetCore.Hosting.Internal.WebHost[1]
      Request starting HTTP/2.0 GET https://localhost:44344/changelanguage/5c692c238d0a073c74a2ec72?returnurl=%2f  
info: Microsoft.AspNetCore.Mvc.Internal.ControllerActionInvoker[1]
      Route matched with {action = "SetLanguage", controller = "Common", area = ""}. Executing action AtiehJobCore.Web.Controllers.CommonController.SetLanguage (AtiehJobCore.Web)
info: Microsoft.AspNetCore.Mvc.Internal.ControllerActionInvoker[1]
      Executing action method AtiehJobCore.Web.Controllers.CommonController.SetLanguage (AtiehJobCore.Web) with arguments (AtiehJobCore.Services.Localization.LanguageService, AtiehJobCore.Core.Domain.Localization.LocalizationSettings, 5c692c238d0a073c74a2ec72, /) - Validation state: Valid
info: Microsoft.AspNetCore.Mvc.Internal.ControllerActionInvoker[2]
      Executed action method AtiehJobCore.Web.Controllers.CommonController.SetLanguage (AtiehJobCore.Web), returned result Microsoft.AspNetCore.Mvc.RedirectResult in 5.6697ms.
info: Microsoft.AspNetCore.Mvc.Infrastructure.RedirectResultExecutor[1]
      Executing RedirectResult, redirecting to /.
info: Microsoft.AspNetCore.Mvc.Internal.ControllerActionInvoker[2]
      Executed action AtiehJobCore.Web.Controllers.CommonController.SetLanguage (AtiehJobCore.Web) in 47.8702ms
info: Microsoft.AspNetCore.Hosting.Internal.WebHost[2]
      Request finished in 60.5448ms 302 
info: Microsoft.AspNetCore.Hosting.Internal.WebHost[1]
      Request starting HTTP/2.0 GET https://localhost:44344/  
info: Microsoft.AspNetCore.Mvc.Internal.ControllerActionInvoker[1]
      Route matched with {action = "Index", controller = "Home", area = ""}. Executing action AtiehJobCore.Web.Controllers.HomeController.Index (AtiehJobCore.Web)
info: Microsoft.AspNetCore.Mvc.Internal.ControllerActionInvoker[1]
      Executing action method AtiehJobCore.Web.Controllers.HomeController.Index (AtiehJobCore.Web) - Validation state: Valid
info: Microsoft.AspNetCore.Mvc.Internal.ControllerActionInvoker[2]
      Executed action method AtiehJobCore.Web.Controllers.HomeController.Index (AtiehJobCore.Web), returned result Microsoft.AspNetCore.Mvc.ViewResult in 0.0369ms.
info: Microsoft.AspNetCore.Mvc.ViewFeatures.ViewResultExecutor[1]
      Executing ViewResult, running view Index.
info: Microsoft.AspNetCore.Mvc.ViewFeatures.ViewResultExecutor[4]
      Executed ViewResult - view Index executed in 19.7398ms.
info: Microsoft.AspNetCore.Mvc.Internal.ControllerActionInvoker[2]
      Executed action AtiehJobCore.Web.Controllers.HomeController.Index (AtiehJobCore.Web) in 62.0211ms
info: Microsoft.AspNetCore.Hosting.Internal.WebHost[2]
      Request finished in 71.9302ms 200 text/html; charset=utf-8
info: Microsoft.AspNetCore.Hosting.Internal.WebHost[1]
      Request starting HTTP/2.0 GET https://localhost:44344/Admin  
info: Microsoft.AspNetCore.Mvc.Internal.ControllerActionInvoker[1]
      Route matched with {area = "Admin", action = "Index", controller = "Home"}. Executing action AtiehJobCore.Web.Areas.Admin.Controllers.HomeController.Index (AtiehJobCore.Web)
info: Microsoft.AspNetCore.Authorization.DefaultAuthorizationService[1]
      Authorization was successful.
info: Microsoft.AspNetCore.Mvc.Internal.ControllerActionInvoker[1]
      Executing action method AtiehJobCore.Web.Areas.Admin.Controllers.HomeController.Index (AtiehJobCore.Web) - Validation state: Valid
info: Microsoft.AspNetCore.Mvc.Internal.ControllerActionInvoker[2]
      Executed action method AtiehJobCore.Web.Areas.Admin.Controllers.HomeController.Index (AtiehJobCore.Web), returned result Microsoft.AspNetCore.Mvc.ViewResult in 0.3449ms.
info: Microsoft.AspNetCore.Mvc.ViewFeatures.ViewResultExecutor[1]
      Executing ViewResult, running view Index.
info: Microsoft.AspNetCore.Mvc.ViewFeatures.ViewResultExecutor[4]
      Executed ViewResult - view Index executed in 73.7946ms.
info: Microsoft.AspNetCore.Mvc.Internal.ControllerActionInvoker[2]
      Executed action AtiehJobCore.Web.Areas.Admin.Controllers.HomeController.Index (AtiehJobCore.Web) in 128.0941ms
info: Microsoft.AspNetCore.Hosting.Internal.WebHost[2]
      Request finished in 140.918ms 200 text/html; charset=utf-8
info: Microsoft.AspNetCore.Hosting.Internal.WebHost[1]
      Request starting HTTP/2.0 GET https://localhost:44344/css/admin/admin.note-rtl.min.css  
info: Microsoft.AspNetCore.Hosting.Internal.WebHost[1]
      Request starting HTTP/2.0 GET https://localhost:44344/css/admin/kendo/kendo.rtl.min.css  
info: Microsoft.AspNetCore.StaticFiles.StaticFileMiddleware[2]
      Sending file. Request path: '/css/admin/admin.note-rtl.min.css'. Physical path: 'H:\Programming New\AtiehJobCore\Presentation\AtiehJobCore.Web\wwwroot\css\admin\admin.note-rtl.min.css'
info: Microsoft.AspNetCore.Hosting.Internal.WebHost[2]
      Request finished in 56.2941ms 200 text/css
info: Microsoft.AspNetCore.StaticFiles.StaticFileMiddleware[2]
      Sending file. Request path: '/css/admin/kendo/kendo.rtl.min.css'. Physical path: 'H:\Programming New\AtiehJobCore\Presentation\AtiehJobCore.Web\wwwroot\css\admin\kendo\kendo.rtl.min.css'
info: Microsoft.AspNetCore.Hosting.Internal.WebHost[2]
      Request finished in 70.0348ms 200 text/css
info: Microsoft.AspNetCore.Hosting.Internal.WebHost[1]
      Request starting HTTP/2.0 GET https://localhost:44344/Admin/Language/List  
info: Microsoft.AspNetCore.Mvc.Internal.ControllerActionInvoker[1]
      Route matched with {area = "Admin", action = "List", controller = "Language"}. Executing action AtiehJobCore.Web.Areas.Admin.Controllers.LanguageController.List (AtiehJobCore.Web)
info: Microsoft.AspNetCore.Authorization.DefaultAuthorizationService[1]
      Authorization was successful.
info: Microsoft.AspNetCore.Mvc.Internal.ControllerActionInvoker[1]
      Executing action method AtiehJobCore.Web.Areas.Admin.Controllers.LanguageController.List (AtiehJobCore.Web) - Validation state: Valid
info: Microsoft.AspNetCore.Mvc.Internal.ControllerActionInvoker[2]
      Executed action method AtiehJobCore.Web.Areas.Admin.Controllers.LanguageController.List (AtiehJobCore.Web), returned result Microsoft.AspNetCore.Mvc.ViewResult in 0.0658ms.
info: Microsoft.AspNetCore.Mvc.ViewFeatures.ViewResultExecutor[1]
      Executing ViewResult, running view List.
info: Microsoft.AspNetCore.Mvc.ViewFeatures.ViewResultExecutor[4]
      Executed ViewResult - view List executed in 18.7325ms.
info: Microsoft.AspNetCore.Mvc.Internal.ControllerActionInvoker[2]
      Executed action AtiehJobCore.Web.Areas.Admin.Controllers.LanguageController.List (AtiehJobCore.Web) in 69.2772ms
info: Microsoft.AspNetCore.Hosting.Internal.WebHost[2]
      Request finished in 80.4319ms 200 text/html; charset=utf-8
info: Microsoft.AspNetCore.Hosting.Internal.WebHost[1]
      Request starting HTTP/2.0 POST https://localhost:44344/Admin/Language/List application/x-www-form-urlencoded; charset=UTF-8 225
info: Microsoft.AspNetCore.Mvc.Internal.ControllerActionInvoker[1]
      Route matched with {area = "Admin", action = "List", controller = "Language"}. Executing action AtiehJobCore.Web.Areas.Admin.Controllers.LanguageController.List (AtiehJobCore.Web)
info: Microsoft.AspNetCore.Authorization.DefaultAuthorizationService[1]
      Authorization was successful.
info: Microsoft.AspNetCore.Mvc.Internal.ControllerActionInvoker[1]
      Executing action method AtiehJobCore.Web.Areas.Admin.Controllers.LanguageController.List (AtiehJobCore.Web) with arguments (AtiehJobCore.Web.Framework.KendoUi.DataSourceRequest) - Validation state: Valid
info: Microsoft.AspNetCore.Mvc.Internal.ControllerActionInvoker[2]
      Executed action method AtiehJobCore.Web.Areas.Admin.Controllers.LanguageController.List (AtiehJobCore.Web), returned result Microsoft.AspNetCore.Mvc.JsonResult in 0.7843ms.
info: Microsoft.AspNetCore.Mvc.Formatters.Json.Internal.JsonResultExecutor[1]
      Executing JsonResult, writing value of type 'AtiehJobCore.Web.Framework.KendoUi.DataSourceResult'.
info: Microsoft.AspNetCore.Mvc.Internal.ControllerActionInvoker[2]
      Executed action AtiehJobCore.Web.Areas.Admin.Controllers.LanguageController.List (AtiehJobCore.Web) in 61.5ms
info: Microsoft.AspNetCore.Hosting.Internal.WebHost[2]
      Request finished in 73.3845ms 200 application/json; charset=utf-8
info: Microsoft.AspNetCore.Hosting.Internal.WebHost[1]
      Request starting HTTP/2.0 GET https://localhost:44344/Admin/Language/Edit/5c692c238d0a073c74a2ec72  
info: Microsoft.AspNetCore.Mvc.Internal.ControllerActionInvoker[1]
      Route matched with {area = "Admin", action = "Edit", controller = "Language"}. Executing action AtiehJobCore.Web.Areas.Admin.Controllers.LanguageController.Edit (AtiehJobCore.Web)
info: Microsoft.AspNetCore.Authorization.DefaultAuthorizationService[1]
      Authorization was successful.
info: Microsoft.AspNetCore.Mvc.Internal.ControllerActionInvoker[1]
      Executing action method AtiehJobCore.Web.Areas.Admin.Controllers.LanguageController.Edit (AtiehJobCore.Web) with arguments (5c692c238d0a073c74a2ec72) - Validation state: Valid
info: Microsoft.AspNetCore.Mvc.Internal.ControllerActionInvoker[2]
      Executed action method AtiehJobCore.Web.Areas.Admin.Controllers.LanguageController.Edit (AtiehJobCore.Web), returned result Microsoft.AspNetCore.Mvc.ViewResult in 2.0448ms.
info: Microsoft.AspNetCore.Mvc.ViewFeatures.ViewResultExecutor[1]
      Executing ViewResult, running view Edit.
info: Microsoft.AspNetCore.Mvc.ViewFeatures.ViewResultExecutor[4]
      Executed ViewResult - view Edit executed in 988.516ms.
info: Microsoft.AspNetCore.Mvc.Internal.ControllerActionInvoker[2]
      Executed action AtiehJobCore.Web.Areas.Admin.Controllers.LanguageController.Edit (AtiehJobCore.Web) in 1039.4696ms
info: Microsoft.AspNetCore.Hosting.Internal.WebHost[2]
      Request finished in 1054.3651ms 200 text/html; charset=utf-8
info: Microsoft.AspNetCore.Hosting.Internal.WebHost[1]
      Request starting HTTP/2.0 POST https://localhost:44344/Admin/Language/Resources?languageId=5c692c238d0a073c74a2ec72 application/x-www-form-urlencoded; charset=UTF-8 288
info: Microsoft.AspNetCore.Mvc.Internal.ControllerActionInvoker[1]
      Route matched with {area = "Admin", action = "Resources", controller = "Language"}. Executing action AtiehJobCore.Web.Areas.Admin.Controllers.LanguageController.Resources (AtiehJobCore.Web)
info: Microsoft.AspNetCore.Authorization.DefaultAuthorizationService[1]
      Authorization was successful.
info: Microsoft.AspNetCore.Mvc.Internal.ControllerActionInvoker[1]
      Executing action method AtiehJobCore.Web.Areas.Admin.Controllers.LanguageController.Resources (AtiehJobCore.Web) with arguments (5c692c238d0a073c74a2ec72, AtiehJobCore.Web.Framework.KendoUi.DataSourceRequest, AtiehJobCore.Web.Framework.Models.Admin.AdminLanguageResourceFilterModel) - Validation state: Valid
info: Microsoft.AspNetCore.Mvc.Internal.ControllerActionInvoker[2]
      Executed action method AtiehJobCore.Web.Areas.Admin.Controllers.LanguageController.Resources (AtiehJobCore.Web), returned result Microsoft.AspNetCore.Mvc.JsonResult in 30.9981ms.
info: Microsoft.AspNetCore.Mvc.Formatters.Json.Internal.JsonResultExecutor[1]
      Executing JsonResult, writing value of type 'AtiehJobCore.Web.Framework.KendoUi.DataSourceResult'.
info: Microsoft.AspNetCore.Mvc.Internal.ControllerActionInvoker[2]
      Executed action AtiehJobCore.Web.Areas.Admin.Controllers.LanguageController.Resources (AtiehJobCore.Web) in 140.9657ms
info: Microsoft.AspNetCore.Hosting.Internal.WebHost[2]
      Request finished in 160.8409ms 200 application/json; charset=utf-8
info: Microsoft.AspNetCore.Hosting.Internal.WebHost[1]
      Request starting HTTP/2.0 GET https://localhost:44344/Admin/Language/List  
info: Microsoft.AspNetCore.Mvc.Internal.ControllerActionInvoker[1]
      Route matched with {area = "Admin", action = "List", controller = "Language"}. Executing action AtiehJobCore.Web.Areas.Admin.Controllers.LanguageController.List (AtiehJobCore.Web)
info: Microsoft.AspNetCore.Authorization.DefaultAuthorizationService[1]
      Authorization was successful.
info: Microsoft.AspNetCore.Mvc.Internal.ControllerActionInvoker[1]
      Executing action method AtiehJobCore.Web.Areas.Admin.Controllers.LanguageController.List (AtiehJobCore.Web) - Validation state: Valid
info: Microsoft.AspNetCore.Mvc.Internal.ControllerActionInvoker[2]
      Executed action method AtiehJobCore.Web.Areas.Admin.Controllers.LanguageController.List (AtiehJobCore.Web), returned result Microsoft.AspNetCore.Mvc.ViewResult in 0.0727ms.
info: Microsoft.AspNetCore.Mvc.ViewFeatures.ViewResultExecutor[1]
      Executing ViewResult, running view List.
info: Microsoft.AspNetCore.Mvc.ViewFeatures.ViewResultExecutor[4]
      Executed ViewResult - view List executed in 20.5156ms.
info: Microsoft.AspNetCore.Mvc.Internal.ControllerActionInvoker[2]
      Executed action AtiehJobCore.Web.Areas.Admin.Controllers.LanguageController.List (AtiehJobCore.Web) in 106.7066ms
info: Microsoft.AspNetCore.Hosting.Internal.WebHost[2]
      Request finished in 116.0528ms 200 text/html; charset=utf-8
info: Microsoft.AspNetCore.Hosting.Internal.WebHost[1]
      Request starting HTTP/2.0 POST https://localhost:44344/Admin/Language/List application/x-www-form-urlencoded; charset=UTF-8 225
info: Microsoft.AspNetCore.Mvc.Internal.ControllerActionInvoker[1]
      Route matched with {area = "Admin", action = "List", controller = "Language"}. Executing action AtiehJobCore.Web.Areas.Admin.Controllers.LanguageController.List (AtiehJobCore.Web)
info: Microsoft.AspNetCore.Authorization.DefaultAuthorizationService[1]
      Authorization was successful.
info: Microsoft.AspNetCore.Mvc.Internal.ControllerActionInvoker[1]
      Executing action method AtiehJobCore.Web.Areas.Admin.Controllers.LanguageController.List (AtiehJobCore.Web) with arguments (AtiehJobCore.Web.Framework.KendoUi.DataSourceRequest) - Validation state: Valid
info: Microsoft.AspNetCore.Mvc.Internal.ControllerActionInvoker[2]
      Executed action method AtiehJobCore.Web.Areas.Admin.Controllers.LanguageController.List (AtiehJobCore.Web), returned result Microsoft.AspNetCore.Mvc.JsonResult in 0.8953ms.
info: Microsoft.AspNetCore.Mvc.Formatters.Json.Internal.JsonResultExecutor[1]
      Executing JsonResult, writing value of type 'AtiehJobCore.Web.Framework.KendoUi.DataSourceResult'.
info: Microsoft.AspNetCore.Mvc.Internal.ControllerActionInvoker[2]
      Executed action AtiehJobCore.Web.Areas.Admin.Controllers.LanguageController.List (AtiehJobCore.Web) in 59.9469ms
info: Microsoft.AspNetCore.Hosting.Internal.WebHost[2]
      Request finished in 73.3791ms 200 application/json; charset=utf-8
info: Microsoft.AspNetCore.Hosting.Internal.WebHost[1]
      Request starting HTTP/2.0 GET https://localhost:44344/Admin/Language/Edit/5c692c238d0a073c74a2ec71  
info: Microsoft.AspNetCore.Mvc.Internal.ControllerActionInvoker[1]
      Route matched with {area = "Admin", action = "Edit", controller = "Language"}. Executing action AtiehJobCore.Web.Areas.Admin.Controllers.LanguageController.Edit (AtiehJobCore.Web)
info: Microsoft.AspNetCore.Authorization.DefaultAuthorizationService[1]
      Authorization was successful.
info: Microsoft.AspNetCore.Mvc.Internal.ControllerActionInvoker[1]
      Executing action method AtiehJobCore.Web.Areas.Admin.Controllers.LanguageController.Edit (AtiehJobCore.Web) with arguments (5c692c238d0a073c74a2ec71) - Validation state: Valid
info: Microsoft.AspNetCore.Mvc.Internal.ControllerActionInvoker[2]
      Executed action method AtiehJobCore.Web.Areas.Admin.Controllers.LanguageController.Edit (AtiehJobCore.Web), returned result Microsoft.AspNetCore.Mvc.ViewResult in 10.7792ms.
info: Microsoft.AspNetCore.Mvc.ViewFeatures.ViewResultExecutor[1]
      Executing ViewResult, running view Edit.
info: Microsoft.AspNetCore.Mvc.ViewFeatures.ViewResultExecutor[4]
      Executed ViewResult - view Edit executed in 170.5603ms.
info: Microsoft.AspNetCore.Mvc.Internal.ControllerActionInvoker[2]
      Executed action AtiehJobCore.Web.Areas.Admin.Controllers.LanguageController.Edit (AtiehJobCore.Web) in 236.8796ms
info: Microsoft.AspNetCore.Hosting.Internal.WebHost[2]
      Request finished in 248.5862ms 200 text/html; charset=utf-8
info: Microsoft.AspNetCore.Hosting.Internal.WebHost[1]
      Request starting HTTP/2.0 POST https://localhost:44344/Admin/Language/Resources?languageId=5c692c238d0a073c74a2ec71 application/x-www-form-urlencoded; charset=UTF-8 288
info: Microsoft.AspNetCore.Mvc.Internal.ControllerActionInvoker[1]
      Route matched with {area = "Admin", action = "Resources", controller = "Language"}. Executing action AtiehJobCore.Web.Areas.Admin.Controllers.LanguageController.Resources (AtiehJobCore.Web)
info: Microsoft.AspNetCore.Authorization.DefaultAuthorizationService[1]
      Authorization was successful.
info: Microsoft.AspNetCore.Mvc.Internal.ControllerActionInvoker[1]
      Executing action method AtiehJobCore.Web.Areas.Admin.Controllers.LanguageController.Resources (AtiehJobCore.Web) with arguments (5c692c238d0a073c74a2ec71, AtiehJobCore.Web.Framework.KendoUi.DataSourceRequest, AtiehJobCore.Web.Framework.Models.Admin.AdminLanguageResourceFilterModel) - Validation state: Valid
info: Microsoft.AspNetCore.Mvc.Internal.ControllerActionInvoker[2]
      Executed action method AtiehJobCore.Web.Areas.Admin.Controllers.LanguageController.Resources (AtiehJobCore.Web), returned result Microsoft.AspNetCore.Mvc.JsonResult in 2.3331ms.
info: Microsoft.AspNetCore.Mvc.Formatters.Json.Internal.JsonResultExecutor[1]
      Executing JsonResult, writing value of type 'AtiehJobCore.Web.Framework.KendoUi.DataSourceResult'.
info: Microsoft.AspNetCore.Mvc.Internal.ControllerActionInvoker[2]
      Executed action AtiehJobCore.Web.Areas.Admin.Controllers.LanguageController.Resources (AtiehJobCore.Web) in 61.1889ms
info: Microsoft.AspNetCore.Hosting.Internal.WebHost[2]
      Request finished in 70.7146ms 200 application/json; charset=utf-8
info: Microsoft.AspNetCore.Hosting.Internal.WebHost[1]
      Request starting HTTP/2.0 POST https://localhost:44344/Admin/Language/Resources?languageId=5c692c238d0a073c74a2ec71 application/x-www-form-urlencoded; charset=UTF-8 289
info: Microsoft.AspNetCore.Mvc.Internal.ControllerActionInvoker[1]
      Route matched with {area = "Admin", action = "Resources", controller = "Language"}. Executing action AtiehJobCore.Web.Areas.Admin.Controllers.LanguageController.Resources (AtiehJobCore.Web)
info: Microsoft.AspNetCore.Authorization.DefaultAuthorizationService[1]
      Authorization was successful.
info: Microsoft.AspNetCore.Mvc.Internal.ControllerActionInvoker[1]
      Executing action method AtiehJobCore.Web.Areas.Admin.Controllers.LanguageController.Resources (AtiehJobCore.Web) with arguments (5c692c238d0a073c74a2ec71, AtiehJobCore.Web.Framework.KendoUi.DataSourceRequest, AtiehJobCore.Web.Framework.Models.Admin.AdminLanguageResourceFilterModel) - Validation state: Valid
info: Microsoft.AspNetCore.Mvc.Internal.ControllerActionInvoker[2]
      Executed action method AtiehJobCore.Web.Areas.Admin.Controllers.LanguageController.Resources (AtiehJobCore.Web), returned result Microsoft.AspNetCore.Mvc.JsonResult in 2.3707ms.
info: Microsoft.AspNetCore.Mvc.Formatters.Json.Internal.JsonResultExecutor[1]
      Executing JsonResult, writing value of type 'AtiehJobCore.Web.Framework.KendoUi.DataSourceResult'.
info: Microsoft.AspNetCore.Mvc.Internal.ControllerActionInvoker[2]
      Executed action AtiehJobCore.Web.Areas.Admin.Controllers.LanguageController.Resources (AtiehJobCore.Web) in 49.7376ms
info: Microsoft.AspNetCore.Hosting.Internal.WebHost[2]
      Request finished in 58.6803ms 200 application/json; charset=utf-8
info: Microsoft.AspNetCore.Hosting.Internal.WebHost[1]
      Request starting HTTP/2.0 POST https://localhost:44344/Admin/Language/Resources?languageId=5c692c238d0a073c74a2ec71 application/x-www-form-urlencoded; charset=UTF-8 289
info: Microsoft.AspNetCore.Mvc.Internal.ControllerActionInvoker[1]
      Route matched with {area = "Admin", action = "Resources", controller = "Language"}. Executing action AtiehJobCore.Web.Areas.Admin.Controllers.LanguageController.Resources (AtiehJobCore.Web)
info: Microsoft.AspNetCore.Authorization.DefaultAuthorizationService[1]
      Authorization was successful.
info: Microsoft.AspNetCore.Mvc.Internal.ControllerActionInvoker[1]
      Executing action method AtiehJobCore.Web.Areas.Admin.Controllers.LanguageController.Resources (AtiehJobCore.Web) with arguments (5c692c238d0a073c74a2ec71, AtiehJobCore.Web.Framework.KendoUi.DataSourceRequest, AtiehJobCore.Web.Framework.Models.Admin.AdminLanguageResourceFilterModel) - Validation state: Valid
info: Microsoft.AspNetCore.Mvc.Internal.ControllerActionInvoker[2]
      Executed action method AtiehJobCore.Web.Areas.Admin.Controllers.LanguageController.Resources (AtiehJobCore.Web), returned result Microsoft.AspNetCore.Mvc.JsonResult in 3.1094ms.
info: Microsoft.AspNetCore.Mvc.Formatters.Json.Internal.JsonResultExecutor[1]
      Executing JsonResult, writing value of type 'AtiehJobCore.Web.Framework.KendoUi.DataSourceResult'.
info: Microsoft.AspNetCore.Mvc.Internal.ControllerActionInvoker[2]
      Executed action AtiehJobCore.Web.Areas.Admin.Controllers.LanguageController.Resources (AtiehJobCore.Web) in 53.1513ms
info: Microsoft.AspNetCore.Hosting.Internal.WebHost[2]
      Request finished in 64.6018ms 200 application/json; charset=utf-8
info: Microsoft.AspNetCore.Hosting.Internal.WebHost[1]
      Request starting HTTP/2.0 GET https://localhost:44344/  
info: Microsoft.AspNetCore.Mvc.Internal.ControllerActionInvoker[1]
      Route matched with {action = "Index", controller = "Home", area = ""}. Executing action AtiehJobCore.Web.Controllers.HomeController.Index (AtiehJobCore.Web)
info: Microsoft.AspNetCore.Mvc.Internal.ControllerActionInvoker[1]
      Executing action method AtiehJobCore.Web.Controllers.HomeController.Index (AtiehJobCore.Web) - Validation state: Valid
info: Microsoft.AspNetCore.Mvc.Internal.ControllerActionInvoker[2]
      Executed action method AtiehJobCore.Web.Controllers.HomeController.Index (AtiehJobCore.Web), returned result Microsoft.AspNetCore.Mvc.ViewResult in 0.0426ms.
info: Microsoft.AspNetCore.Mvc.ViewFeatures.ViewResultExecutor[1]
      Executing ViewResult, running view Index.
info: Microsoft.AspNetCore.Mvc.ViewFeatures.ViewResultExecutor[4]
      Executed ViewResult - view Index executed in 14.9873ms.
info: Microsoft.AspNetCore.Mvc.Internal.ControllerActionInvoker[2]
      Executed action AtiehJobCore.Web.Controllers.HomeController.Index (AtiehJobCore.Web) in 60.1004ms
info: Microsoft.AspNetCore.Hosting.Internal.WebHost[2]
      Request finished in 75.2911ms 200 text/html; charset=utf-8
info: Microsoft.AspNetCore.Hosting.Internal.WebHost[1]
      Request starting HTTP/2.0 GET https://localhost:44344/changelanguage/5c692c238d0a073c74a2ec71?returnurl=%2f  
info: Microsoft.AspNetCore.Mvc.Internal.ControllerActionInvoker[1]
      Route matched with {action = "SetLanguage", controller = "Common", area = ""}. Executing action AtiehJobCore.Web.Controllers.CommonController.SetLanguage (AtiehJobCore.Web)
info: Microsoft.AspNetCore.Mvc.Internal.ControllerActionInvoker[1]
      Executing action method AtiehJobCore.Web.Controllers.CommonController.SetLanguage (AtiehJobCore.Web) with arguments (AtiehJobCore.Services.Localization.LanguageService, AtiehJobCore.Core.Domain.Localization.LocalizationSettings, 5c692c238d0a073c74a2ec71, /) - Validation state: Valid
info: Microsoft.AspNetCore.Mvc.Internal.ControllerActionInvoker[2]
      Executed action method AtiehJobCore.Web.Controllers.CommonController.SetLanguage (AtiehJobCore.Web), returned result Microsoft.AspNetCore.Mvc.RedirectResult in 50.7134ms.
info: Microsoft.AspNetCore.Mvc.Infrastructure.RedirectResultExecutor[1]
      Executing RedirectResult, redirecting to /.
info: Microsoft.AspNetCore.Mvc.Internal.ControllerActionInvoker[2]
      Executed action AtiehJobCore.Web.Controllers.CommonController.SetLanguage (AtiehJobCore.Web) in 93.8458ms
info: Microsoft.AspNetCore.Hosting.Internal.WebHost[2]
      Request finished in 103.842ms 302 
info: Microsoft.AspNetCore.Hosting.Internal.WebHost[1]
      Request starting HTTP/2.0 GET https://localhost:44344/  
info: Microsoft.AspNetCore.Mvc.Internal.ControllerActionInvoker[1]
      Route matched with {action = "Index", controller = "Home", area = ""}. Executing action AtiehJobCore.Web.Controllers.HomeController.Index (AtiehJobCore.Web)
info: Microsoft.AspNetCore.Mvc.Internal.ControllerActionInvoker[1]
      Executing action method AtiehJobCore.Web.Controllers.HomeController.Index (AtiehJobCore.Web) - Validation state: Valid
info: Microsoft.AspNetCore.Mvc.Internal.ControllerActionInvoker[2]
      Executed action method AtiehJobCore.Web.Controllers.HomeController.Index (AtiehJobCore.Web), returned result Microsoft.AspNetCore.Mvc.ViewResult in 0.0511ms.
info: Microsoft.AspNetCore.Mvc.ViewFeatures.ViewResultExecutor[1]
      Executing ViewResult, running view Index.
info: Microsoft.AspNetCore.Mvc.ViewFeatures.ViewResultExecutor[4]
      Executed ViewResult - view Index executed in 21.5347ms.
info: Microsoft.AspNetCore.Mvc.Internal.ControllerActionInvoker[2]
      Executed action AtiehJobCore.Web.Controllers.HomeController.Index (AtiehJobCore.Web) in 70.0945ms
info: Microsoft.AspNetCore.Hosting.Internal.WebHost[2]
      Request finished in 79.781ms 200 text/html; charset=utf-8
info: Microsoft.AspNetCore.Hosting.Internal.WebHost[1]
      Request starting HTTP/2.0 GET https://localhost:44344/account/user/login  
info: Microsoft.AspNetCore.Mvc.Internal.ControllerActionInvoker[1]
      Route matched with {area = "Account", action = "Login", controller = "User"}. Executing action AtiehJobCore.Web.Areas.Account.Controllers.UserController.Login (AtiehJobCore.Web)
info: Microsoft.AspNetCore.Mvc.Internal.ControllerActionInvoker[1]
      Executing action method AtiehJobCore.Web.Areas.Account.Controllers.UserController.Login (AtiehJobCore.Web) - Validation state: Valid
info: Microsoft.AspNetCore.Mvc.Internal.ControllerActionInvoker[2]
      Executed action method AtiehJobCore.Web.Areas.Account.Controllers.UserController.Login (AtiehJobCore.Web), returned result Microsoft.AspNetCore.Mvc.ViewResult in 0.0622ms.
info: Microsoft.AspNetCore.Mvc.ViewFeatures.ViewResultExecutor[1]
      Executing ViewResult, running view Login.
info: Microsoft.AspNetCore.Mvc.ViewFeatures.ViewResultExecutor[4]
      Executed ViewResult - view Login executed in 21.2922ms.
info: Microsoft.AspNetCore.Mvc.Internal.ControllerActionInvoker[2]
      Executed action AtiehJobCore.Web.Areas.Account.Controllers.UserController.Login (AtiehJobCore.Web) in 69.2666ms
info: Microsoft.AspNetCore.Hosting.Internal.WebHost[2]
      Request finished in 81.7553ms 200 text/html; charset=utf-8
