Hosting environment: Development
Content root path: D:\Programming New\AtiehJobCore\Presentation\AtiehJobCore.Web
Application started. Press Ctrl+C to shut down.
info: Microsoft.AspNetCore.Hosting.Internal.WebHost[1]
      Request starting HTTP/2.0 GET https://localhost:44344/  
info: Microsoft.AspNetCore.Mvc.Internal.ControllerActionInvoker[1]
      Route matched with {action = "Index", controller = "Home", area = ""}. Executing action AtiehJobCore.Web.Controllers.HomeController.Index (AtiehJobCore.Web)
info: Microsoft.AspNetCore.Mvc.Internal.ControllerActionInvoker[1]
      Executing action method AtiehJobCore.Web.Controllers.HomeController.Index (AtiehJobCore.Web) - Validation state: Valid
info: Microsoft.AspNetCore.Mvc.Internal.ControllerActionInvoker[2]
      Executed action method AtiehJobCore.Web.Controllers.HomeController.Index (AtiehJobCore.Web), returned result Microsoft.AspNetCore.Mvc.ViewResult in 0.343ms.
info: Microsoft.AspNetCore.Mvc.ViewFeatures.ViewResultExecutor[1]
      Executing ViewResult, running view Index.
info: Microsoft.AspNetCore.Mvc.ViewFeatures.ViewResultExecutor[4]
      Executed ViewResult - view Index executed in 328.9996ms.
info: Microsoft.AspNetCore.Mvc.Internal.ControllerActionInvoker[2]
      Executed action AtiehJobCore.Web.Controllers.HomeController.Index (AtiehJobCore.Web) in 697.7555ms
info: Microsoft.AspNetCore.Hosting.Internal.WebHost[2]
      Request finished in 1109.6198ms 200 text/html; charset=utf-8
info: Microsoft.AspNetCore.Hosting.Internal.WebHost[1]
      Request starting HTTP/2.0 GET https://localhost:44344/Admin  
info: Microsoft.AspNetCore.Mvc.Internal.ControllerActionInvoker[1]
      Route matched with {area = "Admin", action = "Index", controller = "Home"}. Executing action AtiehJobCore.Web.Areas.Admin.Controllers.HomeController.Index (AtiehJobCore.Web)
info: Microsoft.AspNetCore.Authorization.DefaultAuthorizationService[1]
      Authorization was successful.
info: Microsoft.AspNetCore.Mvc.Internal.ControllerActionInvoker[1]
      Executing action method AtiehJobCore.Web.Areas.Admin.Controllers.HomeController.Index (AtiehJobCore.Web) - Validation state: Valid
info: Microsoft.AspNetCore.Mvc.Internal.ControllerActionInvoker[2]
      Executed action method AtiehJobCore.Web.Areas.Admin.Controllers.HomeController.Index (AtiehJobCore.Web), returned result Microsoft.AspNetCore.Mvc.ViewResult in 0.1383ms.
info: Microsoft.AspNetCore.Mvc.ViewFeatures.ViewResultExecutor[1]
      Executing ViewResult, running view Index.
info: Microsoft.AspNetCore.Mvc.ViewFeatures.ViewResultExecutor[4]
      Executed ViewResult - view Index executed in 444.801ms.
info: Microsoft.AspNetCore.Mvc.Internal.ControllerActionInvoker[2]
      Executed action AtiehJobCore.Web.Areas.Admin.Controllers.HomeController.Index (AtiehJobCore.Web) in 474.451ms
info: Microsoft.AspNetCore.Hosting.Internal.WebHost[2]
      Request finished in 486.677ms 200 text/html; charset=utf-8
info: Microsoft.AspNetCore.Hosting.Internal.WebHost[1]
      Request starting HTTP/2.0 GET https://localhost:44344/Admin/Language/List  
info: Microsoft.AspNetCore.Mvc.Internal.ControllerActionInvoker[1]
      Route matched with {area = "Admin", action = "List", controller = "Language"}. Executing action AtiehJobCore.Web.Areas.Admin.Controllers.LanguageController.List (AtiehJobCore.Web)
info: Microsoft.AspNetCore.Authorization.DefaultAuthorizationService[1]
      Authorization was successful.
info: Microsoft.AspNetCore.Mvc.Internal.ControllerActionInvoker[1]
      Executing action method AtiehJobCore.Web.Areas.Admin.Controllers.LanguageController.List (AtiehJobCore.Web) - Validation state: Valid
info: Microsoft.AspNetCore.Mvc.Internal.ControllerActionInvoker[2]
      Executed action method AtiehJobCore.Web.Areas.Admin.Controllers.LanguageController.List (AtiehJobCore.Web), returned result Microsoft.AspNetCore.Mvc.ViewResult in 0.2212ms.
info: Microsoft.AspNetCore.Mvc.ViewFeatures.ViewResultExecutor[1]
      Executing ViewResult, running view List.
info: Microsoft.AspNetCore.Mvc.ViewFeatures.ViewResultExecutor[4]
      Executed ViewResult - view List executed in 39.2212ms.
info: Microsoft.AspNetCore.Mvc.Internal.ControllerActionInvoker[2]
      Executed action AtiehJobCore.Web.Areas.Admin.Controllers.LanguageController.List (AtiehJobCore.Web) in 51.0274ms
info: Microsoft.AspNetCore.Hosting.Internal.WebHost[2]
      Request finished in 66.398ms 200 text/html; charset=utf-8
info: Microsoft.AspNetCore.Hosting.Internal.WebHost[1]
      Request starting HTTP/2.0 POST https://localhost:44344/Admin/Language/List application/x-www-form-urlencoded; charset=UTF-8 225
info: Microsoft.AspNetCore.Mvc.Internal.ControllerActionInvoker[1]
      Route matched with {area = "Admin", action = "List", controller = "Language"}. Executing action AtiehJobCore.Web.Areas.Admin.Controllers.LanguageController.List (AtiehJobCore.Web)
info: Microsoft.AspNetCore.Hosting.Internal.WebHost[1]
      Request starting HTTP/2.0 GET https://localhost:44344/css/admin/kendo/Bootstrap/loading-image.gif  
info: Microsoft.AspNetCore.Authorization.DefaultAuthorizationService[1]
      Authorization was successful.
info: Microsoft.AspNetCore.Mvc.Internal.ControllerActionInvoker[1]
      Executing action method AtiehJobCore.Web.Areas.Admin.Controllers.LanguageController.List (AtiehJobCore.Web) with arguments (AtiehJobCore.Web.Framework.KendoUi.DataSourceRequest) - Validation state: Valid
info: Microsoft.AspNetCore.Mvc.Internal.ControllerActionInvoker[2]
      Executed action method AtiehJobCore.Web.Areas.Admin.Controllers.LanguageController.List (AtiehJobCore.Web), returned result Microsoft.AspNetCore.Mvc.JsonResult in 3.5341ms.
info: Microsoft.AspNetCore.Mvc.Formatters.Json.Internal.JsonResultExecutor[1]
      Executing JsonResult, writing value of type 'AtiehJobCore.Web.Framework.KendoUi.DataSourceResult'.
info: Microsoft.AspNetCore.StaticFiles.StaticFileMiddleware[2]
      Sending file. Request path: '/css/admin/kendo/Bootstrap/loading-image.gif'. Physical path: 'D:\Programming New\AtiehJobCore\Presentation\AtiehJobCore.Web\wwwroot\css\admin\kendo\Bootstrap\loading-image.gif'
info: Microsoft.AspNetCore.Hosting.Internal.WebHost[2]
      Request finished in 70.3705ms 200 image/gif
info: Microsoft.AspNetCore.Mvc.Internal.ControllerActionInvoker[2]
      Executed action AtiehJobCore.Web.Areas.Admin.Controllers.LanguageController.List (AtiehJobCore.Web) in 123.3586ms
info: Microsoft.AspNetCore.Hosting.Internal.WebHost[2]
      Request finished in 149.4919ms 200 application/json; charset=utf-8
info: Microsoft.AspNetCore.Hosting.Internal.WebHost[1]
      Request starting HTTP/2.0 GET https://localhost:44344/Admin/Language/Edit/5c605d640592d907d44aef08  
info: Microsoft.AspNetCore.Mvc.Internal.ControllerActionInvoker[1]
      Route matched with {area = "Admin", action = "Edit", controller = "Language"}. Executing action AtiehJobCore.Web.Areas.Admin.Controllers.LanguageController.Edit (AtiehJobCore.Web)
info: Microsoft.AspNetCore.Authorization.DefaultAuthorizationService[1]
      Authorization was successful.
info: Microsoft.AspNetCore.Mvc.Internal.ControllerActionInvoker[1]
      Executing action method AtiehJobCore.Web.Areas.Admin.Controllers.LanguageController.Edit (AtiehJobCore.Web) with arguments (5c605d640592d907d44aef08) - Validation state: Valid
info: Microsoft.AspNetCore.Mvc.Internal.ControllerActionInvoker[2]
      Executed action method AtiehJobCore.Web.Areas.Admin.Controllers.LanguageController.Edit (AtiehJobCore.Web), returned result Microsoft.AspNetCore.Mvc.ViewResult in 18.3306ms.
info: Microsoft.AspNetCore.Mvc.ViewFeatures.ViewResultExecutor[1]
      Executing ViewResult, running view Edit.
info: Microsoft.AspNetCore.Mvc.ViewFeatures.ViewResultExecutor[4]
      Executed ViewResult - view Edit executed in 374.5154ms.
info: Microsoft.AspNetCore.Mvc.Internal.ControllerActionInvoker[2]
      Executed action AtiehJobCore.Web.Areas.Admin.Controllers.LanguageController.Edit (AtiehJobCore.Web) in 396.4226ms
info: Microsoft.AspNetCore.Hosting.Internal.WebHost[2]
      Request finished in 401.787ms 200 text/html; charset=utf-8
info: Microsoft.AspNetCore.Hosting.Internal.WebHost[1]
      Request starting HTTP/2.0 POST https://localhost:44344/Admin/Language/Resources?languageId=5c605d640592d907d44aef08 application/x-www-form-urlencoded; charset=UTF-8 288
info: Microsoft.AspNetCore.Mvc.Internal.ControllerActionInvoker[1]
      Route matched with {area = "Admin", action = "Resources", controller = "Language"}. Executing action AtiehJobCore.Web.Areas.Admin.Controllers.LanguageController.Resources (AtiehJobCore.Web)
info: Microsoft.AspNetCore.Authorization.DefaultAuthorizationService[1]
      Authorization was successful.
info: Microsoft.AspNetCore.Mvc.Internal.ControllerActionInvoker[1]
      Executing action method AtiehJobCore.Web.Areas.Admin.Controllers.LanguageController.Resources (AtiehJobCore.Web) with arguments (5c605d640592d907d44aef08, AtiehJobCore.Web.Framework.KendoUi.DataSourceRequest, AtiehJobCore.Web.Framework.Models.Admin.AdminLanguageResourceFilterModel) - Validation state: Valid
info: Microsoft.AspNetCore.Mvc.Internal.ControllerActionInvoker[2]
      Executed action method AtiehJobCore.Web.Areas.Admin.Controllers.LanguageController.Resources (AtiehJobCore.Web), returned result Microsoft.AspNetCore.Mvc.JsonResult in 19.2707ms.
info: Microsoft.AspNetCore.Mvc.Formatters.Json.Internal.JsonResultExecutor[1]
      Executing JsonResult, writing value of type 'AtiehJobCore.Web.Framework.KendoUi.DataSourceResult'.
info: Microsoft.AspNetCore.Mvc.Internal.ControllerActionInvoker[2]
      Executed action AtiehJobCore.Web.Areas.Admin.Controllers.LanguageController.Resources (AtiehJobCore.Web) in 43.0113ms
info: Microsoft.AspNetCore.Hosting.Internal.WebHost[2]
      Request finished in 55.8173ms 200 application/json; charset=utf-8
info: Microsoft.AspNetCore.Hosting.Internal.WebHost[1]
      Request starting HTTP/2.0 POST https://localhost:44344/Admin/Language/Edit/5c605d640592d907d44aef08 application/x-www-form-urlencoded 474
info: Microsoft.AspNetCore.Mvc.Internal.ControllerActionInvoker[1]
      Route matched with {area = "Admin", action = "Edit", controller = "Language"}. Executing action AtiehJobCore.Web.Areas.Admin.Controllers.LanguageController.Edit (AtiehJobCore.Web)
info: Microsoft.AspNetCore.Authorization.DefaultAuthorizationService[1]
      Authorization was successful.
info: Microsoft.AspNetCore.Mvc.Internal.ControllerActionInvoker[1]
      Executing action method AtiehJobCore.Web.Areas.Admin.Controllers.LanguageController.Edit (AtiehJobCore.Web) with arguments (AtiehJobCore.Web.Framework.Models.Admin.AdminLanguageModel, True) - Validation state: Valid
info: Microsoft.AspNetCore.Mvc.Internal.ControllerActionInvoker[2]
      Executed action method AtiehJobCore.Web.Areas.Admin.Controllers.LanguageController.Edit (AtiehJobCore.Web), returned result Microsoft.AspNetCore.Mvc.RedirectToActionResult in 50.4596ms.
info: Microsoft.AspNetCore.Mvc.RedirectToActionResult[1]
      Executing RedirectResult, redirecting to /Admin/Language/Edit/5c605d640592d907d44aef08.
info: Microsoft.AspNetCore.Mvc.Internal.ControllerActionInvoker[2]
      Executed action AtiehJobCore.Web.Areas.Admin.Controllers.LanguageController.Edit (AtiehJobCore.Web) in 87.3475ms
info: Microsoft.AspNetCore.Hosting.Internal.WebHost[2]
      Request finished in 93.6083ms 302 
info: Microsoft.AspNetCore.Hosting.Internal.WebHost[1]
      Request starting HTTP/2.0 GET https://localhost:44344/Admin/Language/Edit/5c605d640592d907d44aef08  
info: Microsoft.AspNetCore.Mvc.Internal.ControllerActionInvoker[1]
      Route matched with {area = "Admin", action = "Edit", controller = "Language"}. Executing action AtiehJobCore.Web.Areas.Admin.Controllers.LanguageController.Edit (AtiehJobCore.Web)
info: Microsoft.AspNetCore.Authorization.DefaultAuthorizationService[1]
      Authorization was successful.
info: Microsoft.AspNetCore.Mvc.Internal.ControllerActionInvoker[1]
      Executing action method AtiehJobCore.Web.Areas.Admin.Controllers.LanguageController.Edit (AtiehJobCore.Web) with arguments (5c605d640592d907d44aef08) - Validation state: Valid
info: Microsoft.AspNetCore.Mvc.Internal.ControllerActionInvoker[2]
      Executed action method AtiehJobCore.Web.Areas.Admin.Controllers.LanguageController.Edit (AtiehJobCore.Web), returned result Microsoft.AspNetCore.Mvc.ViewResult in 1.165ms.
info: Microsoft.AspNetCore.Mvc.ViewFeatures.ViewResultExecutor[1]
      Executing ViewResult, running view Edit.
info: Microsoft.AspNetCore.Mvc.ViewFeatures.ViewResultExecutor[4]
      Executed ViewResult - view Edit executed in 36.0962ms.
info: Microsoft.AspNetCore.Mvc.Internal.ControllerActionInvoker[2]
      Executed action AtiehJobCore.Web.Areas.Admin.Controllers.LanguageController.Edit (AtiehJobCore.Web) in 39.2674ms
info: Microsoft.AspNetCore.Hosting.Internal.WebHost[2]
      Request finished in 40.948ms 200 text/html; charset=utf-8
info: Microsoft.AspNetCore.Hosting.Internal.WebHost[1]
      Request starting HTTP/2.0 POST https://localhost:44344/Admin/Language/Resources?languageId=5c605d640592d907d44aef08 application/x-www-form-urlencoded; charset=UTF-8 288
info: Microsoft.AspNetCore.Mvc.Internal.ControllerActionInvoker[1]
      Route matched with {area = "Admin", action = "Resources", controller = "Language"}. Executing action AtiehJobCore.Web.Areas.Admin.Controllers.LanguageController.Resources (AtiehJobCore.Web)
info: Microsoft.AspNetCore.Authorization.DefaultAuthorizationService[1]
      Authorization was successful.
info: Microsoft.AspNetCore.Mvc.Internal.ControllerActionInvoker[1]
      Executing action method AtiehJobCore.Web.Areas.Admin.Controllers.LanguageController.Resources (AtiehJobCore.Web) with arguments (5c605d640592d907d44aef08, AtiehJobCore.Web.Framework.KendoUi.DataSourceRequest, AtiehJobCore.Web.Framework.Models.Admin.AdminLanguageResourceFilterModel) - Validation state: Valid
info: Microsoft.AspNetCore.Mvc.Internal.ControllerActionInvoker[2]
      Executed action method AtiehJobCore.Web.Areas.Admin.Controllers.LanguageController.Resources (AtiehJobCore.Web), returned result Microsoft.AspNetCore.Mvc.JsonResult in 16.3934ms.
info: Microsoft.AspNetCore.Mvc.Formatters.Json.Internal.JsonResultExecutor[1]
      Executing JsonResult, writing value of type 'AtiehJobCore.Web.Framework.KendoUi.DataSourceResult'.
info: Microsoft.AspNetCore.Mvc.Internal.ControllerActionInvoker[2]
      Executed action AtiehJobCore.Web.Areas.Admin.Controllers.LanguageController.Resources (AtiehJobCore.Web) in 20.7294ms
info: Microsoft.AspNetCore.Hosting.Internal.WebHost[2]
      Request finished in 22.7293ms 200 application/json; charset=utf-8
info: Microsoft.AspNetCore.Hosting.Internal.WebHost[1]
      Request starting HTTP/2.0 GET https://localhost:44344/css/admin/coreui.min.css.map  
info: Microsoft.AspNetCore.Hosting.Internal.WebHost[2]
      Request finished in 43.6377ms 404 
info: Microsoft.AspNetCore.Hosting.Internal.WebHost[1]
      Request starting HTTP/2.0 GET https://localhost:44344/Admin/Language/Edit/5c605d640592d907d44aef08  
info: Microsoft.AspNetCore.Mvc.Internal.ControllerActionInvoker[1]
      Route matched with {area = "Admin", action = "Edit", controller = "Language"}. Executing action AtiehJobCore.Web.Areas.Admin.Controllers.LanguageController.Edit (AtiehJobCore.Web)
info: Microsoft.AspNetCore.Authorization.DefaultAuthorizationService[1]
      Authorization was successful.
info: Microsoft.AspNetCore.Mvc.Internal.ControllerActionInvoker[1]
      Executing action method AtiehJobCore.Web.Areas.Admin.Controllers.LanguageController.Edit (AtiehJobCore.Web) with arguments (5c605d640592d907d44aef08) - Validation state: Valid
info: Microsoft.AspNetCore.Mvc.Internal.ControllerActionInvoker[2]
      Executed action method AtiehJobCore.Web.Areas.Admin.Controllers.LanguageController.Edit (AtiehJobCore.Web), returned result Microsoft.AspNetCore.Mvc.ViewResult in 1.0583ms.
info: Microsoft.AspNetCore.Mvc.ViewFeatures.ViewResultExecutor[1]
      Executing ViewResult, running view Edit.
info: Microsoft.AspNetCore.Mvc.ViewFeatures.ViewResultExecutor[4]
      Executed ViewResult - view Edit executed in 34.278ms.
info: Microsoft.AspNetCore.Mvc.Internal.ControllerActionInvoker[2]
      Executed action AtiehJobCore.Web.Areas.Admin.Controllers.LanguageController.Edit (AtiehJobCore.Web) in 40.7329ms
info: Microsoft.AspNetCore.Hosting.Internal.WebHost[2]
      Request finished in 44.1673ms 200 text/html; charset=utf-8
info: Microsoft.AspNetCore.Hosting.Internal.WebHost[1]
      Request starting HTTP/2.0 GET https://localhost:44344/css/admin/admin.min.css  
info: Microsoft.AspNetCore.Hosting.Internal.WebHost[1]
      Request starting HTTP/2.0 GET https://localhost:44344/css/admin/kendo/kendo.rtl.min.css  
info: Microsoft.AspNetCore.Hosting.Internal.WebHost[1]
      Request starting HTTP/2.0 GET https://localhost:44344/css/admin/kendo/kendo.custom.min.css  
info: Microsoft.AspNetCore.Hosting.Internal.WebHost[1]
      Request starting HTTP/2.0 GET https://localhost:44344/css/admin/kendo/kendo.common.min.css  
info: Microsoft.AspNetCore.Hosting.Internal.WebHost[1]
      Request starting HTTP/2.0 GET https://localhost:44344/js/jqueryAll.min.js  
info: Microsoft.AspNetCore.Hosting.Internal.WebHost[1]
      Request starting HTTP/2.0 GET https://localhost:44344/css/admin/jquery-ui/jquery-ui.min.css  
info: Microsoft.AspNetCore.Hosting.Internal.WebHost[1]
      Request starting HTTP/2.0 GET https://localhost:44344/img/brand/4.svg  
info: Microsoft.AspNetCore.Hosting.Internal.WebHost[1]
      Request starting HTTP/2.0 GET https://localhost:44344/img/brand/3.svg  
info: Microsoft.AspNetCore.StaticFiles.StaticFileMiddleware[2]
      Sending file. Request path: '/css/admin/kendo/kendo.rtl.min.css'. Physical path: 'D:\Programming New\AtiehJobCore\Presentation\AtiehJobCore.Web\wwwroot\css\admin\kendo\kendo.rtl.min.css'
info: Microsoft.AspNetCore.Hosting.Internal.WebHost[2]
      Request finished in 44.2242ms 200 text/css
info: Microsoft.AspNetCore.StaticFiles.StaticFileMiddleware[2]
      Sending file. Request path: '/css/admin/jquery-ui/jquery-ui.min.css'. Physical path: 'D:\Programming New\AtiehJobCore\Presentation\AtiehJobCore.Web\wwwroot\css\admin\jquery-ui\jquery-ui.min.css'
info: Microsoft.AspNetCore.Hosting.Internal.WebHost[2]
      Request finished in 99.1113ms 200 text/css
info: Microsoft.AspNetCore.StaticFiles.StaticFileMiddleware[2]
      Sending file. Request path: '/img/brand/3.svg'. Physical path: 'D:\Programming New\AtiehJobCore\Presentation\AtiehJobCore.Web\wwwroot\img\brand\3.svg'
info: Microsoft.AspNetCore.Hosting.Internal.WebHost[2]
      Request finished in 119.1051ms 200 image/svg+xml
info: Microsoft.AspNetCore.StaticFiles.StaticFileMiddleware[2]
      Sending file. Request path: '/img/brand/4.svg'. Physical path: 'D:\Programming New\AtiehJobCore\Presentation\AtiehJobCore.Web\wwwroot\img\brand\4.svg'
info: Microsoft.AspNetCore.Hosting.Internal.WebHost[2]
      Request finished in 124.072ms 200 image/svg+xml
info: Microsoft.AspNetCore.Hosting.Internal.WebHost[1]
      Request starting HTTP/2.0 GET https://localhost:44344/js/admin/admin.min.js  
info: Microsoft.AspNetCore.Hosting.Internal.WebHost[1]
      Request starting HTTP/2.0 GET https://localhost:44344/js/admin/admin.search.min.js  
info: Microsoft.AspNetCore.StaticFiles.StaticFileMiddleware[2]
      Sending file. Request path: '/js/admin/admin.search.min.js'. Physical path: 'D:\Programming New\AtiehJobCore\Presentation\AtiehJobCore.Web\wwwroot\js\admin\admin.search.min.js'
info: Microsoft.AspNetCore.Hosting.Internal.WebHost[2]
      Request finished in 1.3435ms 200 application/javascript
info: Microsoft.AspNetCore.StaticFiles.StaticFileMiddleware[2]
      Sending file. Request path: '/js/jqueryAll.min.js'. Physical path: 'D:\Programming New\AtiehJobCore\Presentation\AtiehJobCore.Web\wwwroot\js\jqueryAll.min.js'
info: Microsoft.AspNetCore.Hosting.Internal.WebHost[2]
      Request finished in 298.864ms 200 application/javascript
info: Microsoft.AspNetCore.StaticFiles.StaticFileMiddleware[2]
      Sending file. Request path: '/css/admin/kendo/kendo.custom.min.css'. Physical path: 'D:\Programming New\AtiehJobCore\Presentation\AtiehJobCore.Web\wwwroot\css\admin\kendo\kendo.custom.min.css'
info: Microsoft.AspNetCore.Hosting.Internal.WebHost[2]
      Request finished in 300.2377ms 200 text/css
info: Microsoft.AspNetCore.StaticFiles.StaticFileMiddleware[2]
      Sending file. Request path: '/js/admin/admin.min.js'. Physical path: 'D:\Programming New\AtiehJobCore\Presentation\AtiehJobCore.Web\wwwroot\js\admin\admin.min.js'
info: Microsoft.AspNetCore.Hosting.Internal.WebHost[2]
      Request finished in 161.1899ms 200 application/javascript
info: Microsoft.AspNetCore.StaticFiles.StaticFileMiddleware[2]
      Sending file. Request path: '/css/admin/admin.min.css'. Physical path: 'D:\Programming New\AtiehJobCore\Presentation\AtiehJobCore.Web\wwwroot\css\admin\admin.min.css'
info: Microsoft.AspNetCore.Hosting.Internal.WebHost[2]
      Request finished in 303.2773ms 200 text/css
info: Microsoft.AspNetCore.StaticFiles.StaticFileMiddleware[2]
      Sending file. Request path: '/css/admin/kendo/kendo.common.min.css'. Physical path: 'D:\Programming New\AtiehJobCore\Presentation\AtiehJobCore.Web\wwwroot\css\admin\kendo\kendo.common.min.css'
info: Microsoft.AspNetCore.Hosting.Internal.WebHost[2]
      Request finished in 323.5173ms 200 text/css
info: Microsoft.AspNetCore.Hosting.Internal.WebHost[1]
      Request starting HTTP/2.0 GET https://localhost:44344/js/admin/jquery-ui/jquery-ui.min.js  
info: Microsoft.AspNetCore.StaticFiles.StaticFileMiddleware[2]
      Sending file. Request path: '/js/admin/jquery-ui/jquery-ui.min.js'. Physical path: 'D:\Programming New\AtiehJobCore\Presentation\AtiehJobCore.Web\wwwroot\js\admin\jquery-ui\jquery-ui.min.js'
info: Microsoft.AspNetCore.Hosting.Internal.WebHost[2]
      Request finished in 33.1377ms 200 application/javascript
info: Microsoft.AspNetCore.Hosting.Internal.WebHost[1]
      Request starting HTTP/2.0 GET https://localhost:44344/js/admin/admin.common.min.js  
info: Microsoft.AspNetCore.StaticFiles.StaticFileMiddleware[2]
      Sending file. Request path: '/js/admin/admin.common.min.js'. Physical path: 'D:\Programming New\AtiehJobCore\Presentation\AtiehJobCore.Web\wwwroot\js\admin\admin.common.min.js'
info: Microsoft.AspNetCore.Hosting.Internal.WebHost[2]
      Request finished in 2.7284ms 200 application/javascript
info: Microsoft.AspNetCore.Hosting.Internal.WebHost[1]
      Request starting HTTP/2.0 GET https://localhost:44344/css/admin/coreui.min.css.map  
info: Microsoft.AspNetCore.Hosting.Internal.WebHost[2]
      Request finished in 7.8901ms 404 
info: Microsoft.AspNetCore.Hosting.Internal.WebHost[1]
      Request starting HTTP/2.0 GET https://localhost:44344/js/admin/kendo/kendo.ui.core.min.js  
info: Microsoft.AspNetCore.Hosting.Internal.WebHost[1]
      Request starting HTTP/2.0 GET https://localhost:44344/avatars/6.jpg  
info: Microsoft.AspNetCore.Hosting.Internal.WebHost[1]
      Request starting HTTP/2.0 GET https://localhost:44344/js/admin/kendo/kendo.grid.min.js  
info: Microsoft.AspNetCore.Hosting.Internal.WebHost[1]
      Request starting HTTP/2.0 GET https://localhost:44344/js/admin/kendo/cultures/kendo.culture.en-US.min.js  
info: Microsoft.AspNetCore.Hosting.Internal.WebHost[1]
      Request starting HTTP/2.0 GET https://localhost:44344/img/flags/us.png  
info: Microsoft.AspNetCore.StaticFiles.StaticFileMiddleware[2]
      Sending file. Request path: '/img/flags/us.png'. Physical path: 'D:\Programming New\AtiehJobCore\Presentation\AtiehJobCore.Web\wwwroot\img\flags\us.png'
info: Microsoft.AspNetCore.Hosting.Internal.WebHost[2]
      Request finished in 1.2669ms 200 image/png
info: Microsoft.AspNetCore.Hosting.Internal.WebHost[1]
      Request starting HTTP/2.0 GET https://localhost:44344/img/flags/ir.png  
info: Microsoft.AspNetCore.Hosting.Internal.WebHost[1]
      Request starting HTTP/2.0 GET https://localhost:44344/avatars/7.jpg  
info: Microsoft.AspNetCore.Hosting.Internal.WebHost[1]
      Request starting HTTP/2.0 GET https://localhost:44344/avatars/4.jpg  
info: Microsoft.AspNetCore.Hosting.Internal.WebHost[1]
      Request starting HTTP/2.0 GET https://localhost:44344/avatars/2.jpg  
info: Microsoft.AspNetCore.Hosting.Internal.WebHost[1]
      Request starting HTTP/2.0 GET https://localhost:44344/avatars/3.jpg  
info: Microsoft.AspNetCore.StaticFiles.StaticFileMiddleware[2]
      Sending file. Request path: '/img/flags/ir.png'. Physical path: 'D:\Programming New\AtiehJobCore\Presentation\AtiehJobCore.Web\wwwroot\img\flags\ir.png'
info: Microsoft.AspNetCore.Hosting.Internal.WebHost[2]
      Request finished in 1.7867ms 200 image/png
info: Microsoft.AspNetCore.Hosting.Internal.WebHost[1]
      Request starting HTTP/2.0 GET https://localhost:44344/avatars/8.jpg  
info: Microsoft.AspNetCore.StaticFiles.StaticFileMiddleware[2]
      Sending file. Request path: '/js/admin/kendo/kendo.ui.core.min.js'. Physical path: 'D:\Programming New\AtiehJobCore\Presentation\AtiehJobCore.Web\wwwroot\js\admin\kendo\kendo.ui.core.min.js'
info: Microsoft.AspNetCore.Hosting.Internal.WebHost[2]
      Request finished in 6.7176ms 200 application/javascript
info: Microsoft.AspNetCore.Hosting.Internal.WebHost[1]
      Request starting HTTP/2.0 GET https://localhost:44344/avatars/5.jpg  
info: Microsoft.AspNetCore.Hosting.Internal.WebHost[1]
      Request starting HTTP/2.0 GET https://localhost:44344/webfonts/samim/Samim.woff  
info: Microsoft.AspNetCore.Hosting.Internal.WebHost[1]
      Request starting HTTP/2.0 GET https://localhost:44344/webfonts/simpleLineIcon/Simple-Line-Icons.woff2?v=2.4.0  
info: Microsoft.AspNetCore.Hosting.Internal.WebHost[1]
      Request starting HTTP/2.0 GET https://localhost:44344/webfonts/samim/Samim-Bold.woff  
info: Microsoft.AspNetCore.Hosting.Internal.WebHost[1]
      Request starting HTTP/2.0 GET https://localhost:44344/webfonts/fontAwesome/fa-solid-900.woff2  
info: Microsoft.AspNetCore.StaticFiles.StaticFileMiddleware[2]
      Sending file. Request path: '/webfonts/simpleLineIcon/Simple-Line-Icons.woff2'. Physical path: 'D:\Programming New\AtiehJobCore\Presentation\AtiehJobCore.Web\wwwroot\webfonts\simpleLineIcon\Simple-Line-Icons.woff2'
info: Microsoft.AspNetCore.Hosting.Internal.WebHost[2]
      Request finished in 41.3412ms 200 font/woff2
info: Microsoft.AspNetCore.StaticFiles.StaticFileMiddleware[2]
      Sending file. Request path: '/webfonts/samim/Samim-Bold.woff'. Physical path: 'D:\Programming New\AtiehJobCore\Presentation\AtiehJobCore.Web\wwwroot\webfonts\samim\Samim-Bold.woff'
info: Microsoft.AspNetCore.Hosting.Internal.WebHost[2]
      Request finished in 49.9346ms 200 application/font-woff
info: Microsoft.AspNetCore.StaticFiles.StaticFileMiddleware[2]
      Sending file. Request path: '/webfonts/samim/Samim.woff'. Physical path: 'D:\Programming New\AtiehJobCore\Presentation\AtiehJobCore.Web\wwwroot\webfonts\samim\Samim.woff'
info: Microsoft.AspNetCore.Hosting.Internal.WebHost[2]
      Request finished in 55.8097ms 200 application/font-woff
info: Microsoft.AspNetCore.StaticFiles.StaticFileMiddleware[2]
      Sending file. Request path: '/avatars/8.jpg'. Physical path: 'D:\Programming New\AtiehJobCore\Presentation\AtiehJobCore.Web\wwwroot\avatars\8.jpg'
info: Microsoft.AspNetCore.Hosting.Internal.WebHost[2]
      Request finished in 86.6414ms 200 image/jpeg
info: Microsoft.AspNetCore.StaticFiles.StaticFileMiddleware[2]
      Sending file. Request path: '/avatars/5.jpg'. Physical path: 'D:\Programming New\AtiehJobCore\Presentation\AtiehJobCore.Web\wwwroot\avatars\5.jpg'
info: Microsoft.AspNetCore.Hosting.Internal.WebHost[2]
      Request finished in 99.2906ms 200 image/jpeg
info: Microsoft.AspNetCore.StaticFiles.StaticFileMiddleware[2]
      Sending file. Request path: '/js/admin/kendo/cultures/kendo.culture.en-US.min.js'. Physical path: 'D:\Programming New\AtiehJobCore\Presentation\AtiehJobCore.Web\wwwroot\js\admin\kendo\cultures\kendo.culture.en-US.min.js'
info: Microsoft.AspNetCore.Hosting.Internal.WebHost[2]
      Request finished in 113.2386ms 200 application/javascript
info: Microsoft.AspNetCore.StaticFiles.StaticFileMiddleware[2]
      Sending file. Request path: '/avatars/7.jpg'. Physical path: 'D:\Programming New\AtiehJobCore\Presentation\AtiehJobCore.Web\wwwroot\avatars\7.jpg'
info: Microsoft.AspNetCore.StaticFiles.StaticFileMiddleware[2]
      Sending file. Request path: '/avatars/6.jpg'. Physical path: 'D:\Programming New\AtiehJobCore\Presentation\AtiehJobCore.Web\wwwroot\avatars\6.jpg'
info: Microsoft.AspNetCore.Hosting.Internal.WebHost[2]
      Request finished in 129.2578ms 200 image/jpeg
info: Microsoft.AspNetCore.Hosting.Internal.WebHost[2]
      Request finished in 127.0547ms 200 image/jpeg
info: Microsoft.AspNetCore.StaticFiles.StaticFileMiddleware[2]
      Sending file. Request path: '/avatars/4.jpg'. Physical path: 'D:\Programming New\AtiehJobCore\Presentation\AtiehJobCore.Web\wwwroot\avatars\4.jpg'
info: Microsoft.AspNetCore.Hosting.Internal.WebHost[2]
      Request finished in 127.5445ms 200 image/jpeg
info: Microsoft.AspNetCore.StaticFiles.StaticFileMiddleware[2]
      Sending file. Request path: '/avatars/3.jpg'. Physical path: 'D:\Programming New\AtiehJobCore\Presentation\AtiehJobCore.Web\wwwroot\avatars\3.jpg'
info: Microsoft.AspNetCore.Hosting.Internal.WebHost[2]
      Request finished in 127.8577ms 200 image/jpeg
info: Microsoft.AspNetCore.StaticFiles.StaticFileMiddleware[2]
      Sending file. Request path: '/avatars/2.jpg'. Physical path: 'D:\Programming New\AtiehJobCore\Presentation\AtiehJobCore.Web\wwwroot\avatars\2.jpg'
info: Microsoft.AspNetCore.Hosting.Internal.WebHost[2]
      Request finished in 128.3517ms 200 image/jpeg
info: Microsoft.AspNetCore.StaticFiles.StaticFileMiddleware[2]
      Sending file. Request path: '/webfonts/fontAwesome/fa-solid-900.woff2'. Physical path: 'D:\Programming New\AtiehJobCore\Presentation\AtiehJobCore.Web\wwwroot\webfonts\fontAwesome\fa-solid-900.woff2'
info: Microsoft.AspNetCore.Hosting.Internal.WebHost[2]
      Request finished in 155.8398ms 200 font/woff2
info: Microsoft.AspNetCore.StaticFiles.StaticFileMiddleware[2]
      Sending file. Request path: '/js/admin/kendo/kendo.grid.min.js'. Physical path: 'D:\Programming New\AtiehJobCore\Presentation\AtiehJobCore.Web\wwwroot\js\admin\kendo\kendo.grid.min.js'
info: Microsoft.AspNetCore.Hosting.Internal.WebHost[2]
      Request finished in 174.9844ms 200 application/javascript
info: Microsoft.AspNetCore.Hosting.Internal.WebHost[1]
      Request starting HTTP/2.0 POST https://localhost:44344/Admin/Language/Resources?languageId=5c605d640592d907d44aef08 application/x-www-form-urlencoded; charset=UTF-8 288
info: Microsoft.AspNetCore.Mvc.Internal.ControllerActionInvoker[1]
      Route matched with {area = "Admin", action = "Resources", controller = "Language"}. Executing action AtiehJobCore.Web.Areas.Admin.Controllers.LanguageController.Resources (AtiehJobCore.Web)
info: Microsoft.AspNetCore.Authorization.DefaultAuthorizationService[1]
      Authorization was successful.
info: Microsoft.AspNetCore.Mvc.Internal.ControllerActionInvoker[1]
      Executing action method AtiehJobCore.Web.Areas.Admin.Controllers.LanguageController.Resources (AtiehJobCore.Web) with arguments (5c605d640592d907d44aef08, AtiehJobCore.Web.Framework.KendoUi.DataSourceRequest, AtiehJobCore.Web.Framework.Models.Admin.AdminLanguageResourceFilterModel) - Validation state: Valid
info: Microsoft.AspNetCore.Hosting.Internal.WebHost[1]
      Request starting HTTP/2.0 GET https://localhost:44344/favicon.ico  
info: Microsoft.AspNetCore.Mvc.Internal.ControllerActionInvoker[2]
      Executed action method AtiehJobCore.Web.Areas.Admin.Controllers.LanguageController.Resources (AtiehJobCore.Web), returned result Microsoft.AspNetCore.Mvc.JsonResult in 16.4832ms.
info: Microsoft.AspNetCore.Mvc.Formatters.Json.Internal.JsonResultExecutor[1]
      Executing JsonResult, writing value of type 'AtiehJobCore.Web.Framework.KendoUi.DataSourceResult'.
info: Microsoft.AspNetCore.Mvc.Internal.ControllerActionInvoker[2]
      Executed action AtiehJobCore.Web.Areas.Admin.Controllers.LanguageController.Resources (AtiehJobCore.Web) in 19.2504ms
info: Microsoft.AspNetCore.Hosting.Internal.WebHost[2]
      Request finished in 21.2063ms 200 application/json; charset=utf-8
info: Microsoft.AspNetCore.StaticFiles.StaticFileMiddleware[2]
      Sending file. Request path: '/favicon.ico'. Physical path: 'D:\Programming New\AtiehJobCore\Presentation\AtiehJobCore.Web\wwwroot\favicon.ico'
info: Microsoft.AspNetCore.Hosting.Internal.WebHost[2]
      Request finished in 42.8937ms 200 image/x-icon
info: Microsoft.AspNetCore.Hosting.Internal.WebHost[1]
      Request starting HTTP/2.0 POST https://localhost:44344/Admin/Language/Edit/5c605d640592d907d44aef08 application/x-www-form-urlencoded 474
info: Microsoft.AspNetCore.Mvc.Internal.ControllerActionInvoker[1]
      Route matched with {area = "Admin", action = "Edit", controller = "Language"}. Executing action AtiehJobCore.Web.Areas.Admin.Controllers.LanguageController.Edit (AtiehJobCore.Web)
info: Microsoft.AspNetCore.Authorization.DefaultAuthorizationService[1]
      Authorization was successful.
info: Microsoft.AspNetCore.Mvc.Internal.ControllerActionInvoker[1]
      Executing action method AtiehJobCore.Web.Areas.Admin.Controllers.LanguageController.Edit (AtiehJobCore.Web) with arguments (AtiehJobCore.Web.Framework.Models.Admin.AdminLanguageModel, True) - Validation state: Valid
info: Microsoft.AspNetCore.Mvc.Internal.ControllerActionInvoker[2]
      Executed action method AtiehJobCore.Web.Areas.Admin.Controllers.LanguageController.Edit (AtiehJobCore.Web), returned result Microsoft.AspNetCore.Mvc.RedirectToActionResult in 20.7165ms.
info: Microsoft.AspNetCore.Mvc.RedirectToActionResult[1]
      Executing RedirectResult, redirecting to /Admin/Language/Edit/5c605d640592d907d44aef08.
info: Microsoft.AspNetCore.Mvc.Internal.ControllerActionInvoker[2]
      Executed action AtiehJobCore.Web.Areas.Admin.Controllers.LanguageController.Edit (AtiehJobCore.Web) in 26.4798ms
info: Microsoft.AspNetCore.Hosting.Internal.WebHost[2]
      Request finished in 29.6945ms 302 
info: Microsoft.AspNetCore.Hosting.Internal.WebHost[1]
      Request starting HTTP/2.0 GET https://localhost:44344/Admin/Language/Edit/5c605d640592d907d44aef08  
info: Microsoft.AspNetCore.Mvc.Internal.ControllerActionInvoker[1]
      Route matched with {area = "Admin", action = "Edit", controller = "Language"}. Executing action AtiehJobCore.Web.Areas.Admin.Controllers.LanguageController.Edit (AtiehJobCore.Web)
info: Microsoft.AspNetCore.Authorization.DefaultAuthorizationService[1]
      Authorization was successful.
info: Microsoft.AspNetCore.Mvc.Internal.ControllerActionInvoker[1]
      Executing action method AtiehJobCore.Web.Areas.Admin.Controllers.LanguageController.Edit (AtiehJobCore.Web) with arguments (5c605d640592d907d44aef08) - Validation state: Valid
info: Microsoft.AspNetCore.Mvc.Internal.ControllerActionInvoker[2]
      Executed action method AtiehJobCore.Web.Areas.Admin.Controllers.LanguageController.Edit (AtiehJobCore.Web), returned result Microsoft.AspNetCore.Mvc.ViewResult in 3.3598ms.
info: Microsoft.AspNetCore.Mvc.ViewFeatures.ViewResultExecutor[1]
      Executing ViewResult, running view Edit.
info: Microsoft.AspNetCore.Mvc.ViewFeatures.ViewResultExecutor[4]
      Executed ViewResult - view Edit executed in 60.619ms.
info: Microsoft.AspNetCore.Mvc.Internal.ControllerActionInvoker[2]
      Executed action AtiehJobCore.Web.Areas.Admin.Controllers.LanguageController.Edit (AtiehJobCore.Web) in 70.0807ms
info: Microsoft.AspNetCore.Hosting.Internal.WebHost[2]
      Request finished in 74.5899ms 200 text/html; charset=utf-8
info: Microsoft.AspNetCore.Hosting.Internal.WebHost[1]
      Request starting HTTP/2.0 GET https://localhost:44344/css/admin/coreui.min.css.map  
info: Microsoft.AspNetCore.Hosting.Internal.WebHost[2]
      Request finished in 1.838ms 404 
info: Microsoft.AspNetCore.Hosting.Internal.WebHost[1]
      Request starting HTTP/2.0 POST https://localhost:44344/Admin/Language/Resources?languageId=5c605d640592d907d44aef08 application/x-www-form-urlencoded; charset=UTF-8 288
info: Microsoft.AspNetCore.Mvc.Internal.ControllerActionInvoker[1]
      Route matched with {area = "Admin", action = "Resources", controller = "Language"}. Executing action AtiehJobCore.Web.Areas.Admin.Controllers.LanguageController.Resources (AtiehJobCore.Web)
info: Microsoft.AspNetCore.Authorization.DefaultAuthorizationService[1]
      Authorization was successful.
info: Microsoft.AspNetCore.Mvc.Internal.ControllerActionInvoker[1]
      Executing action method AtiehJobCore.Web.Areas.Admin.Controllers.LanguageController.Resources (AtiehJobCore.Web) with arguments (5c605d640592d907d44aef08, AtiehJobCore.Web.Framework.KendoUi.DataSourceRequest, AtiehJobCore.Web.Framework.Models.Admin.AdminLanguageResourceFilterModel) - Validation state: Valid
info: Microsoft.AspNetCore.Mvc.Internal.ControllerActionInvoker[2]
      Executed action method AtiehJobCore.Web.Areas.Admin.Controllers.LanguageController.Resources (AtiehJobCore.Web), returned result Microsoft.AspNetCore.Mvc.JsonResult in 18.4702ms.
info: Microsoft.AspNetCore.Mvc.Formatters.Json.Internal.JsonResultExecutor[1]
      Executing JsonResult, writing value of type 'AtiehJobCore.Web.Framework.KendoUi.DataSourceResult'.
info: Microsoft.AspNetCore.Mvc.Internal.ControllerActionInvoker[2]
      Executed action AtiehJobCore.Web.Areas.Admin.Controllers.LanguageController.Resources (AtiehJobCore.Web) in 21.1164ms
info: Microsoft.AspNetCore.Hosting.Internal.WebHost[2]
      Request finished in 22.8604ms 200 application/json; charset=utf-8
info: Microsoft.AspNetCore.Hosting.Internal.WebHost[1]
      Request starting HTTP/2.0 POST https://localhost:44344/Admin/Language/Edit/5c605d640592d907d44aef08 application/x-www-form-urlencoded 465
info: Microsoft.AspNetCore.Mvc.Internal.ControllerActionInvoker[1]
      Route matched with {area = "Admin", action = "Edit", controller = "Language"}. Executing action AtiehJobCore.Web.Areas.Admin.Controllers.LanguageController.Edit (AtiehJobCore.Web)
info: Microsoft.AspNetCore.Authorization.DefaultAuthorizationService[1]
      Authorization was successful.
info: Microsoft.AspNetCore.Mvc.Internal.ControllerActionInvoker[1]
      Executing action method AtiehJobCore.Web.Areas.Admin.Controllers.LanguageController.Edit (AtiehJobCore.Web) with arguments (AtiehJobCore.Web.Framework.Models.Admin.AdminLanguageModel, False) - Validation state: Valid
info: Microsoft.AspNetCore.Mvc.Internal.ControllerActionInvoker[2]
      Executed action method AtiehJobCore.Web.Areas.Admin.Controllers.LanguageController.Edit (AtiehJobCore.Web), returned result Microsoft.AspNetCore.Mvc.RedirectToActionResult in 21.2872ms.
info: Microsoft.AspNetCore.Mvc.RedirectToActionResult[1]
      Executing RedirectResult, redirecting to /Admin/Language/List.
info: Microsoft.AspNetCore.Mvc.Internal.ControllerActionInvoker[2]
      Executed action AtiehJobCore.Web.Areas.Admin.Controllers.LanguageController.Edit (AtiehJobCore.Web) in 28.4337ms
info: Microsoft.AspNetCore.Hosting.Internal.WebHost[2]
      Request finished in 30.3176ms 302 
info: Microsoft.AspNetCore.Hosting.Internal.WebHost[1]
      Request starting HTTP/2.0 GET https://localhost:44344/Admin/Language/List  
info: Microsoft.AspNetCore.Mvc.Internal.ControllerActionInvoker[1]
      Route matched with {area = "Admin", action = "List", controller = "Language"}. Executing action AtiehJobCore.Web.Areas.Admin.Controllers.LanguageController.List (AtiehJobCore.Web)
info: Microsoft.AspNetCore.Authorization.DefaultAuthorizationService[1]
      Authorization was successful.
info: Microsoft.AspNetCore.Mvc.Internal.ControllerActionInvoker[1]
      Executing action method AtiehJobCore.Web.Areas.Admin.Controllers.LanguageController.List (AtiehJobCore.Web) - Validation state: Valid
info: Microsoft.AspNetCore.Mvc.Internal.ControllerActionInvoker[2]
      Executed action method AtiehJobCore.Web.Areas.Admin.Controllers.LanguageController.List (AtiehJobCore.Web), returned result Microsoft.AspNetCore.Mvc.ViewResult in 0.0127ms.
info: Microsoft.AspNetCore.Mvc.ViewFeatures.ViewResultExecutor[1]
      Executing ViewResult, running view List.
info: Microsoft.AspNetCore.Mvc.ViewFeatures.ViewResultExecutor[4]
      Executed ViewResult - view List executed in 4.8052ms.
info: Microsoft.AspNetCore.Mvc.Internal.ControllerActionInvoker[2]
      Executed action AtiehJobCore.Web.Areas.Admin.Controllers.LanguageController.List (AtiehJobCore.Web) in 6.8049ms
info: Microsoft.AspNetCore.Hosting.Internal.WebHost[2]
      Request finished in 8.6749ms 200 text/html; charset=utf-8
info: Microsoft.AspNetCore.Hosting.Internal.WebHost[1]
      Request starting HTTP/2.0 POST https://localhost:44344/Admin/Language/List application/x-www-form-urlencoded; charset=UTF-8 225
info: Microsoft.AspNetCore.Mvc.Internal.ControllerActionInvoker[1]
      Route matched with {area = "Admin", action = "List", controller = "Language"}. Executing action AtiehJobCore.Web.Areas.Admin.Controllers.LanguageController.List (AtiehJobCore.Web)
info: Microsoft.AspNetCore.Authorization.DefaultAuthorizationService[1]
      Authorization was successful.
info: Microsoft.AspNetCore.Mvc.Internal.ControllerActionInvoker[1]
      Executing action method AtiehJobCore.Web.Areas.Admin.Controllers.LanguageController.List (AtiehJobCore.Web) with arguments (AtiehJobCore.Web.Framework.KendoUi.DataSourceRequest) - Validation state: Valid
info: Microsoft.AspNetCore.Mvc.Internal.ControllerActionInvoker[2]
      Executed action method AtiehJobCore.Web.Areas.Admin.Controllers.LanguageController.List (AtiehJobCore.Web), returned result Microsoft.AspNetCore.Mvc.JsonResult in 2.8141ms.
info: Microsoft.AspNetCore.Mvc.Formatters.Json.Internal.JsonResultExecutor[1]
      Executing JsonResult, writing value of type 'AtiehJobCore.Web.Framework.KendoUi.DataSourceResult'.
info: Microsoft.AspNetCore.Mvc.Internal.ControllerActionInvoker[2]
      Executed action AtiehJobCore.Web.Areas.Admin.Controllers.LanguageController.List (AtiehJobCore.Web) in 6.5557ms
info: Microsoft.AspNetCore.Hosting.Internal.WebHost[2]
      Request finished in 8.332ms 200 application/json; charset=utf-8
info: Microsoft.AspNetCore.Hosting.Internal.WebHost[1]
      Request starting HTTP/2.0 GET https://localhost:44344/Admin/Language/Edit/5c605d640592d907d44aef08  
info: Microsoft.AspNetCore.Mvc.Internal.ControllerActionInvoker[1]
      Route matched with {area = "Admin", action = "Edit", controller = "Language"}. Executing action AtiehJobCore.Web.Areas.Admin.Controllers.LanguageController.Edit (AtiehJobCore.Web)
info: Microsoft.AspNetCore.Authorization.DefaultAuthorizationService[1]
      Authorization was successful.
info: Microsoft.AspNetCore.Mvc.Internal.ControllerActionInvoker[1]
      Executing action method AtiehJobCore.Web.Areas.Admin.Controllers.LanguageController.Edit (AtiehJobCore.Web) with arguments (5c605d640592d907d44aef08) - Validation state: Valid
info: Microsoft.AspNetCore.Mvc.Internal.ControllerActionInvoker[2]
      Executed action method AtiehJobCore.Web.Areas.Admin.Controllers.LanguageController.Edit (AtiehJobCore.Web), returned result Microsoft.AspNetCore.Mvc.ViewResult in 1.3584ms.
info: Microsoft.AspNetCore.Mvc.ViewFeatures.ViewResultExecutor[1]
      Executing ViewResult, running view Edit.
info: Microsoft.AspNetCore.Mvc.ViewFeatures.ViewResultExecutor[4]
      Executed ViewResult - view Edit executed in 32.6279ms.
info: Microsoft.AspNetCore.Mvc.Internal.ControllerActionInvoker[2]
      Executed action AtiehJobCore.Web.Areas.Admin.Controllers.LanguageController.Edit (AtiehJobCore.Web) in 36.5299ms
info: Microsoft.AspNetCore.Hosting.Internal.WebHost[2]
      Request finished in 38.5864ms 200 text/html; charset=utf-8
info: Microsoft.AspNetCore.Hosting.Internal.WebHost[1]
      Request starting HTTP/2.0 POST https://localhost:44344/Admin/Language/Resources?languageId=5c605d640592d907d44aef08 application/x-www-form-urlencoded; charset=UTF-8 288
info: Microsoft.AspNetCore.Mvc.Internal.ControllerActionInvoker[1]
      Route matched with {area = "Admin", action = "Resources", controller = "Language"}. Executing action AtiehJobCore.Web.Areas.Admin.Controllers.LanguageController.Resources (AtiehJobCore.Web)
info: Microsoft.AspNetCore.Authorization.DefaultAuthorizationService[1]
      Authorization was successful.
info: Microsoft.AspNetCore.Mvc.Internal.ControllerActionInvoker[1]
      Executing action method AtiehJobCore.Web.Areas.Admin.Controllers.LanguageController.Resources (AtiehJobCore.Web) with arguments (5c605d640592d907d44aef08, AtiehJobCore.Web.Framework.KendoUi.DataSourceRequest, AtiehJobCore.Web.Framework.Models.Admin.AdminLanguageResourceFilterModel) - Validation state: Valid
info: Microsoft.AspNetCore.Mvc.Internal.ControllerActionInvoker[2]
      Executed action method AtiehJobCore.Web.Areas.Admin.Controllers.LanguageController.Resources (AtiehJobCore.Web), returned result Microsoft.AspNetCore.Mvc.JsonResult in 13.9701ms.
info: Microsoft.AspNetCore.Mvc.Formatters.Json.Internal.JsonResultExecutor[1]
      Executing JsonResult, writing value of type 'AtiehJobCore.Web.Framework.KendoUi.DataSourceResult'.
info: Microsoft.AspNetCore.Mvc.Internal.ControllerActionInvoker[2]
      Executed action AtiehJobCore.Web.Areas.Admin.Controllers.LanguageController.Resources (AtiehJobCore.Web) in 17.3359ms
info: Microsoft.AspNetCore.Hosting.Internal.WebHost[2]
      Request finished in 19.3824ms 200 application/json; charset=utf-8
info: Microsoft.AspNetCore.Hosting.Internal.WebHost[1]
      Request starting HTTP/2.0 POST https://localhost:44344/Admin/Language/Edit/5c605d640592d907d44aef08 application/x-www-form-urlencoded 474
info: Microsoft.AspNetCore.Mvc.Internal.ControllerActionInvoker[1]
      Route matched with {area = "Admin", action = "Edit", controller = "Language"}. Executing action AtiehJobCore.Web.Areas.Admin.Controllers.LanguageController.Edit (AtiehJobCore.Web)
info: Microsoft.AspNetCore.Authorization.DefaultAuthorizationService[1]
      Authorization was successful.
info: Microsoft.AspNetCore.Mvc.Internal.ControllerActionInvoker[1]
      Executing action method AtiehJobCore.Web.Areas.Admin.Controllers.LanguageController.Edit (AtiehJobCore.Web) with arguments (AtiehJobCore.Web.Framework.Models.Admin.AdminLanguageModel, True) - Validation state: Valid
info: Microsoft.AspNetCore.Mvc.Internal.ControllerActionInvoker[2]
      Executed action method AtiehJobCore.Web.Areas.Admin.Controllers.LanguageController.Edit (AtiehJobCore.Web), returned result Microsoft.AspNetCore.Mvc.RedirectToActionResult in 18.9486ms.
info: Microsoft.AspNetCore.Mvc.RedirectToActionResult[1]
      Executing RedirectResult, redirecting to /Admin/Language/Edit/5c605d640592d907d44aef08.
info: Microsoft.AspNetCore.Mvc.Internal.ControllerActionInvoker[2]
      Executed action AtiehJobCore.Web.Areas.Admin.Controllers.LanguageController.Edit (AtiehJobCore.Web) in 24.7689ms
info: Microsoft.AspNetCore.Hosting.Internal.WebHost[2]
      Request finished in 26.8954ms 302 
info: Microsoft.AspNetCore.Hosting.Internal.WebHost[1]
      Request starting HTTP/2.0 GET https://localhost:44344/Admin/Language/Edit/5c605d640592d907d44aef08  
info: Microsoft.AspNetCore.Mvc.Internal.ControllerActionInvoker[1]
      Route matched with {area = "Admin", action = "Edit", controller = "Language"}. Executing action AtiehJobCore.Web.Areas.Admin.Controllers.LanguageController.Edit (AtiehJobCore.Web)
info: Microsoft.AspNetCore.Authorization.DefaultAuthorizationService[1]
      Authorization was successful.
info: Microsoft.AspNetCore.Mvc.Internal.ControllerActionInvoker[1]
      Executing action method AtiehJobCore.Web.Areas.Admin.Controllers.LanguageController.Edit (AtiehJobCore.Web) with arguments (5c605d640592d907d44aef08) - Validation state: Valid
info: Microsoft.AspNetCore.Mvc.Internal.ControllerActionInvoker[2]
      Executed action method AtiehJobCore.Web.Areas.Admin.Controllers.LanguageController.Edit (AtiehJobCore.Web), returned result Microsoft.AspNetCore.Mvc.ViewResult in 3.2082ms.
info: Microsoft.AspNetCore.Mvc.ViewFeatures.ViewResultExecutor[1]
      Executing ViewResult, running view Edit.
info: Microsoft.AspNetCore.Mvc.ViewFeatures.ViewResultExecutor[4]
      Executed ViewResult - view Edit executed in 103.3668ms.
info: Microsoft.AspNetCore.Mvc.Internal.ControllerActionInvoker[2]
      Executed action AtiehJobCore.Web.Areas.Admin.Controllers.LanguageController.Edit (AtiehJobCore.Web) in 111.9447ms
info: Microsoft.AspNetCore.Hosting.Internal.WebHost[2]
      Request finished in 116.4539ms 200 text/html; charset=utf-8
info: Microsoft.AspNetCore.Hosting.Internal.WebHost[1]
      Request starting HTTP/2.0 POST https://localhost:44344/Admin/Language/Resources?languageId=5c605d640592d907d44aef08 application/x-www-form-urlencoded; charset=UTF-8 288
info: Microsoft.AspNetCore.Mvc.Internal.ControllerActionInvoker[1]
      Route matched with {area = "Admin", action = "Resources", controller = "Language"}. Executing action AtiehJobCore.Web.Areas.Admin.Controllers.LanguageController.Resources (AtiehJobCore.Web)
info: Microsoft.AspNetCore.Authorization.DefaultAuthorizationService[1]
      Authorization was successful.
info: Microsoft.AspNetCore.Mvc.Internal.ControllerActionInvoker[1]
      Executing action method AtiehJobCore.Web.Areas.Admin.Controllers.LanguageController.Resources (AtiehJobCore.Web) with arguments (5c605d640592d907d44aef08, AtiehJobCore.Web.Framework.KendoUi.DataSourceRequest, AtiehJobCore.Web.Framework.Models.Admin.AdminLanguageResourceFilterModel) - Validation state: Valid
info: Microsoft.AspNetCore.Mvc.Internal.ControllerActionInvoker[2]
      Executed action method AtiehJobCore.Web.Areas.Admin.Controllers.LanguageController.Resources (AtiehJobCore.Web), returned result Microsoft.AspNetCore.Mvc.JsonResult in 18.038ms.
info: Microsoft.AspNetCore.Mvc.Formatters.Json.Internal.JsonResultExecutor[1]
      Executing JsonResult, writing value of type 'AtiehJobCore.Web.Framework.KendoUi.DataSourceResult'.
info: Microsoft.AspNetCore.Mvc.Internal.ControllerActionInvoker[2]
      Executed action AtiehJobCore.Web.Areas.Admin.Controllers.LanguageController.Resources (AtiehJobCore.Web) in 22.4903ms
info: Microsoft.AspNetCore.Hosting.Internal.WebHost[2]
      Request finished in 24.7409ms 200 application/json; charset=utf-8
info: Microsoft.AspNetCore.Hosting.Internal.WebHost[1]
      Request starting HTTP/2.0 GET https://localhost:44344/  
info: Microsoft.AspNetCore.Mvc.Internal.ControllerActionInvoker[1]
      Route matched with {action = "Index", controller = "Home", area = ""}. Executing action AtiehJobCore.Web.Controllers.HomeController.Index (AtiehJobCore.Web)
info: Microsoft.AspNetCore.Mvc.Internal.ControllerActionInvoker[1]
      Executing action method AtiehJobCore.Web.Controllers.HomeController.Index (AtiehJobCore.Web) - Validation state: Valid
info: Microsoft.AspNetCore.Mvc.Internal.ControllerActionInvoker[2]
      Executed action method AtiehJobCore.Web.Controllers.HomeController.Index (AtiehJobCore.Web), returned result Microsoft.AspNetCore.Mvc.ViewResult in 0.0329ms.
info: Microsoft.AspNetCore.Mvc.ViewFeatures.ViewResultExecutor[1]
      Executing ViewResult, running view Index.
info: Microsoft.AspNetCore.Mvc.ViewFeatures.ViewResultExecutor[4]
      Executed ViewResult - view Index executed in 5.2217ms.
info: Microsoft.AspNetCore.Mvc.Internal.ControllerActionInvoker[2]
      Executed action AtiehJobCore.Web.Controllers.HomeController.Index (AtiehJobCore.Web) in 7.1401ms
info: Microsoft.AspNetCore.Hosting.Internal.WebHost[2]
      Request finished in 9.8565ms 200 text/html; charset=utf-8
info: Microsoft.AspNetCore.Hosting.Internal.WebHost[1]
      Request starting HTTP/2.0 GET https://localhost:44344/changelanguage/5c605d640592d907d44aef08?returnurl=%2f  
info: Microsoft.AspNetCore.Hosting.Internal.WebHost[2]
      Request finished in 83.2552ms 404 
info: Microsoft.AspNetCore.Hosting.Internal.WebHost[1]
      Request starting HTTP/2.0 GET https://localhost:44344/changelanguage/5c605d640592d907d44aef07?returnurl=%2f  
info: Microsoft.AspNetCore.Hosting.Internal.WebHost[2]
      Request finished in 4.4501ms 404 
