info: Microsoft.EntityFrameworkCore.Infrastructure[10403]
      Entity Framework Core 2.2.0-rtm-35687 initialized 'AtiehJobCoreDbContext' using provider 'Microsoft.EntityFrameworkCore.SqlServer' with options: MaxPoolSize=128 CommandTimeout=180 
info: Microsoft.EntityFrameworkCore.Database.Command[20101]
      Executed DbCommand (176ms) [Parameters=[], CommandType='Text', CommandTimeout='180']
      SELECT [k].[XmlData]
      FROM [DataProtectionKeys] AS [k]
info: Microsoft.EntityFrameworkCore.Infrastructure[10403]
      Entity Framework Core 2.2.0-rtm-35687 initialized 'AtiehJobCoreDbContext' using provider 'Microsoft.EntityFrameworkCore.SqlServer' with options: MaxPoolSize=128 CommandTimeout=180 
info: Microsoft.EntityFrameworkCore.Infrastructure[10403]
      Entity Framework Core 2.2.0-rtm-35687 initialized 'AtiehJobCoreDbContext' using provider 'Microsoft.EntityFrameworkCore.SqlServer' with options: MaxPoolSize=128 CommandTimeout=180 
info: Microsoft.EntityFrameworkCore.Database.Command[20101]
      Executed DbCommand (29ms) [Parameters=[], CommandType='Text', CommandTimeout='180']
      SELECT OBJECT_ID(N'[__EFMigrationsHistory]');
info: Microsoft.EntityFrameworkCore.Database.Command[20101]
      Executed DbCommand (18ms) [Parameters=[], CommandType='Text', CommandTimeout='180']
      SELECT OBJECT_ID(N'[__EFMigrationsHistory]');
info: Microsoft.EntityFrameworkCore.Database.Command[20101]
      Executed DbCommand (17ms) [Parameters=[], CommandType='Text', CommandTimeout='180']
      SELECT [MigrationId], [ProductVersion]
      FROM [__EFMigrationsHistory]
      ORDER BY [MigrationId];
info: Microsoft.EntityFrameworkCore.Migrations[20405]
      No migrations were applied. The database is already up to date.
info: Microsoft.EntityFrameworkCore.Infrastructure[10403]
      Entity Framework Core 2.2.0-rtm-35687 initialized 'AtiehJobCoreDbContext' using provider 'Microsoft.EntityFrameworkCore.SqlServer' with options: MaxPoolSize=128 CommandTimeout=180 
info: Microsoft.EntityFrameworkCore.Database.Command[20101]
      Executed DbCommand (87ms) [Parameters=[@__normalizedUserName_0='?' (Size = 256)], CommandType='Text', CommandTimeout='180']
      SELECT TOP(1) [u].[Id], [u].[AccessFailedCount], [u].[ConcurrencyStamp], [u].[CreatedByBrowserName], [u].[CreatedByIp], [u].[CreatedByUserId], [u].[CreatedDateTime], [u].[DateOfBirth], [u].[Email], [u].[EmailConfirmed], [u].[FirstName], [u].[GenderType], [u].[IsActive], [u].[IsEmailPublic], [u].[LastName], [u].[LastVisitedDateTime], [u].[Location], [u].[LockoutEnabled], [u].[LockoutEnd], [u].[MobileNumber], [u].[ModifiedByBrowserName], [u].[ModifiedByIp], [u].[ModifiedByUserId], [u].[ModifiedDateTime], [u].[NationalCode], [u].[NormalizedEmail], [u].[NormalizedUserName], [u].[PasswordHash], [u].[PhoneNumber], [u].[PhoneNumberConfirmed], [u].[PhotoFileName], [u].[SecurityStamp], [u].[TwoFactorEnabled], [u].[UserName]
      FROM [Users] AS [u]
      WHERE [u].[NormalizedUserName] = @__normalizedUserName_0
info: Microsoft.EntityFrameworkCore.Database.Command[20101]
      Executed DbCommand (48ms) [Parameters=[@__normalizedName_0='?' (Size = 256)], CommandType='Text', CommandTimeout='180']
      SELECT TOP(1) [r].[Id], [r].[ConcurrencyStamp], [r].[CreatedByBrowserName], [r].[CreatedByIp], [r].[CreatedByUserId], [r].[CreatedDateTime], [r].[Description], [r].[ModifiedByBrowserName], [r].[ModifiedByIp], [r].[ModifiedByUserId], [r].[ModifiedDateTime], [r].[Name], [r].[NormalizedName]
      FROM [Roles] AS [r]
      WHERE [r].[NormalizedName] = @__normalizedName_0
info: AtiehJobCore.Services.Identity.IdentityDbInitializer[0]
      SeedDatabaseWithAdminUserAsync: adminRole already exists.
info: Microsoft.EntityFrameworkCore.Database.Command[20101]
      Executed DbCommand (66ms) [Parameters=[@__normalizedUserName_0='?' (Size = 256)], CommandType='Text', CommandTimeout='180']
      SELECT TOP(1) [u].[Id], [u].[AccessFailedCount], [u].[ConcurrencyStamp], [u].[CreatedByBrowserName], [u].[CreatedByIp], [u].[CreatedByUserId], [u].[CreatedDateTime], [u].[DateOfBirth], [u].[Email], [u].[EmailConfirmed], [u].[FirstName], [u].[GenderType], [u].[IsActive], [u].[IsEmailPublic], [u].[LastName], [u].[LastVisitedDateTime], [u].[Location], [u].[LockoutEnabled], [u].[LockoutEnd], [u].[MobileNumber], [u].[ModifiedByBrowserName], [u].[ModifiedByIp], [u].[ModifiedByUserId], [u].[ModifiedDateTime], [u].[NationalCode], [u].[NormalizedEmail], [u].[NormalizedUserName], [u].[PasswordHash], [u].[PhoneNumber], [u].[PhoneNumberConfirmed], [u].[PhotoFileName], [u].[SecurityStamp], [u].[TwoFactorEnabled], [u].[UserName]
      FROM [Users] AS [u]
      WHERE [u].[NormalizedUserName] = @__normalizedUserName_0
info: Microsoft.EntityFrameworkCore.Database.Command[20101]
      Executed DbCommand (27ms) [Parameters=[@__normalizedEmail_0='?' (Size = 256)], CommandType='Text', CommandTimeout='180']
      SELECT TOP(1) [u].[Id], [u].[AccessFailedCount], [u].[ConcurrencyStamp], [u].[CreatedByBrowserName], [u].[CreatedByIp], [u].[CreatedByUserId], [u].[CreatedDateTime], [u].[DateOfBirth], [u].[Email], [u].[EmailConfirmed], [u].[FirstName], [u].[GenderType], [u].[IsActive], [u].[IsEmailPublic], [u].[LastName], [u].[LastVisitedDateTime], [u].[Location], [u].[LockoutEnabled], [u].[LockoutEnd], [u].[MobileNumber], [u].[ModifiedByBrowserName], [u].[ModifiedByIp], [u].[ModifiedByUserId], [u].[ModifiedDateTime], [u].[NationalCode], [u].[NormalizedEmail], [u].[NormalizedUserName], [u].[PasswordHash], [u].[PhoneNumber], [u].[PhoneNumberConfirmed], [u].[PhotoFileName], [u].[SecurityStamp], [u].[TwoFactorEnabled], [u].[UserName]
      FROM [Users] AS [u]
      WHERE [u].[NormalizedEmail] = @__normalizedEmail_0
info: Microsoft.EntityFrameworkCore.Database.Command[20101]
      Executed DbCommand (44ms) [Parameters=[@__normalizedUserName_0='?' (Size = 256)], CommandType='Text', CommandTimeout='180']
      SELECT TOP(1) [u].[Id], [u].[AccessFailedCount], [u].[ConcurrencyStamp], [u].[CreatedByBrowserName], [u].[CreatedByIp], [u].[CreatedByUserId], [u].[CreatedDateTime], [u].[DateOfBirth], [u].[Email], [u].[EmailConfirmed], [u].[FirstName], [u].[GenderType], [u].[IsActive], [u].[IsEmailPublic], [u].[LastName], [u].[LastVisitedDateTime], [u].[Location], [u].[LockoutEnabled], [u].[LockoutEnd], [u].[MobileNumber], [u].[ModifiedByBrowserName], [u].[ModifiedByIp], [u].[ModifiedByUserId], [u].[ModifiedDateTime], [u].[NationalCode], [u].[NormalizedEmail], [u].[NormalizedUserName], [u].[PasswordHash], [u].[PhoneNumber], [u].[PhoneNumberConfirmed], [u].[PhotoFileName], [u].[SecurityStamp], [u].[TwoFactorEnabled], [u].[UserName]
      FROM [Users] AS [u]
      WHERE [u].[NormalizedUserName] = @__normalizedUserName_0
info: Microsoft.EntityFrameworkCore.Database.Command[20101]
      Executed DbCommand (44ms) [Parameters=[@__normalizedEmail_0='?' (Size = 256)], CommandType='Text', CommandTimeout='180']
      SELECT TOP(1) [u].[Id], [u].[AccessFailedCount], [u].[ConcurrencyStamp], [u].[CreatedByBrowserName], [u].[CreatedByIp], [u].[CreatedByUserId], [u].[CreatedDateTime], [u].[DateOfBirth], [u].[Email], [u].[EmailConfirmed], [u].[FirstName], [u].[GenderType], [u].[IsActive], [u].[IsEmailPublic], [u].[LastName], [u].[LastVisitedDateTime], [u].[Location], [u].[LockoutEnabled], [u].[LockoutEnd], [u].[MobileNumber], [u].[ModifiedByBrowserName], [u].[ModifiedByIp], [u].[ModifiedByUserId], [u].[ModifiedDateTime], [u].[NationalCode], [u].[NormalizedEmail], [u].[NormalizedUserName], [u].[PasswordHash], [u].[PhoneNumber], [u].[PhoneNumberConfirmed], [u].[PhotoFileName], [u].[SecurityStamp], [u].[TwoFactorEnabled], [u].[UserName]
      FROM [Users] AS [u]
      WHERE [u].[NormalizedEmail] = @__normalizedEmail_0
info: Microsoft.EntityFrameworkCore.Database.Command[20101]
      Executed DbCommand (91ms) [Parameters=[@p0='?' (DbType = Int32), @p1='?' (Size = 4000), @p2='?' (Size = 1000), @p3='?' (Size = 255), @p4='?' (DbType = Int32), @p5='?' (DbType = DateTimeOffset), @p6='?' (DbType = DateTimeOffset), @p7='?' (Size = 256), @p8='?' (DbType = Boolean), @p9='?' (Size = 100), @p10='?' (DbType = Int32), @p11='?' (DbType = Boolean), @p12='?' (DbType = Boolean), @p13='?' (Size = 450), @p14='?' (DbType = DateTimeOffset), @p15='?' (Size = 250), @p16='?' (DbType = Boolean), @p17='?' (DbType = DateTimeOffset), @p18='?' (Size = 11), @p19='?' (Size = 1000), @p20='?' (Size = 255), @p21='?' (DbType = Int32), @p22='?' (DbType = DateTimeOffset), @p23='?' (Size = 10), @p24='?' (Size = 256), @p25='?' (Size = 256), @p26='?' (Size = 4000), @p27='?' (Size = 4000), @p28='?' (DbType = Boolean), @p29='?' (Size = 450), @p30='?' (Size = 4000), @p31='?' (DbType = Boolean), @p32='?' (Size = 256)], CommandType='Text', CommandTimeout='180']
      SET NOCOUNT ON;
      INSERT INTO [Users] ([AccessFailedCount], [ConcurrencyStamp], [CreatedByBrowserName], [CreatedByIp], [CreatedByUserId], [CreatedDateTime], [DateOfBirth], [Email], [EmailConfirmed], [FirstName], [GenderType], [IsActive], [IsEmailPublic], [LastName], [LastVisitedDateTime], [Location], [LockoutEnabled], [LockoutEnd], [MobileNumber], [ModifiedByBrowserName], [ModifiedByIp], [ModifiedByUserId], [ModifiedDateTime], [NationalCode], [NormalizedEmail], [NormalizedUserName], [PasswordHash], [PhoneNumber], [PhoneNumberConfirmed], [PhotoFileName], [SecurityStamp], [TwoFactorEnabled], [UserName])
      VALUES (@p0, @p1, @p2, @p3, @p4, @p5, @p6, @p7, @p8, @p9, @p10, @p11, @p12, @p13, @p14, @p15, @p16, @p17, @p18, @p19, @p20, @p21, @p22, @p23, @p24, @p25, @p26, @p27, @p28, @p29, @p30, @p31, @p32);
      SELECT [Id]
      FROM [Users]
      WHERE @@ROWCOUNT = 1 AND [Id] = scope_identity();
info: Microsoft.EntityFrameworkCore.Database.Command[20101]
      Executed DbCommand (74ms) [Parameters=[@p0='?' (Size = 1000), @p1='?' (Size = 255), @p2='?' (DbType = Int32), @p3='?' (DbType = DateTimeOffset), @p4='?' (Size = 450), @p5='?' (Size = 1000), @p6='?' (Size = 255), @p7='?' (DbType = Int32), @p8='?' (DbType = DateTimeOffset), @p9='?' (DbType = Int32)], CommandType='Text', CommandTimeout='180']
      SET NOCOUNT ON;
      INSERT INTO [UserUsedPasswords] ([CreatedByBrowserName], [CreatedByIp], [CreatedByUserId], [CreatedDateTime], [HashedPassword], [ModifiedByBrowserName], [ModifiedByIp], [ModifiedByUserId], [ModifiedDateTime], [UserId])
      VALUES (@p0, @p1, @p2, @p3, @p4, @p5, @p6, @p7, @p8, @p9);
      SELECT [Id]
      FROM [UserUsedPasswords]
      WHERE @@ROWCOUNT = 1 AND [Id] = scope_identity();
info: Microsoft.EntityFrameworkCore.Database.Command[20101]
      Executed DbCommand (43ms) [Parameters=[@p0='?' (Size = 1000), @p1='?' (Size = 255), @p2='?' (DbType = Int32), @p3='?' (DbType = DateTimeOffset), @p4='?' (Size = 450), @p5='?' (Size = 1000), @p6='?' (Size = 255), @p7='?' (DbType = Int32), @p8='?' (DbType = DateTimeOffset), @p9='?' (DbType = Int32)], CommandType='Text', CommandTimeout='180']
      SET NOCOUNT ON;
      INSERT INTO [UserUsedPasswords] ([CreatedByBrowserName], [CreatedByIp], [CreatedByUserId], [CreatedDateTime], [HashedPassword], [ModifiedByBrowserName], [ModifiedByIp], [ModifiedByUserId], [ModifiedDateTime], [UserId])
      VALUES (@p0, @p1, @p2, @p3, @p4, @p5, @p6, @p7, @p8, @p9);
      SELECT [Id]
      FROM [UserUsedPasswords]
      WHERE @@ROWCOUNT = 1 AND [Id] = scope_identity();
info: Microsoft.EntityFrameworkCore.Database.Command[20101]
      Executed DbCommand (101ms) [Parameters=[@__normalizedUserName_0='?' (Size = 256)], CommandType='Text', CommandTimeout='180']
      SELECT TOP(1) [u].[Id], [u].[AccessFailedCount], [u].[ConcurrencyStamp], [u].[CreatedByBrowserName], [u].[CreatedByIp], [u].[CreatedByUserId], [u].[CreatedDateTime], [u].[DateOfBirth], [u].[Email], [u].[EmailConfirmed], [u].[FirstName], [u].[GenderType], [u].[IsActive], [u].[IsEmailPublic], [u].[LastName], [u].[LastVisitedDateTime], [u].[Location], [u].[LockoutEnabled], [u].[LockoutEnd], [u].[MobileNumber], [u].[ModifiedByBrowserName], [u].[ModifiedByIp], [u].[ModifiedByUserId], [u].[ModifiedDateTime], [u].[NationalCode], [u].[NormalizedEmail], [u].[NormalizedUserName], [u].[PasswordHash], [u].[PhoneNumber], [u].[PhoneNumberConfirmed], [u].[PhotoFileName], [u].[SecurityStamp], [u].[TwoFactorEnabled], [u].[UserName]
      FROM [Users] AS [u]
      WHERE [u].[NormalizedUserName] = @__normalizedUserName_0
info: Microsoft.EntityFrameworkCore.Database.Command[20101]
      Executed DbCommand (47ms) [Parameters=[@__normalizedEmail_0='?' (Size = 256)], CommandType='Text', CommandTimeout='180']
      SELECT TOP(1) [u].[Id], [u].[AccessFailedCount], [u].[ConcurrencyStamp], [u].[CreatedByBrowserName], [u].[CreatedByIp], [u].[CreatedByUserId], [u].[CreatedDateTime], [u].[DateOfBirth], [u].[Email], [u].[EmailConfirmed], [u].[FirstName], [u].[GenderType], [u].[IsActive], [u].[IsEmailPublic], [u].[LastName], [u].[LastVisitedDateTime], [u].[Location], [u].[LockoutEnabled], [u].[LockoutEnd], [u].[MobileNumber], [u].[ModifiedByBrowserName], [u].[ModifiedByIp], [u].[ModifiedByUserId], [u].[ModifiedDateTime], [u].[NationalCode], [u].[NormalizedEmail], [u].[NormalizedUserName], [u].[PasswordHash], [u].[PhoneNumber], [u].[PhoneNumberConfirmed], [u].[PhotoFileName], [u].[SecurityStamp], [u].[TwoFactorEnabled], [u].[UserName]
      FROM [Users] AS [u]
      WHERE [u].[NormalizedEmail] = @__normalizedEmail_0
info: Microsoft.EntityFrameworkCore.Database.Command[20101]
      Executed DbCommand (47ms) [Parameters=[@__normalizedUserName_0='?' (Size = 256)], CommandType='Text', CommandTimeout='180']
      SELECT TOP(1) [u].[Id], [u].[AccessFailedCount], [u].[ConcurrencyStamp], [u].[CreatedByBrowserName], [u].[CreatedByIp], [u].[CreatedByUserId], [u].[CreatedDateTime], [u].[DateOfBirth], [u].[Email], [u].[EmailConfirmed], [u].[FirstName], [u].[GenderType], [u].[IsActive], [u].[IsEmailPublic], [u].[LastName], [u].[LastVisitedDateTime], [u].[Location], [u].[LockoutEnabled], [u].[LockoutEnd], [u].[MobileNumber], [u].[ModifiedByBrowserName], [u].[ModifiedByIp], [u].[ModifiedByUserId], [u].[ModifiedDateTime], [u].[NationalCode], [u].[NormalizedEmail], [u].[NormalizedUserName], [u].[PasswordHash], [u].[PhoneNumber], [u].[PhoneNumberConfirmed], [u].[PhotoFileName], [u].[SecurityStamp], [u].[TwoFactorEnabled], [u].[UserName]
      FROM [Users] AS [u]
      WHERE [u].[NormalizedUserName] = @__normalizedUserName_0
info: Microsoft.EntityFrameworkCore.Database.Command[20101]
      Executed DbCommand (45ms) [Parameters=[@__normalizedEmail_0='?' (Size = 256)], CommandType='Text', CommandTimeout='180']
      SELECT TOP(1) [u].[Id], [u].[AccessFailedCount], [u].[ConcurrencyStamp], [u].[CreatedByBrowserName], [u].[CreatedByIp], [u].[CreatedByUserId], [u].[CreatedDateTime], [u].[DateOfBirth], [u].[Email], [u].[EmailConfirmed], [u].[FirstName], [u].[GenderType], [u].[IsActive], [u].[IsEmailPublic], [u].[LastName], [u].[LastVisitedDateTime], [u].[Location], [u].[LockoutEnabled], [u].[LockoutEnd], [u].[MobileNumber], [u].[ModifiedByBrowserName], [u].[ModifiedByIp], [u].[ModifiedByUserId], [u].[ModifiedDateTime], [u].[NationalCode], [u].[NormalizedEmail], [u].[NormalizedUserName], [u].[PasswordHash], [u].[PhoneNumber], [u].[PhoneNumberConfirmed], [u].[PhotoFileName], [u].[SecurityStamp], [u].[TwoFactorEnabled], [u].[UserName]
      FROM [Users] AS [u]
      WHERE [u].[NormalizedEmail] = @__normalizedEmail_0
info: Microsoft.EntityFrameworkCore.Database.Command[20101]
      Executed DbCommand (147ms) [Parameters=[@p33='?' (DbType = Int32), @p0='?' (DbType = Int32), @p1='?' (Size = 4000), @p34='?' (Size = 4000), @p2='?' (Size = 1000), @p3='?' (Size = 255), @p4='?' (DbType = Int32), @p5='?' (DbType = DateTimeOffset), @p6='?' (DbType = DateTimeOffset), @p7='?' (Size = 256), @p8='?' (DbType = Boolean), @p9='?' (Size = 100), @p10='?' (DbType = Int32), @p11='?' (DbType = Boolean), @p12='?' (DbType = Boolean), @p13='?' (Size = 450), @p14='?' (DbType = DateTimeOffset), @p15='?' (Size = 250), @p16='?' (DbType = Boolean), @p17='?' (DbType = DateTimeOffset), @p18='?' (Size = 11), @p19='?' (Size = 1000), @p20='?' (Size = 255), @p21='?' (DbType = Int32), @p22='?' (DbType = DateTimeOffset), @p23='?' (Size = 10), @p24='?' (Size = 256), @p25='?' (Size = 256), @p26='?' (Size = 4000), @p27='?' (Size = 4000), @p28='?' (DbType = Boolean), @p29='?' (Size = 450), @p30='?' (Size = 4000), @p31='?' (DbType = Boolean), @p32='?' (Size = 256)], CommandType='Text', CommandTimeout='180']
      SET NOCOUNT ON;
      UPDATE [Users] SET [AccessFailedCount] = @p0, [ConcurrencyStamp] = @p1, [CreatedByBrowserName] = @p2, [CreatedByIp] = @p3, [CreatedByUserId] = @p4, [CreatedDateTime] = @p5, [DateOfBirth] = @p6, [Email] = @p7, [EmailConfirmed] = @p8, [FirstName] = @p9, [GenderType] = @p10, [IsActive] = @p11, [IsEmailPublic] = @p12, [LastName] = @p13, [LastVisitedDateTime] = @p14, [Location] = @p15, [LockoutEnabled] = @p16, [LockoutEnd] = @p17, [MobileNumber] = @p18, [ModifiedByBrowserName] = @p19, [ModifiedByIp] = @p20, [ModifiedByUserId] = @p21, [ModifiedDateTime] = @p22, [NationalCode] = @p23, [NormalizedEmail] = @p24, [NormalizedUserName] = @p25, [PasswordHash] = @p26, [PhoneNumber] = @p27, [PhoneNumberConfirmed] = @p28, [PhotoFileName] = @p29, [SecurityStamp] = @p30, [TwoFactorEnabled] = @p31, [UserName] = @p32
      WHERE [Id] = @p33 AND [ConcurrencyStamp] = @p34;
      SELECT @@ROWCOUNT;
info: Microsoft.EntityFrameworkCore.Database.Command[20101]
      Executed DbCommand (46ms) [Parameters=[@__normalizedRoleName_0='?' (Size = 256)], CommandType='Text', CommandTimeout='180']
      SELECT TOP(2) [r].[Id], [r].[ConcurrencyStamp], [r].[CreatedByBrowserName], [r].[CreatedByIp], [r].[CreatedByUserId], [r].[CreatedDateTime], [r].[Description], [r].[ModifiedByBrowserName], [r].[ModifiedByIp], [r].[ModifiedByUserId], [r].[ModifiedDateTime], [r].[Name], [r].[NormalizedName]
      FROM [Roles] AS [r]
      WHERE [r].[NormalizedName] = @__normalizedRoleName_0
info: Microsoft.EntityFrameworkCore.Database.Command[20101]
      Executed DbCommand (38ms) [Parameters=[@__get_Item_0='?' (DbType = Int32), @__get_Item_1='?' (DbType = Int32)], CommandType='Text', CommandTimeout='180']
      SELECT TOP(1) [e].[UserId], [e].[RoleId], [e].[CreatedByBrowserName], [e].[CreatedByIp], [e].[CreatedByUserId], [e].[CreatedDateTime], [e].[ModifiedByBrowserName], [e].[ModifiedByIp], [e].[ModifiedByUserId], [e].[ModifiedDateTime]
      FROM [UserRoles] AS [e]
      WHERE ([e].[UserId] = @__get_Item_0) AND ([e].[RoleId] = @__get_Item_1)
info: Microsoft.EntityFrameworkCore.Database.Command[20101]
      Executed DbCommand (48ms) [Parameters=[@__normalizedRoleName_0='?' (Size = 256)], CommandType='Text', CommandTimeout='180']
      SELECT TOP(2) [r].[Id], [r].[ConcurrencyStamp], [r].[CreatedByBrowserName], [r].[CreatedByIp], [r].[CreatedByUserId], [r].[CreatedDateTime], [r].[Description], [r].[ModifiedByBrowserName], [r].[ModifiedByIp], [r].[ModifiedByUserId], [r].[ModifiedDateTime], [r].[Name], [r].[NormalizedName]
      FROM [Roles] AS [r]
      WHERE [r].[NormalizedName] = @__normalizedRoleName_0
info: Microsoft.EntityFrameworkCore.Database.Command[20101]
      Executed DbCommand (24ms) [Parameters=[@__normalizedUserName_0='?' (Size = 256)], CommandType='Text', CommandTimeout='180']
      SELECT TOP(1) [u].[Id], [u].[AccessFailedCount], [u].[ConcurrencyStamp], [u].[CreatedByBrowserName], [u].[CreatedByIp], [u].[CreatedByUserId], [u].[CreatedDateTime], [u].[DateOfBirth], [u].[Email], [u].[EmailConfirmed], [u].[FirstName], [u].[GenderType], [u].[IsActive], [u].[IsEmailPublic], [u].[LastName], [u].[LastVisitedDateTime], [u].[Location], [u].[LockoutEnabled], [u].[LockoutEnd], [u].[MobileNumber], [u].[ModifiedByBrowserName], [u].[ModifiedByIp], [u].[ModifiedByUserId], [u].[ModifiedDateTime], [u].[NationalCode], [u].[NormalizedEmail], [u].[NormalizedUserName], [u].[PasswordHash], [u].[PhoneNumber], [u].[PhoneNumberConfirmed], [u].[PhotoFileName], [u].[SecurityStamp], [u].[TwoFactorEnabled], [u].[UserName]
      FROM [Users] AS [u]
      WHERE [u].[NormalizedUserName] = @__normalizedUserName_0
info: Microsoft.EntityFrameworkCore.Database.Command[20101]
      Executed DbCommand (45ms) [Parameters=[@__normalizedEmail_0='?' (Size = 256)], CommandType='Text', CommandTimeout='180']
      SELECT TOP(1) [u].[Id], [u].[AccessFailedCount], [u].[ConcurrencyStamp], [u].[CreatedByBrowserName], [u].[CreatedByIp], [u].[CreatedByUserId], [u].[CreatedDateTime], [u].[DateOfBirth], [u].[Email], [u].[EmailConfirmed], [u].[FirstName], [u].[GenderType], [u].[IsActive], [u].[IsEmailPublic], [u].[LastName], [u].[LastVisitedDateTime], [u].[Location], [u].[LockoutEnabled], [u].[LockoutEnd], [u].[MobileNumber], [u].[ModifiedByBrowserName], [u].[ModifiedByIp], [u].[ModifiedByUserId], [u].[ModifiedDateTime], [u].[NationalCode], [u].[NormalizedEmail], [u].[NormalizedUserName], [u].[PasswordHash], [u].[PhoneNumber], [u].[PhoneNumberConfirmed], [u].[PhotoFileName], [u].[SecurityStamp], [u].[TwoFactorEnabled], [u].[UserName]
      FROM [Users] AS [u]
      WHERE [u].[NormalizedEmail] = @__normalizedEmail_0
info: Microsoft.EntityFrameworkCore.Database.Command[20101]
      Executed DbCommand (61ms) [Parameters=[@__normalizedUserName_0='?' (Size = 256)], CommandType='Text', CommandTimeout='180']
      SELECT TOP(1) [u].[Id], [u].[AccessFailedCount], [u].[ConcurrencyStamp], [u].[CreatedByBrowserName], [u].[CreatedByIp], [u].[CreatedByUserId], [u].[CreatedDateTime], [u].[DateOfBirth], [u].[Email], [u].[EmailConfirmed], [u].[FirstName], [u].[GenderType], [u].[IsActive], [u].[IsEmailPublic], [u].[LastName], [u].[LastVisitedDateTime], [u].[Location], [u].[LockoutEnabled], [u].[LockoutEnd], [u].[MobileNumber], [u].[ModifiedByBrowserName], [u].[ModifiedByIp], [u].[ModifiedByUserId], [u].[ModifiedDateTime], [u].[NationalCode], [u].[NormalizedEmail], [u].[NormalizedUserName], [u].[PasswordHash], [u].[PhoneNumber], [u].[PhoneNumberConfirmed], [u].[PhotoFileName], [u].[SecurityStamp], [u].[TwoFactorEnabled], [u].[UserName]
      FROM [Users] AS [u]
      WHERE [u].[NormalizedUserName] = @__normalizedUserName_0
info: Microsoft.EntityFrameworkCore.Database.Command[20101]
      Executed DbCommand (51ms) [Parameters=[@__normalizedEmail_0='?' (Size = 256)], CommandType='Text', CommandTimeout='180']
      SELECT TOP(1) [u].[Id], [u].[AccessFailedCount], [u].[ConcurrencyStamp], [u].[CreatedByBrowserName], [u].[CreatedByIp], [u].[CreatedByUserId], [u].[CreatedDateTime], [u].[DateOfBirth], [u].[Email], [u].[EmailConfirmed], [u].[FirstName], [u].[GenderType], [u].[IsActive], [u].[IsEmailPublic], [u].[LastName], [u].[LastVisitedDateTime], [u].[Location], [u].[LockoutEnabled], [u].[LockoutEnd], [u].[MobileNumber], [u].[ModifiedByBrowserName], [u].[ModifiedByIp], [u].[ModifiedByUserId], [u].[ModifiedDateTime], [u].[NationalCode], [u].[NormalizedEmail], [u].[NormalizedUserName], [u].[PasswordHash], [u].[PhoneNumber], [u].[PhoneNumberConfirmed], [u].[PhotoFileName], [u].[SecurityStamp], [u].[TwoFactorEnabled], [u].[UserName]
      FROM [Users] AS [u]
      WHERE [u].[NormalizedEmail] = @__normalizedEmail_0
info: Microsoft.EntityFrameworkCore.Database.Command[20101]
      Executed DbCommand (70ms) [Parameters=[@p0='?' (DbType = Int32), @p1='?' (DbType = Int32), @p2='?' (Size = 1000), @p3='?' (Size = 255), @p4='?' (DbType = Int32), @p5='?' (DbType = DateTimeOffset), @p6='?' (Size = 1000), @p7='?' (Size = 255), @p8='?' (DbType = Int32), @p9='?' (DbType = DateTimeOffset)], CommandType='Text', CommandTimeout='180']
      SET NOCOUNT ON;
      INSERT INTO [UserRoles] ([UserId], [RoleId], [CreatedByBrowserName], [CreatedByIp], [CreatedByUserId], [CreatedDateTime], [ModifiedByBrowserName], [ModifiedByIp], [ModifiedByUserId], [ModifiedDateTime])
      VALUES (@p0, @p1, @p2, @p3, @p4, @p5, @p6, @p7, @p8, @p9);
info: Microsoft.EntityFrameworkCore.Database.Command[20101]
      Executed DbCommand (18ms) [Parameters=[@p33='?' (DbType = Int32), @p0='?' (DbType = Int32), @p1='?' (Size = 4000), @p34='?' (Size = 4000), @p2='?' (Size = 1000), @p3='?' (Size = 255), @p4='?' (DbType = Int32), @p5='?' (DbType = DateTimeOffset), @p6='?' (DbType = DateTimeOffset), @p7='?' (Size = 256), @p8='?' (DbType = Boolean), @p9='?' (Size = 100), @p10='?' (DbType = Int32), @p11='?' (DbType = Boolean), @p12='?' (DbType = Boolean), @p13='?' (Size = 450), @p14='?' (DbType = DateTimeOffset), @p15='?' (Size = 250), @p16='?' (DbType = Boolean), @p17='?' (DbType = DateTimeOffset), @p18='?' (Size = 11), @p19='?' (Size = 1000), @p20='?' (Size = 255), @p21='?' (DbType = Int32), @p22='?' (DbType = DateTimeOffset), @p23='?' (Size = 10), @p24='?' (Size = 256), @p25='?' (Size = 256), @p26='?' (Size = 4000), @p27='?' (Size = 4000), @p28='?' (DbType = Boolean), @p29='?' (Size = 450), @p30='?' (Size = 4000), @p31='?' (DbType = Boolean), @p32='?' (Size = 256)], CommandType='Text', CommandTimeout='180']
      SET NOCOUNT ON;
      UPDATE [Users] SET [AccessFailedCount] = @p0, [ConcurrencyStamp] = @p1, [CreatedByBrowserName] = @p2, [CreatedByIp] = @p3, [CreatedByUserId] = @p4, [CreatedDateTime] = @p5, [DateOfBirth] = @p6, [Email] = @p7, [EmailConfirmed] = @p8, [FirstName] = @p9, [GenderType] = @p10, [IsActive] = @p11, [IsEmailPublic] = @p12, [LastName] = @p13, [LastVisitedDateTime] = @p14, [Location] = @p15, [LockoutEnabled] = @p16, [LockoutEnd] = @p17, [MobileNumber] = @p18, [ModifiedByBrowserName] = @p19, [ModifiedByIp] = @p20, [ModifiedByUserId] = @p21, [ModifiedDateTime] = @p22, [NationalCode] = @p23, [NormalizedEmail] = @p24, [NormalizedUserName] = @p25, [PasswordHash] = @p26, [PhoneNumber] = @p27, [PhoneNumberConfirmed] = @p28, [PhotoFileName] = @p29, [SecurityStamp] = @p30, [TwoFactorEnabled] = @p31, [UserName] = @p32
      WHERE [Id] = @p33 AND [ConcurrencyStamp] = @p34;
      SELECT @@ROWCOUNT;
info: Microsoft.EntityFrameworkCore.Database.Command[20101]
      Executed DbCommand (21ms) [Parameters=[], CommandType='Text', CommandTimeout='180']
      SELECT [r].[Id], [r].[ConcurrencyStamp], [r].[CreatedByBrowserName], [r].[CreatedByIp], [r].[CreatedByUserId], [r].[CreatedDateTime], [r].[Description], [r].[ModifiedByBrowserName], [r].[ModifiedByIp], [r].[ModifiedByUserId], [r].[ModifiedDateTime], [r].[Name], [r].[NormalizedName]
      FROM [Roles] AS [r]
Hosting environment: Development
Content root path: D:\Programming\Best Project\AtiehJobCore\Presentation\AtiehJobCore.Web
Application started. Press Ctrl+C to shut down.
info: Microsoft.AspNetCore.Hosting.Internal.WebHost[1]
      Request starting HTTP/2.0 GET https://localhost:44344/  
info: Microsoft.AspNetCore.Routing.EndpointMiddleware[0]
      Executing endpoint 'AtiehJobCore.Web.Controllers.HomeController.Index (AtiehJobCore.Web)'
info: Microsoft.AspNetCore.Mvc.Internal.ControllerActionInvoker[1]
      Route matched with {action = "Index", controller = "Home"}. Executing action AtiehJobCore.Web.Controllers.HomeController.Index (AtiehJobCore.Web)
info: Microsoft.AspNetCore.Mvc.Internal.ControllerActionInvoker[1]
      Executing action method AtiehJobCore.Web.Controllers.HomeController.Index (AtiehJobCore.Web) - Validation state: Valid
info: Microsoft.AspNetCore.Mvc.Internal.ControllerActionInvoker[2]
      Executed action method AtiehJobCore.Web.Controllers.HomeController.Index (AtiehJobCore.Web), returned result Microsoft.AspNetCore.Mvc.ViewResult in 1.2878ms.
info: Microsoft.AspNetCore.Mvc.ViewFeatures.ViewResultExecutor[1]
      Executing ViewResult, running view Index.
info: Microsoft.AspNetCore.Mvc.ViewFeatures.ViewResultExecutor[4]
      Executed ViewResult - view Index executed in 517.5574ms.
info: Microsoft.AspNetCore.Mvc.Internal.ControllerActionInvoker[2]
      Executed action AtiehJobCore.Web.Controllers.HomeController.Index (AtiehJobCore.Web) in 725.0997ms
info: Microsoft.AspNetCore.Routing.EndpointMiddleware[1]
      Executed endpoint 'AtiehJobCore.Web.Controllers.HomeController.Index (AtiehJobCore.Web)'
info: Microsoft.AspNetCore.Hosting.Internal.WebHost[2]
      Request finished in 983.8458ms 200 text/html; charset=utf-8
info: Microsoft.AspNetCore.Hosting.Internal.WebHost[1]
      Request starting HTTP/2.0 GET https://localhost:44344/images/adv/ads1.gif  
info: Microsoft.AspNetCore.Hosting.Internal.WebHost[1]
      Request starting HTTP/2.0 GET https://localhost:44344/images/adv/en7e46n7ogy2a96cxy70.gif  
info: Microsoft.AspNetCore.Hosting.Internal.WebHost[1]
      Request starting HTTP/2.0 GET https://localhost:44344/dist/bundle.min.js?v=3ygPNwkMxG1Q80R28NSqSdkyeqGBL379s6v3mplii9s  
info: Microsoft.AspNetCore.Hosting.Internal.WebHost[1]
      Request starting HTTP/2.0 GET https://localhost:44344/dist/bundle.min.css?v=fkjY6LF3j7M7-idCFTEMSyuxPirpP5XNqmEBpeOHNbo  
info: Microsoft.AspNetCore.StaticFiles.StaticFileMiddleware[2]
      Sending file. Request path: '/images/adv/ads1.gif'. Physical path: 'D:\Programming\Best Project\AtiehJobCore\Presentation\AtiehJobCore.Web\wwwroot\images\adv\ads1.gif'
info: Microsoft.AspNetCore.StaticFiles.StaticFileMiddleware[2]
      Sending file. Request path: '/dist/bundle.min.css'. Physical path: 'D:\Programming\Best Project\AtiehJobCore\Presentation\AtiehJobCore.Web\wwwroot\dist\bundle.min.css'
info: Microsoft.AspNetCore.StaticFiles.StaticFileMiddleware[2]
      Sending file. Request path: '/dist/bundle.min.js'. Physical path: 'D:\Programming\Best Project\AtiehJobCore\Presentation\AtiehJobCore.Web\wwwroot\dist\bundle.min.js'
info: Microsoft.AspNetCore.Hosting.Internal.WebHost[2]
      Request finished in 91.4684ms 200 text/css
info: Microsoft.AspNetCore.Hosting.Internal.WebHost[2]
      Request finished in 102.2765ms 200 application/javascript
info: Microsoft.AspNetCore.Hosting.Internal.WebHost[2]
      Request finished in 120.2714ms 200 image/gif
info: Microsoft.AspNetCore.StaticFiles.StaticFileMiddleware[2]
      Sending file. Request path: '/images/adv/en7e46n7ogy2a96cxy70.gif'. Physical path: 'D:\Programming\Best Project\AtiehJobCore\Presentation\AtiehJobCore.Web\wwwroot\images\adv\en7e46n7ogy2a96cxy70.gif'
info: Microsoft.AspNetCore.Hosting.Internal.WebHost[2]
      Request finished in 110.2259ms 200 image/gif
info: Microsoft.AspNetCore.Hosting.Internal.WebHost[1]
      Request starting HTTP/2.0 GET https://localhost:44344/webfonts/samim/Samim.woff  
info: Microsoft.AspNetCore.Hosting.Internal.WebHost[1]
      Request starting HTTP/2.0 GET https://localhost:44344/webfonts/samim/Samim-Bold.woff  
info: Microsoft.AspNetCore.Hosting.Internal.WebHost[1]
      Request starting HTTP/2.0 GET https://localhost:44344/images/bg.png  
info: Microsoft.AspNetCore.Hosting.Internal.WebHost[1]
      Request starting HTTP/2.0 GET https://localhost:44344/webfonts/fa-solid-900.woff2  
info: Microsoft.AspNetCore.StaticFiles.StaticFileMiddleware[2]
      Sending file. Request path: '/webfonts/samim/Samim-Bold.woff'. Physical path: 'D:\Programming\Best Project\AtiehJobCore\Presentation\AtiehJobCore.Web\wwwroot\webfonts\samim\Samim-Bold.woff'
info: Microsoft.AspNetCore.Hosting.Internal.WebHost[2]
      Request finished in 17.9763ms 200 application/font-woff
info: Microsoft.AspNetCore.StaticFiles.StaticFileMiddleware[2]
      Sending file. Request path: '/images/bg.png'. Physical path: 'D:\Programming\Best Project\AtiehJobCore\Presentation\AtiehJobCore.Web\wwwroot\images\bg.png'
info: Microsoft.AspNetCore.Hosting.Internal.WebHost[2]
      Request finished in 22.4036ms 200 image/png
info: Microsoft.AspNetCore.StaticFiles.StaticFileMiddleware[2]
      Sending file. Request path: '/webfonts/samim/Samim.woff'. Physical path: 'D:\Programming\Best Project\AtiehJobCore\Presentation\AtiehJobCore.Web\wwwroot\webfonts\samim\Samim.woff'
info: Microsoft.AspNetCore.Hosting.Internal.WebHost[2]
      Request finished in 39.0948ms 200 application/font-woff
info: Microsoft.AspNetCore.StaticFiles.StaticFileMiddleware[2]
      Sending file. Request path: '/webfonts/fa-solid-900.woff2'. Physical path: 'D:\Programming\Best Project\AtiehJobCore\Presentation\AtiehJobCore.Web\wwwroot\webfonts\fa-solid-900.woff2'
info: Microsoft.AspNetCore.Hosting.Internal.WebHost[2]
      Request finished in 48.0434ms 200 font/woff2
info: Microsoft.AspNetCore.Hosting.Internal.WebHost[1]
      Request starting HTTP/2.0 GET https://localhost:44344/favicon.ico  
info: Microsoft.AspNetCore.Hosting.Internal.WebHost[2]
      Request finished in 8.7971ms 404 text/plain
info: Microsoft.AspNetCore.Hosting.Internal.WebHost[1]
      Request starting HTTP/2.0 GET https://localhost:44344/Home/ColumnsTwo  
info: Microsoft.AspNetCore.Routing.EndpointMiddleware[0]
      Executing endpoint 'AtiehJobCore.Web.Controllers.HomeController.ColumnsTwo (AtiehJobCore.Web)'
info: Microsoft.AspNetCore.Mvc.Internal.ControllerActionInvoker[1]
      Route matched with {action = "ColumnsTwo", controller = "Home"}. Executing action AtiehJobCore.Web.Controllers.HomeController.ColumnsTwo (AtiehJobCore.Web)
info: Microsoft.AspNetCore.Mvc.Internal.ControllerActionInvoker[1]
      Executing action method AtiehJobCore.Web.Controllers.HomeController.ColumnsTwo (AtiehJobCore.Web) - Validation state: Valid
info: Microsoft.AspNetCore.Mvc.Internal.ControllerActionInvoker[2]
      Executed action method AtiehJobCore.Web.Controllers.HomeController.ColumnsTwo (AtiehJobCore.Web), returned result Microsoft.AspNetCore.Mvc.ViewResult in 0.4534ms.
info: Microsoft.AspNetCore.Mvc.ViewFeatures.ViewResultExecutor[1]
      Executing ViewResult, running view ColumnsTwo.
info: Microsoft.AspNetCore.Mvc.ViewFeatures.ViewResultExecutor[4]
      Executed ViewResult - view ColumnsTwo executed in 51.9584ms.
info: Microsoft.AspNetCore.Mvc.Internal.ControllerActionInvoker[2]
      Executed action AtiehJobCore.Web.Controllers.HomeController.ColumnsTwo (AtiehJobCore.Web) in 110.2465ms
info: Microsoft.AspNetCore.Routing.EndpointMiddleware[1]
      Executed endpoint 'AtiehJobCore.Web.Controllers.HomeController.ColumnsTwo (AtiehJobCore.Web)'
info: Microsoft.AspNetCore.Hosting.Internal.WebHost[2]
      Request finished in 148.1143ms 200 text/html; charset=utf-8
info: Microsoft.AspNetCore.Hosting.Internal.WebHost[1]
      Request starting HTTP/2.0 GET https://localhost:44344/Home/ColumnsThird  
info: Microsoft.AspNetCore.Routing.EndpointMiddleware[0]
      Executing endpoint 'AtiehJobCore.Web.Controllers.HomeController.ColumnsThird (AtiehJobCore.Web)'
info: Microsoft.AspNetCore.Mvc.Internal.ControllerActionInvoker[1]
      Route matched with {action = "ColumnsThird", controller = "Home"}. Executing action AtiehJobCore.Web.Controllers.HomeController.ColumnsThird (AtiehJobCore.Web)
info: Microsoft.AspNetCore.Mvc.Internal.ControllerActionInvoker[1]
      Executing action method AtiehJobCore.Web.Controllers.HomeController.ColumnsThird (AtiehJobCore.Web) - Validation state: Valid
info: Microsoft.AspNetCore.Mvc.Internal.ControllerActionInvoker[2]
      Executed action method AtiehJobCore.Web.Controllers.HomeController.ColumnsThird (AtiehJobCore.Web), returned result Microsoft.AspNetCore.Mvc.ViewResult in 0.3588ms.
info: Microsoft.AspNetCore.Mvc.ViewFeatures.ViewResultExecutor[1]
      Executing ViewResult, running view ColumnsThird.
info: Microsoft.AspNetCore.Mvc.ViewFeatures.ViewResultExecutor[4]
      Executed ViewResult - view ColumnsThird executed in 17.3428ms.
info: Microsoft.AspNetCore.Mvc.Internal.ControllerActionInvoker[2]
      Executed action AtiehJobCore.Web.Controllers.HomeController.ColumnsThird (AtiehJobCore.Web) in 52.7145ms
info: Microsoft.AspNetCore.Routing.EndpointMiddleware[1]
      Executed endpoint 'AtiehJobCore.Web.Controllers.HomeController.ColumnsThird (AtiehJobCore.Web)'
info: Microsoft.AspNetCore.Hosting.Internal.WebHost[2]
      Request finished in 70.3427ms 200 text/html; charset=utf-8
info: Microsoft.AspNetCore.Hosting.Internal.WebHost[1]
      Request starting HTTP/2.0 GET https://localhost:44344/  
info: Microsoft.AspNetCore.Routing.EndpointMiddleware[0]
      Executing endpoint 'AtiehJobCore.Web.Controllers.HomeController.Index (AtiehJobCore.Web)'
info: Microsoft.AspNetCore.Mvc.Internal.ControllerActionInvoker[1]
      Route matched with {action = "Index", controller = "Home"}. Executing action AtiehJobCore.Web.Controllers.HomeController.Index (AtiehJobCore.Web)
info: Microsoft.AspNetCore.Mvc.Internal.ControllerActionInvoker[1]
      Executing action method AtiehJobCore.Web.Controllers.HomeController.Index (AtiehJobCore.Web) - Validation state: Valid
info: Microsoft.AspNetCore.Mvc.Internal.ControllerActionInvoker[2]
      Executed action method AtiehJobCore.Web.Controllers.HomeController.Index (AtiehJobCore.Web), returned result Microsoft.AspNetCore.Mvc.ViewResult in 0.0205ms.
info: Microsoft.AspNetCore.Mvc.ViewFeatures.ViewResultExecutor[1]
      Executing ViewResult, running view Index.
info: Microsoft.AspNetCore.Mvc.ViewFeatures.ViewResultExecutor[4]
      Executed ViewResult - view Index executed in 2.9352ms.
info: Microsoft.AspNetCore.Mvc.Internal.ControllerActionInvoker[2]
      Executed action AtiehJobCore.Web.Controllers.HomeController.Index (AtiehJobCore.Web) in 33.6148ms
info: Microsoft.AspNetCore.Routing.EndpointMiddleware[1]
      Executed endpoint 'AtiehJobCore.Web.Controllers.HomeController.Index (AtiehJobCore.Web)'
info: Microsoft.AspNetCore.Hosting.Internal.WebHost[2]
      Request finished in 44.0317ms 200 text/html; charset=utf-8
info: Microsoft.AspNetCore.Hosting.Internal.WebHost[1]
      Request starting HTTP/2.0 GET https://localhost:44344/  
info: Microsoft.AspNetCore.Routing.EndpointMiddleware[0]
      Executing endpoint 'AtiehJobCore.Web.Controllers.HomeController.Index (AtiehJobCore.Web)'
info: Microsoft.AspNetCore.Mvc.Internal.ControllerActionInvoker[1]
      Route matched with {action = "Index", controller = "Home"}. Executing action AtiehJobCore.Web.Controllers.HomeController.Index (AtiehJobCore.Web)
info: Microsoft.AspNetCore.Mvc.Internal.ControllerActionInvoker[1]
      Executing action method AtiehJobCore.Web.Controllers.HomeController.Index (AtiehJobCore.Web) - Validation state: Valid
info: Microsoft.AspNetCore.Mvc.Internal.ControllerActionInvoker[2]
      Executed action method AtiehJobCore.Web.Controllers.HomeController.Index (AtiehJobCore.Web), returned result Microsoft.AspNetCore.Mvc.ViewResult in 0.0272ms.
info: Microsoft.AspNetCore.Mvc.ViewFeatures.ViewResultExecutor[1]
      Executing ViewResult, running view Index.
info: Microsoft.AspNetCore.Mvc.ViewFeatures.ViewResultExecutor[4]
      Executed ViewResult - view Index executed in 3.0115ms.
info: Microsoft.AspNetCore.Mvc.Internal.ControllerActionInvoker[2]
      Executed action AtiehJobCore.Web.Controllers.HomeController.Index (AtiehJobCore.Web) in 43.3707ms
info: Microsoft.AspNetCore.Routing.EndpointMiddleware[1]
      Executed endpoint 'AtiehJobCore.Web.Controllers.HomeController.Index (AtiehJobCore.Web)'
info: Microsoft.AspNetCore.Hosting.Internal.WebHost[2]
      Request finished in 55.4644ms 200 text/html; charset=utf-8
info: Microsoft.AspNetCore.Hosting.Internal.WebHost[1]
      Request starting HTTP/2.0 GET https://localhost:44344/Home/ColumnsThird  
info: Microsoft.AspNetCore.Routing.EndpointMiddleware[0]
      Executing endpoint 'AtiehJobCore.Web.Controllers.HomeController.ColumnsThird (AtiehJobCore.Web)'
info: Microsoft.AspNetCore.Mvc.Internal.ControllerActionInvoker[1]
      Route matched with {action = "ColumnsThird", controller = "Home"}. Executing action AtiehJobCore.Web.Controllers.HomeController.ColumnsThird (AtiehJobCore.Web)
info: Microsoft.AspNetCore.Mvc.Internal.ControllerActionInvoker[1]
      Executing action method AtiehJobCore.Web.Controllers.HomeController.ColumnsThird (AtiehJobCore.Web) - Validation state: Valid
info: Microsoft.AspNetCore.Mvc.Internal.ControllerActionInvoker[2]
      Executed action method AtiehJobCore.Web.Controllers.HomeController.ColumnsThird (AtiehJobCore.Web), returned result Microsoft.AspNetCore.Mvc.ViewResult in 0.0349ms.
info: Microsoft.AspNetCore.Mvc.ViewFeatures.ViewResultExecutor[1]
      Executing ViewResult, running view ColumnsThird.
info: Microsoft.AspNetCore.Mvc.ViewFeatures.ViewResultExecutor[4]
      Executed ViewResult - view ColumnsThird executed in 3.929ms.
info: Microsoft.AspNetCore.Mvc.Internal.ControllerActionInvoker[2]
      Executed action AtiehJobCore.Web.Controllers.HomeController.ColumnsThird (AtiehJobCore.Web) in 38.9871ms
info: Microsoft.AspNetCore.Routing.EndpointMiddleware[1]
      Executed endpoint 'AtiehJobCore.Web.Controllers.HomeController.ColumnsThird (AtiehJobCore.Web)'
info: Microsoft.AspNetCore.Hosting.Internal.WebHost[2]
      Request finished in 51.6189ms 200 text/html; charset=utf-8
