warn: Microsoft.EntityFrameworkCore.Model.Validation[30000]
      No type was specified for the decimal column 'Average' on entity type 'Education'. This will cause values to be silently truncated if they do not fit in the default precision and scale. Explicitly specify the SQL server column type that can accommodate all the values using 'HasColumnType()'.
info: Microsoft.EntityFrameworkCore.Infrastructure[10403]
      Entity Framework Core 2.2.0-rtm-35687 initialized 'AtiehJobCoreDbContext' using provider 'Microsoft.EntityFrameworkCore.SqlServer' with options: MaxPoolSize=128 CommandTimeout=180 
info: Microsoft.EntityFrameworkCore.Database.Command[20101]
      Executed DbCommand (6ms) [Parameters=[], CommandType='Text', CommandTimeout='180']
      SELECT [k].[XmlData]
      FROM [DataProtectionKeys] AS [k]
warn: Microsoft.EntityFrameworkCore.Model.Validation[30000]
      No type was specified for the decimal column 'Average' on entity type 'Education'. This will cause values to be silently truncated if they do not fit in the default precision and scale. Explicitly specify the SQL server column type that can accommodate all the values using 'HasColumnType()'.
info: Microsoft.EntityFrameworkCore.Infrastructure[10403]
      Entity Framework Core 2.2.0-rtm-35687 initialized 'AtiehJobCoreDbContext' using provider 'Microsoft.EntityFrameworkCore.SqlServer' with options: MaxPoolSize=128 CommandTimeout=180 
info: Microsoft.EntityFrameworkCore.Infrastructure[10403]
      Entity Framework Core 2.2.0-rtm-35687 initialized 'AtiehJobCoreDbContext' using provider 'Microsoft.EntityFrameworkCore.SqlServer' with options: MaxPoolSize=128 CommandTimeout=180 
info: Microsoft.EntityFrameworkCore.Database.Command[20101]
      Executed DbCommand (2ms) [Parameters=[], CommandType='Text', CommandTimeout='180']
      SELECT OBJECT_ID(N'[__EFMigrationsHistory]');
info: Microsoft.EntityFrameworkCore.Database.Command[20101]
      Executed DbCommand (0ms) [Parameters=[], CommandType='Text', CommandTimeout='180']
      SELECT OBJECT_ID(N'[__EFMigrationsHistory]');
info: Microsoft.EntityFrameworkCore.Database.Command[20101]
      Executed DbCommand (1ms) [Parameters=[], CommandType='Text', CommandTimeout='180']
      SELECT [MigrationId], [ProductVersion]
      FROM [__EFMigrationsHistory]
      ORDER BY [MigrationId];
info: Microsoft.EntityFrameworkCore.Migrations[20405]
      No migrations were applied. The database is already up to date.
info: Microsoft.EntityFrameworkCore.Infrastructure[10403]
      Entity Framework Core 2.2.0-rtm-35687 initialized 'AtiehJobCoreDbContext' using provider 'Microsoft.EntityFrameworkCore.SqlServer' with options: MaxPoolSize=128 CommandTimeout=180 
info: Microsoft.EntityFrameworkCore.Database.Command[20101]
      Executed DbCommand (12ms) [Parameters=[@__normalizedUserName_0='?' (Size = 256)], CommandType='Text', CommandTimeout='180']
      SELECT TOP(1) [u].[Id], [u].[AccessFailedCount], [u].[ConcurrencyStamp], [u].[CreatedByBrowserName], [u].[CreatedByIp], [u].[CreatedByUserId], [u].[CreatedDateTime], [u].[DateOfBirth], [u].[Email], [u].[EmailConfirmed], [u].[FatherName], [u].[FirstName], [u].[GenderType], [u].[IsActive], [u].[IsDeleted], [u].[IsEmailPublic], [u].[LastName], [u].[LastVisitedDateTime], [u].[LockoutEnabled], [u].[LockoutEnd], [u].[MobileNumber], [u].[ModifiedByBrowserName], [u].[ModifiedByIp], [u].[ModifiedByUserId], [u].[ModifiedDateTime], [u].[NationalCode], [u].[NormalizedEmail], [u].[NormalizedUserName], [u].[PasswordHash], [u].[PhoneNumber], [u].[PhoneNumberConfirmed], [u].[PhotoFileName], [u].[PlaceOfBirth], [u].[SecurityStamp], [u].[SsnId], [u].[SsnSerial], [u].[TwoFactorEnabled], [u].[UserName], [u].[UserType]
      FROM [Users] AS [u]
      WHERE [u].[NormalizedUserName] = @__normalizedUserName_0
info: AtiehJobCore.Services.Identity.IdentityDbInitializer[0]
      SeedDatabaseWithAdminUserAsync: adminUser already exists.
info: Microsoft.EntityFrameworkCore.Database.Command[20101]
      Executed DbCommand (2ms) [Parameters=[], CommandType='Text', CommandTimeout='180']
      SELECT [r].[Id], [r].[ConcurrencyStamp], [r].[CreatedByBrowserName], [r].[CreatedByIp], [r].[CreatedByUserId], [r].[CreatedDateTime], [r].[Description], [r].[IsActive], [r].[IsDeleted], [r].[ModifiedByBrowserName], [r].[ModifiedByIp], [r].[ModifiedByUserId], [r].[ModifiedDateTime], [r].[Name], [r].[NormalizedName]
      FROM [Roles] AS [r]
Hosting environment: Development
Content root path: H:\Programming\Best Project\AtiehJobCore\Presentation\AtiehJobCore.Web
Application started. Press Ctrl+C to shut down.
info: Microsoft.AspNetCore.Hosting.Internal.WebHost[1]
      Request starting HTTP/2.0 GET https://localhost:44344/  
info: Microsoft.AspNetCore.Authentication.Cookies.CookieAuthenticationHandler[7]
      Identity.Application was not authenticated. Failure message: Unprotect ticket failed
info: Microsoft.AspNetCore.Routing.EndpointMiddleware[0]
      Executing endpoint 'AtiehJobCore.Web.Controllers.HomeController.Index (AtiehJobCore.Web)'
info: Microsoft.AspNetCore.Mvc.Internal.ControllerActionInvoker[1]
      Route matched with {action = "Index", controller = "Home", area = ""}. Executing action AtiehJobCore.Web.Controllers.HomeController.Index (AtiehJobCore.Web)
info: Microsoft.AspNetCore.Mvc.Internal.ControllerActionInvoker[1]
      Executing action method AtiehJobCore.Web.Controllers.HomeController.Index (AtiehJobCore.Web) - Validation state: Valid
info: Microsoft.AspNetCore.Mvc.Internal.ControllerActionInvoker[2]
      Executed action method AtiehJobCore.Web.Controllers.HomeController.Index (AtiehJobCore.Web), returned result Microsoft.AspNetCore.Mvc.ViewResult in 0.6036ms.
info: Microsoft.AspNetCore.Mvc.ViewFeatures.ViewResultExecutor[1]
      Executing ViewResult, running view Index.
info: Microsoft.EntityFrameworkCore.Infrastructure[10403]
      Entity Framework Core 2.2.0-rtm-35687 initialized 'AtiehJobCoreDbContext' using provider 'Microsoft.EntityFrameworkCore.SqlServer' with options: MaxPoolSize=128 CommandTimeout=180 
info: Microsoft.EntityFrameworkCore.Database.Command[20101]
      Executed DbCommand (4ms) [Parameters=[@__p_2='?' (DbType = Int32), @__now_0='?' (DbType = DateTimeOffset), @__minutes_1='?' (DbType = DateTimeOffset)], CommandType='Text', CommandTimeout='180']
      SELECT TOP(@__p_2) [user].[Id], [user].[AccessFailedCount], [user].[ConcurrencyStamp], [user].[CreatedByBrowserName], [user].[CreatedByIp], [user].[CreatedByUserId], [user].[CreatedDateTime], [user].[DateOfBirth], [user].[Email], [user].[EmailConfirmed], [user].[FatherName], [user].[FirstName], [user].[GenderType], [user].[IsActive], [user].[IsDeleted], [user].[IsEmailPublic], [user].[LastName], [user].[LastVisitedDateTime], [user].[LockoutEnabled], [user].[LockoutEnd], [user].[MobileNumber], [user].[ModifiedByBrowserName], [user].[ModifiedByIp], [user].[ModifiedByUserId], [user].[ModifiedDateTime], [user].[NationalCode], [user].[NormalizedEmail], [user].[NormalizedUserName], [user].[PasswordHash], [user].[PhoneNumber], [user].[PhoneNumberConfirmed], [user].[PhotoFileName], [user].[PlaceOfBirth], [user].[SecurityStamp], [user].[SsnId], [user].[SsnSerial], [user].[TwoFactorEnabled], [user].[UserName], [user].[UserType]
      FROM [Users] AS [user]
      WHERE ([user].[LastVisitedDateTime] IS NOT NULL AND ([user].[LastVisitedDateTime] <= @__now_0)) AND ([user].[LastVisitedDateTime] >= @__minutes_1)
      ORDER BY [user].[LastVisitedDateTime] DESC
info: Microsoft.AspNetCore.Mvc.ViewFeatures.ViewResultExecutor[4]
      Executed ViewResult - view Index executed in 399.4716ms.
info: Microsoft.AspNetCore.Mvc.Internal.ControllerActionInvoker[2]
      Executed action AtiehJobCore.Web.Controllers.HomeController.Index (AtiehJobCore.Web) in 482.5593ms
info: Microsoft.AspNetCore.Routing.EndpointMiddleware[1]
      Executed endpoint 'AtiehJobCore.Web.Controllers.HomeController.Index (AtiehJobCore.Web)'
info: Microsoft.AspNetCore.Hosting.Internal.WebHost[1]
      Request starting HTTP/2.0 GET https://localhost:44344/dist/bundle.min.css?v=3rq1nsot6bSIpy_09ilzV7h6D4dbpYruxHrb7kknEds  
info: Microsoft.AspNetCore.Hosting.Internal.WebHost[2]
      Request finished in 593.2662ms 200 text/html; charset=utf-8
info: Microsoft.AspNetCore.Hosting.Internal.WebHost[1]
      Request starting HTTP/2.0 GET https://localhost:44344/avatars/icon-user-default.png  
info: Microsoft.AspNetCore.Authentication.Cookies.CookieAuthenticationHandler[7]
      Identity.Application was not authenticated. Failure message: Unprotect ticket failed
info: Microsoft.AspNetCore.Hosting.Internal.WebHost[2]
      Request finished in 35.352ms 404 text/plain
info: Microsoft.AspNetCore.Hosting.Internal.WebHost[1]
      Request starting HTTP/2.0 GET https://localhost:44344/dist/bundle.min.js?v=eGqxTlcRDyH1VRrhn4j68VNVCBow8IlyqpQXPn0jxaA  
info: Microsoft.AspNetCore.StaticFiles.StaticFileMiddleware[2]
      Sending file. Request path: '/dist/bundle.min.js'. Physical path: 'H:\Programming\Best Project\AtiehJobCore\Presentation\AtiehJobCore.Web\wwwroot\dist\bundle.min.js'
info: Microsoft.AspNetCore.Hosting.Internal.WebHost[2]
      Request finished in 6.3647ms 200 application/javascript
info: Microsoft.AspNetCore.StaticFiles.StaticFileMiddleware[2]
      Sending file. Request path: '/dist/bundle.min.css'. Physical path: 'H:\Programming\Best Project\AtiehJobCore\Presentation\AtiehJobCore.Web\wwwroot\dist\bundle.min.css'
info: Microsoft.AspNetCore.Hosting.Internal.WebHost[2]
      Request finished in 64.8694ms 200 text/css
info: Microsoft.AspNetCore.Hosting.Internal.WebHost[1]
      Request starting HTTP/2.0 GET https://localhost:44344/favicon.ico  
info: Microsoft.AspNetCore.Authentication.Cookies.CookieAuthenticationHandler[7]
      Identity.Application was not authenticated. Failure message: Unprotect ticket failed
info: Microsoft.AspNetCore.Hosting.Internal.WebHost[2]
      Request finished in 3.755ms 404 text/plain
info: Microsoft.AspNetCore.Hosting.Internal.WebHost[1]
      Request starting HTTP/2.0 GET https://localhost:44344/Identity/Account/Login  
info: Microsoft.AspNetCore.Authentication.Cookies.CookieAuthenticationHandler[7]
      Identity.Application was not authenticated. Failure message: Unprotect ticket failed
info: Microsoft.AspNetCore.Routing.EndpointMiddleware[0]
      Executing endpoint 'AtiehJobCore.Web.Areas.Identity.Controllers.AccountController.Login (AtiehJobCore.Web)'
info: Microsoft.AspNetCore.Mvc.Internal.ControllerActionInvoker[1]
      Route matched with {area = "Identity", action = "Login", controller = "Account"}. Executing action AtiehJobCore.Web.Areas.Identity.Controllers.AccountController.Login (AtiehJobCore.Web)
info: Microsoft.EntityFrameworkCore.Infrastructure[10403]
      Entity Framework Core 2.2.0-rtm-35687 initialized 'AtiehJobCoreDbContext' using provider 'Microsoft.EntityFrameworkCore.SqlServer' with options: MaxPoolSize=128 CommandTimeout=180 
info: Microsoft.AspNetCore.Mvc.Internal.ControllerActionInvoker[1]
      Executing action method AtiehJobCore.Web.Areas.Identity.Controllers.AccountController.Login (AtiehJobCore.Web) with arguments () - Validation state: Valid
info: Microsoft.AspNetCore.Mvc.Internal.ControllerActionInvoker[2]
      Executed action method AtiehJobCore.Web.Areas.Identity.Controllers.AccountController.Login (AtiehJobCore.Web), returned result Microsoft.AspNetCore.Mvc.ViewResult in 0.2275ms.
info: Microsoft.AspNetCore.Mvc.ViewFeatures.ViewResultExecutor[1]
      Executing ViewResult, running view Login.
fail: Microsoft.AspNetCore.Antiforgery.Internal.DefaultAntiforgery[7]
      An exception was thrown while deserializing the token.
Microsoft.AspNetCore.Antiforgery.AntiforgeryValidationException: The antiforgery token could not be decrypted. ---> System.Security.Cryptography.CryptographicException: The key {dd9c85e1-42aa-442b-8bb6-2ae2a3905bbc} was not found in the key ring.
   at Microsoft.AspNetCore.DataProtection.KeyManagement.KeyRingBasedDataProtector.UnprotectCore(Byte[] protectedData, Boolean allowOperationsOnRevokedKeys, UnprotectStatus& status)
   at Microsoft.AspNetCore.DataProtection.KeyManagement.KeyRingBasedDataProtector.DangerousUnprotect(Byte[] protectedData, Boolean ignoreRevocationErrors, Boolean& requiresMigration, Boolean& wasRevoked)
   at Microsoft.AspNetCore.DataProtection.KeyManagement.KeyRingBasedDataProtector.Unprotect(Byte[] protectedData)
   at Microsoft.AspNetCore.Antiforgery.Internal.DefaultAntiforgeryTokenSerializer.Deserialize(String serializedToken)
   --- End of inner exception stack trace ---
   at Microsoft.AspNetCore.Antiforgery.Internal.DefaultAntiforgeryTokenSerializer.Deserialize(String serializedToken)
   at Microsoft.AspNetCore.Antiforgery.Internal.DefaultAntiforgery.GetCookieTokenDoesNotThrow(HttpContext httpContext)
info: Microsoft.EntityFrameworkCore.Infrastructure[10403]
      Entity Framework Core 2.2.0-rtm-35687 initialized 'AtiehJobCoreDbContext' using provider 'Microsoft.EntityFrameworkCore.SqlServer' with options: MaxPoolSize=128 CommandTimeout=180 
info: Microsoft.EntityFrameworkCore.Database.Command[20101]
      Executed DbCommand (5ms) [Parameters=[@p0='?' (Size = 1000), @p1='?' (Size = 255), @p2='?' (DbType = Int32), @p3='?' (DbType = DateTimeOffset), @p4='?' (DbType = Int32), @p5='?' (Size = 4000), @p6='?' (Size = 4000), @p7='?' (Size = 4000), @p8='?' (Size = 1000), @p9='?' (Size = 255), @p10='?' (DbType = Int32), @p11='?' (DbType = DateTimeOffset), @p12='?' (Size = 4000), @p13='?' (Size = 4000)], CommandType='Text', CommandTimeout='180']
      SET NOCOUNT ON;
      INSERT INTO [LogItems] ([CreatedByBrowserName], [CreatedByIp], [CreatedByUserId], [CreatedDateTime], [EventId], [LogLevel], [Logger], [Message], [ModifiedByBrowserName], [ModifiedByIp], [ModifiedByUserId], [ModifiedDateTime], [StateJson], [Url])
      VALUES (@p0, @p1, @p2, @p3, @p4, @p5, @p6, @p7, @p8, @p9, @p10, @p11, @p12, @p13);
      SELECT [Id]
      FROM [LogItems]
      WHERE @@ROWCOUNT = 1 AND [Id] = scope_identity();
info: DNTCaptcha.Core.Providers.CookieCaptchaStorageProvider[0]
      Using the CookieCaptchaStorageProvider.
info: Microsoft.AspNetCore.Mvc.ViewFeatures.ViewResultExecutor[4]
      Executed ViewResult - view Login executed in 395.5363ms.
info: Microsoft.AspNetCore.Mvc.Internal.ControllerActionInvoker[2]
      Executed action AtiehJobCore.Web.Areas.Identity.Controllers.AccountController.Login (AtiehJobCore.Web) in 480.743ms
info: Microsoft.AspNetCore.Routing.EndpointMiddleware[1]
      Executed endpoint 'AtiehJobCore.Web.Areas.Identity.Controllers.AccountController.Login (AtiehJobCore.Web)'
info: Microsoft.AspNetCore.Hosting.Internal.WebHost[2]
      Request finished in 505.3053ms 200 text/html; charset=utf-8
info: Microsoft.AspNetCore.Hosting.Internal.WebHost[1]
      Request starting HTTP/2.0 GET https://localhost:44344/avatars/icon-user-default.png  
info: Microsoft.AspNetCore.Hosting.Internal.WebHost[1]
      Request starting HTTP/2.0 GET https://localhost:44344/DNTCaptchaImage/Show?text=CfDJ8PecTi5dQgpGkTJjpdk7MkBZPMt1Mj6ZlBfUJ4kRhaKLn%2FbUOfTHbqCg9iAy9QvD5VHulZlBWt1e%2FRbJGrjaZuRUiKuZdS%2BIVNYr39Mx42WG457atOz1uHhiRSj7V8Ubu05Vt805LvA%2FiW25Y3QG9pIYXUT0ccXlBdFoDeIbaaOe&rndDate=636838316160296057&foreColor=%23333333&backColor=%23ccc&fontSize=20&fontName=Tahoma  
info: Microsoft.AspNetCore.Authentication.Cookies.CookieAuthenticationHandler[7]
      Identity.Application was not authenticated. Failure message: Unprotect ticket failed
info: Microsoft.AspNetCore.Authentication.Cookies.CookieAuthenticationHandler[7]
      Identity.Application was not authenticated. Failure message: Unprotect ticket failed
info: Microsoft.AspNetCore.Routing.EndpointMiddleware[0]
      Executing endpoint 'DNTCaptcha.Core.DNTCaptchaImageController.Show (DNTCaptcha.Core)'
info: Microsoft.AspNetCore.Hosting.Internal.WebHost[2]
      Request finished in 1.3583ms 404 text/plain
info: Microsoft.AspNetCore.Mvc.Internal.ControllerActionInvoker[1]
      Route matched with {action = "Show", controller = "DNTCaptchaImage", area = ""}. Executing action DNTCaptcha.Core.DNTCaptchaImageController.Show (DNTCaptcha.Core)
info: Microsoft.AspNetCore.Mvc.Internal.ControllerActionInvoker[1]
      Executing action method DNTCaptcha.Core.DNTCaptchaImageController.Show (DNTCaptcha.Core) with arguments (CfDJ8PecTi5dQgpGkTJjpdk7MkBZPMt1Mj6ZlBfUJ4kRhaKLn/bUOfTHbqCg9iAy9QvD5VHulZlBWt1e/RbJGrjaZuRUiKuZdS+IVNYr39Mx42WG457atOz1uHhiRSj7V8Ubu05Vt805LvA/iW25Y3QG9pIYXUT0ccXlBdFoDeIbaaOe, 636838316160296057, #333333, #ccc, 20, Tahoma) - Validation state: Valid
info: Microsoft.AspNetCore.Mvc.Internal.ControllerActionInvoker[2]
      Executed action method DNTCaptcha.Core.DNTCaptchaImageController.Show (DNTCaptcha.Core), returned result Microsoft.AspNetCore.Mvc.FileContentResult in 373.0651ms.
info: Microsoft.AspNetCore.Mvc.Infrastructure.FileContentResultExecutor[2]
      Executing Microsoft.AspNetCore.Mvc.FileContentResult, sending file with download name '' ...
info: Microsoft.AspNetCore.Mvc.Internal.ControllerActionInvoker[2]
      Executed action DNTCaptcha.Core.DNTCaptchaImageController.Show (DNTCaptcha.Core) in 383.4821ms
info: Microsoft.AspNetCore.Routing.EndpointMiddleware[1]
      Executed endpoint 'DNTCaptcha.Core.DNTCaptchaImageController.Show (DNTCaptcha.Core)'
info: Microsoft.AspNetCore.Hosting.Internal.WebHost[2]
      Request finished in 389.1108ms 200 image/png
info: Microsoft.AspNetCore.Hosting.Internal.WebHost[1]
      Request starting HTTP/2.0 POST https://localhost:44344/Identity/Account/Login application/x-www-form-urlencoded 704
info: Microsoft.AspNetCore.Authentication.Cookies.CookieAuthenticationHandler[7]
      Identity.Application was not authenticated. Failure message: Unprotect ticket failed
info: Microsoft.AspNetCore.Routing.EndpointMiddleware[0]
      Executing endpoint 'AtiehJobCore.Web.Areas.Identity.Controllers.AccountController.Login (AtiehJobCore.Web)'
info: Microsoft.AspNetCore.Mvc.Internal.ControllerActionInvoker[1]
      Route matched with {area = "Identity", action = "Login", controller = "Account"}. Executing action AtiehJobCore.Web.Areas.Identity.Controllers.AccountController.Login (AtiehJobCore.Web)
info: Microsoft.EntityFrameworkCore.Infrastructure[10403]
      Entity Framework Core 2.2.0-rtm-35687 initialized 'AtiehJobCoreDbContext' using provider 'Microsoft.EntityFrameworkCore.SqlServer' with options: MaxPoolSize=128 CommandTimeout=180 
info: Microsoft.AspNetCore.Mvc.Internal.ControllerActionInvoker[1]
      Executing action method AtiehJobCore.Web.Areas.Identity.Controllers.AccountController.Login (AtiehJobCore.Web) with arguments (AtiehJobCore.ViewModel.Models.Identity.Account.LoginViewModel, ) - Validation state: Valid
info: Microsoft.EntityFrameworkCore.Database.Command[20101]
      Executed DbCommand (4ms) [Parameters=[@__normalizedUserName_0='?' (Size = 256)], CommandType='Text', CommandTimeout='180']
      SELECT TOP(1) [u].[Id], [u].[AccessFailedCount], [u].[ConcurrencyStamp], [u].[CreatedByBrowserName], [u].[CreatedByIp], [u].[CreatedByUserId], [u].[CreatedDateTime], [u].[DateOfBirth], [u].[Email], [u].[EmailConfirmed], [u].[FatherName], [u].[FirstName], [u].[GenderType], [u].[IsActive], [u].[IsDeleted], [u].[IsEmailPublic], [u].[LastName], [u].[LastVisitedDateTime], [u].[LockoutEnabled], [u].[LockoutEnd], [u].[MobileNumber], [u].[ModifiedByBrowserName], [u].[ModifiedByIp], [u].[ModifiedByUserId], [u].[ModifiedDateTime], [u].[NationalCode], [u].[NormalizedEmail], [u].[NormalizedUserName], [u].[PasswordHash], [u].[PhoneNumber], [u].[PhoneNumberConfirmed], [u].[PhotoFileName], [u].[PlaceOfBirth], [u].[SecurityStamp], [u].[SsnId], [u].[SsnSerial], [u].[TwoFactorEnabled], [u].[UserName], [u].[UserType]
      FROM [Users] AS [u]
      WHERE [u].[NormalizedUserName] = @__normalizedUserName_0
info: Microsoft.EntityFrameworkCore.Database.Command[20101]
      Executed DbCommand (1ms) [Parameters=[@__normalizedUserName_0='?' (Size = 256)], CommandType='Text', CommandTimeout='180']
      SELECT TOP(1) [u].[Id], [u].[AccessFailedCount], [u].[ConcurrencyStamp], [u].[CreatedByBrowserName], [u].[CreatedByIp], [u].[CreatedByUserId], [u].[CreatedDateTime], [u].[DateOfBirth], [u].[Email], [u].[EmailConfirmed], [u].[FatherName], [u].[FirstName], [u].[GenderType], [u].[IsActive], [u].[IsDeleted], [u].[IsEmailPublic], [u].[LastName], [u].[LastVisitedDateTime], [u].[LockoutEnabled], [u].[LockoutEnd], [u].[MobileNumber], [u].[ModifiedByBrowserName], [u].[ModifiedByIp], [u].[ModifiedByUserId], [u].[ModifiedDateTime], [u].[NationalCode], [u].[NormalizedEmail], [u].[NormalizedUserName], [u].[PasswordHash], [u].[PhoneNumber], [u].[PhoneNumberConfirmed], [u].[PhotoFileName], [u].[PlaceOfBirth], [u].[SecurityStamp], [u].[SsnId], [u].[SsnSerial], [u].[TwoFactorEnabled], [u].[UserName], [u].[UserType]
      FROM [Users] AS [u]
      WHERE [u].[NormalizedUserName] = @__normalizedUserName_0
info: Microsoft.EntityFrameworkCore.Database.Command[20101]
      Executed DbCommand (3ms) [Parameters=[@__user_Id_0='?' (DbType = Int32)], CommandType='Text', CommandTimeout='180']
      SELECT [uc].[Id], [uc].[ClaimType], [uc].[ClaimValue], [uc].[CreatedByBrowserName], [uc].[CreatedByIp], [uc].[CreatedByUserId], [uc].[CreatedDateTime], [uc].[ModifiedByBrowserName], [uc].[ModifiedByIp], [uc].[ModifiedByUserId], [uc].[ModifiedDateTime], [uc].[UserId]
      FROM [UserClaims] AS [uc]
      WHERE [uc].[UserId] = @__user_Id_0
info: Microsoft.EntityFrameworkCore.Database.Command[20101]
      Executed DbCommand (18ms) [Parameters=[@__userId_0='?' (DbType = Int32)], CommandType='Text', CommandTimeout='180']
      SELECT [role].[Name]
      FROM [UserRoles] AS [userRole]
      INNER JOIN [Roles] AS [role] ON [userRole].[RoleId] = [role].[Id]
      WHERE [userRole].[UserId] = @__userId_0
info: Microsoft.EntityFrameworkCore.Database.Command[20101]
      Executed DbCommand (2ms) [Parameters=[@__normalizedName_0='?' (Size = 256)], CommandType='Text', CommandTimeout='180']
      SELECT TOP(1) [r].[Id], [r].[ConcurrencyStamp], [r].[CreatedByBrowserName], [r].[CreatedByIp], [r].[CreatedByUserId], [r].[CreatedDateTime], [r].[Description], [r].[IsActive], [r].[IsDeleted], [r].[ModifiedByBrowserName], [r].[ModifiedByIp], [r].[ModifiedByUserId], [r].[ModifiedDateTime], [r].[Name], [r].[NormalizedName]
      FROM [Roles] AS [r]
      WHERE [r].[NormalizedName] = @__normalizedName_0
info: Microsoft.EntityFrameworkCore.Database.Command[20101]
      Executed DbCommand (2ms) [Parameters=[@__role_Id_0='?' (DbType = Int32)], CommandType='Text', CommandTimeout='180']
      SELECT [rc].[ClaimType], [rc].[ClaimValue]
      FROM [RoleClaims] AS [rc]
      WHERE [rc].[RoleId] = @__role_Id_0
info: Microsoft.AspNetCore.Authentication.Cookies.CookieAuthenticationHandler[10]
      AuthenticationScheme: Identity.Application signed in.
info: AtiehJobCore.Web.Areas.Identity.Controllers.AccountController[1]
      admin logged in.
info: Microsoft.AspNetCore.Mvc.Internal.ControllerActionInvoker[2]
      Executed action method AtiehJobCore.Web.Areas.Identity.Controllers.AccountController.Login (AtiehJobCore.Web), returned result Microsoft.AspNetCore.Mvc.RedirectToActionResult in 250.3038ms.
info: Microsoft.AspNetCore.Mvc.RedirectToActionResult[1]
      Executing RedirectResult, redirecting to /.
info: Microsoft.AspNetCore.Mvc.Internal.ControllerActionInvoker[2]
      Executed action AtiehJobCore.Web.Areas.Identity.Controllers.AccountController.Login (AtiehJobCore.Web) in 396.1721ms
info: Microsoft.AspNetCore.Routing.EndpointMiddleware[1]
      Executed endpoint 'AtiehJobCore.Web.Areas.Identity.Controllers.AccountController.Login (AtiehJobCore.Web)'
info: Microsoft.AspNetCore.Hosting.Internal.WebHost[2]
      Request finished in 411.0096ms 302 
info: Microsoft.AspNetCore.Hosting.Internal.WebHost[1]
      Request starting HTTP/2.0 GET https://localhost:44344/  
info: Microsoft.EntityFrameworkCore.Infrastructure[10403]
      Entity Framework Core 2.2.0-rtm-35687 initialized 'AtiehJobCoreDbContext' using provider 'Microsoft.EntityFrameworkCore.SqlServer' with options: MaxPoolSize=128 CommandTimeout=180 
info: Microsoft.AspNetCore.Routing.EndpointMiddleware[0]
      Executing endpoint 'AtiehJobCore.Web.Controllers.HomeController.Index (AtiehJobCore.Web)'
info: Microsoft.AspNetCore.Mvc.Internal.ControllerActionInvoker[1]
      Route matched with {action = "Index", controller = "Home", area = ""}. Executing action AtiehJobCore.Web.Controllers.HomeController.Index (AtiehJobCore.Web)
info: Microsoft.AspNetCore.Mvc.Internal.ControllerActionInvoker[1]
      Executing action method AtiehJobCore.Web.Controllers.HomeController.Index (AtiehJobCore.Web) - Validation state: Valid
info: Microsoft.AspNetCore.Mvc.Internal.ControllerActionInvoker[2]
      Executed action method AtiehJobCore.Web.Controllers.HomeController.Index (AtiehJobCore.Web), returned result Microsoft.AspNetCore.Mvc.ViewResult in 0.017ms.
info: Microsoft.AspNetCore.Mvc.ViewFeatures.ViewResultExecutor[1]
      Executing ViewResult, running view Index.
info: Microsoft.AspNetCore.Mvc.ViewFeatures.ViewResultExecutor[4]
      Executed ViewResult - view Index executed in 6.0523ms.
info: Microsoft.AspNetCore.Mvc.Internal.ControllerActionInvoker[2]
      Executed action AtiehJobCore.Web.Controllers.HomeController.Index (AtiehJobCore.Web) in 6.4172ms
info: Microsoft.AspNetCore.Routing.EndpointMiddleware[1]
      Executed endpoint 'AtiehJobCore.Web.Controllers.HomeController.Index (AtiehJobCore.Web)'
info: Microsoft.AspNetCore.Hosting.Internal.WebHost[2]
      Request finished in 151.2612ms 200 text/html; charset=utf-8
info: Microsoft.AspNetCore.Hosting.Internal.WebHost[1]
      Request starting HTTP/2.0 GET https://localhost:44344/avatars/icon-user-default.png  
info: Microsoft.EntityFrameworkCore.Infrastructure[10403]
      Entity Framework Core 2.2.0-rtm-35687 initialized 'AtiehJobCoreDbContext' using provider 'Microsoft.EntityFrameworkCore.SqlServer' with options: MaxPoolSize=128 CommandTimeout=180 
info: Microsoft.AspNetCore.Hosting.Internal.WebHost[2]
      Request finished in 91.3101ms 404 text/plain
info: Microsoft.AspNetCore.Hosting.Internal.WebHost[1]
      Request starting HTTP/2.0 GET https://localhost:44344/Admin/Home  
info: Microsoft.EntityFrameworkCore.Infrastructure[10403]
      Entity Framework Core 2.2.0-rtm-35687 initialized 'AtiehJobCoreDbContext' using provider 'Microsoft.EntityFrameworkCore.SqlServer' with options: MaxPoolSize=128 CommandTimeout=180 
info: Microsoft.EntityFrameworkCore.Database.Command[20101]
      Executed DbCommand (2ms) [Parameters=[@__get_Item_0='?' (DbType = Int32)], CommandType='Text', CommandTimeout='180']
      SELECT TOP(1) [e].[Id], [e].[AccessFailedCount], [e].[ConcurrencyStamp], [e].[CreatedByBrowserName], [e].[CreatedByIp], [e].[CreatedByUserId], [e].[CreatedDateTime], [e].[DateOfBirth], [e].[Email], [e].[EmailConfirmed], [e].[FatherName], [e].[FirstName], [e].[GenderType], [e].[IsActive], [e].[IsDeleted], [e].[IsEmailPublic], [e].[LastName], [e].[LastVisitedDateTime], [e].[LockoutEnabled], [e].[LockoutEnd], [e].[MobileNumber], [e].[ModifiedByBrowserName], [e].[ModifiedByIp], [e].[ModifiedByUserId], [e].[ModifiedDateTime], [e].[NationalCode], [e].[NormalizedEmail], [e].[NormalizedUserName], [e].[PasswordHash], [e].[PhoneNumber], [e].[PhoneNumberConfirmed], [e].[PhotoFileName], [e].[PlaceOfBirth], [e].[SecurityStamp], [e].[SsnId], [e].[SsnSerial], [e].[TwoFactorEnabled], [e].[UserName], [e].[UserType]
      FROM [Users] AS [e]
      WHERE [e].[Id] = @__get_Item_0
info: Microsoft.EntityFrameworkCore.Database.Command[20101]
      Executed DbCommand (1ms) [Parameters=[@__user_Id_0='?' (DbType = Int32)], CommandType='Text', CommandTimeout='180']
      SELECT [uc].[Id], [uc].[ClaimType], [uc].[ClaimValue], [uc].[CreatedByBrowserName], [uc].[CreatedByIp], [uc].[CreatedByUserId], [uc].[CreatedDateTime], [uc].[ModifiedByBrowserName], [uc].[ModifiedByIp], [uc].[ModifiedByUserId], [uc].[ModifiedDateTime], [uc].[UserId]
      FROM [UserClaims] AS [uc]
      WHERE [uc].[UserId] = @__user_Id_0
info: Microsoft.EntityFrameworkCore.Database.Command[20101]
      Executed DbCommand (0ms) [Parameters=[@__userId_0='?' (DbType = Int32)], CommandType='Text', CommandTimeout='180']
      SELECT [role].[Name]
      FROM [UserRoles] AS [userRole]
      INNER JOIN [Roles] AS [role] ON [userRole].[RoleId] = [role].[Id]
      WHERE [userRole].[UserId] = @__userId_0
info: Microsoft.EntityFrameworkCore.Database.Command[20101]
      Executed DbCommand (0ms) [Parameters=[@__normalizedName_0='?' (Size = 256)], CommandType='Text', CommandTimeout='180']
      SELECT TOP(1) [r].[Id], [r].[ConcurrencyStamp], [r].[CreatedByBrowserName], [r].[CreatedByIp], [r].[CreatedByUserId], [r].[CreatedDateTime], [r].[Description], [r].[IsActive], [r].[IsDeleted], [r].[ModifiedByBrowserName], [r].[ModifiedByIp], [r].[ModifiedByUserId], [r].[ModifiedDateTime], [r].[Name], [r].[NormalizedName]
      FROM [Roles] AS [r]
      WHERE [r].[NormalizedName] = @__normalizedName_0
info: Microsoft.EntityFrameworkCore.Database.Command[20101]
      Executed DbCommand (0ms) [Parameters=[@__role_Id_0='?' (DbType = Int32)], CommandType='Text', CommandTimeout='180']
      SELECT [rc].[ClaimType], [rc].[ClaimValue]
      FROM [RoleClaims] AS [rc]
      WHERE [rc].[RoleId] = @__role_Id_0
info: Microsoft.AspNetCore.Routing.EndpointMiddleware[0]
      Executing endpoint 'AtiehJobCore.Web.Areas.Admin.Controllers.HomeController.Index (AtiehJobCore.Web)'
info: Microsoft.AspNetCore.Mvc.Internal.ControllerActionInvoker[1]
      Route matched with {area = "Admin", action = "Index", controller = "Home"}. Executing action AtiehJobCore.Web.Areas.Admin.Controllers.HomeController.Index (AtiehJobCore.Web)
info: Microsoft.AspNetCore.Authorization.DefaultAuthorizationService[1]
      Authorization was successful.
info: Microsoft.AspNetCore.Mvc.Internal.ControllerActionInvoker[1]
      Executing action method AtiehJobCore.Web.Areas.Admin.Controllers.HomeController.Index (AtiehJobCore.Web) - Validation state: Valid
info: Microsoft.AspNetCore.Mvc.Internal.ControllerActionInvoker[2]
      Executed action method AtiehJobCore.Web.Areas.Admin.Controllers.HomeController.Index (AtiehJobCore.Web), returned result Microsoft.AspNetCore.Mvc.ViewResult in 0.199ms.
info: Microsoft.AspNetCore.Mvc.ViewFeatures.ViewResultExecutor[1]
      Executing ViewResult, running view Index.
info: Microsoft.AspNetCore.Mvc.ViewFeatures.ViewResultExecutor[4]
      Executed ViewResult - view Index executed in 532.0211ms.
info: Microsoft.AspNetCore.Mvc.Internal.ControllerActionInvoker[2]
      Executed action AtiehJobCore.Web.Areas.Admin.Controllers.HomeController.Index (AtiehJobCore.Web) in 558.4168ms
info: Microsoft.AspNetCore.Routing.EndpointMiddleware[1]
      Executed endpoint 'AtiehJobCore.Web.Areas.Admin.Controllers.HomeController.Index (AtiehJobCore.Web)'
info: Microsoft.AspNetCore.Hosting.Internal.WebHost[2]
      Request finished in 662.9301ms 200 text/html; charset=utf-8
info: Microsoft.AspNetCore.Hosting.Internal.WebHost[1]
      Request starting HTTP/2.0 GET https://localhost:44344/dist/admin.min.css?v=FtccGFNI_dYKNysH5TNbnVMBuJmZj8L5bD7BLBaUS7U  
info: Microsoft.AspNetCore.Hosting.Internal.WebHost[1]
      Request starting HTTP/2.0 GET https://localhost:44344/img/brand/4.svg  
info: Microsoft.AspNetCore.Hosting.Internal.WebHost[1]
      Request starting HTTP/2.0 GET https://localhost:44344/img/brand/3.svg  
info: Microsoft.AspNetCore.StaticFiles.StaticFileMiddleware[2]
      Sending file. Request path: '/dist/admin.min.css'. Physical path: 'H:\Programming\Best Project\AtiehJobCore\Presentation\AtiehJobCore.Web\wwwroot\dist\admin.min.css'
info: Microsoft.AspNetCore.Hosting.Internal.WebHost[2]
      Request finished in 3.2964ms 200 text/css
info: Microsoft.AspNetCore.Hosting.Internal.WebHost[1]
      Request starting HTTP/2.0 GET https://localhost:44344/img/avatars/7.jpg  
info: Microsoft.AspNetCore.Hosting.Internal.WebHost[1]
      Request starting HTTP/2.0 GET https://localhost:44344/img/avatars/4.jpg  
info: Microsoft.AspNetCore.Hosting.Internal.WebHost[1]
      Request starting HTTP/2.0 GET https://localhost:44344/img/avatars/2.jpg  
info: Microsoft.AspNetCore.Hosting.Internal.WebHost[1]
      Request starting HTTP/2.0 GET https://localhost:44344/img/avatars/3.jpg  
info: Microsoft.AspNetCore.Hosting.Internal.WebHost[1]
      Request starting HTTP/2.0 GET https://localhost:44344/img/avatars/5.jpg  
info: Microsoft.AspNetCore.Hosting.Internal.WebHost[1]
      Request starting HTTP/2.0 GET https://localhost:44344/img/avatars/6.jpg  
info: Microsoft.AspNetCore.Hosting.Internal.WebHost[1]
      Request starting HTTP/2.0 GET https://localhost:44344/img/avatars/8.jpg  
info: Microsoft.AspNetCore.Hosting.Internal.WebHost[1]
      Request starting HTTP/2.0 GET https://localhost:44344/dist/admin.min.js?v=5tcXObH3WjI94oeATCIH8deI91WLyXtPoVImEEN7LUY  
info: Microsoft.AspNetCore.Hosting.Internal.WebHost[1]
      Request starting HTTP/2.0 GET https://localhost:44344/fonts/Simple-Line-Icons.woff2?v=2.4.0  
info: Microsoft.AspNetCore.StaticFiles.StaticFileMiddleware[2]
      Sending file. Request path: '/img/brand/4.svg'. Physical path: 'H:\Programming\Best Project\AtiehJobCore\Presentation\AtiehJobCore.Web\wwwroot\img\brand\4.svg'
info: Microsoft.AspNetCore.Hosting.Internal.WebHost[2]
      Request finished in 65.3581ms 200 image/svg+xml
info: Microsoft.AspNetCore.StaticFiles.StaticFileMiddleware[2]
      Sending file. Request path: '/img/brand/3.svg'. Physical path: 'H:\Programming\Best Project\AtiehJobCore\Presentation\AtiehJobCore.Web\wwwroot\img\brand\3.svg'
info: Microsoft.AspNetCore.Hosting.Internal.WebHost[2]
      Request finished in 64.6199ms 200 image/svg+xml
info: Microsoft.AspNetCore.StaticFiles.StaticFileMiddleware[2]
      Sending file. Request path: '/dist/admin.min.js'. Physical path: 'H:\Programming\Best Project\AtiehJobCore\Presentation\AtiehJobCore.Web\wwwroot\dist\admin.min.js'
info: Microsoft.AspNetCore.Hosting.Internal.WebHost[2]
      Request finished in 23.0973ms 200 application/javascript
info: Microsoft.AspNetCore.StaticFiles.StaticFileMiddleware[2]
      Sending file. Request path: '/img/avatars/6.jpg'. Physical path: 'H:\Programming\Best Project\AtiehJobCore\Presentation\AtiehJobCore.Web\wwwroot\img\avatars\6.jpg'
info: Microsoft.AspNetCore.StaticFiles.StaticFileMiddleware[2]
      Sending file. Request path: '/img/avatars/7.jpg'. Physical path: 'H:\Programming\Best Project\AtiehJobCore\Presentation\AtiehJobCore.Web\wwwroot\img\avatars\7.jpg'
info: Microsoft.AspNetCore.StaticFiles.StaticFileMiddleware[2]
      Sending file. Request path: '/img/avatars/2.jpg'. Physical path: 'H:\Programming\Best Project\AtiehJobCore\Presentation\AtiehJobCore.Web\wwwroot\img\avatars\2.jpg'
info: Microsoft.AspNetCore.Hosting.Internal.WebHost[2]
      Request finished in 86.5038ms 200 image/jpeg
info: Microsoft.AspNetCore.Hosting.Internal.WebHost[2]
      Request finished in 84.3222ms 200 image/jpeg
info: Microsoft.AspNetCore.StaticFiles.StaticFileMiddleware[2]
      Sending file. Request path: '/img/avatars/3.jpg'. Physical path: 'H:\Programming\Best Project\AtiehJobCore\Presentation\AtiehJobCore.Web\wwwroot\img\avatars\3.jpg'
info: Microsoft.AspNetCore.StaticFiles.StaticFileMiddleware[2]
      Sending file. Request path: '/img/avatars/8.jpg'. Physical path: 'H:\Programming\Best Project\AtiehJobCore\Presentation\AtiehJobCore.Web\wwwroot\img\avatars\8.jpg'
info: Microsoft.AspNetCore.Hosting.Internal.WebHost[2]
      Request finished in 86.1066ms 200 image/jpeg
info: Microsoft.AspNetCore.Hosting.Internal.WebHost[2]
      Request finished in 88.4744ms 200 image/jpeg
info: Microsoft.AspNetCore.Hosting.Internal.WebHost[2]
      Request finished in 60.796ms 200 image/jpeg
info: Microsoft.AspNetCore.StaticFiles.StaticFileMiddleware[2]
      Sending file. Request path: '/img/avatars/5.jpg'. Physical path: 'H:\Programming\Best Project\AtiehJobCore\Presentation\AtiehJobCore.Web\wwwroot\img\avatars\5.jpg'
info: Microsoft.AspNetCore.Hosting.Internal.WebHost[2]
      Request finished in 103.6828ms 200 image/jpeg
info: Microsoft.AspNetCore.StaticFiles.StaticFileMiddleware[2]
      Sending file. Request path: '/fonts/Simple-Line-Icons.woff2'. Physical path: 'H:\Programming\Best Project\AtiehJobCore\Presentation\AtiehJobCore.Web\wwwroot\fonts\Simple-Line-Icons.woff2'
info: Microsoft.AspNetCore.StaticFiles.StaticFileMiddleware[2]
      Sending file. Request path: '/img/avatars/4.jpg'. Physical path: 'H:\Programming\Best Project\AtiehJobCore\Presentation\AtiehJobCore.Web\wwwroot\img\avatars\4.jpg'
info: Microsoft.AspNetCore.Hosting.Internal.WebHost[2]
      Request finished in 118.5255ms 200 image/jpeg
info: Microsoft.AspNetCore.Hosting.Internal.WebHost[2]
      Request finished in 90.8451ms 200 font/woff2
