Hosting environment: Development
Content root path: D:\Programming New\AtiehJobCore\Presentation\AtiehJobCore.Web
Application started. Press Ctrl+C to shut down.
info: Microsoft.AspNetCore.Hosting.Internal.WebHost[1]
      Request starting HTTP/2.0 GET https://localhost:44344/  
fail: Microsoft.AspNetCore.Diagnostics.ExceptionHandlerMiddleware[1]
      An unhandled exception has occurred while executing the request.
System.IO.FileNotFoundException: Could not load file or assembly 'AtiehJobCore.Resources, Culture=neutral, PublicKeyToken=null'. The system cannot find the file specified.
File name: 'AtiehJobCore.Resources, Culture=neutral, PublicKeyToken=null'
   at System.Reflection.RuntimeAssembly.nLoad(AssemblyName fileName, String codeBase, RuntimeAssembly locationHint, StackCrawlMark& stackMark, IntPtr pPrivHostBinder, Boolean throwOnFileNotFound, IntPtr ptrLoadContextBinder)
   at System.Reflection.RuntimeAssembly.InternalLoadAssemblyName(AssemblyName assemblyRef, RuntimeAssembly reqAssembly, StackCrawlMark& stackMark, IntPtr pPrivHostBinder, Boolean throwOnFileNotFound, IntPtr ptrLoadContextBinder)
   at System.Reflection.Assembly.Load(AssemblyName assemblyRef)
   at Microsoft.Extensions.Localization.ResourceManagerStringLocalizerFactory.<>c__DisplayClass9_0.<Create>b__0(String _)
   at System.Collections.Concurrent.ConcurrentDictionary`2.GetOrAdd(TKey key, Func`2 valueFactory)
   at Microsoft.Extensions.Localization.ResourceManagerStringLocalizerFactory.Create(String baseName, String location)
   at AtiehJobCore.Web.Framework.Infrastructure.Extensions.ServiceCollectionExtensions.<>c.<AddAtiehJobMvcService>b__8_8(Type type, IStringLocalizerFactory factory) in D:\Programming New\AtiehJobCore\Presentation\AtiehJobCore.Web.Framework\Infrastructure\Extensions\ServiceCollectionExtensions.cs:line 192
   at Microsoft.AspNetCore.Mvc.DataAnnotations.Internal.DataAnnotationsMetadataProvider.CreateDisplayMetadata(DisplayMetadataProviderContext context)
   at Microsoft.AspNetCore.Mvc.Internal.DefaultCompositeMetadataDetailsProvider.CreateDisplayMetadata(DisplayMetadataProviderContext context)
   at Microsoft.AspNetCore.Mvc.ModelBinding.Metadata.DefaultModelMetadata.get_DisplayMetadata()
   at Microsoft.AspNetCore.Mvc.ModelBinding.Metadata.DefaultModelMetadata.get_Order()
   at Microsoft.AspNetCore.Mvc.ModelBinding.Metadata.DefaultModelMetadata.<>c.<get_Properties>b__78_0(ModelMetadata p)
   at System.Linq.EnumerableSorter`2.ComputeKeys(TElement[] elements, Int32 count)
   at System.Linq.EnumerableSorter`1.ComputeMap(TElement[] elements, Int32 count)
   at System.Linq.EnumerableSorter`1.Sort(TElement[] elements, Int32 count)
   at System.Linq.OrderedEnumerable`1.ToList()
   at System.Linq.Enumerable.ToList[TSource](IEnumerable`1 source)
   at Microsoft.AspNetCore.Mvc.ModelBinding.ModelPropertyCollection..ctor(IEnumerable`1 properties)
   at Microsoft.AspNetCore.Mvc.ModelBinding.Metadata.DefaultModelMetadata.get_Properties()
   at Microsoft.AspNetCore.Mvc.ModelBinding.ModelMetadataProviderExtensions.GetMetadataForProperty(IModelMetadataProvider provider, Type containerType, String propertyName)
   at Microsoft.AspNetCore.Mvc.Internal.DefaultApplicationModelProvider.CreatePropertyModel(PropertyInfo propertyInfo)
   at Microsoft.AspNetCore.Mvc.Internal.DefaultApplicationModelProvider.OnProvidersExecuting(ApplicationModelProviderContext context)
   at Microsoft.AspNetCore.Mvc.Internal.ControllerActionDescriptorProvider.BuildModel()
   at Microsoft.AspNetCore.Mvc.Internal.ControllerActionDescriptorProvider.GetDescriptors()
   at Microsoft.AspNetCore.Mvc.Internal.ControllerActionDescriptorProvider.OnProvidersExecuting(ActionDescriptorProviderContext context)
   at Microsoft.AspNetCore.Mvc.Infrastructure.DefaultActionDescriptorCollectionProvider.UpdateCollection()
   at Microsoft.AspNetCore.Mvc.Infrastructure.DefaultActionDescriptorCollectionProvider.Initialize()
   at Microsoft.AspNetCore.Mvc.Infrastructure.DefaultActionDescriptorCollectionProvider.get_ActionDescriptors()
   at Microsoft.AspNetCore.Mvc.Internal.AttributeRoute.GetTreeRouter()
   at Microsoft.AspNetCore.Mvc.Internal.AttributeRoute.RouteAsync(RouteContext context)
   at Microsoft.AspNetCore.Routing.RouteCollection.RouteAsync(RouteContext context)
   at Microsoft.AspNetCore.Builder.RouterMiddleware.Invoke(HttpContext httpContext)
   at Ben.Diagnostics.BlockingDetectionMiddleware.Invoke(HttpContext httpContext) in C:\GitHub\Ben.BlockingDetector\src\Ben.BlockingDetector\BlockingDetectionMiddleware.cs:line 36
   at Microsoft.AspNetCore.Builder.Extensions.MapWhenMiddleware.Invoke(HttpContext context)
   at Microsoft.AspNetCore.Authentication.AuthenticationMiddleware.Invoke(HttpContext context)
   at Microsoft.AspNetCore.Localization.RequestLocalizationMiddleware.Invoke(HttpContext context)
   at Microsoft.AspNetCore.Session.SessionMiddleware.Invoke(HttpContext context)
   at Microsoft.AspNetCore.Session.SessionMiddleware.Invoke(HttpContext context)
   at AtiehJobCore.Core.Http.InstallUrlMiddleware.Invoke(HttpContext context, IWebHelper webHelper) in D:\Programming New\AtiehJobCore\Libraries\AtiehJobCore.Core\Http\InstallUrlMiddleware.cs:line 49
   at Microsoft.AspNetCore.StaticFiles.StaticFileMiddleware.Invoke(HttpContext context)
   at Microsoft.AspNetCore.ResponseCompression.ResponseCompressionMiddleware.Invoke(HttpContext context)
   at Microsoft.AspNetCore.Diagnostics.StatusCodePagesMiddleware.Invoke(HttpContext context)
   at Microsoft.AspNetCore.Diagnostics.StatusCodePagesMiddleware.Invoke(HttpContext context)
   at Microsoft.AspNetCore.Diagnostics.ExceptionHandlerMiddleware.Invoke(HttpContext context)


