Hosting environment: Development
Content root path: H:\Programming New\AtiehJobCore\Presentation\AtiehJobCore.Web
Application started. Press Ctrl+C to shut down.
info: Microsoft.AspNetCore.Hosting.Internal.WebHost[1]
      Request starting HTTP/2.0 GET https://localhost:44344/  
info: Microsoft.AspNetCore.Authentication.Cookies.CookieAuthenticationHandler[7]
      Authentication was not authenticated. Failure message: Unprotect ticket failed
info: Microsoft.AspNetCore.Mvc.Internal.ControllerActionInvoker[1]
      Route matched with {action = "Index", controller = "Home", area = ""}. Executing action AtiehJobCore.Web.Controllers.HomeController.Index (AtiehJobCore.Web)
info: Microsoft.AspNetCore.Authentication.Cookies.CookieAuthenticationHandler[7]
      Authentication was not authenticated. Failure message: Unprotect ticket failed
info: Microsoft.AspNetCore.Mvc.Internal.ControllerActionInvoker[1]
      Executing action method AtiehJobCore.Web.Controllers.HomeController.Index (AtiehJobCore.Web) - Validation state: Valid
info: Microsoft.AspNetCore.Mvc.Internal.ControllerActionInvoker[2]
      Executed action method AtiehJobCore.Web.Controllers.HomeController.Index (AtiehJobCore.Web), returned result Microsoft.AspNetCore.Mvc.ViewResult in 0.4049ms.
info: Microsoft.AspNetCore.Mvc.ViewFeatures.ViewResultExecutor[1]
      Executing ViewResult, running view Index.
info: Microsoft.AspNetCore.Mvc.ViewFeatures.ViewResultExecutor[4]
      Executed ViewResult - view Index executed in 1217.5212ms.
info: Microsoft.AspNetCore.Mvc.Internal.ControllerActionInvoker[2]
      Executed action AtiehJobCore.Web.Controllers.HomeController.Index (AtiehJobCore.Web) in 6482.6833ms
info: Microsoft.AspNetCore.Hosting.Internal.WebHost[1]
      Request starting HTTP/2.0 GET https://localhost:44344/img/slide7.jpg  
info: Microsoft.AspNetCore.Hosting.Internal.WebHost[1]
      Request starting HTTP/2.0 GET https://localhost:44344/js/jqueryAll.min.js?v=XW6yr5crmRky0ij53VOAb7CvfKcNtd1yunsOMEpx_W8  
info: Microsoft.AspNetCore.Hosting.Internal.WebHost[2]
      Request finished in 8842.1012ms 200 text/html; charset=utf-8
info: Microsoft.AspNetCore.StaticFiles.StaticFileMiddleware[2]
      Sending file. Request path: '/js/jqueryAll.min.js'. Physical path: 'H:\Programming New\AtiehJobCore\Presentation\AtiehJobCore.Web\wwwroot\js\jqueryAll.min.js'
info: Microsoft.AspNetCore.Hosting.Internal.WebHost[2]
      Request finished in 23.9991ms 200 application/javascript
info: Microsoft.AspNetCore.StaticFiles.StaticFileMiddleware[2]
      Sending file. Request path: '/img/slide7.jpg'. Physical path: 'H:\Programming New\AtiehJobCore\Presentation\AtiehJobCore.Web\wwwroot\img\slide7.jpg'
info: Microsoft.AspNetCore.Hosting.Internal.WebHost[2]
      Request finished in 185.1474ms 200 image/jpeg
info: Microsoft.AspNetCore.Hosting.Internal.WebHost[1]
      Request starting HTTP/2.0 GET https://localhost:44344/changelanguage/5c63e49e46b17342ac5f4665?returnurl=%2f  
info: Microsoft.AspNetCore.Authentication.Cookies.CookieAuthenticationHandler[7]
      Authentication was not authenticated. Failure message: Unprotect ticket failed
info: Microsoft.AspNetCore.Mvc.Internal.ControllerActionInvoker[1]
      Route matched with {action = "SetLanguage", controller = "Common", area = ""}. Executing action AtiehJobCore.Web.Controllers.CommonController.SetLanguage (AtiehJobCore.Web)
info: Microsoft.AspNetCore.Authentication.Cookies.CookieAuthenticationHandler[7]
      Authentication was not authenticated. Failure message: Unprotect ticket failed
info: Microsoft.AspNetCore.Mvc.Internal.ControllerActionInvoker[1]
      Executing action method AtiehJobCore.Web.Controllers.CommonController.SetLanguage (AtiehJobCore.Web) with arguments (AtiehJobCore.Services.Localization.LanguageService, AtiehJobCore.Core.Domain.Localization.LocalizationSettings, 5c63e49e46b17342ac5f4665, /) - Validation state: Valid
info: Microsoft.AspNetCore.Mvc.Internal.ControllerActionInvoker[2]
      Executed action method AtiehJobCore.Web.Controllers.CommonController.SetLanguage (AtiehJobCore.Web), returned result Microsoft.AspNetCore.Mvc.RedirectResult in 98.9901ms.
info: Microsoft.AspNetCore.Mvc.Infrastructure.RedirectResultExecutor[1]
      Executing RedirectResult, redirecting to /.
info: Microsoft.AspNetCore.Mvc.Internal.ControllerActionInvoker[2]
      Executed action AtiehJobCore.Web.Controllers.CommonController.SetLanguage (AtiehJobCore.Web) in 257.7161ms
info: Microsoft.AspNetCore.Hosting.Internal.WebHost[2]
      Request finished in 330.4932ms 302 
info: Microsoft.AspNetCore.Hosting.Internal.WebHost[1]
      Request starting HTTP/2.0 GET https://localhost:44344/  
info: Microsoft.AspNetCore.Authentication.Cookies.CookieAuthenticationHandler[7]
      Authentication was not authenticated. Failure message: Unprotect ticket failed
info: Microsoft.AspNetCore.Mvc.Internal.ControllerActionInvoker[1]
      Route matched with {action = "Index", controller = "Home", area = ""}. Executing action AtiehJobCore.Web.Controllers.HomeController.Index (AtiehJobCore.Web)
info: Microsoft.AspNetCore.Authentication.Cookies.CookieAuthenticationHandler[7]
      Authentication was not authenticated. Failure message: Unprotect ticket failed
info: Microsoft.AspNetCore.Mvc.Internal.ControllerActionInvoker[1]
      Executing action method AtiehJobCore.Web.Controllers.HomeController.Index (AtiehJobCore.Web) - Validation state: Valid
info: Microsoft.AspNetCore.Mvc.Internal.ControllerActionInvoker[2]
      Executed action method AtiehJobCore.Web.Controllers.HomeController.Index (AtiehJobCore.Web), returned result Microsoft.AspNetCore.Mvc.ViewResult in 0.0615ms.
info: Microsoft.AspNetCore.Mvc.ViewFeatures.ViewResultExecutor[1]
      Executing ViewResult, running view Index.
info: Microsoft.AspNetCore.Mvc.ViewFeatures.ViewResultExecutor[4]
      Executed ViewResult - view Index executed in 76.6239ms.
info: Microsoft.AspNetCore.Mvc.Internal.ControllerActionInvoker[2]
      Executed action AtiehJobCore.Web.Controllers.HomeController.Index (AtiehJobCore.Web) in 80.717ms
info: Microsoft.AspNetCore.Hosting.Internal.WebHost[2]
      Request finished in 83.2234ms 200 text/html; charset=utf-8
info: Microsoft.AspNetCore.Hosting.Internal.WebHost[1]
      Request starting HTTP/2.0 GET https://localhost:44344/css/web-rtl.min.css?v=rjFQjJBldtmRqjCji6OOcc8d6VROjTTrLwAcJ4S-4n4  
info: Microsoft.AspNetCore.StaticFiles.StaticFileMiddleware[2]
      Sending file. Request path: '/css/web-rtl.min.css'. Physical path: 'H:\Programming New\AtiehJobCore\Presentation\AtiehJobCore.Web\wwwroot\css\web-rtl.min.css'
info: Microsoft.AspNetCore.Hosting.Internal.WebHost[2]
      Request finished in 1.2141ms 200 text/css
info: Microsoft.AspNetCore.Hosting.Internal.WebHost[1]
      Request starting HTTP/2.0 GET https://localhost:44344/Account/User/Login  
info: Microsoft.AspNetCore.Authentication.Cookies.CookieAuthenticationHandler[7]
      Authentication was not authenticated. Failure message: Unprotect ticket failed
info: Microsoft.AspNetCore.Mvc.Internal.ControllerActionInvoker[1]
      Route matched with {area = "Account", action = "Login", controller = "User"}. Executing action AtiehJobCore.Web.Areas.Account.Controllers.UserController.Login (AtiehJobCore.Web)
info: Microsoft.AspNetCore.Mvc.Internal.ControllerActionInvoker[1]
      Executing action method AtiehJobCore.Web.Areas.Account.Controllers.UserController.Login (AtiehJobCore.Web) - Validation state: Valid
info: Microsoft.AspNetCore.Mvc.Internal.ControllerActionInvoker[2]
      Executed action method AtiehJobCore.Web.Areas.Account.Controllers.UserController.Login (AtiehJobCore.Web), returned result Microsoft.AspNetCore.Mvc.ViewResult in 1.0487ms.
info: Microsoft.AspNetCore.Mvc.ViewFeatures.ViewResultExecutor[1]
      Executing ViewResult, running view Login.
fail: Microsoft.AspNetCore.Antiforgery.Internal.DefaultAntiforgery[7]
      An exception was thrown while deserializing the token.
Microsoft.AspNetCore.Antiforgery.AntiforgeryValidationException: The antiforgery token could not be decrypted. ---> System.Security.Cryptography.CryptographicException: The payload was invalid.
   at Microsoft.AspNetCore.DataProtection.Cng.CbcAuthenticatedEncryptor.DecryptImpl(Byte* pbCiphertext, UInt32 cbCiphertext, Byte* pbAdditionalAuthenticatedData, UInt32 cbAdditionalAuthenticatedData)
   at Microsoft.AspNetCore.DataProtection.Cng.Internal.CngAuthenticatedEncryptorBase.Decrypt(ArraySegment`1 ciphertext, ArraySegment`1 additionalAuthenticatedData)
   at Microsoft.AspNetCore.DataProtection.KeyManagement.KeyRingBasedDataProtector.UnprotectCore(Byte[] protectedData, Boolean allowOperationsOnRevokedKeys, UnprotectStatus& status)
   at Microsoft.AspNetCore.DataProtection.KeyManagement.KeyRingBasedDataProtector.DangerousUnprotect(Byte[] protectedData, Boolean ignoreRevocationErrors, Boolean& requiresMigration, Boolean& wasRevoked)
   at Microsoft.AspNetCore.DataProtection.KeyManagement.KeyRingBasedDataProtector.Unprotect(Byte[] protectedData)
   at Microsoft.AspNetCore.Antiforgery.Internal.DefaultAntiforgeryTokenSerializer.Deserialize(String serializedToken)
   --- End of inner exception stack trace ---
   at Microsoft.AspNetCore.Antiforgery.Internal.DefaultAntiforgeryTokenSerializer.Deserialize(String serializedToken)
   at Microsoft.AspNetCore.Antiforgery.Internal.DefaultAntiforgery.GetCookieTokenDoesNotThrow(HttpContext httpContext)
info: Microsoft.AspNetCore.Authentication.Cookies.CookieAuthenticationHandler[7]
      Authentication was not authenticated. Failure message: Unprotect ticket failed
info: Microsoft.AspNetCore.Mvc.ViewFeatures.ViewResultExecutor[4]
      Executed ViewResult - view Login executed in 699.1645ms.
info: Microsoft.AspNetCore.Mvc.Internal.ControllerActionInvoker[2]
      Executed action AtiehJobCore.Web.Areas.Account.Controllers.UserController.Login (AtiehJobCore.Web) in 706.1601ms
info: Microsoft.AspNetCore.Hosting.Internal.WebHost[2]
      Request finished in 717.7931ms 200 text/html; charset=utf-8
info: Microsoft.AspNetCore.Hosting.Internal.WebHost[1]
      Request starting HTTP/2.0 GET https://localhost:44344/Account/User/Login  
info: Microsoft.AspNetCore.Authentication.Cookies.CookieAuthenticationHandler[7]
      Authentication was not authenticated. Failure message: Unprotect ticket failed
info: Microsoft.AspNetCore.Mvc.Internal.ControllerActionInvoker[1]
      Route matched with {area = "Account", action = "Login", controller = "User"}. Executing action AtiehJobCore.Web.Areas.Account.Controllers.UserController.Login (AtiehJobCore.Web)
info: Microsoft.AspNetCore.Mvc.Internal.ControllerActionInvoker[1]
      Executing action method AtiehJobCore.Web.Areas.Account.Controllers.UserController.Login (AtiehJobCore.Web) - Validation state: Valid
info: Microsoft.AspNetCore.Mvc.Internal.ControllerActionInvoker[2]
      Executed action method AtiehJobCore.Web.Areas.Account.Controllers.UserController.Login (AtiehJobCore.Web), returned result Microsoft.AspNetCore.Mvc.ViewResult in 0.2839ms.
info: Microsoft.AspNetCore.Mvc.ViewFeatures.ViewResultExecutor[1]
      Executing ViewResult, running view Login.
info: Microsoft.AspNetCore.Authentication.Cookies.CookieAuthenticationHandler[7]
      Authentication was not authenticated. Failure message: Unprotect ticket failed
info: Microsoft.AspNetCore.Mvc.ViewFeatures.ViewResultExecutor[4]
      Executed ViewResult - view Login executed in 9627.3268ms.
info: Microsoft.AspNetCore.Mvc.Internal.ControllerActionInvoker[2]
      Executed action AtiehJobCore.Web.Areas.Account.Controllers.UserController.Login (AtiehJobCore.Web) in 9629.1465ms
info: Microsoft.AspNetCore.Hosting.Internal.WebHost[2]
      Request finished in 9640.4871ms 200 text/html; charset=utf-8
info: Microsoft.AspNetCore.Hosting.Internal.WebHost[1]
      Request starting HTTP/2.0 GET https://localhost:44344/css/web.min.css?v=SGeIaZ1rACBH4tgfSiOseTBTdwgXxRUoma1CaojyTyc  
info: Microsoft.AspNetCore.StaticFiles.StaticFileMiddleware[2]
      Sending file. Request path: '/css/web.min.css'. Physical path: 'H:\Programming New\AtiehJobCore\Presentation\AtiehJobCore.Web\wwwroot\css\web.min.css'
info: Microsoft.AspNetCore.Hosting.Internal.WebHost[2]
      Request finished in 4.5651ms 200 text/css
info: Microsoft.AspNetCore.Hosting.Internal.WebHost[1]
      Request starting HTTP/2.0 POST https://localhost:44344/api/CspReport/Log application/csp-report 601
info: Microsoft.AspNetCore.Authentication.Cookies.CookieAuthenticationHandler[7]
      Authentication was not authenticated. Failure message: Unprotect ticket failed
info: Microsoft.AspNetCore.Mvc.Internal.ControllerActionInvoker[1]
      Route matched with {action = "Log", controller = "CspReport", area = ""}. Executing action AtiehJobCore.Web.Controllers.CspReportController.Log (AtiehJobCore.Web)
info: Microsoft.AspNetCore.Authentication.Cookies.CookieAuthenticationHandler[7]
      Authentication was not authenticated. Failure message: Unprotect ticket failed
info: Microsoft.AspNetCore.Mvc.Internal.ControllerActionInvoker[1]
      Executing action method AtiehJobCore.Web.Controllers.CspReportController.Log (AtiehJobCore.Web) - Validation state: Valid
info: Microsoft.AspNetCore.Hosting.Internal.WebHost[1]
      Request starting HTTP/2.0 GET https://localhost:44344/css/web-rtl.min.css?v=rjFQjJBldtmRqjCji6OOcc8d6VROjTTrLwAcJ4S-4n4  
info: Microsoft.AspNetCore.Hosting.Internal.WebHost[1]
      Request starting HTTP/2.0 GET https://localhost:44344/js/jqueryAll.min.js?v=XW6yr5crmRky0ij53VOAb7CvfKcNtd1yunsOMEpx_W8  
info: Microsoft.AspNetCore.StaticFiles.StaticFileMiddleware[2]
      Sending file. Request path: '/css/web-rtl.min.css'. Physical path: 'H:\Programming New\AtiehJobCore\Presentation\AtiehJobCore.Web\wwwroot\css\web-rtl.min.css'
info: Microsoft.AspNetCore.Hosting.Internal.WebHost[1]
      Request starting HTTP/2.0 GET https://localhost:44344/js/web.min.js?v=mdo5dVvcUZtnPHSs2aLPgwNxaZOAG0s_EhUEwpF8KpQ  
info: Microsoft.AspNetCore.Hosting.Internal.WebHost[1]
      Request starting HTTP/2.0 GET https://localhost:44344/img/slide7.jpg  
info: Microsoft.AspNetCore.Hosting.Internal.WebHost[2]
      Request finished in 1.2273ms 200 text/css
info: Microsoft.AspNetCore.StaticFiles.StaticFileMiddleware[2]
      Sending file. Request path: '/js/jqueryAll.min.js'. Physical path: 'H:\Programming New\AtiehJobCore\Presentation\AtiehJobCore.Web\wwwroot\js\jqueryAll.min.js'
info: Microsoft.AspNetCore.StaticFiles.StaticFileMiddleware[2]
      Sending file. Request path: '/js/web.min.js'. Physical path: 'H:\Programming New\AtiehJobCore\Presentation\AtiehJobCore.Web\wwwroot\js\web.min.js'
info: Microsoft.AspNetCore.Hosting.Internal.WebHost[2]
      Request finished in 3.7982ms 200 application/javascript
info: Microsoft.AspNetCore.Hosting.Internal.WebHost[2]
      Request finished in 4.0815ms 200 application/javascript
fail: AtiehJobCore.Web.Controllers.CspReportController[0]
      Content Security Policy Error: {"csp-report":{"document-uri":"https://localhost:44344/Account/User/Login","referrer":"https://localhost:44344/","violated-directive":"img-src","effective-directive":"img-src","original-policy":"default-src 'self' blob:; style-src 'self' 'unsafe-inline'; script-src 'self' https://freegeoip.net/ 'unsafe-inline' 'unsafe-eval' ; font-src 'self'; img-src 'self' data: blob:; connect-src 'self'; media-src 'self'; object-src 'self' blob:; report-uri /api/CspReport/Log","disposition":"enforce","blocked-uri":"https://getbootstrap.com/assets/brand/bootstrap-solid.svg","status-code":0,"script-sample":""}}
info: Microsoft.AspNetCore.Mvc.Internal.ControllerActionInvoker[2]
      Executed action method AtiehJobCore.Web.Controllers.CspReportController.Log (AtiehJobCore.Web), returned result Microsoft.AspNetCore.Mvc.OkResult in 40.4233ms.
info: Microsoft.AspNetCore.Mvc.StatusCodeResult[1]
      Executing HttpStatusCodeResult, setting HTTP status code 200
info: Microsoft.AspNetCore.Mvc.Internal.ControllerActionInvoker[2]
      Executed action AtiehJobCore.Web.Controllers.CspReportController.Log (AtiehJobCore.Web) in 47.0404ms
info: Microsoft.AspNetCore.Hosting.Internal.WebHost[2]
      Request finished in 59.9488ms 200 
info: Microsoft.AspNetCore.StaticFiles.StaticFileMiddleware[2]
      Sending file. Request path: '/img/slide7.jpg'. Physical path: 'H:\Programming New\AtiehJobCore\Presentation\AtiehJobCore.Web\wwwroot\img\slide7.jpg'
info: Microsoft.AspNetCore.Hosting.Internal.WebHost[2]
      Request finished in 71.9189ms 200 image/jpeg
info: Microsoft.AspNetCore.Hosting.Internal.WebHost[1]
      Request starting HTTP/2.0 GET https://localhost:44344/webfonts/samim/Samim.woff  
info: Microsoft.AspNetCore.Hosting.Internal.WebHost[1]
      Request starting HTTP/2.0 GET https://localhost:44344/webfonts/samim/Samim-Bold.woff  
info: Microsoft.AspNetCore.StaticFiles.StaticFileMiddleware[2]
      Sending file. Request path: '/webfonts/samim/Samim.woff'. Physical path: 'H:\Programming New\AtiehJobCore\Presentation\AtiehJobCore.Web\wwwroot\webfonts\samim\Samim.woff'
info: Microsoft.AspNetCore.Hosting.Internal.WebHost[2]
      Request finished in 16.5651ms 200 application/font-woff
info: Microsoft.AspNetCore.Hosting.Internal.WebHost[1]
      Request starting HTTP/2.0 GET https://localhost:44344/webfonts/fontAwesome/fa-solid-900.woff2  
info: Microsoft.AspNetCore.StaticFiles.StaticFileMiddleware[2]
      Sending file. Request path: '/webfonts/samim/Samim-Bold.woff'. Physical path: 'H:\Programming New\AtiehJobCore\Presentation\AtiehJobCore.Web\wwwroot\webfonts\samim\Samim-Bold.woff'
info: Microsoft.AspNetCore.Hosting.Internal.WebHost[2]
      Request finished in 24.297ms 200 application/font-woff
info: Microsoft.AspNetCore.StaticFiles.StaticFileMiddleware[2]
      Sending file. Request path: '/webfonts/fontAwesome/fa-solid-900.woff2'. Physical path: 'H:\Programming New\AtiehJobCore\Presentation\AtiehJobCore.Web\wwwroot\webfonts\fontAwesome\fa-solid-900.woff2'
info: Microsoft.AspNetCore.Hosting.Internal.WebHost[2]
      Request finished in 19.0246ms 200 font/woff2
info: Microsoft.AspNetCore.Hosting.Internal.WebHost[1]
      Request starting HTTP/2.0 GET https://localhost:44344/favicon.ico  
info: Microsoft.AspNetCore.StaticFiles.StaticFileMiddleware[2]
      Sending file. Request path: '/favicon.ico'. Physical path: 'H:\Programming New\AtiehJobCore\Presentation\AtiehJobCore.Web\wwwroot\favicon.ico'
info: Microsoft.AspNetCore.Hosting.Internal.WebHost[2]
      Request finished in 46.2518ms 200 image/x-icon
info: Microsoft.AspNetCore.Hosting.Internal.WebHost[1]
      Request starting HTTP/2.0 GET https://localhost:44344/css/bootstrap.min.css.map  
info: Microsoft.AspNetCore.Hosting.Internal.WebHost[2]
      Request finished in 93.4484ms 404 
info: Microsoft.AspNetCore.Hosting.Internal.WebHost[1]
      Request starting HTTP/2.0 GET https://localhost:44344/Account/User/Login  
info: Microsoft.AspNetCore.Authentication.Cookies.CookieAuthenticationHandler[7]
      Authentication was not authenticated. Failure message: Unprotect ticket failed
info: Microsoft.AspNetCore.Mvc.Internal.ControllerActionInvoker[1]
      Route matched with {area = "Account", action = "Login", controller = "User"}. Executing action AtiehJobCore.Web.Areas.Account.Controllers.UserController.Login (AtiehJobCore.Web)
info: Microsoft.AspNetCore.Mvc.Internal.ControllerActionInvoker[1]
      Executing action method AtiehJobCore.Web.Areas.Account.Controllers.UserController.Login (AtiehJobCore.Web) - Validation state: Valid
info: Microsoft.AspNetCore.Mvc.Internal.ControllerActionInvoker[2]
      Executed action method AtiehJobCore.Web.Areas.Account.Controllers.UserController.Login (AtiehJobCore.Web), returned result Microsoft.AspNetCore.Mvc.ViewResult in 0.0215ms.
info: Microsoft.AspNetCore.Mvc.ViewFeatures.ViewResultExecutor[1]
      Executing ViewResult, running view Login.
info: Microsoft.AspNetCore.Authentication.Cookies.CookieAuthenticationHandler[7]
      Authentication was not authenticated. Failure message: Unprotect ticket failed
info: Microsoft.AspNetCore.Mvc.ViewFeatures.ViewResultExecutor[4]
      Executed ViewResult - view Login executed in 606.082ms.
info: Microsoft.AspNetCore.Mvc.Internal.ControllerActionInvoker[2]
      Executed action AtiehJobCore.Web.Areas.Account.Controllers.UserController.Login (AtiehJobCore.Web) in 607.0036ms
info: Microsoft.AspNetCore.Hosting.Internal.WebHost[2]
      Request finished in 617.7355ms 200 text/html; charset=utf-8
info: Microsoft.AspNetCore.Hosting.Internal.WebHost[1]
      Request starting HTTP/2.0 GET https://localhost:44344/css/web.min.css?v=SGeIaZ1rACBH4tgfSiOseTBTdwgXxRUoma1CaojyTyc  
info: Microsoft.AspNetCore.Hosting.Internal.WebHost[1]
      Request starting HTTP/2.0 GET https://localhost:44344/css/web-rtl.min.css?v=rjFQjJBldtmRqjCji6OOcc8d6VROjTTrLwAcJ4S-4n4  
info: Microsoft.AspNetCore.StaticFiles.StaticFileMiddleware[2]
      Sending file. Request path: '/css/web-rtl.min.css'. Physical path: 'H:\Programming New\AtiehJobCore\Presentation\AtiehJobCore.Web\wwwroot\css\web-rtl.min.css'
info: Microsoft.AspNetCore.Hosting.Internal.WebHost[2]
      Request finished in 0.8535ms 200 text/css
info: Microsoft.AspNetCore.Hosting.Internal.WebHost[1]
      Request starting HTTP/2.0 POST https://localhost:44344/api/CspReport/Log application/csp-report 601
info: Microsoft.AspNetCore.Authentication.Cookies.CookieAuthenticationHandler[7]
      Authentication was not authenticated. Failure message: Unprotect ticket failed
info: Microsoft.AspNetCore.StaticFiles.StaticFileMiddleware[2]
      Sending file. Request path: '/css/web.min.css'. Physical path: 'H:\Programming New\AtiehJobCore\Presentation\AtiehJobCore.Web\wwwroot\css\web.min.css'
info: Microsoft.AspNetCore.Hosting.Internal.WebHost[2]
      Request finished in 8.7832ms 200 text/css
info: Microsoft.AspNetCore.Mvc.Internal.ControllerActionInvoker[1]
      Route matched with {action = "Log", controller = "CspReport", area = ""}. Executing action AtiehJobCore.Web.Controllers.CspReportController.Log (AtiehJobCore.Web)
info: Microsoft.AspNetCore.Authentication.Cookies.CookieAuthenticationHandler[7]
      Authentication was not authenticated. Failure message: Unprotect ticket failed
info: Microsoft.AspNetCore.Mvc.Internal.ControllerActionInvoker[1]
      Executing action method AtiehJobCore.Web.Controllers.CspReportController.Log (AtiehJobCore.Web) - Validation state: Valid
fail: AtiehJobCore.Web.Controllers.CspReportController[0]
      Content Security Policy Error: {"csp-report":{"document-uri":"https://localhost:44344/Account/User/Login","referrer":"https://localhost:44344/","violated-directive":"img-src","effective-directive":"img-src","original-policy":"default-src 'self' blob:; style-src 'self' 'unsafe-inline'; script-src 'self' https://freegeoip.net/ 'unsafe-inline' 'unsafe-eval' ; font-src 'self'; img-src 'self' data: blob:; connect-src 'self'; media-src 'self'; object-src 'self' blob:; report-uri /api/CspReport/Log","disposition":"enforce","blocked-uri":"https://getbootstrap.com/assets/brand/bootstrap-solid.svg","status-code":0,"script-sample":""}}
info: Microsoft.AspNetCore.Mvc.Internal.ControllerActionInvoker[2]
      Executed action method AtiehJobCore.Web.Controllers.CspReportController.Log (AtiehJobCore.Web), returned result Microsoft.AspNetCore.Mvc.OkResult in 0.6027ms.
info: Microsoft.AspNetCore.Mvc.StatusCodeResult[1]
      Executing HttpStatusCodeResult, setting HTTP status code 200
info: Microsoft.AspNetCore.Mvc.Internal.ControllerActionInvoker[2]
      Executed action AtiehJobCore.Web.Controllers.CspReportController.Log (AtiehJobCore.Web) in 4.4117ms
info: Microsoft.AspNetCore.Hosting.Internal.WebHost[2]
      Request finished in 26.7497ms 200 
info: Microsoft.AspNetCore.Hosting.Internal.WebHost[1]
      Request starting HTTP/2.0 GET https://localhost:44344/webfonts/samim/Samim.woff  
info: Microsoft.AspNetCore.StaticFiles.StaticFileMiddleware[2]
      Sending file. Request path: '/webfonts/samim/Samim.woff'. Physical path: 'H:\Programming New\AtiehJobCore\Presentation\AtiehJobCore.Web\wwwroot\webfonts\samim\Samim.woff'
info: Microsoft.AspNetCore.Hosting.Internal.WebHost[2]
      Request finished in 1.0943ms 200 application/font-woff
info: Microsoft.AspNetCore.Hosting.Internal.WebHost[1]
      Request starting HTTP/2.0 GET https://localhost:44344/webfonts/samim/Samim-Bold.woff  
info: Microsoft.AspNetCore.StaticFiles.StaticFileMiddleware[2]
      Sending file. Request path: '/webfonts/samim/Samim-Bold.woff'. Physical path: 'H:\Programming New\AtiehJobCore\Presentation\AtiehJobCore.Web\wwwroot\webfonts\samim\Samim-Bold.woff'
info: Microsoft.AspNetCore.Hosting.Internal.WebHost[2]
      Request finished in 3.6804ms 200 application/font-woff
info: Microsoft.AspNetCore.Hosting.Internal.WebHost[1]
      Request starting HTTP/2.0 GET https://localhost:44344/css/bootstrap.min.css.map  
info: Microsoft.AspNetCore.Hosting.Internal.WebHost[2]
      Request finished in 2.5881ms 404 
info: Microsoft.AspNetCore.Hosting.Internal.WebHost[1]
      Request starting HTTP/2.0 GET https://localhost:44344/favicon.ico  
info: Microsoft.AspNetCore.StaticFiles.StaticFileMiddleware[2]
      Sending file. Request path: '/favicon.ico'. Physical path: 'H:\Programming New\AtiehJobCore\Presentation\AtiehJobCore.Web\wwwroot\favicon.ico'
info: Microsoft.AspNetCore.Hosting.Internal.WebHost[2]
      Request finished in 1.1934ms 200 image/x-icon
info: Microsoft.AspNetCore.Hosting.Internal.WebHost[1]
      Request starting HTTP/2.0 GET https://localhost:44344/Account/User/Login  
info: Microsoft.AspNetCore.Authentication.Cookies.CookieAuthenticationHandler[7]
      Authentication was not authenticated. Failure message: Unprotect ticket failed
info: Microsoft.AspNetCore.Mvc.Internal.ControllerActionInvoker[1]
      Route matched with {area = "Account", action = "Login", controller = "User"}. Executing action AtiehJobCore.Web.Areas.Account.Controllers.UserController.Login (AtiehJobCore.Web)
info: Microsoft.AspNetCore.Mvc.Internal.ControllerActionInvoker[1]
      Executing action method AtiehJobCore.Web.Areas.Account.Controllers.UserController.Login (AtiehJobCore.Web) - Validation state: Valid
info: Microsoft.AspNetCore.Mvc.Internal.ControllerActionInvoker[2]
      Executed action method AtiehJobCore.Web.Areas.Account.Controllers.UserController.Login (AtiehJobCore.Web), returned result Microsoft.AspNetCore.Mvc.ViewResult in 0.0206ms.
info: Microsoft.AspNetCore.Mvc.ViewFeatures.ViewResultExecutor[1]
      Executing ViewResult, running view Login.
info: Microsoft.AspNetCore.Authentication.Cookies.CookieAuthenticationHandler[7]
      Authentication was not authenticated. Failure message: Unprotect ticket failed
info: Microsoft.AspNetCore.Mvc.ViewFeatures.ViewResultExecutor[4]
      Executed ViewResult - view Login executed in 871.3652ms.
info: Microsoft.AspNetCore.Mvc.Internal.ControllerActionInvoker[2]
      Executed action AtiehJobCore.Web.Areas.Account.Controllers.UserController.Login (AtiehJobCore.Web) in 872.085ms
info: Microsoft.AspNetCore.Hosting.Internal.WebHost[2]
      Request finished in 883.0258ms 200 text/html; charset=utf-8
info: Microsoft.AspNetCore.Hosting.Internal.WebHost[1]
      Request starting HTTP/2.0 POST https://localhost:44344/api/CspReport/Log application/csp-report 601
info: Microsoft.AspNetCore.Authentication.Cookies.CookieAuthenticationHandler[7]
      Authentication was not authenticated. Failure message: Unprotect ticket failed
info: Microsoft.AspNetCore.Hosting.Internal.WebHost[1]
      Request starting HTTP/2.0 GET https://localhost:44344/css/web.min.css?v=SGeIaZ1rACBH4tgfSiOseTBTdwgXxRUoma1CaojyTyc  
info: Microsoft.AspNetCore.Hosting.Internal.WebHost[1]
      Request starting HTTP/2.0 GET https://localhost:44344/css/web-rtl.min.css?v=rjFQjJBldtmRqjCji6OOcc8d6VROjTTrLwAcJ4S-4n4  
info: Microsoft.AspNetCore.StaticFiles.StaticFileMiddleware[2]
      Sending file. Request path: '/css/web-rtl.min.css'. Physical path: 'H:\Programming New\AtiehJobCore\Presentation\AtiehJobCore.Web\wwwroot\css\web-rtl.min.css'
info: Microsoft.AspNetCore.Hosting.Internal.WebHost[2]
      Request finished in 1.1571ms 200 text/css
info: Microsoft.AspNetCore.StaticFiles.StaticFileMiddleware[2]
      Sending file. Request path: '/css/web.min.css'. Physical path: 'H:\Programming New\AtiehJobCore\Presentation\AtiehJobCore.Web\wwwroot\css\web.min.css'
info: Microsoft.AspNetCore.Hosting.Internal.WebHost[2]
      Request finished in 5.5499ms 200 text/css
info: Microsoft.AspNetCore.Mvc.Internal.ControllerActionInvoker[1]
      Route matched with {action = "Log", controller = "CspReport", area = ""}. Executing action AtiehJobCore.Web.Controllers.CspReportController.Log (AtiehJobCore.Web)
info: Microsoft.AspNetCore.Authentication.Cookies.CookieAuthenticationHandler[7]
      Authentication was not authenticated. Failure message: Unprotect ticket failed
info: Microsoft.AspNetCore.Mvc.Internal.ControllerActionInvoker[1]
      Executing action method AtiehJobCore.Web.Controllers.CspReportController.Log (AtiehJobCore.Web) - Validation state: Valid
fail: AtiehJobCore.Web.Controllers.CspReportController[0]
      Content Security Policy Error: {"csp-report":{"document-uri":"https://localhost:44344/Account/User/Login","referrer":"https://localhost:44344/","violated-directive":"img-src","effective-directive":"img-src","original-policy":"default-src 'self' blob:; style-src 'self' 'unsafe-inline'; script-src 'self' https://freegeoip.net/ 'unsafe-inline' 'unsafe-eval' ; font-src 'self'; img-src 'self' data: blob:; connect-src 'self'; media-src 'self'; object-src 'self' blob:; report-uri /api/CspReport/Log","disposition":"enforce","blocked-uri":"https://getbootstrap.com/assets/brand/bootstrap-solid.svg","status-code":0,"script-sample":""}}
info: Microsoft.AspNetCore.Mvc.Internal.ControllerActionInvoker[2]
      Executed action method AtiehJobCore.Web.Controllers.CspReportController.Log (AtiehJobCore.Web), returned result Microsoft.AspNetCore.Mvc.OkResult in 0.1931ms.
info: Microsoft.AspNetCore.Mvc.StatusCodeResult[1]
      Executing HttpStatusCodeResult, setting HTTP status code 200
info: Microsoft.AspNetCore.Mvc.Internal.ControllerActionInvoker[2]
      Executed action AtiehJobCore.Web.Controllers.CspReportController.Log (AtiehJobCore.Web) in 3.5274ms
info: Microsoft.AspNetCore.Hosting.Internal.WebHost[2]
      Request finished in 23.6045ms 200 
info: Microsoft.AspNetCore.Hosting.Internal.WebHost[1]
      Request starting HTTP/2.0 GET https://localhost:44344/webfonts/samim/Samim.woff  
info: Microsoft.AspNetCore.StaticFiles.StaticFileMiddleware[2]
      Sending file. Request path: '/webfonts/samim/Samim.woff'. Physical path: 'H:\Programming New\AtiehJobCore\Presentation\AtiehJobCore.Web\wwwroot\webfonts\samim\Samim.woff'
info: Microsoft.AspNetCore.Hosting.Internal.WebHost[2]
      Request finished in 1.1413ms 200 application/font-woff
info: Microsoft.AspNetCore.Hosting.Internal.WebHost[1]
      Request starting HTTP/2.0 GET https://localhost:44344/webfonts/samim/Samim-Bold.woff  
info: Microsoft.AspNetCore.StaticFiles.StaticFileMiddleware[2]
      Sending file. Request path: '/webfonts/samim/Samim-Bold.woff'. Physical path: 'H:\Programming New\AtiehJobCore\Presentation\AtiehJobCore.Web\wwwroot\webfonts\samim\Samim-Bold.woff'
info: Microsoft.AspNetCore.Hosting.Internal.WebHost[2]
      Request finished in 1.2327ms 200 application/font-woff
info: Microsoft.AspNetCore.Hosting.Internal.WebHost[1]
      Request starting HTTP/2.0 GET https://localhost:44344/css/bootstrap.min.css.map  
info: Microsoft.AspNetCore.Hosting.Internal.WebHost[2]
      Request finished in 2.1727ms 404 
info: Microsoft.AspNetCore.Hosting.Internal.WebHost[1]
      Request starting HTTP/2.0 GET https://localhost:44344/favicon.ico  
info: Microsoft.AspNetCore.StaticFiles.StaticFileMiddleware[2]
      Sending file. Request path: '/favicon.ico'. Physical path: 'H:\Programming New\AtiehJobCore\Presentation\AtiehJobCore.Web\wwwroot\favicon.ico'
info: Microsoft.AspNetCore.Hosting.Internal.WebHost[2]
      Request finished in 1.2522ms 200 image/x-icon
info: Microsoft.AspNetCore.Hosting.Internal.WebHost[1]
      Request starting HTTP/2.0 GET https://localhost:44344/Account/User/Login  
info: Microsoft.AspNetCore.Authentication.Cookies.CookieAuthenticationHandler[7]
      Authentication was not authenticated. Failure message: Unprotect ticket failed
info: Microsoft.AspNetCore.Mvc.Internal.ControllerActionInvoker[1]
      Route matched with {area = "Account", action = "Login", controller = "User"}. Executing action AtiehJobCore.Web.Areas.Account.Controllers.UserController.Login (AtiehJobCore.Web)
info: Microsoft.AspNetCore.Mvc.Internal.ControllerActionInvoker[1]
      Executing action method AtiehJobCore.Web.Areas.Account.Controllers.UserController.Login (AtiehJobCore.Web) - Validation state: Valid
info: Microsoft.AspNetCore.Mvc.Internal.ControllerActionInvoker[2]
      Executed action method AtiehJobCore.Web.Areas.Account.Controllers.UserController.Login (AtiehJobCore.Web), returned result Microsoft.AspNetCore.Mvc.ViewResult in 0.0317ms.
info: Microsoft.AspNetCore.Mvc.ViewFeatures.ViewResultExecutor[1]
      Executing ViewResult, running view Login.
info: Microsoft.AspNetCore.Authentication.Cookies.CookieAuthenticationHandler[7]
      Authentication was not authenticated. Failure message: Unprotect ticket failed
info: Microsoft.AspNetCore.Mvc.ViewFeatures.ViewResultExecutor[4]
      Executed ViewResult - view Login executed in 771.8292ms.
info: Microsoft.AspNetCore.Mvc.Internal.ControllerActionInvoker[2]
      Executed action AtiehJobCore.Web.Areas.Account.Controllers.UserController.Login (AtiehJobCore.Web) in 772.9327ms
info: Microsoft.AspNetCore.Hosting.Internal.WebHost[2]
      Request finished in 786.5025ms 200 text/html; charset=utf-8
info: Microsoft.AspNetCore.Hosting.Internal.WebHost[1]
      Request starting HTTP/2.0 GET https://localhost:44344/css/web.min.css?v=SGeIaZ1rACBH4tgfSiOseTBTdwgXxRUoma1CaojyTyc  
info: Microsoft.AspNetCore.Hosting.Internal.WebHost[1]
      Request starting HTTP/2.0 GET https://localhost:44344/css/web-rtl.min.css?v=rjFQjJBldtmRqjCji6OOcc8d6VROjTTrLwAcJ4S-4n4  
info: Microsoft.AspNetCore.StaticFiles.StaticFileMiddleware[2]
      Sending file. Request path: '/css/web-rtl.min.css'. Physical path: 'H:\Programming New\AtiehJobCore\Presentation\AtiehJobCore.Web\wwwroot\css\web-rtl.min.css'
info: Microsoft.AspNetCore.Hosting.Internal.WebHost[2]
      Request finished in 0.6041ms 200 text/css
info: Microsoft.AspNetCore.Hosting.Internal.WebHost[1]
      Request starting HTTP/2.0 GET https://localhost:44344/img/slide7.jpg  
info: Microsoft.AspNetCore.StaticFiles.StaticFileMiddleware[2]
      Sending file. Request path: '/img/slide7.jpg'. Physical path: 'H:\Programming New\AtiehJobCore\Presentation\AtiehJobCore.Web\wwwroot\img\slide7.jpg'
info: Microsoft.AspNetCore.Hosting.Internal.WebHost[2]
      Request finished in 4.2129ms 200 image/jpeg
info: Microsoft.AspNetCore.StaticFiles.StaticFileMiddleware[2]
      Sending file. Request path: '/css/web.min.css'. Physical path: 'H:\Programming New\AtiehJobCore\Presentation\AtiehJobCore.Web\wwwroot\css\web.min.css'
info: Microsoft.AspNetCore.Hosting.Internal.WebHost[2]
      Request finished in 7.6652ms 200 text/css
info: Microsoft.AspNetCore.Hosting.Internal.WebHost[1]
      Request starting HTTP/2.0 POST https://localhost:44344/api/CspReport/Log application/csp-report 601
info: Microsoft.AspNetCore.Authentication.Cookies.CookieAuthenticationHandler[7]
      Authentication was not authenticated. Failure message: Unprotect ticket failed
info: Microsoft.AspNetCore.Hosting.Internal.WebHost[1]
      Request starting HTTP/2.0 GET https://localhost:44344/js/web.min.js?v=mdo5dVvcUZtnPHSs2aLPgwNxaZOAG0s_EhUEwpF8KpQ  
info: Microsoft.AspNetCore.Hosting.Internal.WebHost[1]
      Request starting HTTP/2.0 GET https://localhost:44344/js/jqueryAll.min.js?v=XW6yr5crmRky0ij53VOAb7CvfKcNtd1yunsOMEpx_W8  
info: Microsoft.AspNetCore.StaticFiles.StaticFileMiddleware[2]
      Sending file. Request path: '/js/web.min.js'. Physical path: 'H:\Programming New\AtiehJobCore\Presentation\AtiehJobCore.Web\wwwroot\js\web.min.js'
info: Microsoft.AspNetCore.Hosting.Internal.WebHost[2]
      Request finished in 3.9313ms 200 application/javascript
info: Microsoft.AspNetCore.Mvc.Internal.ControllerActionInvoker[1]
      Route matched with {action = "Log", controller = "CspReport", area = ""}. Executing action AtiehJobCore.Web.Controllers.CspReportController.Log (AtiehJobCore.Web)
info: Microsoft.AspNetCore.Authentication.Cookies.CookieAuthenticationHandler[7]
      Authentication was not authenticated. Failure message: Unprotect ticket failed
info: Microsoft.AspNetCore.StaticFiles.StaticFileMiddleware[2]
      Sending file. Request path: '/js/jqueryAll.min.js'. Physical path: 'H:\Programming New\AtiehJobCore\Presentation\AtiehJobCore.Web\wwwroot\js\jqueryAll.min.js'
info: Microsoft.AspNetCore.Hosting.Internal.WebHost[2]
      Request finished in 40.6625ms 200 application/javascript
info: Microsoft.AspNetCore.Mvc.Internal.ControllerActionInvoker[1]
      Executing action method AtiehJobCore.Web.Controllers.CspReportController.Log (AtiehJobCore.Web) - Validation state: Valid
fail: AtiehJobCore.Web.Controllers.CspReportController[0]
      Content Security Policy Error: {"csp-report":{"document-uri":"https://localhost:44344/Account/User/Login","referrer":"https://localhost:44344/","violated-directive":"img-src","effective-directive":"img-src","original-policy":"default-src 'self' blob:; style-src 'self' 'unsafe-inline'; script-src 'self' https://freegeoip.net/ 'unsafe-inline' 'unsafe-eval' ; font-src 'self'; img-src 'self' data: blob:; connect-src 'self'; media-src 'self'; object-src 'self' blob:; report-uri /api/CspReport/Log","disposition":"enforce","blocked-uri":"https://getbootstrap.com/assets/brand/bootstrap-solid.svg","status-code":0,"script-sample":""}}
info: Microsoft.AspNetCore.Mvc.Internal.ControllerActionInvoker[2]
      Executed action method AtiehJobCore.Web.Controllers.CspReportController.Log (AtiehJobCore.Web), returned result Microsoft.AspNetCore.Mvc.OkResult in 0.2232ms.
info: Microsoft.AspNetCore.Mvc.StatusCodeResult[1]
      Executing HttpStatusCodeResult, setting HTTP status code 200
info: Microsoft.AspNetCore.Mvc.Internal.ControllerActionInvoker[2]
      Executed action AtiehJobCore.Web.Controllers.CspReportController.Log (AtiehJobCore.Web) in 18.2561ms
info: Microsoft.AspNetCore.Hosting.Internal.WebHost[2]
      Request finished in 80.9988ms 200 
info: Microsoft.AspNetCore.Hosting.Internal.WebHost[1]
      Request starting HTTP/2.0 GET https://localhost:44344/webfonts/samim/Samim.woff  
info: Microsoft.AspNetCore.StaticFiles.StaticFileMiddleware[2]
      Sending file. Request path: '/webfonts/samim/Samim.woff'. Physical path: 'H:\Programming New\AtiehJobCore\Presentation\AtiehJobCore.Web\wwwroot\webfonts\samim\Samim.woff'
info: Microsoft.AspNetCore.Hosting.Internal.WebHost[2]
      Request finished in 0.7943ms 200 application/font-woff
info: Microsoft.AspNetCore.Hosting.Internal.WebHost[1]
      Request starting HTTP/2.0 GET https://localhost:44344/webfonts/samim/Samim-Bold.woff  
info: Microsoft.AspNetCore.StaticFiles.StaticFileMiddleware[2]
      Sending file. Request path: '/webfonts/samim/Samim-Bold.woff'. Physical path: 'H:\Programming New\AtiehJobCore\Presentation\AtiehJobCore.Web\wwwroot\webfonts\samim\Samim-Bold.woff'
info: Microsoft.AspNetCore.Hosting.Internal.WebHost[2]
      Request finished in 1.8642ms 200 application/font-woff
info: Microsoft.AspNetCore.Hosting.Internal.WebHost[1]
      Request starting HTTP/2.0 GET https://localhost:44344/webfonts/fontAwesome/fa-solid-900.woff2  
info: Microsoft.AspNetCore.StaticFiles.StaticFileMiddleware[2]
      Sending file. Request path: '/webfonts/fontAwesome/fa-solid-900.woff2'. Physical path: 'H:\Programming New\AtiehJobCore\Presentation\AtiehJobCore.Web\wwwroot\webfonts\fontAwesome\fa-solid-900.woff2'
info: Microsoft.AspNetCore.Hosting.Internal.WebHost[2]
      Request finished in 7.3154ms 200 font/woff2
info: Microsoft.AspNetCore.Hosting.Internal.WebHost[1]
      Request starting HTTP/2.0 GET https://localhost:44344/css/bootstrap.min.css.map  
info: Microsoft.AspNetCore.Hosting.Internal.WebHost[2]
      Request finished in 3.7351ms 404 
info: Microsoft.AspNetCore.Hosting.Internal.WebHost[1]
      Request starting HTTP/2.0 GET https://localhost:44344/favicon.ico  
info: Microsoft.AspNetCore.StaticFiles.StaticFileMiddleware[2]
      Sending file. Request path: '/favicon.ico'. Physical path: 'H:\Programming New\AtiehJobCore\Presentation\AtiehJobCore.Web\wwwroot\favicon.ico'
info: Microsoft.AspNetCore.Hosting.Internal.WebHost[2]
      Request finished in 1.0025ms 200 image/x-icon
