Hosting environment: Development
Content root path: D:\Programming New\AtiehJobCore\Presentation\AtiehJobCore.Web
Application started. Press Ctrl+C to shut down.
info: Microsoft.AspNetCore.Hosting.Internal.WebHost[1]
      Request starting HTTP/2.0 GET https://localhost:44344/  
info: Microsoft.AspNetCore.Mvc.Internal.ControllerActionInvoker[1]
      Route matched with {action = "Index", controller = "Home", area = ""}. Executing action AtiehJobCore.Web.Controllers.HomeController.Index (AtiehJobCore.Web)
info: Microsoft.AspNetCore.Mvc.Internal.ControllerActionInvoker[1]
      Executing action method AtiehJobCore.Web.Controllers.HomeController.Index (AtiehJobCore.Web) - Validation state: Valid
info: Microsoft.AspNetCore.Mvc.Internal.ControllerActionInvoker[2]
      Executed action method AtiehJobCore.Web.Controllers.HomeController.Index (AtiehJobCore.Web), returned result Microsoft.AspNetCore.Mvc.ViewResult in 0.6782ms.
info: Microsoft.AspNetCore.Mvc.ViewFeatures.ViewResultExecutor[1]
      Executing ViewResult, running view Index.
info: Microsoft.AspNetCore.Mvc.ViewFeatures.ViewResultExecutor[4]
      Executed ViewResult - view Index executed in 428.8617ms.
info: Microsoft.AspNetCore.Mvc.Internal.ControllerActionInvoker[2]
      Executed action AtiehJobCore.Web.Controllers.HomeController.Index (AtiehJobCore.Web) in 1011.1992ms
info: Microsoft.AspNetCore.Hosting.Internal.WebHost[2]
      Request finished in 1621.9561ms 200 text/html; charset=utf-8
info: Microsoft.AspNetCore.Hosting.Internal.WebHost[1]
      Request starting HTTP/2.0 GET https://localhost:44344/Admin  
info: Microsoft.AspNetCore.Mvc.Internal.ControllerActionInvoker[1]
      Route matched with {area = "Admin", action = "Index", controller = "Home"}. Executing action AtiehJobCore.Web.Areas.Admin.Controllers.HomeController.Index (AtiehJobCore.Web)
info: Microsoft.AspNetCore.Authorization.DefaultAuthorizationService[1]
      Authorization was successful.
info: Microsoft.AspNetCore.Mvc.Internal.ControllerActionInvoker[1]
      Executing action method AtiehJobCore.Web.Areas.Admin.Controllers.HomeController.Index (AtiehJobCore.Web) - Validation state: Valid
info: Microsoft.AspNetCore.Mvc.Internal.ControllerActionInvoker[2]
      Executed action method AtiehJobCore.Web.Areas.Admin.Controllers.HomeController.Index (AtiehJobCore.Web), returned result Microsoft.AspNetCore.Mvc.ViewResult in 0.3432ms.
info: Microsoft.AspNetCore.Mvc.ViewFeatures.ViewResultExecutor[1]
      Executing ViewResult, running view Index.
info: Microsoft.AspNetCore.Mvc.ViewFeatures.ViewResultExecutor[4]
      Executed ViewResult - view Index executed in 614.2079ms.
info: Microsoft.AspNetCore.Mvc.Internal.ControllerActionInvoker[2]
      Executed action AtiehJobCore.Web.Areas.Admin.Controllers.HomeController.Index (AtiehJobCore.Web) in 697.1639ms
info: Microsoft.AspNetCore.Hosting.Internal.WebHost[2]
      Request finished in 718.8065ms 200 text/html; charset=utf-8
info: Microsoft.AspNetCore.Hosting.Internal.WebHost[1]
      Request starting HTTP/2.0 GET https://localhost:44344/Admin/Language/List  
info: Microsoft.AspNetCore.Mvc.Internal.ControllerActionInvoker[1]
      Route matched with {area = "Admin", action = "List", controller = "Language"}. Executing action AtiehJobCore.Web.Areas.Admin.Controllers.LanguageController.List (AtiehJobCore.Web)
info: Microsoft.AspNetCore.Authorization.DefaultAuthorizationService[1]
      Authorization was successful.
info: Microsoft.AspNetCore.Mvc.Internal.ControllerActionInvoker[1]
      Executing action method AtiehJobCore.Web.Areas.Admin.Controllers.LanguageController.List (AtiehJobCore.Web) - Validation state: Valid
info: Microsoft.AspNetCore.Mvc.Internal.ControllerActionInvoker[2]
      Executed action method AtiehJobCore.Web.Areas.Admin.Controllers.LanguageController.List (AtiehJobCore.Web), returned result Microsoft.AspNetCore.Mvc.ViewResult in 0.2916ms.
info: Microsoft.AspNetCore.Mvc.ViewFeatures.ViewResultExecutor[1]
      Executing ViewResult, running view List.
info: Microsoft.AspNetCore.Mvc.ViewFeatures.ViewResultExecutor[4]
      Executed ViewResult - view List executed in 55.1792ms.
info: Microsoft.AspNetCore.Mvc.Internal.ControllerActionInvoker[2]
      Executed action AtiehJobCore.Web.Areas.Admin.Controllers.LanguageController.List (AtiehJobCore.Web) in 109.9356ms
info: Microsoft.AspNetCore.Hosting.Internal.WebHost[2]
      Request finished in 133.9811ms 200 text/html; charset=utf-8
info: Microsoft.AspNetCore.Hosting.Internal.WebHost[1]
      Request starting HTTP/2.0 POST https://localhost:44344/Admin/Language/List application/x-www-form-urlencoded; charset=UTF-8 225
info: Microsoft.AspNetCore.Mvc.Internal.ControllerActionInvoker[1]
      Route matched with {area = "Admin", action = "List", controller = "Language"}. Executing action AtiehJobCore.Web.Areas.Admin.Controllers.LanguageController.List (AtiehJobCore.Web)
info: Microsoft.AspNetCore.Authorization.DefaultAuthorizationService[1]
      Authorization was successful.
info: Microsoft.AspNetCore.Mvc.Internal.ControllerActionInvoker[1]
      Executing action method AtiehJobCore.Web.Areas.Admin.Controllers.LanguageController.List (AtiehJobCore.Web) with arguments (AtiehJobCore.Web.Framework.KendoUi.DataSourceRequest) - Validation state: Valid
info: Microsoft.AspNetCore.Mvc.Internal.ControllerActionInvoker[2]
      Executed action method AtiehJobCore.Web.Areas.Admin.Controllers.LanguageController.List (AtiehJobCore.Web), returned result Microsoft.AspNetCore.Mvc.JsonResult in 4.1267ms.
info: Microsoft.AspNetCore.Mvc.Formatters.Json.Internal.JsonResultExecutor[1]
      Executing JsonResult, writing value of type 'AtiehJobCore.Web.Framework.KendoUi.DataSourceResult'.
info: Microsoft.AspNetCore.Mvc.Internal.ControllerActionInvoker[2]
      Executed action AtiehJobCore.Web.Areas.Admin.Controllers.LanguageController.List (AtiehJobCore.Web) in 238.0761ms
info: Microsoft.AspNetCore.Hosting.Internal.WebHost[2]
      Request finished in 267.6663ms 200 application/json; charset=utf-8
info: Microsoft.AspNetCore.Hosting.Internal.WebHost[1]
      Request starting HTTP/2.0 GET https://localhost:44344/Admin/Language/Edit/5c605d640592d907d44aef08  
info: Microsoft.AspNetCore.Mvc.Internal.ControllerActionInvoker[1]
      Route matched with {area = "Admin", action = "Edit", controller = "Language"}. Executing action AtiehJobCore.Web.Areas.Admin.Controllers.LanguageController.Edit (AtiehJobCore.Web)
info: Microsoft.AspNetCore.Authorization.DefaultAuthorizationService[1]
      Authorization was successful.
info: Microsoft.AspNetCore.Mvc.Internal.ControllerActionInvoker[1]
      Executing action method AtiehJobCore.Web.Areas.Admin.Controllers.LanguageController.Edit (AtiehJobCore.Web) with arguments (5c605d640592d907d44aef08) - Validation state: Valid
info: Microsoft.AspNetCore.Mvc.Internal.ControllerActionInvoker[2]
      Executed action method AtiehJobCore.Web.Areas.Admin.Controllers.LanguageController.Edit (AtiehJobCore.Web), returned result Microsoft.AspNetCore.Mvc.ViewResult in 8.1029ms.
info: Microsoft.AspNetCore.Mvc.ViewFeatures.ViewResultExecutor[1]
      Executing ViewResult, running view Edit.
info: Microsoft.AspNetCore.Mvc.ViewFeatures.ViewResultExecutor[4]
      Executed ViewResult - view Edit executed in 491.3612ms.
info: Microsoft.AspNetCore.Mvc.Internal.ControllerActionInvoker[2]
      Executed action AtiehJobCore.Web.Areas.Admin.Controllers.LanguageController.Edit (AtiehJobCore.Web) in 542.7863ms
info: Microsoft.AspNetCore.Hosting.Internal.WebHost[2]
      Request finished in 553.4139ms 200 text/html; charset=utf-8
info: Microsoft.AspNetCore.Hosting.Internal.WebHost[1]
      Request starting HTTP/2.0 POST https://localhost:44344/Admin/Language/Resources?languageId=5c605d640592d907d44aef08 application/x-www-form-urlencoded; charset=UTF-8 288
info: Microsoft.AspNetCore.Mvc.Internal.ControllerActionInvoker[1]
      Route matched with {area = "Admin", action = "Resources", controller = "Language"}. Executing action AtiehJobCore.Web.Areas.Admin.Controllers.LanguageController.Resources (AtiehJobCore.Web)
info: Microsoft.AspNetCore.Authorization.DefaultAuthorizationService[1]
      Authorization was successful.
info: Microsoft.AspNetCore.Mvc.Internal.ControllerActionInvoker[1]
      Executing action method AtiehJobCore.Web.Areas.Admin.Controllers.LanguageController.Resources (AtiehJobCore.Web) with arguments (5c605d640592d907d44aef08, AtiehJobCore.Web.Framework.KendoUi.DataSourceRequest, AtiehJobCore.Web.Framework.Models.Admin.AdminLanguageResourceFilterModel) - Validation state: Valid
info: Microsoft.AspNetCore.Mvc.Internal.ControllerActionInvoker[2]
      Executed action method AtiehJobCore.Web.Areas.Admin.Controllers.LanguageController.Resources (AtiehJobCore.Web), returned result Microsoft.AspNetCore.Mvc.JsonResult in 15.4668ms.
info: Microsoft.AspNetCore.Mvc.Formatters.Json.Internal.JsonResultExecutor[1]
      Executing JsonResult, writing value of type 'AtiehJobCore.Web.Framework.KendoUi.DataSourceResult'.
info: Microsoft.AspNetCore.Mvc.Internal.ControllerActionInvoker[2]
      Executed action AtiehJobCore.Web.Areas.Admin.Controllers.LanguageController.Resources (AtiehJobCore.Web) in 103.4127ms
info: Microsoft.AspNetCore.Hosting.Internal.WebHost[2]
      Request finished in 124.6065ms 200 application/json; charset=utf-8
info: Microsoft.AspNetCore.Hosting.Internal.WebHost[1]
      Request starting HTTP/2.0 POST https://localhost:44344/Admin/Language/Edit/5c605d640592d907d44aef08 application/x-www-form-urlencoded 474
info: Microsoft.AspNetCore.Mvc.Internal.ControllerActionInvoker[1]
      Route matched with {area = "Admin", action = "Edit", controller = "Language"}. Executing action AtiehJobCore.Web.Areas.Admin.Controllers.LanguageController.Edit (AtiehJobCore.Web)
info: Microsoft.AspNetCore.Authorization.DefaultAuthorizationService[1]
      Authorization was successful.
info: Microsoft.AspNetCore.Mvc.Internal.ControllerActionInvoker[1]
      Executing action method AtiehJobCore.Web.Areas.Admin.Controllers.LanguageController.Edit (AtiehJobCore.Web) with arguments (AtiehJobCore.Web.Framework.Models.Admin.AdminLanguageModel, True) - Validation state: Valid
info: Microsoft.AspNetCore.Mvc.Internal.ControllerActionInvoker[2]
      Executed action method AtiehJobCore.Web.Areas.Admin.Controllers.LanguageController.Edit (AtiehJobCore.Web), returned result Microsoft.AspNetCore.Mvc.RedirectToActionResult in 87.3314ms.
info: Microsoft.AspNetCore.Mvc.RedirectToActionResult[1]
      Executing RedirectResult, redirecting to /Admin/Language/Edit/5c605d640592d907d44aef08.
info: Microsoft.AspNetCore.Mvc.Internal.ControllerActionInvoker[2]
      Executed action AtiehJobCore.Web.Areas.Admin.Controllers.LanguageController.Edit (AtiehJobCore.Web) in 194.5568ms
info: Microsoft.AspNetCore.Hosting.Internal.WebHost[2]
      Request finished in 212.7912ms 302 
info: Microsoft.AspNetCore.Hosting.Internal.WebHost[1]
      Request starting HTTP/2.0 GET https://localhost:44344/Admin/Language/Edit/5c605d640592d907d44aef08  
info: Microsoft.AspNetCore.Mvc.Internal.ControllerActionInvoker[1]
      Route matched with {area = "Admin", action = "Edit", controller = "Language"}. Executing action AtiehJobCore.Web.Areas.Admin.Controllers.LanguageController.Edit (AtiehJobCore.Web)
info: Microsoft.AspNetCore.Authorization.DefaultAuthorizationService[1]
      Authorization was successful.
info: Microsoft.AspNetCore.Mvc.Internal.ControllerActionInvoker[1]
      Executing action method AtiehJobCore.Web.Areas.Admin.Controllers.LanguageController.Edit (AtiehJobCore.Web) with arguments (5c605d640592d907d44aef08) - Validation state: Valid
info: Microsoft.AspNetCore.Mvc.Internal.ControllerActionInvoker[2]
      Executed action method AtiehJobCore.Web.Areas.Admin.Controllers.LanguageController.Edit (AtiehJobCore.Web), returned result Microsoft.AspNetCore.Mvc.ViewResult in 2.1424ms.
info: Microsoft.AspNetCore.Mvc.ViewFeatures.ViewResultExecutor[1]
      Executing ViewResult, running view Edit.
info: Microsoft.AspNetCore.Mvc.ViewFeatures.ViewResultExecutor[4]
      Executed ViewResult - view Edit executed in 193.7556ms.
info: Microsoft.AspNetCore.Mvc.Internal.ControllerActionInvoker[2]
      Executed action AtiehJobCore.Web.Areas.Admin.Controllers.LanguageController.Edit (AtiehJobCore.Web) in 269.214ms
info: Microsoft.AspNetCore.Hosting.Internal.WebHost[2]
      Request finished in 289.8451ms 200 text/html; charset=utf-8
info: Microsoft.AspNetCore.Hosting.Internal.WebHost[1]
      Request starting HTTP/2.0 POST https://localhost:44344/Admin/Language/Resources?languageId=5c605d640592d907d44aef08 application/x-www-form-urlencoded; charset=UTF-8 288
info: Microsoft.AspNetCore.Mvc.Internal.ControllerActionInvoker[1]
      Route matched with {area = "Admin", action = "Resources", controller = "Language"}. Executing action AtiehJobCore.Web.Areas.Admin.Controllers.LanguageController.Resources (AtiehJobCore.Web)
info: Microsoft.AspNetCore.Authorization.DefaultAuthorizationService[1]
      Authorization was successful.
info: Microsoft.AspNetCore.Mvc.Internal.ControllerActionInvoker[1]
      Executing action method AtiehJobCore.Web.Areas.Admin.Controllers.LanguageController.Resources (AtiehJobCore.Web) with arguments (5c605d640592d907d44aef08, AtiehJobCore.Web.Framework.KendoUi.DataSourceRequest, AtiehJobCore.Web.Framework.Models.Admin.AdminLanguageResourceFilterModel) - Validation state: Valid
info: Microsoft.AspNetCore.Mvc.Internal.ControllerActionInvoker[2]
      Executed action method AtiehJobCore.Web.Areas.Admin.Controllers.LanguageController.Resources (AtiehJobCore.Web), returned result Microsoft.AspNetCore.Mvc.JsonResult in 14.3278ms.
info: Microsoft.AspNetCore.Mvc.Formatters.Json.Internal.JsonResultExecutor[1]
      Executing JsonResult, writing value of type 'AtiehJobCore.Web.Framework.KendoUi.DataSourceResult'.
info: Microsoft.AspNetCore.Mvc.Internal.ControllerActionInvoker[2]
      Executed action AtiehJobCore.Web.Areas.Admin.Controllers.LanguageController.Resources (AtiehJobCore.Web) in 70.221ms
info: Microsoft.AspNetCore.Hosting.Internal.WebHost[2]
      Request finished in 78.8529ms 200 application/json; charset=utf-8
info: Microsoft.AspNetCore.Hosting.Internal.WebHost[1]
      Request starting HTTP/2.0 POST https://localhost:44344/Admin/Language/Edit/5c605d640592d907d44aef08 application/x-www-form-urlencoded 465
info: Microsoft.AspNetCore.Mvc.Internal.ControllerActionInvoker[1]
      Route matched with {area = "Admin", action = "Edit", controller = "Language"}. Executing action AtiehJobCore.Web.Areas.Admin.Controllers.LanguageController.Edit (AtiehJobCore.Web)
info: Microsoft.AspNetCore.Authorization.DefaultAuthorizationService[1]
      Authorization was successful.
info: Microsoft.AspNetCore.Mvc.Internal.ControllerActionInvoker[1]
      Executing action method AtiehJobCore.Web.Areas.Admin.Controllers.LanguageController.Edit (AtiehJobCore.Web) with arguments (AtiehJobCore.Web.Framework.Models.Admin.AdminLanguageModel, False) - Validation state: Valid
info: Microsoft.AspNetCore.Mvc.Internal.ControllerActionInvoker[2]
      Executed action method AtiehJobCore.Web.Areas.Admin.Controllers.LanguageController.Edit (AtiehJobCore.Web), returned result Microsoft.AspNetCore.Mvc.RedirectToActionResult in 24.5919ms.
info: Microsoft.AspNetCore.Mvc.RedirectToActionResult[1]
      Executing RedirectResult, redirecting to /Admin/Language/List.
info: Microsoft.AspNetCore.Mvc.Internal.ControllerActionInvoker[2]
      Executed action AtiehJobCore.Web.Areas.Admin.Controllers.LanguageController.Edit (AtiehJobCore.Web) in 88.1699ms
info: Microsoft.AspNetCore.Hosting.Internal.WebHost[2]
      Request finished in 96.7688ms 302 
info: Microsoft.AspNetCore.Hosting.Internal.WebHost[1]
      Request starting HTTP/2.0 GET https://localhost:44344/Admin/Language/List  
info: Microsoft.AspNetCore.Mvc.Internal.ControllerActionInvoker[1]
      Route matched with {area = "Admin", action = "List", controller = "Language"}. Executing action AtiehJobCore.Web.Areas.Admin.Controllers.LanguageController.List (AtiehJobCore.Web)
info: Microsoft.AspNetCore.Authorization.DefaultAuthorizationService[1]
      Authorization was successful.
info: Microsoft.AspNetCore.Mvc.Internal.ControllerActionInvoker[1]
      Executing action method AtiehJobCore.Web.Areas.Admin.Controllers.LanguageController.List (AtiehJobCore.Web) - Validation state: Valid
info: Microsoft.AspNetCore.Mvc.Internal.ControllerActionInvoker[2]
      Executed action method AtiehJobCore.Web.Areas.Admin.Controllers.LanguageController.List (AtiehJobCore.Web), returned result Microsoft.AspNetCore.Mvc.ViewResult in 0.0329ms.
info: Microsoft.AspNetCore.Mvc.ViewFeatures.ViewResultExecutor[1]
      Executing ViewResult, running view List.
info: Microsoft.AspNetCore.Mvc.ViewFeatures.ViewResultExecutor[4]
      Executed ViewResult - view List executed in 17.8582ms.
info: Microsoft.AspNetCore.Mvc.Internal.ControllerActionInvoker[2]
      Executed action AtiehJobCore.Web.Areas.Admin.Controllers.LanguageController.List (AtiehJobCore.Web) in 64.3456ms
info: Microsoft.AspNetCore.Hosting.Internal.WebHost[2]
      Request finished in 113.3957ms 200 text/html; charset=utf-8
fail: Microsoft.AspNetCore.Server.IIS.Core.IISHttpServer[2]
      Connection ID "17942340921349636111", Request ID "(null)": An unhandled exception was thrown by the application.
System.ObjectDisposedException: The CancellationTokenSource has been disposed.
   at System.Threading.CancellationTokenSource.ThrowObjectDisposedException()
   at System.Threading.CancellationTokenSource.Cancel()
   at Microsoft.AspNetCore.Server.IIS.Core.IISHttpContext.<>c__DisplayClass313_0.<AbortIO>b__0(Object t)
info: Microsoft.AspNetCore.Hosting.Internal.WebHost[1]
      Request starting HTTP/2.0 POST https://localhost:44344/Admin/Language/List application/x-www-form-urlencoded; charset=UTF-8 225
info: Microsoft.AspNetCore.Mvc.Internal.ControllerActionInvoker[1]
      Route matched with {area = "Admin", action = "List", controller = "Language"}. Executing action AtiehJobCore.Web.Areas.Admin.Controllers.LanguageController.List (AtiehJobCore.Web)
info: Microsoft.AspNetCore.Authorization.DefaultAuthorizationService[1]
      Authorization was successful.
info: Microsoft.AspNetCore.Mvc.Internal.ControllerActionInvoker[1]
      Executing action method AtiehJobCore.Web.Areas.Admin.Controllers.LanguageController.List (AtiehJobCore.Web) with arguments (AtiehJobCore.Web.Framework.KendoUi.DataSourceRequest) - Validation state: Valid
info: Microsoft.AspNetCore.Mvc.Internal.ControllerActionInvoker[2]
      Executed action method AtiehJobCore.Web.Areas.Admin.Controllers.LanguageController.List (AtiehJobCore.Web), returned result Microsoft.AspNetCore.Mvc.JsonResult in 2.5713ms.
info: Microsoft.AspNetCore.Mvc.Formatters.Json.Internal.JsonResultExecutor[1]
      Executing JsonResult, writing value of type 'AtiehJobCore.Web.Framework.KendoUi.DataSourceResult'.
info: Microsoft.AspNetCore.Mvc.Internal.ControllerActionInvoker[2]
      Executed action AtiehJobCore.Web.Areas.Admin.Controllers.LanguageController.List (AtiehJobCore.Web) in 67.8459ms
info: Microsoft.AspNetCore.Hosting.Internal.WebHost[2]
      Request finished in 76.8776ms 200 application/json; charset=utf-8
info: Microsoft.AspNetCore.Hosting.Internal.WebHost[1]
      Request starting HTTP/2.0 GET https://localhost:44344/css/admin/coreui.min.css.map  
info: Microsoft.AspNetCore.Hosting.Internal.WebHost[2]
      Request finished in 68.7158ms 404 
info: Microsoft.AspNetCore.Hosting.Internal.WebHost[1]
      Request starting HTTP/2.0 GET https://localhost:44344/Admin/Language/Edit/5c605d640592d907d44aef07  
info: Microsoft.AspNetCore.Mvc.Internal.ControllerActionInvoker[1]
      Route matched with {area = "Admin", action = "Edit", controller = "Language"}. Executing action AtiehJobCore.Web.Areas.Admin.Controllers.LanguageController.Edit (AtiehJobCore.Web)
info: Microsoft.AspNetCore.Authorization.DefaultAuthorizationService[1]
      Authorization was successful.
info: Microsoft.AspNetCore.Mvc.Internal.ControllerActionInvoker[1]
      Executing action method AtiehJobCore.Web.Areas.Admin.Controllers.LanguageController.Edit (AtiehJobCore.Web) with arguments (5c605d640592d907d44aef07) - Validation state: Valid
info: Microsoft.AspNetCore.Mvc.Internal.ControllerActionInvoker[2]
      Executed action method AtiehJobCore.Web.Areas.Admin.Controllers.LanguageController.Edit (AtiehJobCore.Web), returned result Microsoft.AspNetCore.Mvc.ViewResult in 1.5158ms.
info: Microsoft.AspNetCore.Mvc.ViewFeatures.ViewResultExecutor[1]
      Executing ViewResult, running view Edit.
info: Microsoft.AspNetCore.Mvc.ViewFeatures.ViewResultExecutor[4]
      Executed ViewResult - view Edit executed in 30.3432ms.
info: Microsoft.AspNetCore.Mvc.Internal.ControllerActionInvoker[2]
      Executed action AtiehJobCore.Web.Areas.Admin.Controllers.LanguageController.Edit (AtiehJobCore.Web) in 76.2821ms
info: Microsoft.AspNetCore.Hosting.Internal.WebHost[2]
      Request finished in 86.984ms 200 text/html; charset=utf-8
info: Microsoft.AspNetCore.Hosting.Internal.WebHost[1]
      Request starting HTTP/2.0 GET https://localhost:44344/css/admin/coreui.min.css.map  
info: Microsoft.AspNetCore.Hosting.Internal.WebHost[2]
      Request finished in 4.5601ms 404 
info: Microsoft.AspNetCore.Hosting.Internal.WebHost[1]
      Request starting HTTP/2.0 POST https://localhost:44344/Admin/Language/Resources?languageId=5c605d640592d907d44aef07 application/x-www-form-urlencoded; charset=UTF-8 288
info: Microsoft.AspNetCore.Mvc.Internal.ControllerActionInvoker[1]
      Route matched with {area = "Admin", action = "Resources", controller = "Language"}. Executing action AtiehJobCore.Web.Areas.Admin.Controllers.LanguageController.Resources (AtiehJobCore.Web)
info: Microsoft.AspNetCore.Authorization.DefaultAuthorizationService[1]
      Authorization was successful.
info: Microsoft.AspNetCore.Mvc.Internal.ControllerActionInvoker[1]
      Executing action method AtiehJobCore.Web.Areas.Admin.Controllers.LanguageController.Resources (AtiehJobCore.Web) with arguments (5c605d640592d907d44aef07, AtiehJobCore.Web.Framework.KendoUi.DataSourceRequest, AtiehJobCore.Web.Framework.Models.Admin.AdminLanguageResourceFilterModel) - Validation state: Valid
info: Microsoft.AspNetCore.Mvc.Internal.ControllerActionInvoker[2]
      Executed action method AtiehJobCore.Web.Areas.Admin.Controllers.LanguageController.Resources (AtiehJobCore.Web), returned result Microsoft.AspNetCore.Mvc.JsonResult in 126.4234ms.
info: Microsoft.AspNetCore.Mvc.Formatters.Json.Internal.JsonResultExecutor[1]
      Executing JsonResult, writing value of type 'AtiehJobCore.Web.Framework.KendoUi.DataSourceResult'.
info: Microsoft.AspNetCore.Mvc.Internal.ControllerActionInvoker[2]
      Executed action AtiehJobCore.Web.Areas.Admin.Controllers.LanguageController.Resources (AtiehJobCore.Web) in 178.9532ms
info: Microsoft.AspNetCore.Hosting.Internal.WebHost[2]
      Request finished in 188.4149ms 200 application/json; charset=utf-8
info: Microsoft.AspNetCore.Hosting.Internal.WebHost[1]
      Request starting HTTP/2.0 POST https://localhost:44344/Admin/Language/Edit/5c605d640592d907d44aef07 application/x-www-form-urlencoded 456
info: Microsoft.AspNetCore.Mvc.Internal.ControllerActionInvoker[1]
      Route matched with {area = "Admin", action = "Edit", controller = "Language"}. Executing action AtiehJobCore.Web.Areas.Admin.Controllers.LanguageController.Edit (AtiehJobCore.Web)
info: Microsoft.AspNetCore.Authorization.DefaultAuthorizationService[1]
      Authorization was successful.
info: Microsoft.AspNetCore.Mvc.Internal.ControllerActionInvoker[1]
      Executing action method AtiehJobCore.Web.Areas.Admin.Controllers.LanguageController.Edit (AtiehJobCore.Web) with arguments (AtiehJobCore.Web.Framework.Models.Admin.AdminLanguageModel, False) - Validation state: Valid
info: Microsoft.AspNetCore.Mvc.Internal.ControllerActionInvoker[2]
      Executed action method AtiehJobCore.Web.Areas.Admin.Controllers.LanguageController.Edit (AtiehJobCore.Web), returned result Microsoft.AspNetCore.Mvc.RedirectToActionResult in 19.9557ms.
info: Microsoft.AspNetCore.Mvc.RedirectToActionResult[1]
      Executing RedirectResult, redirecting to /Admin/Language/List.
info: Microsoft.AspNetCore.Mvc.Internal.ControllerActionInvoker[2]
      Executed action AtiehJobCore.Web.Areas.Admin.Controllers.LanguageController.Edit (AtiehJobCore.Web) in 65.8797ms
info: Microsoft.AspNetCore.Hosting.Internal.WebHost[2]
      Request finished in 76.7187ms 302 
info: Microsoft.AspNetCore.Hosting.Internal.WebHost[1]
      Request starting HTTP/2.0 GET https://localhost:44344/Admin/Language/List  
info: Microsoft.AspNetCore.Mvc.Internal.ControllerActionInvoker[1]
      Route matched with {area = "Admin", action = "List", controller = "Language"}. Executing action AtiehJobCore.Web.Areas.Admin.Controllers.LanguageController.List (AtiehJobCore.Web)
info: Microsoft.AspNetCore.Authorization.DefaultAuthorizationService[1]
      Authorization was successful.
info: Microsoft.AspNetCore.Mvc.Internal.ControllerActionInvoker[1]
      Executing action method AtiehJobCore.Web.Areas.Admin.Controllers.LanguageController.List (AtiehJobCore.Web) - Validation state: Valid
info: Microsoft.AspNetCore.Mvc.Internal.ControllerActionInvoker[2]
      Executed action method AtiehJobCore.Web.Areas.Admin.Controllers.LanguageController.List (AtiehJobCore.Web), returned result Microsoft.AspNetCore.Mvc.ViewResult in 0.0332ms.
info: Microsoft.AspNetCore.Mvc.ViewFeatures.ViewResultExecutor[1]
      Executing ViewResult, running view List.
info: Microsoft.AspNetCore.Mvc.ViewFeatures.ViewResultExecutor[4]
      Executed ViewResult - view List executed in 7.0166ms.
info: Microsoft.AspNetCore.Mvc.Internal.ControllerActionInvoker[2]
      Executed action AtiehJobCore.Web.Areas.Admin.Controllers.LanguageController.List (AtiehJobCore.Web) in 56.3095ms
info: Microsoft.AspNetCore.Hosting.Internal.WebHost[2]
      Request finished in 62.6525ms 200 text/html; charset=utf-8
info: Microsoft.AspNetCore.Hosting.Internal.WebHost[1]
      Request starting HTTP/2.0 GET https://localhost:44344/css/admin/coreui.min.css.map  
info: Microsoft.AspNetCore.Hosting.Internal.WebHost[2]
      Request finished in 4.2436ms 404 
info: Microsoft.AspNetCore.Hosting.Internal.WebHost[1]
      Request starting HTTP/2.0 POST https://localhost:44344/Admin/Language/List application/x-www-form-urlencoded; charset=UTF-8 225
info: Microsoft.AspNetCore.Mvc.Internal.ControllerActionInvoker[1]
      Route matched with {area = "Admin", action = "List", controller = "Language"}. Executing action AtiehJobCore.Web.Areas.Admin.Controllers.LanguageController.List (AtiehJobCore.Web)
info: Microsoft.AspNetCore.Authorization.DefaultAuthorizationService[1]
      Authorization was successful.
info: Microsoft.AspNetCore.Mvc.Internal.ControllerActionInvoker[1]
      Executing action method AtiehJobCore.Web.Areas.Admin.Controllers.LanguageController.List (AtiehJobCore.Web) with arguments (AtiehJobCore.Web.Framework.KendoUi.DataSourceRequest) - Validation state: Valid
info: Microsoft.AspNetCore.Mvc.Internal.ControllerActionInvoker[2]
      Executed action method AtiehJobCore.Web.Areas.Admin.Controllers.LanguageController.List (AtiehJobCore.Web), returned result Microsoft.AspNetCore.Mvc.JsonResult in 2.6103ms.
info: Microsoft.AspNetCore.Mvc.Formatters.Json.Internal.JsonResultExecutor[1]
      Executing JsonResult, writing value of type 'AtiehJobCore.Web.Framework.KendoUi.DataSourceResult'.
info: Microsoft.AspNetCore.Mvc.Internal.ControllerActionInvoker[2]
      Executed action AtiehJobCore.Web.Areas.Admin.Controllers.LanguageController.List (AtiehJobCore.Web) in 49.7226ms
info: Microsoft.AspNetCore.Hosting.Internal.WebHost[2]
      Request finished in 62.4833ms 200 application/json; charset=utf-8
