warn: Microsoft.EntityFrameworkCore.Model.Validation[30000]
      No type was specified for the decimal column 'Average' on entity type 'Education'. This will cause values to be silently truncated if they do not fit in the default precision and scale. Explicitly specify the SQL server column type that can accommodate all the values using 'HasColumnType()'.
info: Microsoft.EntityFrameworkCore.Infrastructure[10403]
      Entity Framework Core 2.2.0-rtm-35687 initialized 'AtiehJobCoreDbContext' using provider 'Microsoft.EntityFrameworkCore.SqlServer' with options: MaxPoolSize=128 CommandTimeout=180 
info: Microsoft.EntityFrameworkCore.Database.Command[20101]
      Executed DbCommand (1,672ms) [Parameters=[], CommandType='Text', CommandTimeout='180']
      SELECT [k].[XmlData]
      FROM [DataProtectionKeys] AS [k]
warn: Microsoft.EntityFrameworkCore.Model.Validation[30000]
      No type was specified for the decimal column 'Average' on entity type 'Education'. This will cause values to be silently truncated if they do not fit in the default precision and scale. Explicitly specify the SQL server column type that can accommodate all the values using 'HasColumnType()'.
info: Microsoft.EntityFrameworkCore.Infrastructure[10403]
      Entity Framework Core 2.2.0-rtm-35687 initialized 'AtiehJobCoreDbContext' using provider 'Microsoft.EntityFrameworkCore.SqlServer' with options: MaxPoolSize=128 CommandTimeout=180 
info: Microsoft.EntityFrameworkCore.Infrastructure[10403]
      Entity Framework Core 2.2.0-rtm-35687 initialized 'AtiehJobCoreDbContext' using provider 'Microsoft.EntityFrameworkCore.SqlServer' with options: MaxPoolSize=128 CommandTimeout=180 
info: Microsoft.EntityFrameworkCore.Database.Command[20101]
      Executed DbCommand (37ms) [Parameters=[], CommandType='Text', CommandTimeout='180']
      SELECT OBJECT_ID(N'[__EFMigrationsHistory]');
info: Microsoft.EntityFrameworkCore.Database.Command[20101]
      Executed DbCommand (21ms) [Parameters=[], CommandType='Text', CommandTimeout='180']
      SELECT OBJECT_ID(N'[__EFMigrationsHistory]');
info: Microsoft.EntityFrameworkCore.Database.Command[20101]
      Executed DbCommand (14ms) [Parameters=[], CommandType='Text', CommandTimeout='180']
      SELECT [MigrationId], [ProductVersion]
      FROM [__EFMigrationsHistory]
      ORDER BY [MigrationId];
info: Microsoft.EntityFrameworkCore.Migrations[20405]
      No migrations were applied. The database is already up to date.
info: Microsoft.EntityFrameworkCore.Infrastructure[10403]
      Entity Framework Core 2.2.0-rtm-35687 initialized 'AtiehJobCoreDbContext' using provider 'Microsoft.EntityFrameworkCore.SqlServer' with options: MaxPoolSize=128 CommandTimeout=180 
info: Microsoft.EntityFrameworkCore.Database.Command[20101]
      Executed DbCommand (157ms) [Parameters=[@__normalizedUserName_0='?' (Size = 256)], CommandType='Text', CommandTimeout='180']
      SELECT TOP(1) [u].[Id], [u].[AccessFailedCount], [u].[ConcurrencyStamp], [u].[CreatedByBrowserName], [u].[CreatedByIp], [u].[CreatedByUserId], [u].[CreatedDateTime], [u].[DateOfBirth], [u].[Email], [u].[EmailConfirmed], [u].[FatherName], [u].[FirstName], [u].[GenderType], [u].[IsActive], [u].[IsDeleted], [u].[IsEmailPublic], [u].[LastName], [u].[LastVisitedDateTime], [u].[LockoutEnabled], [u].[LockoutEnd], [u].[MobileNumber], [u].[ModifiedByBrowserName], [u].[ModifiedByIp], [u].[ModifiedByUserId], [u].[ModifiedDateTime], [u].[NationalCode], [u].[NormalizedEmail], [u].[NormalizedUserName], [u].[PasswordHash], [u].[PhoneNumber], [u].[PhoneNumberConfirmed], [u].[PhotoFileName], [u].[PlaceOfBirth], [u].[SecurityStamp], [u].[SsnId], [u].[SsnSerial], [u].[TwoFactorEnabled], [u].[UserName], [u].[UserType]
      FROM [Users] AS [u]
      WHERE [u].[NormalizedUserName] = @__normalizedUserName_0
info: AtiehJobCore.Services.Identity.IdentityDbInitializer[0]
      SeedDatabaseWithAdminUserAsync: adminUser already exists.
info: Microsoft.EntityFrameworkCore.Database.Command[20101]
      Executed DbCommand (23ms) [Parameters=[], CommandType='Text', CommandTimeout='180']
      SELECT [r].[Id], [r].[ConcurrencyStamp], [r].[CreatedByBrowserName], [r].[CreatedByIp], [r].[CreatedByUserId], [r].[CreatedDateTime], [r].[Description], [r].[IsActive], [r].[IsDeleted], [r].[ModifiedByBrowserName], [r].[ModifiedByIp], [r].[ModifiedByUserId], [r].[ModifiedDateTime], [r].[Name], [r].[NormalizedName]
      FROM [Roles] AS [r]
Hosting environment: Development
Content root path: H:\Programming\Best Project\AtiehJobCore\Presentation\AtiehJobCore.Web
Application started. Press Ctrl+C to shut down.
info: Microsoft.AspNetCore.Hosting.Internal.WebHost[1]
      Request starting HTTP/2.0 GET https://localhost:44344/  
info: Microsoft.AspNetCore.Authentication.Cookies.CookieAuthenticationHandler[7]
      Identity.Application was not authenticated. Failure message: Unprotect ticket failed
info: Microsoft.AspNetCore.Routing.EndpointMiddleware[0]
      Executing endpoint 'AtiehJobCore.Web.Controllers.HomeController.Index (AtiehJobCore.Web)'
info: Microsoft.AspNetCore.Mvc.Internal.ControllerActionInvoker[1]
      Route matched with {action = "Index", controller = "Home", area = ""}. Executing action AtiehJobCore.Web.Controllers.HomeController.Index (AtiehJobCore.Web)
info: Microsoft.AspNetCore.Mvc.Internal.ControllerActionInvoker[1]
      Executing action method AtiehJobCore.Web.Controllers.HomeController.Index (AtiehJobCore.Web) - Validation state: Valid
info: Microsoft.AspNetCore.Mvc.Internal.ControllerActionInvoker[2]
      Executed action method AtiehJobCore.Web.Controllers.HomeController.Index (AtiehJobCore.Web), returned result Microsoft.AspNetCore.Mvc.ViewResult in 1.518ms.
info: Microsoft.AspNetCore.Mvc.ViewFeatures.ViewResultExecutor[1]
      Executing ViewResult, running view Index.
info: Microsoft.EntityFrameworkCore.Infrastructure[10403]
      Entity Framework Core 2.2.0-rtm-35687 initialized 'AtiehJobCoreDbContext' using provider 'Microsoft.EntityFrameworkCore.SqlServer' with options: MaxPoolSize=128 CommandTimeout=180 
info: Microsoft.EntityFrameworkCore.Database.Command[20101]
      Executed DbCommand (179ms) [Parameters=[@__p_2='?' (DbType = Int32), @__now_0='?' (DbType = DateTimeOffset), @__minutes_1='?' (DbType = DateTimeOffset)], CommandType='Text', CommandTimeout='180']
      SELECT TOP(@__p_2) [user].[Id], [user].[AccessFailedCount], [user].[ConcurrencyStamp], [user].[CreatedByBrowserName], [user].[CreatedByIp], [user].[CreatedByUserId], [user].[CreatedDateTime], [user].[DateOfBirth], [user].[Email], [user].[EmailConfirmed], [user].[FatherName], [user].[FirstName], [user].[GenderType], [user].[IsActive], [user].[IsDeleted], [user].[IsEmailPublic], [user].[LastName], [user].[LastVisitedDateTime], [user].[LockoutEnabled], [user].[LockoutEnd], [user].[MobileNumber], [user].[ModifiedByBrowserName], [user].[ModifiedByIp], [user].[ModifiedByUserId], [user].[ModifiedDateTime], [user].[NationalCode], [user].[NormalizedEmail], [user].[NormalizedUserName], [user].[PasswordHash], [user].[PhoneNumber], [user].[PhoneNumberConfirmed], [user].[PhotoFileName], [user].[PlaceOfBirth], [user].[SecurityStamp], [user].[SsnId], [user].[SsnSerial], [user].[TwoFactorEnabled], [user].[UserName], [user].[UserType]
      FROM [Users] AS [user]
      WHERE ([user].[LastVisitedDateTime] IS NOT NULL AND ([user].[LastVisitedDateTime] <= @__now_0)) AND ([user].[LastVisitedDateTime] >= @__minutes_1)
      ORDER BY [user].[LastVisitedDateTime] DESC
info: Microsoft.AspNetCore.Mvc.ViewFeatures.ViewResultExecutor[4]
      Executed ViewResult - view Index executed in 1583.4973ms.
info: Microsoft.AspNetCore.Mvc.Internal.ControllerActionInvoker[2]
      Executed action AtiehJobCore.Web.Controllers.HomeController.Index (AtiehJobCore.Web) in 1891.514ms
info: Microsoft.AspNetCore.Routing.EndpointMiddleware[1]
      Executed endpoint 'AtiehJobCore.Web.Controllers.HomeController.Index (AtiehJobCore.Web)'
info: Microsoft.AspNetCore.Hosting.Internal.WebHost[2]
      Request finished in 2408.476ms 200 text/html; charset=utf-8
info: Microsoft.AspNetCore.Hosting.Internal.WebHost[1]
      Request starting HTTP/2.0 GET https://localhost:44344/dist/bundle.min.js?v=zOkkFUWzqPatmW46daglVYwAQB-U0JGqOEXO3OKapmU  
info: Microsoft.AspNetCore.Hosting.Internal.WebHost[1]
      Request starting HTTP/2.0 GET https://localhost:44344/dist/bundle.min.css?v=5Qzsnjg6l0WPa03XH50sJDeOGVQJ4k18k658SG44eBA  
info: Microsoft.AspNetCore.Hosting.Internal.WebHost[1]
      Request starting HTTP/2.0 GET https://localhost:44344/avatars/icon-user-default.png  
info: Microsoft.AspNetCore.Authentication.Cookies.CookieAuthenticationHandler[7]
      Identity.Application was not authenticated. Failure message: Unprotect ticket failed
info: Microsoft.AspNetCore.StaticFiles.StaticFileMiddleware[2]
      Sending file. Request path: '/dist/bundle.min.js'. Physical path: 'H:\Programming\Best Project\AtiehJobCore\Presentation\AtiehJobCore.Web\wwwroot\dist\bundle.min.js'
info: Microsoft.AspNetCore.StaticFiles.StaticFileMiddleware[2]
      Sending file. Request path: '/dist/bundle.min.css'. Physical path: 'H:\Programming\Best Project\AtiehJobCore\Presentation\AtiehJobCore.Web\wwwroot\dist\bundle.min.css'
info: Microsoft.AspNetCore.Hosting.Internal.WebHost[2]
      Request finished in 143.0699ms 200 application/javascript
info: Microsoft.AspNetCore.Hosting.Internal.WebHost[2]
      Request finished in 146.0729ms 200 text/css
info: Microsoft.AspNetCore.Hosting.Internal.WebHost[2]
      Request finished in 196.3918ms 404 text/plain
info: Microsoft.AspNetCore.Hosting.Internal.WebHost[1]
      Request starting HTTP/2.0 GET https://localhost:44344/webfonts/samim/Samim.woff  
info: Microsoft.AspNetCore.StaticFiles.StaticFileMiddleware[2]
      Sending file. Request path: '/webfonts/samim/Samim.woff'. Physical path: 'H:\Programming\Best Project\AtiehJobCore\Presentation\AtiehJobCore.Web\wwwroot\webfonts\samim\Samim.woff'
info: Microsoft.AspNetCore.Hosting.Internal.WebHost[2]
      Request finished in 124.9807ms 200 application/font-woff
info: Microsoft.AspNetCore.Hosting.Internal.WebHost[1]
      Request starting HTTP/2.0 GET https://localhost:44344/webfonts/samim/Samim-Bold.woff  
info: Microsoft.AspNetCore.Hosting.Internal.WebHost[1]
      Request starting HTTP/2.0 GET https://localhost:44344/webfonts/fa-solid-900.woff2  
info: Microsoft.AspNetCore.StaticFiles.StaticFileMiddleware[2]
      Sending file. Request path: '/webfonts/fa-solid-900.woff2'. Physical path: 'H:\Programming\Best Project\AtiehJobCore\Presentation\AtiehJobCore.Web\wwwroot\webfonts\fa-solid-900.woff2'
info: Microsoft.AspNetCore.Hosting.Internal.WebHost[2]
      Request finished in 39.5523ms 200 font/woff2
info: Microsoft.AspNetCore.StaticFiles.StaticFileMiddleware[2]
      Sending file. Request path: '/webfonts/samim/Samim-Bold.woff'. Physical path: 'H:\Programming\Best Project\AtiehJobCore\Presentation\AtiehJobCore.Web\wwwroot\webfonts\samim\Samim-Bold.woff'
info: Microsoft.AspNetCore.Hosting.Internal.WebHost[2]
      Request finished in 56.9186ms 200 application/font-woff
info: Microsoft.AspNetCore.Hosting.Internal.WebHost[1]
      Request starting HTTP/2.0 GET https://localhost:44344/favicon.ico  
info: Microsoft.AspNetCore.Authentication.Cookies.CookieAuthenticationHandler[7]
      Identity.Application was not authenticated. Failure message: Unprotect ticket failed
info: Microsoft.AspNetCore.Hosting.Internal.WebHost[2]
      Request finished in 9.9185ms 404 text/plain
info: Microsoft.AspNetCore.Hosting.Internal.WebHost[1]
      Request starting HTTP/2.0 GET https://localhost:44344/Identity/Account/Register  
info: Microsoft.AspNetCore.Authentication.Cookies.CookieAuthenticationHandler[7]
      Identity.Application was not authenticated. Failure message: Unprotect ticket failed
info: Microsoft.AspNetCore.Routing.EndpointMiddleware[0]
      Executing endpoint 'AtiehJobCore.Web.Areas.Identity.Controllers.AccountController.Register (AtiehJobCore.Web)'
info: Microsoft.AspNetCore.Mvc.Internal.ControllerActionInvoker[1]
      Route matched with {area = "Identity", action = "Register", controller = "Account"}. Executing action AtiehJobCore.Web.Areas.Identity.Controllers.AccountController.Register (AtiehJobCore.Web)
info: Microsoft.EntityFrameworkCore.Infrastructure[10403]
      Entity Framework Core 2.2.0-rtm-35687 initialized 'AtiehJobCoreDbContext' using provider 'Microsoft.EntityFrameworkCore.SqlServer' with options: MaxPoolSize=128 CommandTimeout=180 
info: Microsoft.AspNetCore.Mvc.Internal.ControllerActionInvoker[1]
      Executing action method AtiehJobCore.Web.Areas.Identity.Controllers.AccountController.Register (AtiehJobCore.Web) - Validation state: Valid
info: Microsoft.AspNetCore.Mvc.Internal.ControllerActionInvoker[2]
      Executed action method AtiehJobCore.Web.Areas.Identity.Controllers.AccountController.Register (AtiehJobCore.Web), returned result Microsoft.AspNetCore.Mvc.ViewResult in 0.4838ms.
info: Microsoft.AspNetCore.Mvc.ViewFeatures.ViewResultExecutor[1]
      Executing ViewResult, running view Register.
info: DNTCaptcha.Core.Providers.CookieCaptchaStorageProvider[0]
      Using the CookieCaptchaStorageProvider.
info: Microsoft.AspNetCore.Mvc.ViewFeatures.ViewResultExecutor[4]
      Executed ViewResult - view Register executed in 363.6234ms.
info: Microsoft.AspNetCore.Mvc.Internal.ControllerActionInvoker[2]
      Executed action AtiehJobCore.Web.Areas.Identity.Controllers.AccountController.Register (AtiehJobCore.Web) in 1391.7258ms
info: Microsoft.AspNetCore.Routing.EndpointMiddleware[1]
      Executed endpoint 'AtiehJobCore.Web.Areas.Identity.Controllers.AccountController.Register (AtiehJobCore.Web)'
info: Microsoft.AspNetCore.Hosting.Internal.WebHost[2]
      Request finished in 1416.9241ms 200 text/html; charset=utf-8
info: Microsoft.AspNetCore.Hosting.Internal.WebHost[1]
      Request starting HTTP/2.0 GET https://localhost:44344/dist/bundle.min.css?v=5Qzsnjg6l0WPa03XH50sJDeOGVQJ4k18k658SG44eBA  
info: Microsoft.AspNetCore.Hosting.Internal.WebHost[1]
      Request starting HTTP/2.0 GET https://localhost:44344/avatars/icon-user-default.png  
info: Microsoft.AspNetCore.Hosting.Internal.WebHost[1]
      Request starting HTTP/2.0 GET https://localhost:44344/DNTCaptchaImage/Show?text=CfDJ8PecTi5dQgpGkTJjpdk7MkBdyUEa%2Fcd3AOXwg3DWrJk6CvKEnJCn51SE1TqIeWNVTNp8SP0z4U%2BLQh57JC%2FcqU%2FC4HcQn80xejdqGCzip0iFksBdn7pAwo3jNHf3Aytcu%2BBZY3uRMYYPmcCaRh3IfHEEH%2F3B3xc5QK2QOHqwz3mF&rndDate=636838504417471537&foreColor=%23333333&backColor=%23ccc&fontSize=20&fontName=Tahoma  
info: Microsoft.AspNetCore.Hosting.Internal.WebHost[1]
      Request starting HTTP/2.0 GET https://localhost:44344/dist/bundle.min.js?v=zOkkFUWzqPatmW46daglVYwAQB-U0JGqOEXO3OKapmU  
info: Microsoft.AspNetCore.Authentication.Cookies.CookieAuthenticationHandler[7]
      Identity.Application was not authenticated. Failure message: Unprotect ticket failed
info: Microsoft.AspNetCore.Authentication.Cookies.CookieAuthenticationHandler[7]
      Identity.Application was not authenticated. Failure message: Unprotect ticket failed
info: Microsoft.AspNetCore.Routing.EndpointMiddleware[0]
      Executing endpoint 'DNTCaptcha.Core.DNTCaptchaImageController.Show (DNTCaptcha.Core)'
info: Microsoft.AspNetCore.Hosting.Internal.WebHost[2]
      Request finished in 35.6833ms 404 text/plain
info: Microsoft.AspNetCore.StaticFiles.StaticFileMiddleware[2]
      Sending file. Request path: '/dist/bundle.min.css'. Physical path: 'H:\Programming\Best Project\AtiehJobCore\Presentation\AtiehJobCore.Web\wwwroot\dist\bundle.min.css'
info: Microsoft.AspNetCore.StaticFiles.StaticFileMiddleware[2]
      Sending file. Request path: '/dist/bundle.min.js'. Physical path: 'H:\Programming\Best Project\AtiehJobCore\Presentation\AtiehJobCore.Web\wwwroot\dist\bundle.min.js'
info: Microsoft.AspNetCore.Hosting.Internal.WebHost[2]
      Request finished in 120.8863ms 200 text/css
info: Microsoft.AspNetCore.Hosting.Internal.WebHost[2]
      Request finished in 160.5417ms 200 application/javascript
info: Microsoft.AspNetCore.Hosting.Internal.WebHost[1]
      Request starting HTTP/2.0 GET https://localhost:44344/webfonts/samim/Samim.woff  
info: Microsoft.AspNetCore.Hosting.Internal.WebHost[1]
      Request starting HTTP/2.0 GET https://localhost:44344/webfonts/samim/Samim-Bold.woff  
info: Microsoft.AspNetCore.Hosting.Internal.WebHost[1]
      Request starting HTTP/2.0 GET https://localhost:44344/webfonts/fa-solid-900.woff2  
info: Microsoft.AspNetCore.StaticFiles.StaticFileMiddleware[2]
      Sending file. Request path: '/webfonts/samim/Samim.woff'. Physical path: 'H:\Programming\Best Project\AtiehJobCore\Presentation\AtiehJobCore.Web\wwwroot\webfonts\samim\Samim.woff'
info: Microsoft.AspNetCore.Hosting.Internal.WebHost[2]
      Request finished in 53.8479ms 200 application/font-woff
info: Microsoft.AspNetCore.StaticFiles.StaticFileMiddleware[2]
      Sending file. Request path: '/webfonts/samim/Samim-Bold.woff'. Physical path: 'H:\Programming\Best Project\AtiehJobCore\Presentation\AtiehJobCore.Web\wwwroot\webfonts\samim\Samim-Bold.woff'
info: Microsoft.AspNetCore.Hosting.Internal.WebHost[2]
      Request finished in 26.4857ms 200 application/font-woff
info: Microsoft.AspNetCore.StaticFiles.StaticFileMiddleware[2]
      Sending file. Request path: '/webfonts/fa-solid-900.woff2'. Physical path: 'H:\Programming\Best Project\AtiehJobCore\Presentation\AtiehJobCore.Web\wwwroot\webfonts\fa-solid-900.woff2'
info: Microsoft.AspNetCore.Mvc.Internal.ControllerActionInvoker[1]
      Route matched with {action = "Show", controller = "DNTCaptchaImage", area = ""}. Executing action DNTCaptcha.Core.DNTCaptchaImageController.Show (DNTCaptcha.Core)
info: Microsoft.AspNetCore.Hosting.Internal.WebHost[2]
      Request finished in 30.7344ms 200 font/woff2
info: Microsoft.AspNetCore.Mvc.Internal.ControllerActionInvoker[1]
      Executing action method DNTCaptcha.Core.DNTCaptchaImageController.Show (DNTCaptcha.Core) with arguments (CfDJ8PecTi5dQgpGkTJjpdk7MkBdyUEa/cd3AOXwg3DWrJk6CvKEnJCn51SE1TqIeWNVTNp8SP0z4U+LQh57JC/cqU/C4HcQn80xejdqGCzip0iFksBdn7pAwo3jNHf3Aytcu+BZY3uRMYYPmcCaRh3IfHEEH/3B3xc5QK2QOHqwz3mF, 636838504417471537, #333333, #ccc, 20, Tahoma) - Validation state: Valid
info: Microsoft.AspNetCore.Mvc.Internal.ControllerActionInvoker[2]
      Executed action method DNTCaptcha.Core.DNTCaptchaImageController.Show (DNTCaptcha.Core), returned result Microsoft.AspNetCore.Mvc.FileContentResult in 347.1772ms.
info: Microsoft.AspNetCore.Mvc.Infrastructure.FileContentResultExecutor[2]
      Executing Microsoft.AspNetCore.Mvc.FileContentResult, sending file with download name '' ...
info: Microsoft.AspNetCore.Mvc.Internal.ControllerActionInvoker[2]
      Executed action DNTCaptcha.Core.DNTCaptchaImageController.Show (DNTCaptcha.Core) in 511.7164ms
info: Microsoft.AspNetCore.Routing.EndpointMiddleware[1]
      Executed endpoint 'DNTCaptcha.Core.DNTCaptchaImageController.Show (DNTCaptcha.Core)'
info: Microsoft.AspNetCore.Hosting.Internal.WebHost[2]
      Request finished in 806.9372ms 200 image/png
info: Microsoft.AspNetCore.Hosting.Internal.WebHost[1]
      Request starting HTTP/2.0 POST https://localhost:44344/Identity/Account/ValidateUsername application/x-www-form-urlencoded; charset=UTF-8 200
info: Microsoft.AspNetCore.Authentication.Cookies.CookieAuthenticationHandler[7]
      Identity.Application was not authenticated. Failure message: Unprotect ticket failed
info: Microsoft.AspNetCore.Routing.EndpointMiddleware[0]
      Executing endpoint 'AtiehJobCore.Web.Areas.Identity.Controllers.AccountController.ValidateUsername (AtiehJobCore.Web)'
info: Microsoft.AspNetCore.Mvc.Internal.ControllerActionInvoker[1]
      Route matched with {area = "Identity", action = "ValidateUsername", controller = "Account"}. Executing action AtiehJobCore.Web.Areas.Identity.Controllers.AccountController.ValidateUsername (AtiehJobCore.Web)
info: Microsoft.EntityFrameworkCore.Infrastructure[10403]
      Entity Framework Core 2.2.0-rtm-35687 initialized 'AtiehJobCoreDbContext' using provider 'Microsoft.EntityFrameworkCore.SqlServer' with options: MaxPoolSize=128 CommandTimeout=180 
info: Microsoft.AspNetCore.Mvc.Internal.ControllerActionInvoker[1]
      Executing action method AtiehJobCore.Web.Areas.Identity.Controllers.AccountController.ValidateUsername (AtiehJobCore.Web) with arguments (h, ) - Validation state: Valid
info: Microsoft.EntityFrameworkCore.Database.Command[20101]
      Executed DbCommand (89ms) [Parameters=[@__normalizedUserName_0='?' (Size = 256)], CommandType='Text', CommandTimeout='180']
      SELECT TOP(1) [u].[Id], [u].[AccessFailedCount], [u].[ConcurrencyStamp], [u].[CreatedByBrowserName], [u].[CreatedByIp], [u].[CreatedByUserId], [u].[CreatedDateTime], [u].[DateOfBirth], [u].[Email], [u].[EmailConfirmed], [u].[FatherName], [u].[FirstName], [u].[GenderType], [u].[IsActive], [u].[IsDeleted], [u].[IsEmailPublic], [u].[LastName], [u].[LastVisitedDateTime], [u].[LockoutEnabled], [u].[LockoutEnd], [u].[MobileNumber], [u].[ModifiedByBrowserName], [u].[ModifiedByIp], [u].[ModifiedByUserId], [u].[ModifiedDateTime], [u].[NationalCode], [u].[NormalizedEmail], [u].[NormalizedUserName], [u].[PasswordHash], [u].[PhoneNumber], [u].[PhoneNumberConfirmed], [u].[PhotoFileName], [u].[PlaceOfBirth], [u].[SecurityStamp], [u].[SsnId], [u].[SsnSerial], [u].[TwoFactorEnabled], [u].[UserName], [u].[UserType]
      FROM [Users] AS [u]
      WHERE [u].[NormalizedUserName] = @__normalizedUserName_0
info: Microsoft.AspNetCore.Mvc.Internal.ControllerActionInvoker[2]
      Executed action method AtiehJobCore.Web.Areas.Identity.Controllers.AccountController.ValidateUsername (AtiehJobCore.Web), returned result Microsoft.AspNetCore.Mvc.JsonResult in 142.1071ms.
info: Microsoft.AspNetCore.Mvc.Formatters.Json.Internal.JsonResultExecutor[1]
      Executing JsonResult, writing value of type 'System.String'.
info: Microsoft.AspNetCore.Mvc.Internal.ControllerActionInvoker[2]
      Executed action AtiehJobCore.Web.Areas.Identity.Controllers.AccountController.ValidateUsername (AtiehJobCore.Web) in 400.1171ms
info: Microsoft.AspNetCore.Routing.EndpointMiddleware[1]
      Executed endpoint 'AtiehJobCore.Web.Areas.Identity.Controllers.AccountController.ValidateUsername (AtiehJobCore.Web)'
info: Microsoft.AspNetCore.Hosting.Internal.WebHost[2]
      Request finished in 466.0314ms 200 application/json; charset=utf-8
info: Microsoft.AspNetCore.Hosting.Internal.WebHost[1]
      Request starting HTTP/2.0 POST https://localhost:44344/Identity/Account/ValidateUsername application/x-www-form-urlencoded; charset=UTF-8 203
info: Microsoft.AspNetCore.Authentication.Cookies.CookieAuthenticationHandler[7]
      Identity.Application was not authenticated. Failure message: Unprotect ticket failed
info: Microsoft.AspNetCore.Routing.EndpointMiddleware[0]
      Executing endpoint 'AtiehJobCore.Web.Areas.Identity.Controllers.AccountController.ValidateUsername (AtiehJobCore.Web)'
info: Microsoft.AspNetCore.Mvc.Internal.ControllerActionInvoker[1]
      Route matched with {area = "Identity", action = "ValidateUsername", controller = "Account"}. Executing action AtiehJobCore.Web.Areas.Identity.Controllers.AccountController.ValidateUsername (AtiehJobCore.Web)
info: Microsoft.EntityFrameworkCore.Infrastructure[10403]
      Entity Framework Core 2.2.0-rtm-35687 initialized 'AtiehJobCoreDbContext' using provider 'Microsoft.EntityFrameworkCore.SqlServer' with options: MaxPoolSize=128 CommandTimeout=180 
info: Microsoft.AspNetCore.Mvc.Internal.ControllerActionInvoker[1]
      Executing action method AtiehJobCore.Web.Areas.Identity.Controllers.AccountController.ValidateUsername (AtiehJobCore.Web) with arguments (p, lkn) - Validation state: Valid
info: Microsoft.EntityFrameworkCore.Database.Command[20101]
      Executed DbCommand (56ms) [Parameters=[@__normalizedUserName_0='?' (Size = 256)], CommandType='Text', CommandTimeout='180']
      SELECT TOP(1) [u].[Id], [u].[AccessFailedCount], [u].[ConcurrencyStamp], [u].[CreatedByBrowserName], [u].[CreatedByIp], [u].[CreatedByUserId], [u].[CreatedDateTime], [u].[DateOfBirth], [u].[Email], [u].[EmailConfirmed], [u].[FatherName], [u].[FirstName], [u].[GenderType], [u].[IsActive], [u].[IsDeleted], [u].[IsEmailPublic], [u].[LastName], [u].[LastVisitedDateTime], [u].[LockoutEnabled], [u].[LockoutEnd], [u].[MobileNumber], [u].[ModifiedByBrowserName], [u].[ModifiedByIp], [u].[ModifiedByUserId], [u].[ModifiedDateTime], [u].[NationalCode], [u].[NormalizedEmail], [u].[NormalizedUserName], [u].[PasswordHash], [u].[PhoneNumber], [u].[PhoneNumberConfirmed], [u].[PhotoFileName], [u].[PlaceOfBirth], [u].[SecurityStamp], [u].[SsnId], [u].[SsnSerial], [u].[TwoFactorEnabled], [u].[UserName], [u].[UserType]
      FROM [Users] AS [u]
      WHERE [u].[NormalizedUserName] = @__normalizedUserName_0
info: Microsoft.AspNetCore.Mvc.Internal.ControllerActionInvoker[2]
      Executed action method AtiehJobCore.Web.Areas.Identity.Controllers.AccountController.ValidateUsername (AtiehJobCore.Web), returned result Microsoft.AspNetCore.Mvc.JsonResult in 61.8336ms.
info: Microsoft.AspNetCore.Mvc.Formatters.Json.Internal.JsonResultExecutor[1]
      Executing JsonResult, writing value of type 'System.String'.
info: Microsoft.AspNetCore.Mvc.Internal.ControllerActionInvoker[2]
      Executed action AtiehJobCore.Web.Areas.Identity.Controllers.AccountController.ValidateUsername (AtiehJobCore.Web) in 192.7919ms
info: Microsoft.AspNetCore.Routing.EndpointMiddleware[1]
      Executed endpoint 'AtiehJobCore.Web.Areas.Identity.Controllers.AccountController.ValidateUsername (AtiehJobCore.Web)'
info: Microsoft.AspNetCore.Hosting.Internal.WebHost[2]
      Request finished in 209.9311ms 200 application/json; charset=utf-8
info: Microsoft.AspNetCore.Hosting.Internal.WebHost[1]
      Request starting HTTP/2.0 POST https://localhost:44344/Identity/Account/ValidateUsername application/x-www-form-urlencoded; charset=UTF-8 227
info: Microsoft.AspNetCore.Authentication.Cookies.CookieAuthenticationHandler[7]
      Identity.Application was not authenticated. Failure message: Unprotect ticket failed
info: Microsoft.AspNetCore.Routing.EndpointMiddleware[0]
      Executing endpoint 'AtiehJobCore.Web.Areas.Identity.Controllers.AccountController.ValidateUsername (AtiehJobCore.Web)'
info: Microsoft.AspNetCore.Mvc.Internal.ControllerActionInvoker[1]
      Route matched with {area = "Identity", action = "ValidateUsername", controller = "Account"}. Executing action AtiehJobCore.Web.Areas.Identity.Controllers.AccountController.ValidateUsername (AtiehJobCore.Web)
info: Microsoft.EntityFrameworkCore.Infrastructure[10403]
      Entity Framework Core 2.2.0-rtm-35687 initialized 'AtiehJobCoreDbContext' using provider 'Microsoft.EntityFrameworkCore.SqlServer' with options: MaxPoolSize=128 CommandTimeout=180 
info: Microsoft.AspNetCore.Mvc.Internal.ControllerActionInvoker[1]
      Executing action method AtiehJobCore.Web.Areas.Identity.Controllers.AccountController.ValidateUsername (AtiehJobCore.Web) with arguments (, HamidEmailSender@gmail.com) - Validation state: Valid
info: Microsoft.EntityFrameworkCore.Database.Command[20101]
      Executed DbCommand (99ms) [Parameters=[@__normalizedEmail_0='?' (Size = 256)], CommandType='Text', CommandTimeout='180']
      SELECT TOP(1) [u].[Id], [u].[AccessFailedCount], [u].[ConcurrencyStamp], [u].[CreatedByBrowserName], [u].[CreatedByIp], [u].[CreatedByUserId], [u].[CreatedDateTime], [u].[DateOfBirth], [u].[Email], [u].[EmailConfirmed], [u].[FatherName], [u].[FirstName], [u].[GenderType], [u].[IsActive], [u].[IsDeleted], [u].[IsEmailPublic], [u].[LastName], [u].[LastVisitedDateTime], [u].[LockoutEnabled], [u].[LockoutEnd], [u].[MobileNumber], [u].[ModifiedByBrowserName], [u].[ModifiedByIp], [u].[ModifiedByUserId], [u].[ModifiedDateTime], [u].[NationalCode], [u].[NormalizedEmail], [u].[NormalizedUserName], [u].[PasswordHash], [u].[PhoneNumber], [u].[PhoneNumberConfirmed], [u].[PhotoFileName], [u].[PlaceOfBirth], [u].[SecurityStamp], [u].[SsnId], [u].[SsnSerial], [u].[TwoFactorEnabled], [u].[UserName], [u].[UserType]
      FROM [Users] AS [u]
      WHERE [u].[NormalizedEmail] = @__normalizedEmail_0
info: Microsoft.AspNetCore.Mvc.Internal.ControllerActionInvoker[2]
      Executed action method AtiehJobCore.Web.Areas.Identity.Controllers.AccountController.ValidateUsername (AtiehJobCore.Web), returned result Microsoft.AspNetCore.Mvc.JsonResult in 133.4465ms.
info: Microsoft.AspNetCore.Mvc.Formatters.Json.Internal.JsonResultExecutor[1]
      Executing JsonResult, writing value of type 'System.String'.
info: Microsoft.AspNetCore.Mvc.Internal.ControllerActionInvoker[2]
      Executed action AtiehJobCore.Web.Areas.Identity.Controllers.AccountController.ValidateUsername (AtiehJobCore.Web) in 257.0172ms
info: Microsoft.AspNetCore.Routing.EndpointMiddleware[1]
      Executed endpoint 'AtiehJobCore.Web.Areas.Identity.Controllers.AccountController.ValidateUsername (AtiehJobCore.Web)'
info: Microsoft.AspNetCore.Hosting.Internal.WebHost[2]
      Request finished in 269.3191ms 200 application/json; charset=utf-8
info: Microsoft.AspNetCore.Hosting.Internal.WebHost[1]
      Request starting HTTP/2.0 POST https://localhost:44344/Identity/Account/ValidateUsername application/x-www-form-urlencoded; charset=UTF-8 228
info: Microsoft.AspNetCore.Authentication.Cookies.CookieAuthenticationHandler[7]
      Identity.Application was not authenticated. Failure message: Unprotect ticket failed
info: Microsoft.AspNetCore.Routing.EndpointMiddleware[0]
      Executing endpoint 'AtiehJobCore.Web.Areas.Identity.Controllers.AccountController.ValidateUsername (AtiehJobCore.Web)'
info: Microsoft.AspNetCore.Mvc.Internal.ControllerActionInvoker[1]
      Route matched with {area = "Identity", action = "ValidateUsername", controller = "Account"}. Executing action AtiehJobCore.Web.Areas.Identity.Controllers.AccountController.ValidateUsername (AtiehJobCore.Web)
info: Microsoft.EntityFrameworkCore.Infrastructure[10403]
      Entity Framework Core 2.2.0-rtm-35687 initialized 'AtiehJobCoreDbContext' using provider 'Microsoft.EntityFrameworkCore.SqlServer' with options: MaxPoolSize=128 CommandTimeout=180 
info: Microsoft.AspNetCore.Mvc.Internal.ControllerActionInvoker[1]
      Executing action method AtiehJobCore.Web.Areas.Identity.Controllers.AccountController.ValidateUsername (AtiehJobCore.Web) with arguments (a, HamidEmailSender@gmail.com) - Validation state: Valid
info: Microsoft.AspNetCore.Hosting.Internal.WebHost[1]
      Request starting HTTP/2.0 POST https://localhost:44344/Identity/Account/ValidateUsername application/x-www-form-urlencoded; charset=UTF-8 229
info: Microsoft.EntityFrameworkCore.Database.Command[20101]
      Executed DbCommand (79ms) [Parameters=[@__normalizedUserName_0='?' (Size = 256)], CommandType='Text', CommandTimeout='180']
      SELECT TOP(1) [u].[Id], [u].[AccessFailedCount], [u].[ConcurrencyStamp], [u].[CreatedByBrowserName], [u].[CreatedByIp], [u].[CreatedByUserId], [u].[CreatedDateTime], [u].[DateOfBirth], [u].[Email], [u].[EmailConfirmed], [u].[FatherName], [u].[FirstName], [u].[GenderType], [u].[IsActive], [u].[IsDeleted], [u].[IsEmailPublic], [u].[LastName], [u].[LastVisitedDateTime], [u].[LockoutEnabled], [u].[LockoutEnd], [u].[MobileNumber], [u].[ModifiedByBrowserName], [u].[ModifiedByIp], [u].[ModifiedByUserId], [u].[ModifiedDateTime], [u].[NationalCode], [u].[NormalizedEmail], [u].[NormalizedUserName], [u].[PasswordHash], [u].[PhoneNumber], [u].[PhoneNumberConfirmed], [u].[PhotoFileName], [u].[PlaceOfBirth], [u].[SecurityStamp], [u].[SsnId], [u].[SsnSerial], [u].[TwoFactorEnabled], [u].[UserName], [u].[UserType]
      FROM [Users] AS [u]
      WHERE [u].[NormalizedUserName] = @__normalizedUserName_0
info: Microsoft.AspNetCore.Authentication.Cookies.CookieAuthenticationHandler[7]
      Identity.Application was not authenticated. Failure message: Unprotect ticket failed
info: Microsoft.AspNetCore.Routing.EndpointMiddleware[0]
      Executing endpoint 'AtiehJobCore.Web.Areas.Identity.Controllers.AccountController.ValidateUsername (AtiehJobCore.Web)'
info: Microsoft.AspNetCore.Mvc.Internal.ControllerActionInvoker[1]
      Route matched with {area = "Identity", action = "ValidateUsername", controller = "Account"}. Executing action AtiehJobCore.Web.Areas.Identity.Controllers.AccountController.ValidateUsername (AtiehJobCore.Web)
info: Microsoft.AspNetCore.Hosting.Internal.WebHost[1]
      Request starting HTTP/2.0 POST https://localhost:44344/Identity/Account/ValidateUsername application/x-www-form-urlencoded; charset=UTF-8 230
info: Microsoft.AspNetCore.Authentication.Cookies.CookieAuthenticationHandler[7]
      Identity.Application was not authenticated. Failure message: Unprotect ticket failed
info: Microsoft.AspNetCore.Routing.EndpointMiddleware[0]
      Executing endpoint 'AtiehJobCore.Web.Areas.Identity.Controllers.AccountController.ValidateUsername (AtiehJobCore.Web)'
info: Microsoft.EntityFrameworkCore.Database.Command[20101]
      Executed DbCommand (447ms) [Parameters=[@__normalizedEmail_0='?' (Size = 256)], CommandType='Text', CommandTimeout='180']
      SELECT TOP(1) [u].[Id], [u].[AccessFailedCount], [u].[ConcurrencyStamp], [u].[CreatedByBrowserName], [u].[CreatedByIp], [u].[CreatedByUserId], [u].[CreatedDateTime], [u].[DateOfBirth], [u].[Email], [u].[EmailConfirmed], [u].[FatherName], [u].[FirstName], [u].[GenderType], [u].[IsActive], [u].[IsDeleted], [u].[IsEmailPublic], [u].[LastName], [u].[LastVisitedDateTime], [u].[LockoutEnabled], [u].[LockoutEnd], [u].[MobileNumber], [u].[ModifiedByBrowserName], [u].[ModifiedByIp], [u].[ModifiedByUserId], [u].[ModifiedDateTime], [u].[NationalCode], [u].[NormalizedEmail], [u].[NormalizedUserName], [u].[PasswordHash], [u].[PhoneNumber], [u].[PhoneNumberConfirmed], [u].[PhotoFileName], [u].[PlaceOfBirth], [u].[SecurityStamp], [u].[SsnId], [u].[SsnSerial], [u].[TwoFactorEnabled], [u].[UserName], [u].[UserType]
      FROM [Users] AS [u]
      WHERE [u].[NormalizedEmail] = @__normalizedEmail_0
info: Microsoft.AspNetCore.Mvc.Internal.ControllerActionInvoker[1]
      Route matched with {area = "Identity", action = "ValidateUsername", controller = "Account"}. Executing action AtiehJobCore.Web.Areas.Identity.Controllers.AccountController.ValidateUsername (AtiehJobCore.Web)
info: Microsoft.AspNetCore.Mvc.Internal.ControllerActionInvoker[2]
      Executed action method AtiehJobCore.Web.Areas.Identity.Controllers.AccountController.ValidateUsername (AtiehJobCore.Web), returned result Microsoft.AspNetCore.Mvc.JsonResult in 550.9528ms.
info: Microsoft.AspNetCore.Mvc.Formatters.Json.Internal.JsonResultExecutor[1]
      Executing JsonResult, writing value of type 'System.String'.
info: Microsoft.AspNetCore.Mvc.Internal.ControllerActionInvoker[2]
      Executed action AtiehJobCore.Web.Areas.Identity.Controllers.AccountController.ValidateUsername (AtiehJobCore.Web) in 682.0482ms
info: Microsoft.AspNetCore.Routing.EndpointMiddleware[1]
      Executed endpoint 'AtiehJobCore.Web.Areas.Identity.Controllers.AccountController.ValidateUsername (AtiehJobCore.Web)'
info: Microsoft.AspNetCore.Hosting.Internal.WebHost[2]
      Request finished in 696.2801ms 200 application/json; charset=utf-8
info: Microsoft.EntityFrameworkCore.Infrastructure[10403]
      Entity Framework Core 2.2.0-rtm-35687 initialized 'AtiehJobCoreDbContext' using provider 'Microsoft.EntityFrameworkCore.SqlServer' with options: MaxPoolSize=128 CommandTimeout=180 
info: Microsoft.AspNetCore.Mvc.Internal.ControllerActionInvoker[1]
      Executing action method AtiehJobCore.Web.Areas.Identity.Controllers.AccountController.ValidateUsername (AtiehJobCore.Web) with arguments (aaa, HamidEmailSender@gmail.com) - Validation state: Valid
info: Microsoft.EntityFrameworkCore.Infrastructure[10403]
      Entity Framework Core 2.2.0-rtm-35687 initialized 'AtiehJobCoreDbContext' using provider 'Microsoft.EntityFrameworkCore.SqlServer' with options: MaxPoolSize=128 CommandTimeout=180 
info: Microsoft.AspNetCore.Mvc.Internal.ControllerActionInvoker[1]
      Executing action method AtiehJobCore.Web.Areas.Identity.Controllers.AccountController.ValidateUsername (AtiehJobCore.Web) with arguments (aa, HamidEmailSender@gmail.com) - Validation state: Valid
info: Microsoft.EntityFrameworkCore.Database.Command[20101]
      Executed DbCommand (73ms) [Parameters=[@__normalizedUserName_0='?' (Size = 256)], CommandType='Text', CommandTimeout='180']
      SELECT TOP(1) [u].[Id], [u].[AccessFailedCount], [u].[ConcurrencyStamp], [u].[CreatedByBrowserName], [u].[CreatedByIp], [u].[CreatedByUserId], [u].[CreatedDateTime], [u].[DateOfBirth], [u].[Email], [u].[EmailConfirmed], [u].[FatherName], [u].[FirstName], [u].[GenderType], [u].[IsActive], [u].[IsDeleted], [u].[IsEmailPublic], [u].[LastName], [u].[LastVisitedDateTime], [u].[LockoutEnabled], [u].[LockoutEnd], [u].[MobileNumber], [u].[ModifiedByBrowserName], [u].[ModifiedByIp], [u].[ModifiedByUserId], [u].[ModifiedDateTime], [u].[NationalCode], [u].[NormalizedEmail], [u].[NormalizedUserName], [u].[PasswordHash], [u].[PhoneNumber], [u].[PhoneNumberConfirmed], [u].[PhotoFileName], [u].[PlaceOfBirth], [u].[SecurityStamp], [u].[SsnId], [u].[SsnSerial], [u].[TwoFactorEnabled], [u].[UserName], [u].[UserType]
      FROM [Users] AS [u]
      WHERE [u].[NormalizedUserName] = @__normalizedUserName_0
info: Microsoft.EntityFrameworkCore.Database.Command[20101]
      Executed DbCommand (50ms) [Parameters=[@__normalizedUserName_0='?' (Size = 256)], CommandType='Text', CommandTimeout='180']
      SELECT TOP(1) [u].[Id], [u].[AccessFailedCount], [u].[ConcurrencyStamp], [u].[CreatedByBrowserName], [u].[CreatedByIp], [u].[CreatedByUserId], [u].[CreatedDateTime], [u].[DateOfBirth], [u].[Email], [u].[EmailConfirmed], [u].[FatherName], [u].[FirstName], [u].[GenderType], [u].[IsActive], [u].[IsDeleted], [u].[IsEmailPublic], [u].[LastName], [u].[LastVisitedDateTime], [u].[LockoutEnabled], [u].[LockoutEnd], [u].[MobileNumber], [u].[ModifiedByBrowserName], [u].[ModifiedByIp], [u].[ModifiedByUserId], [u].[ModifiedDateTime], [u].[NationalCode], [u].[NormalizedEmail], [u].[NormalizedUserName], [u].[PasswordHash], [u].[PhoneNumber], [u].[PhoneNumberConfirmed], [u].[PhotoFileName], [u].[PlaceOfBirth], [u].[SecurityStamp], [u].[SsnId], [u].[SsnSerial], [u].[TwoFactorEnabled], [u].[UserName], [u].[UserType]
      FROM [Users] AS [u]
      WHERE [u].[NormalizedUserName] = @__normalizedUserName_0
info: Microsoft.EntityFrameworkCore.Database.Command[20101]
      Executed DbCommand (44ms) [Parameters=[@__normalizedEmail_0='?' (Size = 256)], CommandType='Text', CommandTimeout='180']
      SELECT TOP(1) [u].[Id], [u].[AccessFailedCount], [u].[ConcurrencyStamp], [u].[CreatedByBrowserName], [u].[CreatedByIp], [u].[CreatedByUserId], [u].[CreatedDateTime], [u].[DateOfBirth], [u].[Email], [u].[EmailConfirmed], [u].[FatherName], [u].[FirstName], [u].[GenderType], [u].[IsActive], [u].[IsDeleted], [u].[IsEmailPublic], [u].[LastName], [u].[LastVisitedDateTime], [u].[LockoutEnabled], [u].[LockoutEnd], [u].[MobileNumber], [u].[ModifiedByBrowserName], [u].[ModifiedByIp], [u].[ModifiedByUserId], [u].[ModifiedDateTime], [u].[NationalCode], [u].[NormalizedEmail], [u].[NormalizedUserName], [u].[PasswordHash], [u].[PhoneNumber], [u].[PhoneNumberConfirmed], [u].[PhotoFileName], [u].[PlaceOfBirth], [u].[SecurityStamp], [u].[SsnId], [u].[SsnSerial], [u].[TwoFactorEnabled], [u].[UserName], [u].[UserType]
      FROM [Users] AS [u]
      WHERE [u].[NormalizedEmail] = @__normalizedEmail_0
info: Microsoft.AspNetCore.Mvc.Internal.ControllerActionInvoker[2]
      Executed action method AtiehJobCore.Web.Areas.Identity.Controllers.AccountController.ValidateUsername (AtiehJobCore.Web), returned result Microsoft.AspNetCore.Mvc.JsonResult in 104.6917ms.
info: Microsoft.AspNetCore.Mvc.Formatters.Json.Internal.JsonResultExecutor[1]
      Executing JsonResult, writing value of type 'System.String'.
info: Microsoft.AspNetCore.Mvc.Internal.ControllerActionInvoker[2]
      Executed action AtiehJobCore.Web.Areas.Identity.Controllers.AccountController.ValidateUsername (AtiehJobCore.Web) in 803.8867ms
info: Microsoft.AspNetCore.Routing.EndpointMiddleware[1]
      Executed endpoint 'AtiehJobCore.Web.Areas.Identity.Controllers.AccountController.ValidateUsername (AtiehJobCore.Web)'
info: Microsoft.AspNetCore.Hosting.Internal.WebHost[2]
      Request finished in 829.1278ms 200 application/json; charset=utf-8
info: Microsoft.EntityFrameworkCore.Database.Command[20101]
      Executed DbCommand (78ms) [Parameters=[@__normalizedEmail_0='?' (Size = 256)], CommandType='Text', CommandTimeout='180']
      SELECT TOP(1) [u].[Id], [u].[AccessFailedCount], [u].[ConcurrencyStamp], [u].[CreatedByBrowserName], [u].[CreatedByIp], [u].[CreatedByUserId], [u].[CreatedDateTime], [u].[DateOfBirth], [u].[Email], [u].[EmailConfirmed], [u].[FatherName], [u].[FirstName], [u].[GenderType], [u].[IsActive], [u].[IsDeleted], [u].[IsEmailPublic], [u].[LastName], [u].[LastVisitedDateTime], [u].[LockoutEnabled], [u].[LockoutEnd], [u].[MobileNumber], [u].[ModifiedByBrowserName], [u].[ModifiedByIp], [u].[ModifiedByUserId], [u].[ModifiedDateTime], [u].[NationalCode], [u].[NormalizedEmail], [u].[NormalizedUserName], [u].[PasswordHash], [u].[PhoneNumber], [u].[PhoneNumberConfirmed], [u].[PhotoFileName], [u].[PlaceOfBirth], [u].[SecurityStamp], [u].[SsnId], [u].[SsnSerial], [u].[TwoFactorEnabled], [u].[UserName], [u].[UserType]
      FROM [Users] AS [u]
      WHERE [u].[NormalizedEmail] = @__normalizedEmail_0
info: Microsoft.AspNetCore.Mvc.Internal.ControllerActionInvoker[2]
      Executed action method AtiehJobCore.Web.Areas.Identity.Controllers.AccountController.ValidateUsername (AtiehJobCore.Web), returned result Microsoft.AspNetCore.Mvc.JsonResult in 301.2222ms.
info: Microsoft.AspNetCore.Mvc.Formatters.Json.Internal.JsonResultExecutor[1]
      Executing JsonResult, writing value of type 'System.String'.
info: Microsoft.AspNetCore.Mvc.Internal.ControllerActionInvoker[2]
      Executed action AtiehJobCore.Web.Areas.Identity.Controllers.AccountController.ValidateUsername (AtiehJobCore.Web) in 459.8705ms
info: Microsoft.AspNetCore.Routing.EndpointMiddleware[1]
      Executed endpoint 'AtiehJobCore.Web.Areas.Identity.Controllers.AccountController.ValidateUsername (AtiehJobCore.Web)'
info: Microsoft.AspNetCore.Hosting.Internal.WebHost[2]
      Request finished in 534.9614ms 200 application/json; charset=utf-8
info: Microsoft.AspNetCore.Hosting.Internal.WebHost[1]
      Request starting HTTP/2.0 POST https://localhost:44344/Identity/Account/ValidateUsername application/x-www-form-urlencoded; charset=UTF-8 230
info: Microsoft.AspNetCore.Authentication.Cookies.CookieAuthenticationHandler[7]
      Identity.Application was not authenticated. Failure message: Unprotect ticket failed
info: Microsoft.AspNetCore.Routing.EndpointMiddleware[0]
      Executing endpoint 'AtiehJobCore.Web.Areas.Identity.Controllers.AccountController.ValidateUsername (AtiehJobCore.Web)'
info: Microsoft.AspNetCore.Mvc.Internal.ControllerActionInvoker[1]
      Route matched with {area = "Identity", action = "ValidateUsername", controller = "Account"}. Executing action AtiehJobCore.Web.Areas.Identity.Controllers.AccountController.ValidateUsername (AtiehJobCore.Web)
info: Microsoft.EntityFrameworkCore.Infrastructure[10403]
      Entity Framework Core 2.2.0-rtm-35687 initialized 'AtiehJobCoreDbContext' using provider 'Microsoft.EntityFrameworkCore.SqlServer' with options: MaxPoolSize=128 CommandTimeout=180 
info: Microsoft.AspNetCore.Mvc.Internal.ControllerActionInvoker[1]
      Executing action method AtiehJobCore.Web.Areas.Identity.Controllers.AccountController.ValidateUsername (AtiehJobCore.Web) with arguments (aaa, HamidEmailSender@gmail.com) - Validation state: Valid
info: Microsoft.EntityFrameworkCore.Database.Command[20101]
      Executed DbCommand (55ms) [Parameters=[@__normalizedUserName_0='?' (Size = 256)], CommandType='Text', CommandTimeout='180']
      SELECT TOP(1) [u].[Id], [u].[AccessFailedCount], [u].[ConcurrencyStamp], [u].[CreatedByBrowserName], [u].[CreatedByIp], [u].[CreatedByUserId], [u].[CreatedDateTime], [u].[DateOfBirth], [u].[Email], [u].[EmailConfirmed], [u].[FatherName], [u].[FirstName], [u].[GenderType], [u].[IsActive], [u].[IsDeleted], [u].[IsEmailPublic], [u].[LastName], [u].[LastVisitedDateTime], [u].[LockoutEnabled], [u].[LockoutEnd], [u].[MobileNumber], [u].[ModifiedByBrowserName], [u].[ModifiedByIp], [u].[ModifiedByUserId], [u].[ModifiedDateTime], [u].[NationalCode], [u].[NormalizedEmail], [u].[NormalizedUserName], [u].[PasswordHash], [u].[PhoneNumber], [u].[PhoneNumberConfirmed], [u].[PhotoFileName], [u].[PlaceOfBirth], [u].[SecurityStamp], [u].[SsnId], [u].[SsnSerial], [u].[TwoFactorEnabled], [u].[UserName], [u].[UserType]
      FROM [Users] AS [u]
      WHERE [u].[NormalizedUserName] = @__normalizedUserName_0
info: Microsoft.EntityFrameworkCore.Database.Command[20101]
      Executed DbCommand (97ms) [Parameters=[@__normalizedEmail_0='?' (Size = 256)], CommandType='Text', CommandTimeout='180']
      SELECT TOP(1) [u].[Id], [u].[AccessFailedCount], [u].[ConcurrencyStamp], [u].[CreatedByBrowserName], [u].[CreatedByIp], [u].[CreatedByUserId], [u].[CreatedDateTime], [u].[DateOfBirth], [u].[Email], [u].[EmailConfirmed], [u].[FatherName], [u].[FirstName], [u].[GenderType], [u].[IsActive], [u].[IsDeleted], [u].[IsEmailPublic], [u].[LastName], [u].[LastVisitedDateTime], [u].[LockoutEnabled], [u].[LockoutEnd], [u].[MobileNumber], [u].[ModifiedByBrowserName], [u].[ModifiedByIp], [u].[ModifiedByUserId], [u].[ModifiedDateTime], [u].[NationalCode], [u].[NormalizedEmail], [u].[NormalizedUserName], [u].[PasswordHash], [u].[PhoneNumber], [u].[PhoneNumberConfirmed], [u].[PhotoFileName], [u].[PlaceOfBirth], [u].[SecurityStamp], [u].[SsnId], [u].[SsnSerial], [u].[TwoFactorEnabled], [u].[UserName], [u].[UserType]
      FROM [Users] AS [u]
      WHERE [u].[NormalizedEmail] = @__normalizedEmail_0
info: Microsoft.AspNetCore.Mvc.Internal.ControllerActionInvoker[2]
      Executed action method AtiehJobCore.Web.Areas.Identity.Controllers.AccountController.ValidateUsername (AtiehJobCore.Web), returned result Microsoft.AspNetCore.Mvc.JsonResult in 161.1252ms.
info: Microsoft.AspNetCore.Mvc.Formatters.Json.Internal.JsonResultExecutor[1]
      Executing JsonResult, writing value of type 'System.String'.
info: Microsoft.AspNetCore.Mvc.Internal.ControllerActionInvoker[2]
      Executed action AtiehJobCore.Web.Areas.Identity.Controllers.AccountController.ValidateUsername (AtiehJobCore.Web) in 281.5396ms
info: Microsoft.AspNetCore.Routing.EndpointMiddleware[1]
      Executed endpoint 'AtiehJobCore.Web.Areas.Identity.Controllers.AccountController.ValidateUsername (AtiehJobCore.Web)'
info: Microsoft.AspNetCore.Hosting.Internal.WebHost[2]
      Request finished in 307.847ms 200 application/json; charset=utf-8
info: Microsoft.AspNetCore.Hosting.Internal.WebHost[1]
      Request starting HTTP/2.0 POST https://localhost:44344/Identity/Account/ValidateUsername application/x-www-form-urlencoded; charset=UTF-8 228
info: Microsoft.AspNetCore.Authentication.Cookies.CookieAuthenticationHandler[7]
      Identity.Application was not authenticated. Failure message: Unprotect ticket failed
info: Microsoft.AspNetCore.Routing.EndpointMiddleware[0]
      Executing endpoint 'AtiehJobCore.Web.Areas.Identity.Controllers.AccountController.ValidateUsername (AtiehJobCore.Web)'
info: Microsoft.AspNetCore.Mvc.Internal.ControllerActionInvoker[1]
      Route matched with {area = "Identity", action = "ValidateUsername", controller = "Account"}. Executing action AtiehJobCore.Web.Areas.Identity.Controllers.AccountController.ValidateUsername (AtiehJobCore.Web)
info: Microsoft.AspNetCore.Hosting.Internal.WebHost[1]
      Request starting HTTP/2.0 POST https://localhost:44344/Identity/Account/ValidateUsername application/x-www-form-urlencoded; charset=UTF-8 229
info: Microsoft.AspNetCore.Authentication.Cookies.CookieAuthenticationHandler[7]
      Identity.Application was not authenticated. Failure message: Unprotect ticket failed
info: Microsoft.AspNetCore.Routing.EndpointMiddleware[0]
      Executing endpoint 'AtiehJobCore.Web.Areas.Identity.Controllers.AccountController.ValidateUsername (AtiehJobCore.Web)'
info: Microsoft.AspNetCore.Mvc.Internal.ControllerActionInvoker[1]
      Route matched with {area = "Identity", action = "ValidateUsername", controller = "Account"}. Executing action AtiehJobCore.Web.Areas.Identity.Controllers.AccountController.ValidateUsername (AtiehJobCore.Web)
info: Microsoft.EntityFrameworkCore.Infrastructure[10403]
      Entity Framework Core 2.2.0-rtm-35687 initialized 'AtiehJobCoreDbContext' using provider 'Microsoft.EntityFrameworkCore.SqlServer' with options: MaxPoolSize=128 CommandTimeout=180 
info: Microsoft.AspNetCore.Mvc.Internal.ControllerActionInvoker[1]
      Executing action method AtiehJobCore.Web.Areas.Identity.Controllers.AccountController.ValidateUsername (AtiehJobCore.Web) with arguments (h, HamidEmailSender@gmail.com) - Validation state: Valid
info: Microsoft.AspNetCore.Hosting.Internal.WebHost[1]
      Request starting HTTP/2.0 POST https://localhost:44344/Identity/Account/ValidateUsername application/x-www-form-urlencoded; charset=UTF-8 230
info: Microsoft.AspNetCore.Authentication.Cookies.CookieAuthenticationHandler[7]
      Identity.Application was not authenticated. Failure message: Unprotect ticket failed
info: Microsoft.AspNetCore.Routing.EndpointMiddleware[0]
      Executing endpoint 'AtiehJobCore.Web.Areas.Identity.Controllers.AccountController.ValidateUsername (AtiehJobCore.Web)'
info: Microsoft.AspNetCore.Mvc.Internal.ControllerActionInvoker[1]
      Route matched with {area = "Identity", action = "ValidateUsername", controller = "Account"}. Executing action AtiehJobCore.Web.Areas.Identity.Controllers.AccountController.ValidateUsername (AtiehJobCore.Web)
info: Microsoft.EntityFrameworkCore.Database.Command[20101]
      Executed DbCommand (71ms) [Parameters=[@__normalizedUserName_0='?' (Size = 256)], CommandType='Text', CommandTimeout='180']
      SELECT TOP(1) [u].[Id], [u].[AccessFailedCount], [u].[ConcurrencyStamp], [u].[CreatedByBrowserName], [u].[CreatedByIp], [u].[CreatedByUserId], [u].[CreatedDateTime], [u].[DateOfBirth], [u].[Email], [u].[EmailConfirmed], [u].[FatherName], [u].[FirstName], [u].[GenderType], [u].[IsActive], [u].[IsDeleted], [u].[IsEmailPublic], [u].[LastName], [u].[LastVisitedDateTime], [u].[LockoutEnabled], [u].[LockoutEnd], [u].[MobileNumber], [u].[ModifiedByBrowserName], [u].[ModifiedByIp], [u].[ModifiedByUserId], [u].[ModifiedDateTime], [u].[NationalCode], [u].[NormalizedEmail], [u].[NormalizedUserName], [u].[PasswordHash], [u].[PhoneNumber], [u].[PhoneNumberConfirmed], [u].[PhotoFileName], [u].[PlaceOfBirth], [u].[SecurityStamp], [u].[SsnId], [u].[SsnSerial], [u].[TwoFactorEnabled], [u].[UserName], [u].[UserType]
      FROM [Users] AS [u]
      WHERE [u].[NormalizedUserName] = @__normalizedUserName_0
info: Microsoft.EntityFrameworkCore.Database.Command[20101]
      Executed DbCommand (52ms) [Parameters=[@__normalizedEmail_0='?' (Size = 256)], CommandType='Text', CommandTimeout='180']
      SELECT TOP(1) [u].[Id], [u].[AccessFailedCount], [u].[ConcurrencyStamp], [u].[CreatedByBrowserName], [u].[CreatedByIp], [u].[CreatedByUserId], [u].[CreatedDateTime], [u].[DateOfBirth], [u].[Email], [u].[EmailConfirmed], [u].[FatherName], [u].[FirstName], [u].[GenderType], [u].[IsActive], [u].[IsDeleted], [u].[IsEmailPublic], [u].[LastName], [u].[LastVisitedDateTime], [u].[LockoutEnabled], [u].[LockoutEnd], [u].[MobileNumber], [u].[ModifiedByBrowserName], [u].[ModifiedByIp], [u].[ModifiedByUserId], [u].[ModifiedDateTime], [u].[NationalCode], [u].[NormalizedEmail], [u].[NormalizedUserName], [u].[PasswordHash], [u].[PhoneNumber], [u].[PhoneNumberConfirmed], [u].[PhotoFileName], [u].[PlaceOfBirth], [u].[SecurityStamp], [u].[SsnId], [u].[SsnSerial], [u].[TwoFactorEnabled], [u].[UserName], [u].[UserType]
      FROM [Users] AS [u]
      WHERE [u].[NormalizedEmail] = @__normalizedEmail_0
info: Microsoft.AspNetCore.Mvc.Internal.ControllerActionInvoker[2]
      Executed action method AtiehJobCore.Web.Areas.Identity.Controllers.AccountController.ValidateUsername (AtiehJobCore.Web), returned result Microsoft.AspNetCore.Mvc.JsonResult in 144.698ms.
info: Microsoft.AspNetCore.Mvc.Formatters.Json.Internal.JsonResultExecutor[1]
      Executing JsonResult, writing value of type 'System.String'.
info: Microsoft.AspNetCore.Mvc.Internal.ControllerActionInvoker[2]
      Executed action AtiehJobCore.Web.Areas.Identity.Controllers.AccountController.ValidateUsername (AtiehJobCore.Web) in 374.0113ms
info: Microsoft.AspNetCore.Routing.EndpointMiddleware[1]
      Executed endpoint 'AtiehJobCore.Web.Areas.Identity.Controllers.AccountController.ValidateUsername (AtiehJobCore.Web)'
info: Microsoft.AspNetCore.Hosting.Internal.WebHost[2]
      Request finished in 392.8902ms 200 application/json; charset=utf-8
info: Microsoft.AspNetCore.Hosting.Internal.WebHost[1]
      Request starting HTTP/2.0 POST https://localhost:44344/Identity/Account/ValidateUsername application/x-www-form-urlencoded; charset=UTF-8 231
info: Microsoft.AspNetCore.Authentication.Cookies.CookieAuthenticationHandler[7]
      Identity.Application was not authenticated. Failure message: Unprotect ticket failed
info: Microsoft.AspNetCore.Routing.EndpointMiddleware[0]
      Executing endpoint 'AtiehJobCore.Web.Areas.Identity.Controllers.AccountController.ValidateUsername (AtiehJobCore.Web)'
info: Microsoft.AspNetCore.Mvc.Internal.ControllerActionInvoker[1]
      Route matched with {area = "Identity", action = "ValidateUsername", controller = "Account"}. Executing action AtiehJobCore.Web.Areas.Identity.Controllers.AccountController.ValidateUsername (AtiehJobCore.Web)
info: Microsoft.EntityFrameworkCore.Infrastructure[10403]
      Entity Framework Core 2.2.0-rtm-35687 initialized 'AtiehJobCoreDbContext' using provider 'Microsoft.EntityFrameworkCore.SqlServer' with options: MaxPoolSize=128 CommandTimeout=180 
info: Microsoft.AspNetCore.Mvc.Internal.ControllerActionInvoker[1]
      Executing action method AtiehJobCore.Web.Areas.Identity.Controllers.AccountController.ValidateUsername (AtiehJobCore.Web) with arguments (ha, HamidEmailSender@gmail.com) - Validation state: Valid
info: Microsoft.AspNetCore.Hosting.Internal.WebHost[1]
      Request starting HTTP/2.0 POST https://localhost:44344/Identity/Account/ValidateUsername application/x-www-form-urlencoded; charset=UTF-8 232
info: Microsoft.EntityFrameworkCore.Database.Command[20101]
      Executed DbCommand (88ms) [Parameters=[@__normalizedUserName_0='?' (Size = 256)], CommandType='Text', CommandTimeout='180']
      SELECT TOP(1) [u].[Id], [u].[AccessFailedCount], [u].[ConcurrencyStamp], [u].[CreatedByBrowserName], [u].[CreatedByIp], [u].[CreatedByUserId], [u].[CreatedDateTime], [u].[DateOfBirth], [u].[Email], [u].[EmailConfirmed], [u].[FatherName], [u].[FirstName], [u].[GenderType], [u].[IsActive], [u].[IsDeleted], [u].[IsEmailPublic], [u].[LastName], [u].[LastVisitedDateTime], [u].[LockoutEnabled], [u].[LockoutEnd], [u].[MobileNumber], [u].[ModifiedByBrowserName], [u].[ModifiedByIp], [u].[ModifiedByUserId], [u].[ModifiedDateTime], [u].[NationalCode], [u].[NormalizedEmail], [u].[NormalizedUserName], [u].[PasswordHash], [u].[PhoneNumber], [u].[PhoneNumberConfirmed], [u].[PhotoFileName], [u].[PlaceOfBirth], [u].[SecurityStamp], [u].[SsnId], [u].[SsnSerial], [u].[TwoFactorEnabled], [u].[UserName], [u].[UserType]
      FROM [Users] AS [u]
      WHERE [u].[NormalizedUserName] = @__normalizedUserName_0
info: Microsoft.AspNetCore.Authentication.Cookies.CookieAuthenticationHandler[7]
      Identity.Application was not authenticated. Failure message: Unprotect ticket failed
info: Microsoft.AspNetCore.Routing.EndpointMiddleware[0]
      Executing endpoint 'AtiehJobCore.Web.Areas.Identity.Controllers.AccountController.ValidateUsername (AtiehJobCore.Web)'
info: Microsoft.AspNetCore.Mvc.Internal.ControllerActionInvoker[1]
      Route matched with {area = "Identity", action = "ValidateUsername", controller = "Account"}. Executing action AtiehJobCore.Web.Areas.Identity.Controllers.AccountController.ValidateUsername (AtiehJobCore.Web)
info: Microsoft.EntityFrameworkCore.Database.Command[20101]
      Executed DbCommand (64ms) [Parameters=[@__normalizedEmail_0='?' (Size = 256)], CommandType='Text', CommandTimeout='180']
      SELECT TOP(1) [u].[Id], [u].[AccessFailedCount], [u].[ConcurrencyStamp], [u].[CreatedByBrowserName], [u].[CreatedByIp], [u].[CreatedByUserId], [u].[CreatedDateTime], [u].[DateOfBirth], [u].[Email], [u].[EmailConfirmed], [u].[FatherName], [u].[FirstName], [u].[GenderType], [u].[IsActive], [u].[IsDeleted], [u].[IsEmailPublic], [u].[LastName], [u].[LastVisitedDateTime], [u].[LockoutEnabled], [u].[LockoutEnd], [u].[MobileNumber], [u].[ModifiedByBrowserName], [u].[ModifiedByIp], [u].[ModifiedByUserId], [u].[ModifiedDateTime], [u].[NationalCode], [u].[NormalizedEmail], [u].[NormalizedUserName], [u].[PasswordHash], [u].[PhoneNumber], [u].[PhoneNumberConfirmed], [u].[PhotoFileName], [u].[PlaceOfBirth], [u].[SecurityStamp], [u].[SsnId], [u].[SsnSerial], [u].[TwoFactorEnabled], [u].[UserName], [u].[UserType]
      FROM [Users] AS [u]
      WHERE [u].[NormalizedEmail] = @__normalizedEmail_0
info: Microsoft.AspNetCore.Mvc.Internal.ControllerActionInvoker[2]
      Executed action method AtiehJobCore.Web.Areas.Identity.Controllers.AccountController.ValidateUsername (AtiehJobCore.Web), returned result Microsoft.AspNetCore.Mvc.JsonResult in 165.048ms.
info: Microsoft.AspNetCore.Mvc.Formatters.Json.Internal.JsonResultExecutor[1]
      Executing JsonResult, writing value of type 'System.String'.
info: Microsoft.AspNetCore.Hosting.Internal.WebHost[1]
      Request starting HTTP/2.0 POST https://localhost:44344/Identity/Account/ValidateUsername application/x-www-form-urlencoded; charset=UTF-8 233
info: Microsoft.AspNetCore.Mvc.Internal.ControllerActionInvoker[2]
      Executed action AtiehJobCore.Web.Areas.Identity.Controllers.AccountController.ValidateUsername (AtiehJobCore.Web) in 535.3089ms
info: Microsoft.AspNetCore.Authentication.Cookies.CookieAuthenticationHandler[7]
      Identity.Application was not authenticated. Failure message: Unprotect ticket failed
info: Microsoft.AspNetCore.Routing.EndpointMiddleware[1]
      Executed endpoint 'AtiehJobCore.Web.Areas.Identity.Controllers.AccountController.ValidateUsername (AtiehJobCore.Web)'
info: Microsoft.AspNetCore.Routing.EndpointMiddleware[0]
      Executing endpoint 'AtiehJobCore.Web.Areas.Identity.Controllers.AccountController.ValidateUsername (AtiehJobCore.Web)'
info: Microsoft.AspNetCore.Hosting.Internal.WebHost[2]
      Request finished in 619.2863ms 200 application/json; charset=utf-8
info: Microsoft.AspNetCore.Mvc.Internal.ControllerActionInvoker[1]
      Route matched with {area = "Identity", action = "ValidateUsername", controller = "Account"}. Executing action AtiehJobCore.Web.Areas.Identity.Controllers.AccountController.ValidateUsername (AtiehJobCore.Web)
info: Microsoft.AspNetCore.Hosting.Internal.WebHost[1]
      Request starting HTTP/2.0 POST https://localhost:44344/Identity/Account/ValidateUsername application/x-www-form-urlencoded; charset=UTF-8 234
info: Microsoft.AspNetCore.Authentication.Cookies.CookieAuthenticationHandler[7]
      Identity.Application was not authenticated. Failure message: Unprotect ticket failed
info: Microsoft.AspNetCore.Routing.EndpointMiddleware[0]
      Executing endpoint 'AtiehJobCore.Web.Areas.Identity.Controllers.AccountController.ValidateUsername (AtiehJobCore.Web)'
info: Microsoft.AspNetCore.Mvc.Internal.ControllerActionInvoker[1]
      Route matched with {area = "Identity", action = "ValidateUsername", controller = "Account"}. Executing action AtiehJobCore.Web.Areas.Identity.Controllers.AccountController.ValidateUsername (AtiehJobCore.Web)
info: Microsoft.EntityFrameworkCore.Infrastructure[10403]
      Entity Framework Core 2.2.0-rtm-35687 initialized 'AtiehJobCoreDbContext' using provider 'Microsoft.EntityFrameworkCore.SqlServer' with options: MaxPoolSize=128 CommandTimeout=180 
info: Microsoft.EntityFrameworkCore.Infrastructure[10403]
      Entity Framework Core 2.2.0-rtm-35687 initialized 'AtiehJobCoreDbContext' using provider 'Microsoft.EntityFrameworkCore.SqlServer' with options: MaxPoolSize=128 CommandTimeout=180 
info: Microsoft.AspNetCore.Mvc.Internal.ControllerActionInvoker[1]
      Executing action method AtiehJobCore.Web.Areas.Identity.Controllers.AccountController.ValidateUsername (AtiehJobCore.Web) with arguments (ham, HamidEmailSender@gmail.com) - Validation state: Valid
info: Microsoft.AspNetCore.Mvc.Internal.ControllerActionInvoker[1]
      Executing action method AtiehJobCore.Web.Areas.Identity.Controllers.AccountController.ValidateUsername (AtiehJobCore.Web) with arguments (hami, HamidEmailSender@gmail.com) - Validation state: Valid
info: Microsoft.AspNetCore.Hosting.Internal.WebHost[1]
      Request starting HTTP/2.0 POST https://localhost:44344/Identity/Account/ValidateUsername application/x-www-form-urlencoded; charset=UTF-8 235
info: Microsoft.AspNetCore.Authentication.Cookies.CookieAuthenticationHandler[7]
      Identity.Application was not authenticated. Failure message: Unprotect ticket failed
info: Microsoft.AspNetCore.Routing.EndpointMiddleware[0]
      Executing endpoint 'AtiehJobCore.Web.Areas.Identity.Controllers.AccountController.ValidateUsername (AtiehJobCore.Web)'
info: Microsoft.EntityFrameworkCore.Database.Command[20101]
      Executed DbCommand (99ms) [Parameters=[@__normalizedUserName_0='?' (Size = 256)], CommandType='Text', CommandTimeout='180']
      SELECT TOP(1) [u].[Id], [u].[AccessFailedCount], [u].[ConcurrencyStamp], [u].[CreatedByBrowserName], [u].[CreatedByIp], [u].[CreatedByUserId], [u].[CreatedDateTime], [u].[DateOfBirth], [u].[Email], [u].[EmailConfirmed], [u].[FatherName], [u].[FirstName], [u].[GenderType], [u].[IsActive], [u].[IsDeleted], [u].[IsEmailPublic], [u].[LastName], [u].[LastVisitedDateTime], [u].[LockoutEnabled], [u].[LockoutEnd], [u].[MobileNumber], [u].[ModifiedByBrowserName], [u].[ModifiedByIp], [u].[ModifiedByUserId], [u].[ModifiedDateTime], [u].[NationalCode], [u].[NormalizedEmail], [u].[NormalizedUserName], [u].[PasswordHash], [u].[PhoneNumber], [u].[PhoneNumberConfirmed], [u].[PhotoFileName], [u].[PlaceOfBirth], [u].[SecurityStamp], [u].[SsnId], [u].[SsnSerial], [u].[TwoFactorEnabled], [u].[UserName], [u].[UserType]
      FROM [Users] AS [u]
      WHERE [u].[NormalizedUserName] = @__normalizedUserName_0
info: Microsoft.EntityFrameworkCore.Database.Command[20101]
      Executed DbCommand (105ms) [Parameters=[@__normalizedUserName_0='?' (Size = 256)], CommandType='Text', CommandTimeout='180']
      SELECT TOP(1) [u].[Id], [u].[AccessFailedCount], [u].[ConcurrencyStamp], [u].[CreatedByBrowserName], [u].[CreatedByIp], [u].[CreatedByUserId], [u].[CreatedDateTime], [u].[DateOfBirth], [u].[Email], [u].[EmailConfirmed], [u].[FatherName], [u].[FirstName], [u].[GenderType], [u].[IsActive], [u].[IsDeleted], [u].[IsEmailPublic], [u].[LastName], [u].[LastVisitedDateTime], [u].[LockoutEnabled], [u].[LockoutEnd], [u].[MobileNumber], [u].[ModifiedByBrowserName], [u].[ModifiedByIp], [u].[ModifiedByUserId], [u].[ModifiedDateTime], [u].[NationalCode], [u].[NormalizedEmail], [u].[NormalizedUserName], [u].[PasswordHash], [u].[PhoneNumber], [u].[PhoneNumberConfirmed], [u].[PhotoFileName], [u].[PlaceOfBirth], [u].[SecurityStamp], [u].[SsnId], [u].[SsnSerial], [u].[TwoFactorEnabled], [u].[UserName], [u].[UserType]
      FROM [Users] AS [u]
      WHERE [u].[NormalizedUserName] = @__normalizedUserName_0
info: Microsoft.AspNetCore.Mvc.Internal.ControllerActionInvoker[1]
      Route matched with {area = "Identity", action = "ValidateUsername", controller = "Account"}. Executing action AtiehJobCore.Web.Areas.Identity.Controllers.AccountController.ValidateUsername (AtiehJobCore.Web)
info: Microsoft.EntityFrameworkCore.Database.Command[20101]
      Executed DbCommand (98ms) [Parameters=[@__normalizedEmail_0='?' (Size = 256)], CommandType='Text', CommandTimeout='180']
      SELECT TOP(1) [u].[Id], [u].[AccessFailedCount], [u].[ConcurrencyStamp], [u].[CreatedByBrowserName], [u].[CreatedByIp], [u].[CreatedByUserId], [u].[CreatedDateTime], [u].[DateOfBirth], [u].[Email], [u].[EmailConfirmed], [u].[FatherName], [u].[FirstName], [u].[GenderType], [u].[IsActive], [u].[IsDeleted], [u].[IsEmailPublic], [u].[LastName], [u].[LastVisitedDateTime], [u].[LockoutEnabled], [u].[LockoutEnd], [u].[MobileNumber], [u].[ModifiedByBrowserName], [u].[ModifiedByIp], [u].[ModifiedByUserId], [u].[ModifiedDateTime], [u].[NationalCode], [u].[NormalizedEmail], [u].[NormalizedUserName], [u].[PasswordHash], [u].[PhoneNumber], [u].[PhoneNumberConfirmed], [u].[PhotoFileName], [u].[PlaceOfBirth], [u].[SecurityStamp], [u].[SsnId], [u].[SsnSerial], [u].[TwoFactorEnabled], [u].[UserName], [u].[UserType]
      FROM [Users] AS [u]
      WHERE [u].[NormalizedEmail] = @__normalizedEmail_0
info: Microsoft.AspNetCore.Mvc.Internal.ControllerActionInvoker[2]
      Executed action method AtiehJobCore.Web.Areas.Identity.Controllers.AccountController.ValidateUsername (AtiehJobCore.Web), returned result Microsoft.AspNetCore.Mvc.JsonResult in 237.3752ms.
info: Microsoft.AspNetCore.Mvc.Formatters.Json.Internal.JsonResultExecutor[1]
      Executing JsonResult, writing value of type 'System.String'.
info: Microsoft.EntityFrameworkCore.Database.Command[20101]
      Executed DbCommand (59ms) [Parameters=[@__normalizedEmail_0='?' (Size = 256)], CommandType='Text', CommandTimeout='180']
      SELECT TOP(1) [u].[Id], [u].[AccessFailedCount], [u].[ConcurrencyStamp], [u].[CreatedByBrowserName], [u].[CreatedByIp], [u].[CreatedByUserId], [u].[CreatedDateTime], [u].[DateOfBirth], [u].[Email], [u].[EmailConfirmed], [u].[FatherName], [u].[FirstName], [u].[GenderType], [u].[IsActive], [u].[IsDeleted], [u].[IsEmailPublic], [u].[LastName], [u].[LastVisitedDateTime], [u].[LockoutEnabled], [u].[LockoutEnd], [u].[MobileNumber], [u].[ModifiedByBrowserName], [u].[ModifiedByIp], [u].[ModifiedByUserId], [u].[ModifiedDateTime], [u].[NationalCode], [u].[NormalizedEmail], [u].[NormalizedUserName], [u].[PasswordHash], [u].[PhoneNumber], [u].[PhoneNumberConfirmed], [u].[PhotoFileName], [u].[PlaceOfBirth], [u].[SecurityStamp], [u].[SsnId], [u].[SsnSerial], [u].[TwoFactorEnabled], [u].[UserName], [u].[UserType]
      FROM [Users] AS [u]
      WHERE [u].[NormalizedEmail] = @__normalizedEmail_0
info: Microsoft.AspNetCore.Mvc.Internal.ControllerActionInvoker[2]
      Executed action AtiehJobCore.Web.Areas.Identity.Controllers.AccountController.ValidateUsername (AtiehJobCore.Web) in 832.2175ms
info: Microsoft.AspNetCore.Hosting.Internal.WebHost[1]
      Request starting HTTP/2.0 POST https://localhost:44344/Identity/Account/ValidateUsername application/x-www-form-urlencoded; charset=UTF-8 235
info: Microsoft.AspNetCore.Mvc.Internal.ControllerActionInvoker[2]
      Executed action method AtiehJobCore.Web.Areas.Identity.Controllers.AccountController.ValidateUsername (AtiehJobCore.Web), returned result Microsoft.AspNetCore.Mvc.JsonResult in 355.0821ms.
info: Microsoft.AspNetCore.Mvc.Formatters.Json.Internal.JsonResultExecutor[1]
      Executing JsonResult, writing value of type 'System.String'.
info: Microsoft.AspNetCore.Authentication.Cookies.CookieAuthenticationHandler[7]
      Identity.Application was not authenticated. Failure message: Unprotect ticket failed
info: Microsoft.AspNetCore.Routing.EndpointMiddleware[1]
      Executed endpoint 'AtiehJobCore.Web.Areas.Identity.Controllers.AccountController.ValidateUsername (AtiehJobCore.Web)'
info: Microsoft.AspNetCore.Mvc.Internal.ControllerActionInvoker[2]
      Executed action AtiehJobCore.Web.Areas.Identity.Controllers.AccountController.ValidateUsername (AtiehJobCore.Web) in 1004.6757ms
info: Microsoft.AspNetCore.Routing.EndpointMiddleware[0]
      Executing endpoint 'AtiehJobCore.Web.Areas.Identity.Controllers.AccountController.ValidateUsername (AtiehJobCore.Web)'
info: Microsoft.AspNetCore.Routing.EndpointMiddleware[1]
      Executed endpoint 'AtiehJobCore.Web.Areas.Identity.Controllers.AccountController.ValidateUsername (AtiehJobCore.Web)'
info: Microsoft.AspNetCore.Mvc.Internal.ControllerActionInvoker[1]
      Route matched with {area = "Identity", action = "ValidateUsername", controller = "Account"}. Executing action AtiehJobCore.Web.Areas.Identity.Controllers.AccountController.ValidateUsername (AtiehJobCore.Web)
info: Microsoft.AspNetCore.Hosting.Internal.WebHost[2]
      Request finished in 1069.3255ms 200 application/json; charset=utf-8
info: Microsoft.AspNetCore.Hosting.Internal.WebHost[2]
      Request finished in 966.6853ms 200 application/json; charset=utf-8
info: Microsoft.EntityFrameworkCore.Infrastructure[10403]
      Entity Framework Core 2.2.0-rtm-35687 initialized 'AtiehJobCoreDbContext' using provider 'Microsoft.EntityFrameworkCore.SqlServer' with options: MaxPoolSize=128 CommandTimeout=180 
info: Microsoft.AspNetCore.Mvc.Internal.ControllerActionInvoker[1]
      Executing action method AtiehJobCore.Web.Areas.Identity.Controllers.AccountController.ValidateUsername (AtiehJobCore.Web) with arguments (hamidn, HamidEmailSender@gmail.com) - Validation state: Valid
info: Microsoft.EntityFrameworkCore.Database.Command[20101]
      Executed DbCommand (56ms) [Parameters=[@__normalizedUserName_0='?' (Size = 256)], CommandType='Text', CommandTimeout='180']
      SELECT TOP(1) [u].[Id], [u].[AccessFailedCount], [u].[ConcurrencyStamp], [u].[CreatedByBrowserName], [u].[CreatedByIp], [u].[CreatedByUserId], [u].[CreatedDateTime], [u].[DateOfBirth], [u].[Email], [u].[EmailConfirmed], [u].[FatherName], [u].[FirstName], [u].[GenderType], [u].[IsActive], [u].[IsDeleted], [u].[IsEmailPublic], [u].[LastName], [u].[LastVisitedDateTime], [u].[LockoutEnabled], [u].[LockoutEnd], [u].[MobileNumber], [u].[ModifiedByBrowserName], [u].[ModifiedByIp], [u].[ModifiedByUserId], [u].[ModifiedDateTime], [u].[NationalCode], [u].[NormalizedEmail], [u].[NormalizedUserName], [u].[PasswordHash], [u].[PhoneNumber], [u].[PhoneNumberConfirmed], [u].[PhotoFileName], [u].[PlaceOfBirth], [u].[SecurityStamp], [u].[SsnId], [u].[SsnSerial], [u].[TwoFactorEnabled], [u].[UserName], [u].[UserType]
      FROM [Users] AS [u]
      WHERE [u].[NormalizedUserName] = @__normalizedUserName_0
info: Microsoft.EntityFrameworkCore.Database.Command[20101]
      Executed DbCommand (55ms) [Parameters=[@__normalizedEmail_0='?' (Size = 256)], CommandType='Text', CommandTimeout='180']
      SELECT TOP(1) [u].[Id], [u].[AccessFailedCount], [u].[ConcurrencyStamp], [u].[CreatedByBrowserName], [u].[CreatedByIp], [u].[CreatedByUserId], [u].[CreatedDateTime], [u].[DateOfBirth], [u].[Email], [u].[EmailConfirmed], [u].[FatherName], [u].[FirstName], [u].[GenderType], [u].[IsActive], [u].[IsDeleted], [u].[IsEmailPublic], [u].[LastName], [u].[LastVisitedDateTime], [u].[LockoutEnabled], [u].[LockoutEnd], [u].[MobileNumber], [u].[ModifiedByBrowserName], [u].[ModifiedByIp], [u].[ModifiedByUserId], [u].[ModifiedDateTime], [u].[NationalCode], [u].[NormalizedEmail], [u].[NormalizedUserName], [u].[PasswordHash], [u].[PhoneNumber], [u].[PhoneNumberConfirmed], [u].[PhotoFileName], [u].[PlaceOfBirth], [u].[SecurityStamp], [u].[SsnId], [u].[SsnSerial], [u].[TwoFactorEnabled], [u].[UserName], [u].[UserType]
      FROM [Users] AS [u]
      WHERE [u].[NormalizedEmail] = @__normalizedEmail_0
info: Microsoft.AspNetCore.Mvc.Internal.ControllerActionInvoker[2]
      Executed action method AtiehJobCore.Web.Areas.Identity.Controllers.AccountController.ValidateUsername (AtiehJobCore.Web), returned result Microsoft.AspNetCore.Mvc.JsonResult in 139.7611ms.
info: Microsoft.AspNetCore.Mvc.Formatters.Json.Internal.JsonResultExecutor[1]
      Executing JsonResult, writing value of type 'System.String'.
info: Microsoft.AspNetCore.Mvc.Internal.ControllerActionInvoker[2]
      Executed action AtiehJobCore.Web.Areas.Identity.Controllers.AccountController.ValidateUsername (AtiehJobCore.Web) in 845.903ms
info: Microsoft.AspNetCore.Routing.EndpointMiddleware[1]
      Executed endpoint 'AtiehJobCore.Web.Areas.Identity.Controllers.AccountController.ValidateUsername (AtiehJobCore.Web)'
info: Microsoft.AspNetCore.Hosting.Internal.WebHost[2]
      Request finished in 949.5136ms 200 application/json; charset=utf-8
info: Microsoft.EntityFrameworkCore.Infrastructure[10403]
      Entity Framework Core 2.2.0-rtm-35687 initialized 'AtiehJobCoreDbContext' using provider 'Microsoft.EntityFrameworkCore.SqlServer' with options: MaxPoolSize=128 CommandTimeout=180 
info: Microsoft.AspNetCore.Mvc.Internal.ControllerActionInvoker[1]
      Executing action method AtiehJobCore.Web.Areas.Identity.Controllers.AccountController.ValidateUsername (AtiehJobCore.Web) with arguments (hamid, HamidEmailSender@gmail.com) - Validation state: Valid
info: Microsoft.EntityFrameworkCore.Infrastructure[10403]
      Entity Framework Core 2.2.0-rtm-35687 initialized 'AtiehJobCoreDbContext' using provider 'Microsoft.EntityFrameworkCore.SqlServer' with options: MaxPoolSize=128 CommandTimeout=180 
info: Microsoft.EntityFrameworkCore.Database.Command[20101]
      Executed DbCommand (53ms) [Parameters=[@__normalizedUserName_0='?' (Size = 256)], CommandType='Text', CommandTimeout='180']
      SELECT TOP(1) [u].[Id], [u].[AccessFailedCount], [u].[ConcurrencyStamp], [u].[CreatedByBrowserName], [u].[CreatedByIp], [u].[CreatedByUserId], [u].[CreatedDateTime], [u].[DateOfBirth], [u].[Email], [u].[EmailConfirmed], [u].[FatherName], [u].[FirstName], [u].[GenderType], [u].[IsActive], [u].[IsDeleted], [u].[IsEmailPublic], [u].[LastName], [u].[LastVisitedDateTime], [u].[LockoutEnabled], [u].[LockoutEnd], [u].[MobileNumber], [u].[ModifiedByBrowserName], [u].[ModifiedByIp], [u].[ModifiedByUserId], [u].[ModifiedDateTime], [u].[NationalCode], [u].[NormalizedEmail], [u].[NormalizedUserName], [u].[PasswordHash], [u].[PhoneNumber], [u].[PhoneNumberConfirmed], [u].[PhotoFileName], [u].[PlaceOfBirth], [u].[SecurityStamp], [u].[SsnId], [u].[SsnSerial], [u].[TwoFactorEnabled], [u].[UserName], [u].[UserType]
      FROM [Users] AS [u]
      WHERE [u].[NormalizedUserName] = @__normalizedUserName_0
info: Microsoft.AspNetCore.Mvc.Internal.ControllerActionInvoker[1]
      Executing action method AtiehJobCore.Web.Areas.Identity.Controllers.AccountController.ValidateUsername (AtiehJobCore.Web) with arguments (hamidnc, HamidEmailSender@gmail.com) - Validation state: Valid
info: Microsoft.EntityFrameworkCore.Database.Command[20101]
      Executed DbCommand (82ms) [Parameters=[@__normalizedEmail_0='?' (Size = 256)], CommandType='Text', CommandTimeout='180']
      SELECT TOP(1) [u].[Id], [u].[AccessFailedCount], [u].[ConcurrencyStamp], [u].[CreatedByBrowserName], [u].[CreatedByIp], [u].[CreatedByUserId], [u].[CreatedDateTime], [u].[DateOfBirth], [u].[Email], [u].[EmailConfirmed], [u].[FatherName], [u].[FirstName], [u].[GenderType], [u].[IsActive], [u].[IsDeleted], [u].[IsEmailPublic], [u].[LastName], [u].[LastVisitedDateTime], [u].[LockoutEnabled], [u].[LockoutEnd], [u].[MobileNumber], [u].[ModifiedByBrowserName], [u].[ModifiedByIp], [u].[ModifiedByUserId], [u].[ModifiedDateTime], [u].[NationalCode], [u].[NormalizedEmail], [u].[NormalizedUserName], [u].[PasswordHash], [u].[PhoneNumber], [u].[PhoneNumberConfirmed], [u].[PhotoFileName], [u].[PlaceOfBirth], [u].[SecurityStamp], [u].[SsnId], [u].[SsnSerial], [u].[TwoFactorEnabled], [u].[UserName], [u].[UserType]
      FROM [Users] AS [u]
      WHERE [u].[NormalizedEmail] = @__normalizedEmail_0
info: Microsoft.EntityFrameworkCore.Database.Command[20101]
      Executed DbCommand (85ms) [Parameters=[@__normalizedUserName_0='?' (Size = 256)], CommandType='Text', CommandTimeout='180']
      SELECT TOP(1) [u].[Id], [u].[AccessFailedCount], [u].[ConcurrencyStamp], [u].[CreatedByBrowserName], [u].[CreatedByIp], [u].[CreatedByUserId], [u].[CreatedDateTime], [u].[DateOfBirth], [u].[Email], [u].[EmailConfirmed], [u].[FatherName], [u].[FirstName], [u].[GenderType], [u].[IsActive], [u].[IsDeleted], [u].[IsEmailPublic], [u].[LastName], [u].[LastVisitedDateTime], [u].[LockoutEnabled], [u].[LockoutEnd], [u].[MobileNumber], [u].[ModifiedByBrowserName], [u].[ModifiedByIp], [u].[ModifiedByUserId], [u].[ModifiedDateTime], [u].[NationalCode], [u].[NormalizedEmail], [u].[NormalizedUserName], [u].[PasswordHash], [u].[PhoneNumber], [u].[PhoneNumberConfirmed], [u].[PhotoFileName], [u].[PlaceOfBirth], [u].[SecurityStamp], [u].[SsnId], [u].[SsnSerial], [u].[TwoFactorEnabled], [u].[UserName], [u].[UserType]
      FROM [Users] AS [u]
      WHERE [u].[NormalizedUserName] = @__normalizedUserName_0
info: Microsoft.AspNetCore.Mvc.Internal.ControllerActionInvoker[2]
      Executed action method AtiehJobCore.Web.Areas.Identity.Controllers.AccountController.ValidateUsername (AtiehJobCore.Web), returned result Microsoft.AspNetCore.Mvc.JsonResult in 177.2426ms.
info: Microsoft.AspNetCore.Mvc.Formatters.Json.Internal.JsonResultExecutor[1]
      Executing JsonResult, writing value of type 'System.String'.
info: Microsoft.AspNetCore.Mvc.Internal.ControllerActionInvoker[2]
      Executed action AtiehJobCore.Web.Areas.Identity.Controllers.AccountController.ValidateUsername (AtiehJobCore.Web) in 1296.1132ms
info: Microsoft.AspNetCore.Routing.EndpointMiddleware[1]
      Executed endpoint 'AtiehJobCore.Web.Areas.Identity.Controllers.AccountController.ValidateUsername (AtiehJobCore.Web)'
info: Microsoft.AspNetCore.Hosting.Internal.WebHost[2]
      Request finished in 1471.6173ms 200 application/json; charset=utf-8
info: Microsoft.EntityFrameworkCore.Database.Command[20101]
      Executed DbCommand (106ms) [Parameters=[@__normalizedEmail_0='?' (Size = 256)], CommandType='Text', CommandTimeout='180']
      SELECT TOP(1) [u].[Id], [u].[AccessFailedCount], [u].[ConcurrencyStamp], [u].[CreatedByBrowserName], [u].[CreatedByIp], [u].[CreatedByUserId], [u].[CreatedDateTime], [u].[DateOfBirth], [u].[Email], [u].[EmailConfirmed], [u].[FatherName], [u].[FirstName], [u].[GenderType], [u].[IsActive], [u].[IsDeleted], [u].[IsEmailPublic], [u].[LastName], [u].[LastVisitedDateTime], [u].[LockoutEnabled], [u].[LockoutEnd], [u].[MobileNumber], [u].[ModifiedByBrowserName], [u].[ModifiedByIp], [u].[ModifiedByUserId], [u].[ModifiedDateTime], [u].[NationalCode], [u].[NormalizedEmail], [u].[NormalizedUserName], [u].[PasswordHash], [u].[PhoneNumber], [u].[PhoneNumberConfirmed], [u].[PhotoFileName], [u].[PlaceOfBirth], [u].[SecurityStamp], [u].[SsnId], [u].[SsnSerial], [u].[TwoFactorEnabled], [u].[UserName], [u].[UserType]
      FROM [Users] AS [u]
      WHERE [u].[NormalizedEmail] = @__normalizedEmail_0
info: Microsoft.AspNetCore.Mvc.Internal.ControllerActionInvoker[2]
      Executed action method AtiehJobCore.Web.Areas.Identity.Controllers.AccountController.ValidateUsername (AtiehJobCore.Web), returned result Microsoft.AspNetCore.Mvc.JsonResult in 229.2971ms.
info: Microsoft.AspNetCore.Mvc.Formatters.Json.Internal.JsonResultExecutor[1]
      Executing JsonResult, writing value of type 'System.String'.
info: Microsoft.AspNetCore.Mvc.Internal.ControllerActionInvoker[2]
      Executed action AtiehJobCore.Web.Areas.Identity.Controllers.AccountController.ValidateUsername (AtiehJobCore.Web) in 1241.2728ms
info: Microsoft.AspNetCore.Routing.EndpointMiddleware[1]
      Executed endpoint 'AtiehJobCore.Web.Areas.Identity.Controllers.AccountController.ValidateUsername (AtiehJobCore.Web)'
info: Microsoft.AspNetCore.Hosting.Internal.WebHost[2]
      Request finished in 1278.3495ms 200 application/json; charset=utf-8
info: Microsoft.EntityFrameworkCore.Infrastructure[10403]
      Entity Framework Core 2.2.0-rtm-35687 initialized 'AtiehJobCoreDbContext' using provider 'Microsoft.EntityFrameworkCore.SqlServer' with options: MaxPoolSize=128 CommandTimeout=180 
info: Microsoft.AspNetCore.Mvc.Internal.ControllerActionInvoker[1]
      Executing action method AtiehJobCore.Web.Areas.Identity.Controllers.AccountController.ValidateUsername (AtiehJobCore.Web) with arguments (hamidnch, HamidEmailSender@gmail.com) - Validation state: Valid
info: Microsoft.EntityFrameworkCore.Database.Command[20101]
      Executed DbCommand (56ms) [Parameters=[@__normalizedUserName_0='?' (Size = 256)], CommandType='Text', CommandTimeout='180']
      SELECT TOP(1) [u].[Id], [u].[AccessFailedCount], [u].[ConcurrencyStamp], [u].[CreatedByBrowserName], [u].[CreatedByIp], [u].[CreatedByUserId], [u].[CreatedDateTime], [u].[DateOfBirth], [u].[Email], [u].[EmailConfirmed], [u].[FatherName], [u].[FirstName], [u].[GenderType], [u].[IsActive], [u].[IsDeleted], [u].[IsEmailPublic], [u].[LastName], [u].[LastVisitedDateTime], [u].[LockoutEnabled], [u].[LockoutEnd], [u].[MobileNumber], [u].[ModifiedByBrowserName], [u].[ModifiedByIp], [u].[ModifiedByUserId], [u].[ModifiedDateTime], [u].[NationalCode], [u].[NormalizedEmail], [u].[NormalizedUserName], [u].[PasswordHash], [u].[PhoneNumber], [u].[PhoneNumberConfirmed], [u].[PhotoFileName], [u].[PlaceOfBirth], [u].[SecurityStamp], [u].[SsnId], [u].[SsnSerial], [u].[TwoFactorEnabled], [u].[UserName], [u].[UserType]
      FROM [Users] AS [u]
      WHERE [u].[NormalizedUserName] = @__normalizedUserName_0
info: Microsoft.EntityFrameworkCore.Database.Command[20101]
      Executed DbCommand (77ms) [Parameters=[@__normalizedEmail_0='?' (Size = 256)], CommandType='Text', CommandTimeout='180']
      SELECT TOP(1) [u].[Id], [u].[AccessFailedCount], [u].[ConcurrencyStamp], [u].[CreatedByBrowserName], [u].[CreatedByIp], [u].[CreatedByUserId], [u].[CreatedDateTime], [u].[DateOfBirth], [u].[Email], [u].[EmailConfirmed], [u].[FatherName], [u].[FirstName], [u].[GenderType], [u].[IsActive], [u].[IsDeleted], [u].[IsEmailPublic], [u].[LastName], [u].[LastVisitedDateTime], [u].[LockoutEnabled], [u].[LockoutEnd], [u].[MobileNumber], [u].[ModifiedByBrowserName], [u].[ModifiedByIp], [u].[ModifiedByUserId], [u].[ModifiedDateTime], [u].[NationalCode], [u].[NormalizedEmail], [u].[NormalizedUserName], [u].[PasswordHash], [u].[PhoneNumber], [u].[PhoneNumberConfirmed], [u].[PhotoFileName], [u].[PlaceOfBirth], [u].[SecurityStamp], [u].[SsnId], [u].[SsnSerial], [u].[TwoFactorEnabled], [u].[UserName], [u].[UserType]
      FROM [Users] AS [u]
      WHERE [u].[NormalizedEmail] = @__normalizedEmail_0
info: Microsoft.AspNetCore.Mvc.Internal.ControllerActionInvoker[2]
      Executed action method AtiehJobCore.Web.Areas.Identity.Controllers.AccountController.ValidateUsername (AtiehJobCore.Web), returned result Microsoft.AspNetCore.Mvc.JsonResult in 161.7073ms.
info: Microsoft.AspNetCore.Mvc.Formatters.Json.Internal.JsonResultExecutor[1]
      Executing JsonResult, writing value of type 'System.String'.
info: Microsoft.AspNetCore.Mvc.Internal.ControllerActionInvoker[2]
      Executed action AtiehJobCore.Web.Areas.Identity.Controllers.AccountController.ValidateUsername (AtiehJobCore.Web) in 1248.6629ms
info: Microsoft.AspNetCore.Routing.EndpointMiddleware[1]
      Executed endpoint 'AtiehJobCore.Web.Areas.Identity.Controllers.AccountController.ValidateUsername (AtiehJobCore.Web)'
info: Microsoft.AspNetCore.Hosting.Internal.WebHost[2]
      Request finished in 1455.4614ms 200 application/json; charset=utf-8
info: Microsoft.EntityFrameworkCore.Infrastructure[10403]
      Entity Framework Core 2.2.0-rtm-35687 initialized 'AtiehJobCoreDbContext' using provider 'Microsoft.EntityFrameworkCore.SqlServer' with options: MaxPoolSize=128 CommandTimeout=180 
info: Microsoft.AspNetCore.Mvc.Internal.ControllerActionInvoker[1]
      Executing action method AtiehJobCore.Web.Areas.Identity.Controllers.AccountController.ValidateUsername (AtiehJobCore.Web) with arguments (hamidnch, HamidEmailSender@gmail.com) - Validation state: Valid
info: Microsoft.EntityFrameworkCore.Database.Command[20101]
      Executed DbCommand (45ms) [Parameters=[@__normalizedUserName_0='?' (Size = 256)], CommandType='Text', CommandTimeout='180']
      SELECT TOP(1) [u].[Id], [u].[AccessFailedCount], [u].[ConcurrencyStamp], [u].[CreatedByBrowserName], [u].[CreatedByIp], [u].[CreatedByUserId], [u].[CreatedDateTime], [u].[DateOfBirth], [u].[Email], [u].[EmailConfirmed], [u].[FatherName], [u].[FirstName], [u].[GenderType], [u].[IsActive], [u].[IsDeleted], [u].[IsEmailPublic], [u].[LastName], [u].[LastVisitedDateTime], [u].[LockoutEnabled], [u].[LockoutEnd], [u].[MobileNumber], [u].[ModifiedByBrowserName], [u].[ModifiedByIp], [u].[ModifiedByUserId], [u].[ModifiedDateTime], [u].[NationalCode], [u].[NormalizedEmail], [u].[NormalizedUserName], [u].[PasswordHash], [u].[PhoneNumber], [u].[PhoneNumberConfirmed], [u].[PhotoFileName], [u].[PlaceOfBirth], [u].[SecurityStamp], [u].[SsnId], [u].[SsnSerial], [u].[TwoFactorEnabled], [u].[UserName], [u].[UserType]
      FROM [Users] AS [u]
      WHERE [u].[NormalizedUserName] = @__normalizedUserName_0
info: Microsoft.EntityFrameworkCore.Database.Command[20101]
      Executed DbCommand (50ms) [Parameters=[@__normalizedEmail_0='?' (Size = 256)], CommandType='Text', CommandTimeout='180']
      SELECT TOP(1) [u].[Id], [u].[AccessFailedCount], [u].[ConcurrencyStamp], [u].[CreatedByBrowserName], [u].[CreatedByIp], [u].[CreatedByUserId], [u].[CreatedDateTime], [u].[DateOfBirth], [u].[Email], [u].[EmailConfirmed], [u].[FatherName], [u].[FirstName], [u].[GenderType], [u].[IsActive], [u].[IsDeleted], [u].[IsEmailPublic], [u].[LastName], [u].[LastVisitedDateTime], [u].[LockoutEnabled], [u].[LockoutEnd], [u].[MobileNumber], [u].[ModifiedByBrowserName], [u].[ModifiedByIp], [u].[ModifiedByUserId], [u].[ModifiedDateTime], [u].[NationalCode], [u].[NormalizedEmail], [u].[NormalizedUserName], [u].[PasswordHash], [u].[PhoneNumber], [u].[PhoneNumberConfirmed], [u].[PhotoFileName], [u].[PlaceOfBirth], [u].[SecurityStamp], [u].[SsnId], [u].[SsnSerial], [u].[TwoFactorEnabled], [u].[UserName], [u].[UserType]
      FROM [Users] AS [u]
      WHERE [u].[NormalizedEmail] = @__normalizedEmail_0
info: Microsoft.AspNetCore.Mvc.Internal.ControllerActionInvoker[2]
      Executed action method AtiehJobCore.Web.Areas.Identity.Controllers.AccountController.ValidateUsername (AtiehJobCore.Web), returned result Microsoft.AspNetCore.Mvc.JsonResult in 102.5598ms.
info: Microsoft.AspNetCore.Mvc.Formatters.Json.Internal.JsonResultExecutor[1]
      Executing JsonResult, writing value of type 'System.String'.
info: Microsoft.AspNetCore.Mvc.Internal.ControllerActionInvoker[2]
      Executed action AtiehJobCore.Web.Areas.Identity.Controllers.AccountController.ValidateUsername (AtiehJobCore.Web) in 1176.1125ms
info: Microsoft.AspNetCore.Routing.EndpointMiddleware[1]
      Executed endpoint 'AtiehJobCore.Web.Areas.Identity.Controllers.AccountController.ValidateUsername (AtiehJobCore.Web)'
info: Microsoft.AspNetCore.Hosting.Internal.WebHost[2]
      Request finished in 1285.6251ms 200 application/json; charset=utf-8
info: Microsoft.AspNetCore.Hosting.Internal.WebHost[1]
      Request starting HTTP/2.0 POST https://localhost:44344/Identity/Account/ValidateUsername application/x-www-form-urlencoded; charset=UTF-8 207
info: Microsoft.AspNetCore.Authentication.Cookies.CookieAuthenticationHandler[7]
      Identity.Application was not authenticated. Failure message: Unprotect ticket failed
info: Microsoft.AspNetCore.Routing.EndpointMiddleware[0]
      Executing endpoint 'AtiehJobCore.Web.Areas.Identity.Controllers.AccountController.ValidateUsername (AtiehJobCore.Web)'
info: Microsoft.AspNetCore.Mvc.Internal.ControllerActionInvoker[1]
      Route matched with {area = "Identity", action = "ValidateUsername", controller = "Account"}. Executing action AtiehJobCore.Web.Areas.Identity.Controllers.AccountController.ValidateUsername (AtiehJobCore.Web)
info: Microsoft.EntityFrameworkCore.Infrastructure[10403]
      Entity Framework Core 2.2.0-rtm-35687 initialized 'AtiehJobCoreDbContext' using provider 'Microsoft.EntityFrameworkCore.SqlServer' with options: MaxPoolSize=128 CommandTimeout=180 
info: Microsoft.AspNetCore.Mvc.Internal.ControllerActionInvoker[1]
      Executing action method AtiehJobCore.Web.Areas.Identity.Controllers.AccountController.ValidateUsername (AtiehJobCore.Web) with arguments (hamidnch, ) - Validation state: Valid
info: Microsoft.EntityFrameworkCore.Database.Command[20101]
      Executed DbCommand (45ms) [Parameters=[@__normalizedUserName_0='?' (Size = 256)], CommandType='Text', CommandTimeout='180']
      SELECT TOP(1) [u].[Id], [u].[AccessFailedCount], [u].[ConcurrencyStamp], [u].[CreatedByBrowserName], [u].[CreatedByIp], [u].[CreatedByUserId], [u].[CreatedDateTime], [u].[DateOfBirth], [u].[Email], [u].[EmailConfirmed], [u].[FatherName], [u].[FirstName], [u].[GenderType], [u].[IsActive], [u].[IsDeleted], [u].[IsEmailPublic], [u].[LastName], [u].[LastVisitedDateTime], [u].[LockoutEnabled], [u].[LockoutEnd], [u].[MobileNumber], [u].[ModifiedByBrowserName], [u].[ModifiedByIp], [u].[ModifiedByUserId], [u].[ModifiedDateTime], [u].[NationalCode], [u].[NormalizedEmail], [u].[NormalizedUserName], [u].[PasswordHash], [u].[PhoneNumber], [u].[PhoneNumberConfirmed], [u].[PhotoFileName], [u].[PlaceOfBirth], [u].[SecurityStamp], [u].[SsnId], [u].[SsnSerial], [u].[TwoFactorEnabled], [u].[UserName], [u].[UserType]
      FROM [Users] AS [u]
      WHERE [u].[NormalizedUserName] = @__normalizedUserName_0
info: Microsoft.AspNetCore.Mvc.Internal.ControllerActionInvoker[2]
      Executed action method AtiehJobCore.Web.Areas.Identity.Controllers.AccountController.ValidateUsername (AtiehJobCore.Web), returned result Microsoft.AspNetCore.Mvc.JsonResult in 48.1435ms.
info: Microsoft.AspNetCore.Mvc.Formatters.Json.Internal.JsonResultExecutor[1]
      Executing JsonResult, writing value of type 'System.String'.
info: Microsoft.AspNetCore.Mvc.Internal.ControllerActionInvoker[2]
      Executed action AtiehJobCore.Web.Areas.Identity.Controllers.AccountController.ValidateUsername (AtiehJobCore.Web) in 178.112ms
info: Microsoft.AspNetCore.Routing.EndpointMiddleware[1]
      Executed endpoint 'AtiehJobCore.Web.Areas.Identity.Controllers.AccountController.ValidateUsername (AtiehJobCore.Web)'
info: Microsoft.AspNetCore.Hosting.Internal.WebHost[2]
      Request finished in 195.976ms 200 application/json; charset=utf-8
info: Microsoft.AspNetCore.Hosting.Internal.WebHost[1]
      Request starting HTTP/2.0 POST https://localhost:44344/Identity/Account/ValidateUsername application/x-www-form-urlencoded; charset=UTF-8 206
info: Microsoft.AspNetCore.Authentication.Cookies.CookieAuthenticationHandler[7]
      Identity.Application was not authenticated. Failure message: Unprotect ticket failed
info: Microsoft.AspNetCore.Routing.EndpointMiddleware[0]
      Executing endpoint 'AtiehJobCore.Web.Areas.Identity.Controllers.AccountController.ValidateUsername (AtiehJobCore.Web)'
info: Microsoft.AspNetCore.Mvc.Internal.ControllerActionInvoker[1]
      Route matched with {area = "Identity", action = "ValidateUsername", controller = "Account"}. Executing action AtiehJobCore.Web.Areas.Identity.Controllers.AccountController.ValidateUsername (AtiehJobCore.Web)
info: Microsoft.EntityFrameworkCore.Infrastructure[10403]
      Entity Framework Core 2.2.0-rtm-35687 initialized 'AtiehJobCoreDbContext' using provider 'Microsoft.EntityFrameworkCore.SqlServer' with options: MaxPoolSize=128 CommandTimeout=180 
info: Microsoft.AspNetCore.Mvc.Internal.ControllerActionInvoker[1]
      Executing action method AtiehJobCore.Web.Areas.Identity.Controllers.AccountController.ValidateUsername (AtiehJobCore.Web) with arguments (hamidch, ) - Validation state: Valid
info: Microsoft.EntityFrameworkCore.Database.Command[20101]
      Executed DbCommand (40ms) [Parameters=[@__normalizedUserName_0='?' (Size = 256)], CommandType='Text', CommandTimeout='180']
      SELECT TOP(1) [u].[Id], [u].[AccessFailedCount], [u].[ConcurrencyStamp], [u].[CreatedByBrowserName], [u].[CreatedByIp], [u].[CreatedByUserId], [u].[CreatedDateTime], [u].[DateOfBirth], [u].[Email], [u].[EmailConfirmed], [u].[FatherName], [u].[FirstName], [u].[GenderType], [u].[IsActive], [u].[IsDeleted], [u].[IsEmailPublic], [u].[LastName], [u].[LastVisitedDateTime], [u].[LockoutEnabled], [u].[LockoutEnd], [u].[MobileNumber], [u].[ModifiedByBrowserName], [u].[ModifiedByIp], [u].[ModifiedByUserId], [u].[ModifiedDateTime], [u].[NationalCode], [u].[NormalizedEmail], [u].[NormalizedUserName], [u].[PasswordHash], [u].[PhoneNumber], [u].[PhoneNumberConfirmed], [u].[PhotoFileName], [u].[PlaceOfBirth], [u].[SecurityStamp], [u].[SsnId], [u].[SsnSerial], [u].[TwoFactorEnabled], [u].[UserName], [u].[UserType]
      FROM [Users] AS [u]
      WHERE [u].[NormalizedUserName] = @__normalizedUserName_0
info: Microsoft.AspNetCore.Mvc.Internal.ControllerActionInvoker[2]
      Executed action method AtiehJobCore.Web.Areas.Identity.Controllers.AccountController.ValidateUsername (AtiehJobCore.Web), returned result Microsoft.AspNetCore.Mvc.JsonResult in 44.9774ms.
info: Microsoft.AspNetCore.Mvc.Formatters.Json.Internal.JsonResultExecutor[1]
      Executing JsonResult, writing value of type 'System.String'.
info: Microsoft.AspNetCore.Mvc.Internal.ControllerActionInvoker[2]
      Executed action AtiehJobCore.Web.Areas.Identity.Controllers.AccountController.ValidateUsername (AtiehJobCore.Web) in 180.3631ms
info: Microsoft.AspNetCore.Routing.EndpointMiddleware[1]
      Executed endpoint 'AtiehJobCore.Web.Areas.Identity.Controllers.AccountController.ValidateUsername (AtiehJobCore.Web)'
info: Microsoft.AspNetCore.Hosting.Internal.WebHost[2]
      Request finished in 194.2813ms 200 application/json; charset=utf-8
