warn: Microsoft.EntityFrameworkCore.Model.Validation[30000]
      No type was specified for the decimal column 'Average' on entity type 'Education'. This will cause values to be silently truncated if they do not fit in the default precision and scale. Explicitly specify the SQL server column type that can accommodate all the values using 'HasColumnType()'.
info: Microsoft.EntityFrameworkCore.Infrastructure[10403]
      Entity Framework Core 2.2.0-rtm-35687 initialized 'AtiehJobCoreDbContext' using provider 'Microsoft.EntityFrameworkCore.SqlServer' with options: MaxPoolSize=128 CommandTimeout=180 
info: Microsoft.EntityFrameworkCore.Database.Command[20101]
      Executed DbCommand (589ms) [Parameters=[], CommandType='Text', CommandTimeout='180']
      SELECT [k].[XmlData]
      FROM [DataProtectionKeys] AS [k]
info: Microsoft.AspNetCore.DataProtection.KeyManagement.XmlKeyManager[58]
      Creating key {dc0e15b0-3a24-4c18-a834-06297e573f20} with creation date 2019-01-19 17:45:22Z, activation date 2019-01-19 17:45:18Z, and expiration date 2019-02-03 17:45:18Z.
warn: Microsoft.AspNetCore.DataProtection.KeyManagement.XmlKeyManager[35]
      No XML encryptor configured. Key {dc0e15b0-3a24-4c18-a834-06297e573f20} may be persisted to storage in unencrypted form.
info: Microsoft.EntityFrameworkCore.Infrastructure[10403]
      Entity Framework Core 2.2.0-rtm-35687 initialized 'AtiehJobCoreDbContext' using provider 'Microsoft.EntityFrameworkCore.SqlServer' with options: MaxPoolSize=128 CommandTimeout=180 
info: Microsoft.EntityFrameworkCore.Database.Command[20101]
      Executed DbCommand (90ms) [Parameters=[@__friendlyName_0='?' (Size = 450)], CommandType='Text', CommandTimeout='180']
      SELECT TOP(2) [k].[Id], [k].[FriendlyName], [k].[XmlData]
      FROM [DataProtectionKeys] AS [k]
      WHERE [k].[FriendlyName] = @__friendlyName_0
info: Microsoft.EntityFrameworkCore.Database.Command[20101]
      Executed DbCommand (182ms) [Parameters=[@p0='?' (Size = 450), @p1='?' (Size = 4000)], CommandType='Text', CommandTimeout='180']
      SET NOCOUNT ON;
      INSERT INTO [DataProtectionKeys] ([FriendlyName], [XmlData])
      VALUES (@p0, @p1);
      SELECT [Id]
      FROM [DataProtectionKeys]
      WHERE @@ROWCOUNT = 1 AND [Id] = scope_identity();
info: Microsoft.EntityFrameworkCore.Infrastructure[10403]
      Entity Framework Core 2.2.0-rtm-35687 initialized 'AtiehJobCoreDbContext' using provider 'Microsoft.EntityFrameworkCore.SqlServer' with options: MaxPoolSize=128 CommandTimeout=180 
info: Microsoft.EntityFrameworkCore.Database.Command[20101]
      Executed DbCommand (22ms) [Parameters=[], CommandType='Text', CommandTimeout='180']
      SELECT [k].[XmlData]
      FROM [DataProtectionKeys] AS [k]
warn: Microsoft.EntityFrameworkCore.Model.Validation[30000]
      No type was specified for the decimal column 'Average' on entity type 'Education'. This will cause values to be silently truncated if they do not fit in the default precision and scale. Explicitly specify the SQL server column type that can accommodate all the values using 'HasColumnType()'.
info: Microsoft.EntityFrameworkCore.Infrastructure[10403]
      Entity Framework Core 2.2.0-rtm-35687 initialized 'AtiehJobCoreDbContext' using provider 'Microsoft.EntityFrameworkCore.SqlServer' with options: MaxPoolSize=128 CommandTimeout=180 
info: Microsoft.EntityFrameworkCore.Infrastructure[10403]
      Entity Framework Core 2.2.0-rtm-35687 initialized 'AtiehJobCoreDbContext' using provider 'Microsoft.EntityFrameworkCore.SqlServer' with options: MaxPoolSize=128 CommandTimeout=180 
info: Microsoft.EntityFrameworkCore.Database.Command[20101]
      Executed DbCommand (21ms) [Parameters=[], CommandType='Text', CommandTimeout='180']
      SELECT OBJECT_ID(N'[__EFMigrationsHistory]');
info: Microsoft.EntityFrameworkCore.Database.Command[20101]
      Executed DbCommand (15ms) [Parameters=[], CommandType='Text', CommandTimeout='180']
      SELECT OBJECT_ID(N'[__EFMigrationsHistory]');
info: Microsoft.EntityFrameworkCore.Database.Command[20101]
      Executed DbCommand (53ms) [Parameters=[], CommandType='Text', CommandTimeout='180']
      SELECT [MigrationId], [ProductVersion]
      FROM [__EFMigrationsHistory]
      ORDER BY [MigrationId];
info: Microsoft.EntityFrameworkCore.Migrations[20405]
      No migrations were applied. The database is already up to date.
info: Microsoft.EntityFrameworkCore.Infrastructure[10403]
      Entity Framework Core 2.2.0-rtm-35687 initialized 'AtiehJobCoreDbContext' using provider 'Microsoft.EntityFrameworkCore.SqlServer' with options: MaxPoolSize=128 CommandTimeout=180 
info: Microsoft.EntityFrameworkCore.Database.Command[20101]
      Executed DbCommand (211ms) [Parameters=[@__normalizedUserName_0='?' (Size = 256)], CommandType='Text', CommandTimeout='180']
      SELECT TOP(1) [u].[Id], [u].[AccessFailedCount], [u].[ConcurrencyStamp], [u].[CreatedByBrowserName], [u].[CreatedByIp], [u].[CreatedByUserId], [u].[CreatedDateTime], [u].[DateOfBirth], [u].[Email], [u].[EmailConfirmed], [u].[FatherName], [u].[FirstName], [u].[GenderType], [u].[IsActive], [u].[IsDeleted], [u].[IsEmailPublic], [u].[LastName], [u].[LastVisitedDateTime], [u].[LockoutEnabled], [u].[LockoutEnd], [u].[MobileNumber], [u].[ModifiedByBrowserName], [u].[ModifiedByIp], [u].[ModifiedByUserId], [u].[ModifiedDateTime], [u].[NationalCode], [u].[NormalizedEmail], [u].[NormalizedUserName], [u].[PasswordHash], [u].[PhoneNumber], [u].[PhoneNumberConfirmed], [u].[PhotoFileName], [u].[PlaceOfBirth], [u].[SecurityStamp], [u].[SsnId], [u].[SsnSerial], [u].[TwoFactorEnabled], [u].[UserName], [u].[UserType]
      FROM [Users] AS [u]
      WHERE [u].[NormalizedUserName] = @__normalizedUserName_0
info: Microsoft.EntityFrameworkCore.Database.Command[20101]
      Executed DbCommand (126ms) [Parameters=[@__normalizedName_0='?' (Size = 256)], CommandType='Text', CommandTimeout='180']
      SELECT TOP(1) [r].[Id], [r].[ConcurrencyStamp], [r].[CreatedByBrowserName], [r].[CreatedByIp], [r].[CreatedByUserId], [r].[CreatedDateTime], [r].[Description], [r].[IsActive], [r].[IsDeleted], [r].[ModifiedByBrowserName], [r].[ModifiedByIp], [r].[ModifiedByUserId], [r].[ModifiedDateTime], [r].[Name], [r].[NormalizedName]
      FROM [Roles] AS [r]
      WHERE [r].[NormalizedName] = @__normalizedName_0
info: Microsoft.EntityFrameworkCore.Database.Command[20101]
      Executed DbCommand (46ms) [Parameters=[@__normalizedName_0='?' (Size = 256)], CommandType='Text', CommandTimeout='180']
      SELECT TOP(1) [r].[Id], [r].[ConcurrencyStamp], [r].[CreatedByBrowserName], [r].[CreatedByIp], [r].[CreatedByUserId], [r].[CreatedDateTime], [r].[Description], [r].[IsActive], [r].[IsDeleted], [r].[ModifiedByBrowserName], [r].[ModifiedByIp], [r].[ModifiedByUserId], [r].[ModifiedDateTime], [r].[Name], [r].[NormalizedName]
      FROM [Roles] AS [r]
      WHERE [r].[NormalizedName] = @__normalizedName_0
info: Microsoft.EntityFrameworkCore.Database.Command[20101]
      Executed DbCommand (55ms) [Parameters=[@p0='?' (Size = 4000), @p1='?' (Size = 1000), @p2='?' (Size = 255), @p3='?' (DbType = Int32), @p4='?' (DbType = DateTimeOffset), @p5='?' (Size = 1000), @p6='?' (DbType = Boolean), @p7='?' (DbType = Boolean), @p8='?' (Size = 1000), @p9='?' (Size = 255), @p10='?' (DbType = Int32), @p11='?' (DbType = DateTimeOffset), @p12='?' (Size = 256), @p13='?' (Size = 256)], CommandType='Text', CommandTimeout='180']
      SET NOCOUNT ON;
      INSERT INTO [Roles] ([ConcurrencyStamp], [CreatedByBrowserName], [CreatedByIp], [CreatedByUserId], [CreatedDateTime], [Description], [IsActive], [IsDeleted], [ModifiedByBrowserName], [ModifiedByIp], [ModifiedByUserId], [ModifiedDateTime], [Name], [NormalizedName])
      VALUES (@p0, @p1, @p2, @p3, @p4, @p5, @p6, @p7, @p8, @p9, @p10, @p11, @p12, @p13);
      SELECT [Id]
      FROM [Roles]
      WHERE @@ROWCOUNT = 1 AND [Id] = scope_identity();
info: Microsoft.EntityFrameworkCore.Database.Command[20101]
      Executed DbCommand (81ms) [Parameters=[@__normalizedUserName_0='?' (Size = 256)], CommandType='Text', CommandTimeout='180']
      SELECT TOP(1) [u].[Id], [u].[AccessFailedCount], [u].[ConcurrencyStamp], [u].[CreatedByBrowserName], [u].[CreatedByIp], [u].[CreatedByUserId], [u].[CreatedDateTime], [u].[DateOfBirth], [u].[Email], [u].[EmailConfirmed], [u].[FatherName], [u].[FirstName], [u].[GenderType], [u].[IsActive], [u].[IsDeleted], [u].[IsEmailPublic], [u].[LastName], [u].[LastVisitedDateTime], [u].[LockoutEnabled], [u].[LockoutEnd], [u].[MobileNumber], [u].[ModifiedByBrowserName], [u].[ModifiedByIp], [u].[ModifiedByUserId], [u].[ModifiedDateTime], [u].[NationalCode], [u].[NormalizedEmail], [u].[NormalizedUserName], [u].[PasswordHash], [u].[PhoneNumber], [u].[PhoneNumberConfirmed], [u].[PhotoFileName], [u].[PlaceOfBirth], [u].[SecurityStamp], [u].[SsnId], [u].[SsnSerial], [u].[TwoFactorEnabled], [u].[UserName], [u].[UserType]
      FROM [Users] AS [u]
      WHERE [u].[NormalizedUserName] = @__normalizedUserName_0
info: Microsoft.EntityFrameworkCore.Database.Command[20101]
      Executed DbCommand (25ms) [Parameters=[@__normalizedEmail_0='?' (Size = 256)], CommandType='Text', CommandTimeout='180']
      SELECT TOP(1) [u].[Id], [u].[AccessFailedCount], [u].[ConcurrencyStamp], [u].[CreatedByBrowserName], [u].[CreatedByIp], [u].[CreatedByUserId], [u].[CreatedDateTime], [u].[DateOfBirth], [u].[Email], [u].[EmailConfirmed], [u].[FatherName], [u].[FirstName], [u].[GenderType], [u].[IsActive], [u].[IsDeleted], [u].[IsEmailPublic], [u].[LastName], [u].[LastVisitedDateTime], [u].[LockoutEnabled], [u].[LockoutEnd], [u].[MobileNumber], [u].[ModifiedByBrowserName], [u].[ModifiedByIp], [u].[ModifiedByUserId], [u].[ModifiedDateTime], [u].[NationalCode], [u].[NormalizedEmail], [u].[NormalizedUserName], [u].[PasswordHash], [u].[PhoneNumber], [u].[PhoneNumberConfirmed], [u].[PhotoFileName], [u].[PlaceOfBirth], [u].[SecurityStamp], [u].[SsnId], [u].[SsnSerial], [u].[TwoFactorEnabled], [u].[UserName], [u].[UserType]
      FROM [Users] AS [u]
      WHERE [u].[NormalizedEmail] = @__normalizedEmail_0
info: Microsoft.EntityFrameworkCore.Database.Command[20101]
      Executed DbCommand (46ms) [Parameters=[@__normalizedUserName_0='?' (Size = 256)], CommandType='Text', CommandTimeout='180']
      SELECT TOP(1) [u].[Id], [u].[AccessFailedCount], [u].[ConcurrencyStamp], [u].[CreatedByBrowserName], [u].[CreatedByIp], [u].[CreatedByUserId], [u].[CreatedDateTime], [u].[DateOfBirth], [u].[Email], [u].[EmailConfirmed], [u].[FatherName], [u].[FirstName], [u].[GenderType], [u].[IsActive], [u].[IsDeleted], [u].[IsEmailPublic], [u].[LastName], [u].[LastVisitedDateTime], [u].[LockoutEnabled], [u].[LockoutEnd], [u].[MobileNumber], [u].[ModifiedByBrowserName], [u].[ModifiedByIp], [u].[ModifiedByUserId], [u].[ModifiedDateTime], [u].[NationalCode], [u].[NormalizedEmail], [u].[NormalizedUserName], [u].[PasswordHash], [u].[PhoneNumber], [u].[PhoneNumberConfirmed], [u].[PhotoFileName], [u].[PlaceOfBirth], [u].[SecurityStamp], [u].[SsnId], [u].[SsnSerial], [u].[TwoFactorEnabled], [u].[UserName], [u].[UserType]
      FROM [Users] AS [u]
      WHERE [u].[NormalizedUserName] = @__normalizedUserName_0
info: Microsoft.EntityFrameworkCore.Database.Command[20101]
      Executed DbCommand (39ms) [Parameters=[@__normalizedEmail_0='?' (Size = 256)], CommandType='Text', CommandTimeout='180']
      SELECT TOP(1) [u].[Id], [u].[AccessFailedCount], [u].[ConcurrencyStamp], [u].[CreatedByBrowserName], [u].[CreatedByIp], [u].[CreatedByUserId], [u].[CreatedDateTime], [u].[DateOfBirth], [u].[Email], [u].[EmailConfirmed], [u].[FatherName], [u].[FirstName], [u].[GenderType], [u].[IsActive], [u].[IsDeleted], [u].[IsEmailPublic], [u].[LastName], [u].[LastVisitedDateTime], [u].[LockoutEnabled], [u].[LockoutEnd], [u].[MobileNumber], [u].[ModifiedByBrowserName], [u].[ModifiedByIp], [u].[ModifiedByUserId], [u].[ModifiedDateTime], [u].[NationalCode], [u].[NormalizedEmail], [u].[NormalizedUserName], [u].[PasswordHash], [u].[PhoneNumber], [u].[PhoneNumberConfirmed], [u].[PhotoFileName], [u].[PlaceOfBirth], [u].[SecurityStamp], [u].[SsnId], [u].[SsnSerial], [u].[TwoFactorEnabled], [u].[UserName], [u].[UserType]
      FROM [Users] AS [u]
      WHERE [u].[NormalizedEmail] = @__normalizedEmail_0
info: Microsoft.EntityFrameworkCore.Database.Command[20101]
      Executed DbCommand (75ms) [Parameters=[@p0='?' (DbType = Int32), @p1='?' (Size = 4000), @p2='?' (Size = 1000), @p3='?' (Size = 255), @p4='?' (DbType = Int32), @p5='?' (DbType = DateTimeOffset), @p6='?' (DbType = DateTimeOffset), @p7='?' (Size = 256), @p8='?' (DbType = Boolean), @p9='?' (Size = 100), @p10='?' (Size = 100), @p11='?' (DbType = Byte), @p12='?' (DbType = Boolean), @p13='?' (DbType = Boolean), @p14='?' (DbType = Boolean), @p15='?' (Size = 450), @p16='?' (DbType = DateTimeOffset), @p17='?' (DbType = Boolean), @p18='?' (DbType = DateTimeOffset), @p19='?' (Size = 11), @p20='?' (Size = 1000), @p21='?' (Size = 255), @p22='?' (DbType = Int32), @p23='?' (DbType = DateTimeOffset), @p24='?' (Size = 10), @p25='?' (Size = 256), @p26='?' (Size = 256), @p27='?' (Size = 4000), @p28='?' (Size = 4000), @p29='?' (DbType = Boolean), @p30='?' (Size = 450), @p31='?' (Size = 150), @p32='?' (Size = 4000), @p33='?' (Size = 100), @p34='?' (Size = 100), @p35='?' (DbType = Boolean), @p36='?' (Size = 256), @p37='?' (DbType = Int32)], CommandType='Text', CommandTimeout='180']
      SET NOCOUNT ON;
      INSERT INTO [Users] ([AccessFailedCount], [ConcurrencyStamp], [CreatedByBrowserName], [CreatedByIp], [CreatedByUserId], [CreatedDateTime], [DateOfBirth], [Email], [EmailConfirmed], [FatherName], [FirstName], [GenderType], [IsActive], [IsDeleted], [IsEmailPublic], [LastName], [LastVisitedDateTime], [LockoutEnabled], [LockoutEnd], [MobileNumber], [ModifiedByBrowserName], [ModifiedByIp], [ModifiedByUserId], [ModifiedDateTime], [NationalCode], [NormalizedEmail], [NormalizedUserName], [PasswordHash], [PhoneNumber], [PhoneNumberConfirmed], [PhotoFileName], [PlaceOfBirth], [SecurityStamp], [SsnId], [SsnSerial], [TwoFactorEnabled], [UserName], [UserType])
      VALUES (@p0, @p1, @p2, @p3, @p4, @p5, @p6, @p7, @p8, @p9, @p10, @p11, @p12, @p13, @p14, @p15, @p16, @p17, @p18, @p19, @p20, @p21, @p22, @p23, @p24, @p25, @p26, @p27, @p28, @p29, @p30, @p31, @p32, @p33, @p34, @p35, @p36, @p37);
      SELECT [Id]
      FROM [Users]
      WHERE @@ROWCOUNT = 1 AND [Id] = scope_identity();
info: Microsoft.EntityFrameworkCore.Database.Command[20101]
      Executed DbCommand (87ms) [Parameters=[@p0='?' (Size = 1000), @p1='?' (Size = 255), @p2='?' (DbType = Int32), @p3='?' (DbType = DateTimeOffset), @p4='?' (Size = 450), @p5='?' (Size = 1000), @p6='?' (Size = 255), @p7='?' (DbType = Int32), @p8='?' (DbType = DateTimeOffset), @p9='?' (DbType = Int32)], CommandType='Text', CommandTimeout='180']
      SET NOCOUNT ON;
      INSERT INTO [UserUsedPasswords] ([CreatedByBrowserName], [CreatedByIp], [CreatedByUserId], [CreatedDateTime], [HashedPassword], [ModifiedByBrowserName], [ModifiedByIp], [ModifiedByUserId], [ModifiedDateTime], [UserId])
      VALUES (@p0, @p1, @p2, @p3, @p4, @p5, @p6, @p7, @p8, @p9);
      SELECT [Id]
      FROM [UserUsedPasswords]
      WHERE @@ROWCOUNT = 1 AND [Id] = scope_identity();
info: Microsoft.EntityFrameworkCore.Database.Command[20101]
      Executed DbCommand (35ms) [Parameters=[@p0='?' (Size = 1000), @p1='?' (Size = 255), @p2='?' (DbType = Int32), @p3='?' (DbType = DateTimeOffset), @p4='?' (Size = 450), @p5='?' (Size = 1000), @p6='?' (Size = 255), @p7='?' (DbType = Int32), @p8='?' (DbType = DateTimeOffset), @p9='?' (DbType = Int32)], CommandType='Text', CommandTimeout='180']
      SET NOCOUNT ON;
      INSERT INTO [UserUsedPasswords] ([CreatedByBrowserName], [CreatedByIp], [CreatedByUserId], [CreatedDateTime], [HashedPassword], [ModifiedByBrowserName], [ModifiedByIp], [ModifiedByUserId], [ModifiedDateTime], [UserId])
      VALUES (@p0, @p1, @p2, @p3, @p4, @p5, @p6, @p7, @p8, @p9);
      SELECT [Id]
      FROM [UserUsedPasswords]
      WHERE @@ROWCOUNT = 1 AND [Id] = scope_identity();
info: Microsoft.EntityFrameworkCore.Database.Command[20101]
      Executed DbCommand (140ms) [Parameters=[@__normalizedUserName_0='?' (Size = 256)], CommandType='Text', CommandTimeout='180']
      SELECT TOP(1) [u].[Id], [u].[AccessFailedCount], [u].[ConcurrencyStamp], [u].[CreatedByBrowserName], [u].[CreatedByIp], [u].[CreatedByUserId], [u].[CreatedDateTime], [u].[DateOfBirth], [u].[Email], [u].[EmailConfirmed], [u].[FatherName], [u].[FirstName], [u].[GenderType], [u].[IsActive], [u].[IsDeleted], [u].[IsEmailPublic], [u].[LastName], [u].[LastVisitedDateTime], [u].[LockoutEnabled], [u].[LockoutEnd], [u].[MobileNumber], [u].[ModifiedByBrowserName], [u].[ModifiedByIp], [u].[ModifiedByUserId], [u].[ModifiedDateTime], [u].[NationalCode], [u].[NormalizedEmail], [u].[NormalizedUserName], [u].[PasswordHash], [u].[PhoneNumber], [u].[PhoneNumberConfirmed], [u].[PhotoFileName], [u].[PlaceOfBirth], [u].[SecurityStamp], [u].[SsnId], [u].[SsnSerial], [u].[TwoFactorEnabled], [u].[UserName], [u].[UserType]
      FROM [Users] AS [u]
      WHERE [u].[NormalizedUserName] = @__normalizedUserName_0
info: Microsoft.EntityFrameworkCore.Database.Command[20101]
      Executed DbCommand (121ms) [Parameters=[@__normalizedEmail_0='?' (Size = 256)], CommandType='Text', CommandTimeout='180']
      SELECT TOP(1) [u].[Id], [u].[AccessFailedCount], [u].[ConcurrencyStamp], [u].[CreatedByBrowserName], [u].[CreatedByIp], [u].[CreatedByUserId], [u].[CreatedDateTime], [u].[DateOfBirth], [u].[Email], [u].[EmailConfirmed], [u].[FatherName], [u].[FirstName], [u].[GenderType], [u].[IsActive], [u].[IsDeleted], [u].[IsEmailPublic], [u].[LastName], [u].[LastVisitedDateTime], [u].[LockoutEnabled], [u].[LockoutEnd], [u].[MobileNumber], [u].[ModifiedByBrowserName], [u].[ModifiedByIp], [u].[ModifiedByUserId], [u].[ModifiedDateTime], [u].[NationalCode], [u].[NormalizedEmail], [u].[NormalizedUserName], [u].[PasswordHash], [u].[PhoneNumber], [u].[PhoneNumberConfirmed], [u].[PhotoFileName], [u].[PlaceOfBirth], [u].[SecurityStamp], [u].[SsnId], [u].[SsnSerial], [u].[TwoFactorEnabled], [u].[UserName], [u].[UserType]
      FROM [Users] AS [u]
      WHERE [u].[NormalizedEmail] = @__normalizedEmail_0
info: Microsoft.EntityFrameworkCore.Database.Command[20101]
      Executed DbCommand (44ms) [Parameters=[@__normalizedUserName_0='?' (Size = 256)], CommandType='Text', CommandTimeout='180']
      SELECT TOP(1) [u].[Id], [u].[AccessFailedCount], [u].[ConcurrencyStamp], [u].[CreatedByBrowserName], [u].[CreatedByIp], [u].[CreatedByUserId], [u].[CreatedDateTime], [u].[DateOfBirth], [u].[Email], [u].[EmailConfirmed], [u].[FatherName], [u].[FirstName], [u].[GenderType], [u].[IsActive], [u].[IsDeleted], [u].[IsEmailPublic], [u].[LastName], [u].[LastVisitedDateTime], [u].[LockoutEnabled], [u].[LockoutEnd], [u].[MobileNumber], [u].[ModifiedByBrowserName], [u].[ModifiedByIp], [u].[ModifiedByUserId], [u].[ModifiedDateTime], [u].[NationalCode], [u].[NormalizedEmail], [u].[NormalizedUserName], [u].[PasswordHash], [u].[PhoneNumber], [u].[PhoneNumberConfirmed], [u].[PhotoFileName], [u].[PlaceOfBirth], [u].[SecurityStamp], [u].[SsnId], [u].[SsnSerial], [u].[TwoFactorEnabled], [u].[UserName], [u].[UserType]
      FROM [Users] AS [u]
      WHERE [u].[NormalizedUserName] = @__normalizedUserName_0
info: Microsoft.EntityFrameworkCore.Database.Command[20101]
      Executed DbCommand (41ms) [Parameters=[@__normalizedEmail_0='?' (Size = 256)], CommandType='Text', CommandTimeout='180']
      SELECT TOP(1) [u].[Id], [u].[AccessFailedCount], [u].[ConcurrencyStamp], [u].[CreatedByBrowserName], [u].[CreatedByIp], [u].[CreatedByUserId], [u].[CreatedDateTime], [u].[DateOfBirth], [u].[Email], [u].[EmailConfirmed], [u].[FatherName], [u].[FirstName], [u].[GenderType], [u].[IsActive], [u].[IsDeleted], [u].[IsEmailPublic], [u].[LastName], [u].[LastVisitedDateTime], [u].[LockoutEnabled], [u].[LockoutEnd], [u].[MobileNumber], [u].[ModifiedByBrowserName], [u].[ModifiedByIp], [u].[ModifiedByUserId], [u].[ModifiedDateTime], [u].[NationalCode], [u].[NormalizedEmail], [u].[NormalizedUserName], [u].[PasswordHash], [u].[PhoneNumber], [u].[PhoneNumberConfirmed], [u].[PhotoFileName], [u].[PlaceOfBirth], [u].[SecurityStamp], [u].[SsnId], [u].[SsnSerial], [u].[TwoFactorEnabled], [u].[UserName], [u].[UserType]
      FROM [Users] AS [u]
      WHERE [u].[NormalizedEmail] = @__normalizedEmail_0
info: Microsoft.EntityFrameworkCore.Database.Command[20101]
      Executed DbCommand (121ms) [Parameters=[@p38='?' (DbType = Int32), @p0='?' (DbType = Int32), @p1='?' (Size = 4000), @p39='?' (Size = 4000), @p2='?' (Size = 1000), @p3='?' (Size = 255), @p4='?' (DbType = Int32), @p5='?' (DbType = DateTimeOffset), @p6='?' (DbType = DateTimeOffset), @p7='?' (Size = 256), @p8='?' (DbType = Boolean), @p9='?' (Size = 100), @p10='?' (Size = 100), @p11='?' (DbType = Byte), @p12='?' (DbType = Boolean), @p13='?' (DbType = Boolean), @p14='?' (DbType = Boolean), @p15='?' (Size = 450), @p16='?' (DbType = DateTimeOffset), @p17='?' (DbType = Boolean), @p18='?' (DbType = DateTimeOffset), @p19='?' (Size = 11), @p20='?' (Size = 1000), @p21='?' (Size = 255), @p22='?' (DbType = Int32), @p23='?' (DbType = DateTimeOffset), @p24='?' (Size = 10), @p25='?' (Size = 256), @p26='?' (Size = 256), @p27='?' (Size = 4000), @p28='?' (Size = 4000), @p29='?' (DbType = Boolean), @p30='?' (Size = 450), @p31='?' (Size = 150), @p32='?' (Size = 4000), @p33='?' (Size = 100), @p34='?' (Size = 100), @p35='?' (DbType = Boolean), @p36='?' (Size = 256), @p37='?' (DbType = Int32)], CommandType='Text', CommandTimeout='180']
      SET NOCOUNT ON;
      UPDATE [Users] SET [AccessFailedCount] = @p0, [ConcurrencyStamp] = @p1, [CreatedByBrowserName] = @p2, [CreatedByIp] = @p3, [CreatedByUserId] = @p4, [CreatedDateTime] = @p5, [DateOfBirth] = @p6, [Email] = @p7, [EmailConfirmed] = @p8, [FatherName] = @p9, [FirstName] = @p10, [GenderType] = @p11, [IsActive] = @p12, [IsDeleted] = @p13, [IsEmailPublic] = @p14, [LastName] = @p15, [LastVisitedDateTime] = @p16, [LockoutEnabled] = @p17, [LockoutEnd] = @p18, [MobileNumber] = @p19, [ModifiedByBrowserName] = @p20, [ModifiedByIp] = @p21, [ModifiedByUserId] = @p22, [ModifiedDateTime] = @p23, [NationalCode] = @p24, [NormalizedEmail] = @p25, [NormalizedUserName] = @p26, [PasswordHash] = @p27, [PhoneNumber] = @p28, [PhoneNumberConfirmed] = @p29, [PhotoFileName] = @p30, [PlaceOfBirth] = @p31, [SecurityStamp] = @p32, [SsnId] = @p33, [SsnSerial] = @p34, [TwoFactorEnabled] = @p35, [UserName] = @p36, [UserType] = @p37
      WHERE [Id] = @p38 AND [ConcurrencyStamp] = @p39;
      SELECT @@ROWCOUNT;
info: Microsoft.EntityFrameworkCore.Database.Command[20101]
      Executed DbCommand (93ms) [Parameters=[@__normalizedRoleName_0='?' (Size = 256)], CommandType='Text', CommandTimeout='180']
      SELECT TOP(2) [r].[Id], [r].[ConcurrencyStamp], [r].[CreatedByBrowserName], [r].[CreatedByIp], [r].[CreatedByUserId], [r].[CreatedDateTime], [r].[Description], [r].[IsActive], [r].[IsDeleted], [r].[ModifiedByBrowserName], [r].[ModifiedByIp], [r].[ModifiedByUserId], [r].[ModifiedDateTime], [r].[Name], [r].[NormalizedName]
      FROM [Roles] AS [r]
      WHERE [r].[NormalizedName] = @__normalizedRoleName_0
info: Microsoft.EntityFrameworkCore.Database.Command[20101]
      Executed DbCommand (78ms) [Parameters=[@__get_Item_0='?' (DbType = Int32), @__get_Item_1='?' (DbType = Int32)], CommandType='Text', CommandTimeout='180']
      SELECT TOP(1) [e].[UserId], [e].[RoleId], [e].[CreatedByBrowserName], [e].[CreatedByIp], [e].[CreatedByUserId], [e].[CreatedDateTime], [e].[ModifiedByBrowserName], [e].[ModifiedByIp], [e].[ModifiedByUserId], [e].[ModifiedDateTime]
      FROM [UserRoles] AS [e]
      WHERE ([e].[UserId] = @__get_Item_0) AND ([e].[RoleId] = @__get_Item_1)
info: Microsoft.EntityFrameworkCore.Database.Command[20101]
      Executed DbCommand (42ms) [Parameters=[@__normalizedRoleName_0='?' (Size = 256)], CommandType='Text', CommandTimeout='180']
      SELECT TOP(2) [r].[Id], [r].[ConcurrencyStamp], [r].[CreatedByBrowserName], [r].[CreatedByIp], [r].[CreatedByUserId], [r].[CreatedDateTime], [r].[Description], [r].[IsActive], [r].[IsDeleted], [r].[ModifiedByBrowserName], [r].[ModifiedByIp], [r].[ModifiedByUserId], [r].[ModifiedDateTime], [r].[Name], [r].[NormalizedName]
      FROM [Roles] AS [r]
      WHERE [r].[NormalizedName] = @__normalizedRoleName_0
info: Microsoft.EntityFrameworkCore.Database.Command[20101]
      Executed DbCommand (26ms) [Parameters=[@__normalizedUserName_0='?' (Size = 256)], CommandType='Text', CommandTimeout='180']
      SELECT TOP(1) [u].[Id], [u].[AccessFailedCount], [u].[ConcurrencyStamp], [u].[CreatedByBrowserName], [u].[CreatedByIp], [u].[CreatedByUserId], [u].[CreatedDateTime], [u].[DateOfBirth], [u].[Email], [u].[EmailConfirmed], [u].[FatherName], [u].[FirstName], [u].[GenderType], [u].[IsActive], [u].[IsDeleted], [u].[IsEmailPublic], [u].[LastName], [u].[LastVisitedDateTime], [u].[LockoutEnabled], [u].[LockoutEnd], [u].[MobileNumber], [u].[ModifiedByBrowserName], [u].[ModifiedByIp], [u].[ModifiedByUserId], [u].[ModifiedDateTime], [u].[NationalCode], [u].[NormalizedEmail], [u].[NormalizedUserName], [u].[PasswordHash], [u].[PhoneNumber], [u].[PhoneNumberConfirmed], [u].[PhotoFileName], [u].[PlaceOfBirth], [u].[SecurityStamp], [u].[SsnId], [u].[SsnSerial], [u].[TwoFactorEnabled], [u].[UserName], [u].[UserType]
      FROM [Users] AS [u]
      WHERE [u].[NormalizedUserName] = @__normalizedUserName_0
info: Microsoft.EntityFrameworkCore.Database.Command[20101]
      Executed DbCommand (47ms) [Parameters=[@__normalizedEmail_0='?' (Size = 256)], CommandType='Text', CommandTimeout='180']
      SELECT TOP(1) [u].[Id], [u].[AccessFailedCount], [u].[ConcurrencyStamp], [u].[CreatedByBrowserName], [u].[CreatedByIp], [u].[CreatedByUserId], [u].[CreatedDateTime], [u].[DateOfBirth], [u].[Email], [u].[EmailConfirmed], [u].[FatherName], [u].[FirstName], [u].[GenderType], [u].[IsActive], [u].[IsDeleted], [u].[IsEmailPublic], [u].[LastName], [u].[LastVisitedDateTime], [u].[LockoutEnabled], [u].[LockoutEnd], [u].[MobileNumber], [u].[ModifiedByBrowserName], [u].[ModifiedByIp], [u].[ModifiedByUserId], [u].[ModifiedDateTime], [u].[NationalCode], [u].[NormalizedEmail], [u].[NormalizedUserName], [u].[PasswordHash], [u].[PhoneNumber], [u].[PhoneNumberConfirmed], [u].[PhotoFileName], [u].[PlaceOfBirth], [u].[SecurityStamp], [u].[SsnId], [u].[SsnSerial], [u].[TwoFactorEnabled], [u].[UserName], [u].[UserType]
      FROM [Users] AS [u]
      WHERE [u].[NormalizedEmail] = @__normalizedEmail_0
info: Microsoft.EntityFrameworkCore.Database.Command[20101]
      Executed DbCommand (52ms) [Parameters=[@__normalizedUserName_0='?' (Size = 256)], CommandType='Text', CommandTimeout='180']
      SELECT TOP(1) [u].[Id], [u].[AccessFailedCount], [u].[ConcurrencyStamp], [u].[CreatedByBrowserName], [u].[CreatedByIp], [u].[CreatedByUserId], [u].[CreatedDateTime], [u].[DateOfBirth], [u].[Email], [u].[EmailConfirmed], [u].[FatherName], [u].[FirstName], [u].[GenderType], [u].[IsActive], [u].[IsDeleted], [u].[IsEmailPublic], [u].[LastName], [u].[LastVisitedDateTime], [u].[LockoutEnabled], [u].[LockoutEnd], [u].[MobileNumber], [u].[ModifiedByBrowserName], [u].[ModifiedByIp], [u].[ModifiedByUserId], [u].[ModifiedDateTime], [u].[NationalCode], [u].[NormalizedEmail], [u].[NormalizedUserName], [u].[PasswordHash], [u].[PhoneNumber], [u].[PhoneNumberConfirmed], [u].[PhotoFileName], [u].[PlaceOfBirth], [u].[SecurityStamp], [u].[SsnId], [u].[SsnSerial], [u].[TwoFactorEnabled], [u].[UserName], [u].[UserType]
      FROM [Users] AS [u]
      WHERE [u].[NormalizedUserName] = @__normalizedUserName_0
info: Microsoft.EntityFrameworkCore.Database.Command[20101]
      Executed DbCommand (42ms) [Parameters=[@__normalizedEmail_0='?' (Size = 256)], CommandType='Text', CommandTimeout='180']
      SELECT TOP(1) [u].[Id], [u].[AccessFailedCount], [u].[ConcurrencyStamp], [u].[CreatedByBrowserName], [u].[CreatedByIp], [u].[CreatedByUserId], [u].[CreatedDateTime], [u].[DateOfBirth], [u].[Email], [u].[EmailConfirmed], [u].[FatherName], [u].[FirstName], [u].[GenderType], [u].[IsActive], [u].[IsDeleted], [u].[IsEmailPublic], [u].[LastName], [u].[LastVisitedDateTime], [u].[LockoutEnabled], [u].[LockoutEnd], [u].[MobileNumber], [u].[ModifiedByBrowserName], [u].[ModifiedByIp], [u].[ModifiedByUserId], [u].[ModifiedDateTime], [u].[NationalCode], [u].[NormalizedEmail], [u].[NormalizedUserName], [u].[PasswordHash], [u].[PhoneNumber], [u].[PhoneNumberConfirmed], [u].[PhotoFileName], [u].[PlaceOfBirth], [u].[SecurityStamp], [u].[SsnId], [u].[SsnSerial], [u].[TwoFactorEnabled], [u].[UserName], [u].[UserType]
      FROM [Users] AS [u]
      WHERE [u].[NormalizedEmail] = @__normalizedEmail_0
info: Microsoft.EntityFrameworkCore.Database.Command[20101]
      Executed DbCommand (45ms) [Parameters=[@p0='?' (DbType = Int32), @p1='?' (DbType = Int32), @p2='?' (Size = 1000), @p3='?' (Size = 255), @p4='?' (DbType = Int32), @p5='?' (DbType = DateTimeOffset), @p6='?' (Size = 1000), @p7='?' (Size = 255), @p8='?' (DbType = Int32), @p9='?' (DbType = DateTimeOffset)], CommandType='Text', CommandTimeout='180']
      SET NOCOUNT ON;
      INSERT INTO [UserRoles] ([UserId], [RoleId], [CreatedByBrowserName], [CreatedByIp], [CreatedByUserId], [CreatedDateTime], [ModifiedByBrowserName], [ModifiedByIp], [ModifiedByUserId], [ModifiedDateTime])
      VALUES (@p0, @p1, @p2, @p3, @p4, @p5, @p6, @p7, @p8, @p9);
info: Microsoft.EntityFrameworkCore.Database.Command[20101]
      Executed DbCommand (18ms) [Parameters=[@p38='?' (DbType = Int32), @p0='?' (DbType = Int32), @p1='?' (Size = 4000), @p39='?' (Size = 4000), @p2='?' (Size = 1000), @p3='?' (Size = 255), @p4='?' (DbType = Int32), @p5='?' (DbType = DateTimeOffset), @p6='?' (DbType = DateTimeOffset), @p7='?' (Size = 256), @p8='?' (DbType = Boolean), @p9='?' (Size = 100), @p10='?' (Size = 100), @p11='?' (DbType = Byte), @p12='?' (DbType = Boolean), @p13='?' (DbType = Boolean), @p14='?' (DbType = Boolean), @p15='?' (Size = 450), @p16='?' (DbType = DateTimeOffset), @p17='?' (DbType = Boolean), @p18='?' (DbType = DateTimeOffset), @p19='?' (Size = 11), @p20='?' (Size = 1000), @p21='?' (Size = 255), @p22='?' (DbType = Int32), @p23='?' (DbType = DateTimeOffset), @p24='?' (Size = 10), @p25='?' (Size = 256), @p26='?' (Size = 256), @p27='?' (Size = 4000), @p28='?' (Size = 4000), @p29='?' (DbType = Boolean), @p30='?' (Size = 450), @p31='?' (Size = 150), @p32='?' (Size = 4000), @p33='?' (Size = 100), @p34='?' (Size = 100), @p35='?' (DbType = Boolean), @p36='?' (Size = 256), @p37='?' (DbType = Int32)], CommandType='Text', CommandTimeout='180']
      SET NOCOUNT ON;
      UPDATE [Users] SET [AccessFailedCount] = @p0, [ConcurrencyStamp] = @p1, [CreatedByBrowserName] = @p2, [CreatedByIp] = @p3, [CreatedByUserId] = @p4, [CreatedDateTime] = @p5, [DateOfBirth] = @p6, [Email] = @p7, [EmailConfirmed] = @p8, [FatherName] = @p9, [FirstName] = @p10, [GenderType] = @p11, [IsActive] = @p12, [IsDeleted] = @p13, [IsEmailPublic] = @p14, [LastName] = @p15, [LastVisitedDateTime] = @p16, [LockoutEnabled] = @p17, [LockoutEnd] = @p18, [MobileNumber] = @p19, [ModifiedByBrowserName] = @p20, [ModifiedByIp] = @p21, [ModifiedByUserId] = @p22, [ModifiedDateTime] = @p23, [NationalCode] = @p24, [NormalizedEmail] = @p25, [NormalizedUserName] = @p26, [PasswordHash] = @p27, [PhoneNumber] = @p28, [PhoneNumberConfirmed] = @p29, [PhotoFileName] = @p30, [PlaceOfBirth] = @p31, [SecurityStamp] = @p32, [SsnId] = @p33, [SsnSerial] = @p34, [TwoFactorEnabled] = @p35, [UserName] = @p36, [UserType] = @p37
      WHERE [Id] = @p38 AND [ConcurrencyStamp] = @p39;
      SELECT @@ROWCOUNT;
info: Microsoft.EntityFrameworkCore.Database.Command[20101]
      Executed DbCommand (18ms) [Parameters=[], CommandType='Text', CommandTimeout='180']
      SELECT [r].[Id], [r].[ConcurrencyStamp], [r].[CreatedByBrowserName], [r].[CreatedByIp], [r].[CreatedByUserId], [r].[CreatedDateTime], [r].[Description], [r].[IsActive], [r].[IsDeleted], [r].[ModifiedByBrowserName], [r].[ModifiedByIp], [r].[ModifiedByUserId], [r].[ModifiedDateTime], [r].[Name], [r].[NormalizedName]
      FROM [Roles] AS [r]
Hosting environment: Development
Content root path: D:\Programming\Best Project\AtiehJobCore\Presentation\AtiehJobCore.Web
Application started. Press Ctrl+C to shut down.
info: Microsoft.AspNetCore.Hosting.Internal.WebHost[1]
      Request starting HTTP/2.0 GET https://localhost:44344/  
info: Microsoft.AspNetCore.Routing.EndpointMiddleware[0]
      Executing endpoint 'AtiehJobCore.Web.Controllers.HomeController.Index (AtiehJobCore.Web)'
info: Microsoft.AspNetCore.Mvc.Internal.ControllerActionInvoker[1]
      Route matched with {action = "Index", controller = "Home", area = ""}. Executing action AtiehJobCore.Web.Controllers.HomeController.Index (AtiehJobCore.Web)
info: Microsoft.AspNetCore.Mvc.Internal.ControllerActionInvoker[1]
      Executing action method AtiehJobCore.Web.Controllers.HomeController.Index (AtiehJobCore.Web) - Validation state: Valid
info: Microsoft.AspNetCore.Mvc.Internal.ControllerActionInvoker[2]
      Executed action method AtiehJobCore.Web.Controllers.HomeController.Index (AtiehJobCore.Web), returned result Microsoft.AspNetCore.Mvc.ViewResult in 0.8749ms.
info: Microsoft.AspNetCore.Mvc.ViewFeatures.ViewResultExecutor[1]
      Executing ViewResult, running view Index.
info: Microsoft.AspNetCore.Mvc.ViewFeatures.ViewResultExecutor[4]
      Executed ViewResult - view Index executed in 368.3546ms.
info: Microsoft.AspNetCore.Mvc.Internal.ControllerActionInvoker[2]
      Executed action AtiehJobCore.Web.Controllers.HomeController.Index (AtiehJobCore.Web) in 547.0573ms
info: Microsoft.AspNetCore.Routing.EndpointMiddleware[1]
      Executed endpoint 'AtiehJobCore.Web.Controllers.HomeController.Index (AtiehJobCore.Web)'
info: Microsoft.AspNetCore.Hosting.Internal.WebHost[2]
      Request finished in 844.7477ms 200 text/html; charset=utf-8
info: Microsoft.AspNetCore.Hosting.Internal.WebHost[1]
      Request starting HTTP/2.0 GET https://localhost:44344/dist/bundle.min.css?v=fkjY6LF3j7M7-idCFTEMSyuxPirpP5XNqmEBpeOHNbo  
info: Microsoft.AspNetCore.Hosting.Internal.WebHost[1]
      Request starting HTTP/2.0 GET https://localhost:44344/images/adv/ads1.gif  
info: Microsoft.AspNetCore.Hosting.Internal.WebHost[1]
      Request starting HTTP/2.0 GET https://localhost:44344/dist/bundle.min.js?v=3ygPNwkMxG1Q80R28NSqSdkyeqGBL379s6v3mplii9s  
info: Microsoft.AspNetCore.StaticFiles.StaticFileMiddleware[6]
      The file /dist/bundle.min.js was not modified
info: Microsoft.AspNetCore.StaticFiles.StaticFileMiddleware[6]
      The file /dist/bundle.min.css was not modified
info: Microsoft.AspNetCore.StaticFiles.StaticFileMiddleware[6]
      The file /images/adv/ads1.gif was not modified
info: Microsoft.AspNetCore.Hosting.Internal.WebHost[2]
      Request finished in 76.7984ms 304 text/css
info: Microsoft.AspNetCore.Hosting.Internal.WebHost[2]
      Request finished in 42.5836ms 304 image/gif
info: Microsoft.AspNetCore.Hosting.Internal.WebHost[2]
      Request finished in 33.4948ms 304 application/javascript
info: Microsoft.AspNetCore.Hosting.Internal.WebHost[1]
      Request starting HTTP/2.0 GET https://localhost:44344/images/adv/en7e46n7ogy2a96cxy70.gif  
info: Microsoft.AspNetCore.StaticFiles.StaticFileMiddleware[6]
      The file /images/adv/en7e46n7ogy2a96cxy70.gif was not modified
info: Microsoft.AspNetCore.Hosting.Internal.WebHost[2]
      Request finished in 6.0191ms 304 image/gif
info: Microsoft.AspNetCore.Hosting.Internal.WebHost[1]
      Request starting HTTP/2.0 GET https://localhost:44344/images/bg.png  
info: Microsoft.AspNetCore.StaticFiles.StaticFileMiddleware[6]
      The file /images/bg.png was not modified
info: Microsoft.AspNetCore.Hosting.Internal.WebHost[2]
      Request finished in 5.6293ms 304 image/png
info: Microsoft.AspNetCore.Hosting.Internal.WebHost[1]
      Request starting HTTP/2.0 GET https://localhost:44344/favicon.ico  
info: Microsoft.AspNetCore.Hosting.Internal.WebHost[2]
      Request finished in 99.8918ms 404 text/plain
info: Microsoft.AspNetCore.Hosting.Internal.WebHost[1]
      Request starting HTTP/2.0 GET https://localhost:44344/account/login  
info: Microsoft.AspNetCore.Hosting.Internal.WebHost[2]
      Request finished in 10.0337ms 404 text/plain
info: Microsoft.AspNetCore.Hosting.Internal.WebHost[1]
      Request starting HTTP/2.0 GET https://localhost:44344/Identity/account/login  
info: Microsoft.AspNetCore.Routing.EndpointMiddleware[0]
      Executing endpoint 'AtiehJobCore.Web.Areas.Identity.Controllers.AccountController.Login (AtiehJobCore.Web)'
info: Microsoft.AspNetCore.Mvc.Internal.ControllerActionInvoker[1]
      Route matched with {area = "Identity", action = "Login", controller = "Account"}. Executing action AtiehJobCore.Web.Areas.Identity.Controllers.AccountController.Login (AtiehJobCore.Web)
info: Microsoft.EntityFrameworkCore.Infrastructure[10403]
      Entity Framework Core 2.2.0-rtm-35687 initialized 'AtiehJobCoreDbContext' using provider 'Microsoft.EntityFrameworkCore.SqlServer' with options: MaxPoolSize=128 CommandTimeout=180 
info: Microsoft.AspNetCore.Mvc.Internal.ControllerActionInvoker[1]
      Executing action method AtiehJobCore.Web.Areas.Identity.Controllers.AccountController.Login (AtiehJobCore.Web) with arguments () - Validation state: Valid
info: Microsoft.AspNetCore.Mvc.Internal.ControllerActionInvoker[2]
      Executed action method AtiehJobCore.Web.Areas.Identity.Controllers.AccountController.Login (AtiehJobCore.Web), returned result Microsoft.AspNetCore.Mvc.ViewResult in 0.4721ms.
info: Microsoft.AspNetCore.Mvc.ViewFeatures.ViewResultExecutor[1]
      Executing ViewResult, running view Login.
info: DNTCaptcha.Core.Providers.CookieCaptchaStorageProvider[0]
      Using the CookieCaptchaStorageProvider.
info: Microsoft.AspNetCore.Mvc.ViewFeatures.ViewResultExecutor[4]
      Executed ViewResult - view Login executed in 257.9607ms.
info: Microsoft.AspNetCore.Mvc.Internal.ControllerActionInvoker[2]
      Executed action AtiehJobCore.Web.Areas.Identity.Controllers.AccountController.Login (AtiehJobCore.Web) in 435.8104ms
info: Microsoft.AspNetCore.Routing.EndpointMiddleware[1]
      Executed endpoint 'AtiehJobCore.Web.Areas.Identity.Controllers.AccountController.Login (AtiehJobCore.Web)'
info: Microsoft.AspNetCore.Hosting.Internal.WebHost[2]
      Request finished in 514.0859ms 200 text/html; charset=utf-8
info: Microsoft.AspNetCore.Hosting.Internal.WebHost[1]
      Request starting HTTP/2.0 GET https://localhost:44344/DNTCaptchaImage/Show?text=CfDJ8LAVDtwkOhhMqDQGKX5XPyCXzwYL5iokfdLL2erggf3vEcQtiFShMLqa80sI1LgRZ8Vqci7XJEgxkROZtk%2BAbODqsZhXe9OXbdJO1kXIEpIwE493umZxlywv0Dml9fT0mfICvT9xX7Uzhcm5pmpYz3giHnQEBMTT0y6SWxqbpUcWIgAjjsytt89m08wHmwEJ6w%3D%3D&rndDate=636835294247783162&foreColor=%23333333&backColor=%23ccc&fontSize=20&fontName=Tahoma  
info: Microsoft.AspNetCore.Routing.EndpointMiddleware[0]
      Executing endpoint 'DNTCaptcha.Core.DNTCaptchaImageController.Show (DNTCaptcha.Core)'
info: Microsoft.AspNetCore.Mvc.Internal.ControllerActionInvoker[1]
      Route matched with {action = "Show", controller = "DNTCaptchaImage", area = ""}. Executing action DNTCaptcha.Core.DNTCaptchaImageController.Show (DNTCaptcha.Core)
info: Microsoft.AspNetCore.Mvc.Internal.ControllerActionInvoker[1]
      Executing action method DNTCaptcha.Core.DNTCaptchaImageController.Show (DNTCaptcha.Core) with arguments (CfDJ8LAVDtwkOhhMqDQGKX5XPyCXzwYL5iokfdLL2erggf3vEcQtiFShMLqa80sI1LgRZ8Vqci7XJEgxkROZtk+AbODqsZhXe9OXbdJO1kXIEpIwE493umZxlywv0Dml9fT0mfICvT9xX7Uzhcm5pmpYz3giHnQEBMTT0y6SWxqbpUcWIgAjjsytt89m08wHmwEJ6w==, 636835294247783162, #333333, #ccc, 20, Tahoma) - Validation state: Valid
info: Microsoft.AspNetCore.Mvc.Internal.ControllerActionInvoker[2]
      Executed action method DNTCaptcha.Core.DNTCaptchaImageController.Show (DNTCaptcha.Core), returned result Microsoft.AspNetCore.Mvc.FileContentResult in 398.8566ms.
info: Microsoft.AspNetCore.Mvc.Infrastructure.FileContentResultExecutor[2]
      Executing Microsoft.AspNetCore.Mvc.FileContentResult, sending file with download name '' ...
info: Microsoft.AspNetCore.Mvc.Internal.ControllerActionInvoker[2]
      Executed action DNTCaptcha.Core.DNTCaptchaImageController.Show (DNTCaptcha.Core) in 451.0808ms
info: Microsoft.AspNetCore.Routing.EndpointMiddleware[1]
      Executed endpoint 'DNTCaptcha.Core.DNTCaptchaImageController.Show (DNTCaptcha.Core)'
info: Microsoft.AspNetCore.Hosting.Internal.WebHost[2]
      Request finished in 468.9476ms 200 image/png
info: Microsoft.AspNetCore.Hosting.Internal.WebHost[1]
      Request starting HTTP/2.0 GET https://localhost:44344/Identity/account/login  
info: Microsoft.AspNetCore.Routing.EndpointMiddleware[0]
      Executing endpoint 'AtiehJobCore.Web.Areas.Identity.Controllers.AccountController.Login (AtiehJobCore.Web)'
info: Microsoft.AspNetCore.Mvc.Internal.ControllerActionInvoker[1]
      Route matched with {area = "Identity", action = "Login", controller = "Account"}. Executing action AtiehJobCore.Web.Areas.Identity.Controllers.AccountController.Login (AtiehJobCore.Web)
info: Microsoft.EntityFrameworkCore.Infrastructure[10403]
      Entity Framework Core 2.2.0-rtm-35687 initialized 'AtiehJobCoreDbContext' using provider 'Microsoft.EntityFrameworkCore.SqlServer' with options: MaxPoolSize=128 CommandTimeout=180 
info: Microsoft.AspNetCore.Mvc.Internal.ControllerActionInvoker[1]
      Executing action method AtiehJobCore.Web.Areas.Identity.Controllers.AccountController.Login (AtiehJobCore.Web) with arguments () - Validation state: Valid
info: Microsoft.AspNetCore.Mvc.Internal.ControllerActionInvoker[2]
      Executed action method AtiehJobCore.Web.Areas.Identity.Controllers.AccountController.Login (AtiehJobCore.Web), returned result Microsoft.AspNetCore.Mvc.ViewResult in 0.0493ms.
info: Microsoft.AspNetCore.Mvc.ViewFeatures.ViewResultExecutor[1]
      Executing ViewResult, running view Login.
info: Microsoft.AspNetCore.Mvc.ViewFeatures.ViewResultExecutor[4]
      Executed ViewResult - view Login executed in 22.8164ms.
info: Microsoft.AspNetCore.Mvc.Internal.ControllerActionInvoker[2]
      Executed action AtiehJobCore.Web.Areas.Identity.Controllers.AccountController.Login (AtiehJobCore.Web) in 230.9894ms
info: Microsoft.AspNetCore.Routing.EndpointMiddleware[1]
      Executed endpoint 'AtiehJobCore.Web.Areas.Identity.Controllers.AccountController.Login (AtiehJobCore.Web)'
info: Microsoft.AspNetCore.Hosting.Internal.WebHost[2]
      Request finished in 253.7605ms 200 text/html; charset=utf-8
info: Microsoft.AspNetCore.Hosting.Internal.WebHost[1]
      Request starting HTTP/2.0 GET https://localhost:44344/DNTCaptchaImage/Show?text=CfDJ8LAVDtwkOhhMqDQGKX5XPyAui3rjFlzSg%2FVrSQq3RCWThetX7kQDLTbPIicQixkw75Ye5Ko3%2FMybF%2FO2gr9vgYCYl1JIUVVJN0IGBAXmPdpArrWhUx1t%2F8%2FLLrsO8lT4a3lmseWh7WBo%2FLVykRtIBVzqQ3FxLkauZfxfxjuEGLyD&rndDate=636835294291300314&foreColor=%23333333&backColor=%23ccc&fontSize=20&fontName=Tahoma  
info: Microsoft.AspNetCore.Routing.EndpointMiddleware[0]
      Executing endpoint 'DNTCaptcha.Core.DNTCaptchaImageController.Show (DNTCaptcha.Core)'
info: Microsoft.AspNetCore.Mvc.Internal.ControllerActionInvoker[1]
      Route matched with {action = "Show", controller = "DNTCaptchaImage", area = ""}. Executing action DNTCaptcha.Core.DNTCaptchaImageController.Show (DNTCaptcha.Core)
info: Microsoft.AspNetCore.Mvc.Internal.ControllerActionInvoker[1]
      Executing action method DNTCaptcha.Core.DNTCaptchaImageController.Show (DNTCaptcha.Core) with arguments (CfDJ8LAVDtwkOhhMqDQGKX5XPyAui3rjFlzSg/VrSQq3RCWThetX7kQDLTbPIicQixkw75Ye5Ko3/MybF/O2gr9vgYCYl1JIUVVJN0IGBAXmPdpArrWhUx1t/8/LLrsO8lT4a3lmseWh7WBo/LVykRtIBVzqQ3FxLkauZfxfxjuEGLyD, 636835294291300314, #333333, #ccc, 20, Tahoma) - Validation state: Valid
info: Microsoft.AspNetCore.Mvc.Internal.ControllerActionInvoker[2]
      Executed action method DNTCaptcha.Core.DNTCaptchaImageController.Show (DNTCaptcha.Core), returned result Microsoft.AspNetCore.Mvc.FileContentResult in 54.9019ms.
info: Microsoft.AspNetCore.Mvc.Infrastructure.FileContentResultExecutor[2]
      Executing Microsoft.AspNetCore.Mvc.FileContentResult, sending file with download name '' ...
info: Microsoft.AspNetCore.Mvc.Internal.ControllerActionInvoker[2]
      Executed action DNTCaptcha.Core.DNTCaptchaImageController.Show (DNTCaptcha.Core) in 118.0786ms
info: Microsoft.AspNetCore.Routing.EndpointMiddleware[1]
      Executed endpoint 'DNTCaptcha.Core.DNTCaptchaImageController.Show (DNTCaptcha.Core)'
info: Microsoft.AspNetCore.Hosting.Internal.WebHost[2]
      Request finished in 144.6546ms 200 image/png
info: Microsoft.AspNetCore.Hosting.Internal.WebHost[1]
      Request starting HTTP/2.0 GET https://localhost:44344/Identity/account/register  
info: Microsoft.AspNetCore.Routing.EndpointMiddleware[0]
      Executing endpoint 'AtiehJobCore.Web.Areas.Identity.Controllers.AccountController.Register (AtiehJobCore.Web)'
info: Microsoft.AspNetCore.Mvc.Internal.ControllerActionInvoker[1]
      Route matched with {area = "Identity", action = "Register", controller = "Account"}. Executing action AtiehJobCore.Web.Areas.Identity.Controllers.AccountController.Register (AtiehJobCore.Web)
info: Microsoft.EntityFrameworkCore.Infrastructure[10403]
      Entity Framework Core 2.2.0-rtm-35687 initialized 'AtiehJobCoreDbContext' using provider 'Microsoft.EntityFrameworkCore.SqlServer' with options: MaxPoolSize=128 CommandTimeout=180 
info: Microsoft.AspNetCore.Mvc.Internal.ControllerActionInvoker[1]
      Executing action method AtiehJobCore.Web.Areas.Identity.Controllers.AccountController.Register (AtiehJobCore.Web) - Validation state: Valid
info: Microsoft.AspNetCore.Mvc.Internal.ControllerActionInvoker[2]
      Executed action method AtiehJobCore.Web.Areas.Identity.Controllers.AccountController.Register (AtiehJobCore.Web), returned result Microsoft.AspNetCore.Mvc.ViewResult in 0.2808ms.
info: Microsoft.AspNetCore.Mvc.ViewFeatures.ViewResultExecutor[1]
      Executing ViewResult, running view Register.
info: Microsoft.AspNetCore.Mvc.Internal.ControllerActionInvoker[2]
      Executed action AtiehJobCore.Web.Areas.Identity.Controllers.AccountController.Register (AtiehJobCore.Web) in 461.4012ms
info: Microsoft.AspNetCore.Routing.EndpointMiddleware[1]
      Executed endpoint 'AtiehJobCore.Web.Areas.Identity.Controllers.AccountController.Register (AtiehJobCore.Web)'
fail: Microsoft.AspNetCore.Diagnostics.DeveloperExceptionPageMiddleware[1]
      An unhandled exception has occurred while executing the request.
System.InvalidOperationException: No URL for remote validation could be found.
   at Microsoft.AspNetCore.Mvc.RemoteAttribute.GetUrl(ClientModelValidationContext context)
   at Microsoft.AspNetCore.Mvc.RemoteAttribute.AddValidation(ClientModelValidationContext context)
   at Microsoft.AspNetCore.Mvc.ViewFeatures.DefaultValidationHtmlAttributeProvider.AddValidationAttributes(ViewContext viewContext, ModelExplorer modelExplorer, IDictionary`2 attributes)
   at Microsoft.AspNetCore.Mvc.ViewFeatures.ValidationHtmlAttributeProvider.AddAndTrackValidationAttributes(ViewContext viewContext, ModelExplorer modelExplorer, String expression, IDictionary`2 attributes)
   at Microsoft.AspNetCore.Mvc.ViewFeatures.DefaultHtmlGenerator.AddValidationAttributes(ViewContext viewContext, TagBuilder tagBuilder, ModelExplorer modelExplorer, String expression)
   at Microsoft.AspNetCore.Mvc.ViewFeatures.DefaultHtmlGenerator.GenerateInput(ViewContext viewContext, InputType inputType, ModelExplorer modelExplorer, String expression, Object value, Boolean useViewData, Boolean isChecked, Boolean setId, Boolean isExplicitValue, String format, IDictionary`2 htmlAttributes)
   at Microsoft.AspNetCore.Mvc.ViewFeatures.DefaultHtmlGenerator.GenerateTextBox(ViewContext viewContext, ModelExplorer modelExplorer, String expression, Object value, String format, Object htmlAttributes)
   at Microsoft.AspNetCore.Mvc.TagHelpers.InputTagHelper.GenerateTextBox(ModelExplorer modelExplorer, String inputTypeHint, String inputType, IDictionary`2 htmlAttributes)
   at Microsoft.AspNetCore.Mvc.TagHelpers.InputTagHelper.Process(TagHelperContext context, TagHelperOutput output)
   at Microsoft.AspNetCore.Razor.TagHelpers.TagHelper.ProcessAsync(TagHelperContext context, TagHelperOutput output)
   at Microsoft.AspNetCore.Razor.Runtime.TagHelpers.TagHelperRunner.RunAsync(TagHelperExecutionContext executionContext)
   at AspNetCore.Areas_Identity_Views_Account_Register.<ExecuteAsync>b__30_0() in D:\Programming\Best Project\AtiehJobCore\Presentation\AtiehJobCore.Web\Areas\Identity\Views\Account\Register.cshtml:line 30
   at Microsoft.AspNetCore.Razor.Runtime.TagHelpers.TagHelperExecutionContext.GetChildContentAsync(Boolean useCachedResult, HtmlEncoder encoder)
   at Microsoft.AspNetCore.Mvc.TagHelpers.RenderAtEndOfFormTagHelper.ProcessAsync(TagHelperContext context, TagHelperOutput output)
   at Microsoft.AspNetCore.Razor.Runtime.TagHelpers.TagHelperRunner.RunAsync(TagHelperExecutionContext executionContext)
   at AspNetCore.Areas_Identity_Views_Account_Register.ExecuteAsync() in D:\Programming\Best Project\AtiehJobCore\Presentation\AtiehJobCore.Web\Areas\Identity\Views\Account\Register.cshtml:line 8
   at Microsoft.AspNetCore.Mvc.Razor.RazorView.RenderPageCoreAsync(IRazorPage page, ViewContext context)
   at Microsoft.AspNetCore.Mvc.Razor.RazorView.RenderPageAsync(IRazorPage page, ViewContext context, Boolean invokeViewStarts)
   at Microsoft.AspNetCore.Mvc.Razor.RazorView.RenderAsync(ViewContext context)
   at Microsoft.AspNetCore.Mvc.ViewFeatures.ViewExecutor.ExecuteAsync(ViewContext viewContext, String contentType, Nullable`1 statusCode)
   at Microsoft.AspNetCore.Mvc.ViewFeatures.ViewExecutor.ExecuteAsync(ActionContext actionContext, IView view, ViewDataDictionary viewData, ITempDataDictionary tempData, String contentType, Nullable`1 statusCode)
   at Microsoft.AspNetCore.Mvc.ViewFeatures.ViewResultExecutor.ExecuteAsync(ActionContext context, ViewResult result)
   at Microsoft.AspNetCore.Mvc.ViewResult.ExecuteResultAsync(ActionContext context)
   at Microsoft.AspNetCore.Mvc.Internal.ResourceInvoker.InvokeResultAsync(IActionResult result)
   at Microsoft.AspNetCore.Mvc.Internal.ResourceInvoker.InvokeNextResultFilterAsync[TFilter,TFilterAsync]()
   at Microsoft.AspNetCore.Mvc.Internal.ResourceInvoker.Rethrow(ResultExecutedContext context)
   at Microsoft.AspNetCore.Mvc.Internal.ResourceInvoker.ResultNext[TFilter,TFilterAsync](State& next, Scope& scope, Object& state, Boolean& isCompleted)
   at Microsoft.AspNetCore.Mvc.Internal.ResourceInvoker.InvokeResultFilters()
   at Microsoft.AspNetCore.Mvc.Internal.ResourceInvoker.InvokeNextResourceFilter()
   at Microsoft.AspNetCore.Mvc.Internal.ResourceInvoker.Rethrow(ResourceExecutedContext context)
   at Microsoft.AspNetCore.Mvc.Internal.ResourceInvoker.Next(State& next, Scope& scope, Object& state, Boolean& isCompleted)
   at Microsoft.AspNetCore.Mvc.Internal.ResourceInvoker.InvokeFilterPipelineAsync()
   at Microsoft.AspNetCore.Mvc.Internal.ResourceInvoker.InvokeAsync()
   at Microsoft.AspNetCore.Routing.EndpointMiddleware.Invoke(HttpContext httpContext)
   at Microsoft.AspNetCore.Routing.EndpointRoutingMiddleware.Invoke(HttpContext httpContext)
   at Microsoft.AspNetCore.Authentication.AuthenticationMiddleware.Invoke(HttpContext context)
   at Microsoft.AspNetCore.StaticFiles.StaticFileMiddleware.Invoke(HttpContext context)
   at ElmahCore.Mvc.ErrorLogMiddleware.Invoke(HttpContext context, Func`1 next)
   at ElmahCore.Mvc.BuilderHelper.<>c.<<UseElmah>b__0_0>d.MoveNext()
--- End of stack trace from previous location where exception was thrown ---
   at Microsoft.AspNetCore.Diagnostics.EntityFrameworkCore.MigrationsEndPointMiddleware.Invoke(HttpContext context)
   at Microsoft.AspNetCore.Diagnostics.EntityFrameworkCore.DatabaseErrorPageMiddleware.Invoke(HttpContext httpContext)
   at Microsoft.AspNetCore.Diagnostics.EntityFrameworkCore.DatabaseErrorPageMiddleware.Invoke(HttpContext httpContext)
   at Microsoft.AspNetCore.Diagnostics.DeveloperExceptionPageMiddleware.Invoke(HttpContext context)
info: Microsoft.EntityFrameworkCore.Infrastructure[10403]
      Entity Framework Core 2.2.0-rtm-35687 initialized 'AtiehJobCoreDbContext' using provider 'Microsoft.EntityFrameworkCore.SqlServer' with options: MaxPoolSize=128 CommandTimeout=180 
info: Microsoft.EntityFrameworkCore.Database.Command[20101]
      Executed DbCommand (49ms) [Parameters=[@p0='?' (Size = 1000), @p1='?' (Size = 255), @p2='?' (DbType = Int32), @p3='?' (DbType = DateTimeOffset), @p4='?' (DbType = Int32), @p5='?' (Size = 4000), @p6='?' (Size = 4000), @p7='?' (Size = -1), @p8='?' (Size = 1000), @p9='?' (Size = 255), @p10='?' (DbType = Int32), @p11='?' (DbType = DateTimeOffset), @p12='?' (Size = 4000), @p13='?' (Size = 4000)], CommandType='Text', CommandTimeout='180']
      SET NOCOUNT ON;
      INSERT INTO [LogItems] ([CreatedByBrowserName], [CreatedByIp], [CreatedByUserId], [CreatedDateTime], [EventId], [LogLevel], [Logger], [Message], [ModifiedByBrowserName], [ModifiedByIp], [ModifiedByUserId], [ModifiedDateTime], [StateJson], [Url])
      VALUES (@p0, @p1, @p2, @p3, @p4, @p5, @p6, @p7, @p8, @p9, @p10, @p11, @p12, @p13);
      SELECT [Id]
      FROM [LogItems]
      WHERE @@ROWCOUNT = 1 AND [Id] = scope_identity();
info: Microsoft.AspNetCore.Hosting.Internal.WebHost[2]
      Request finished in 1033.7069ms 500 text/html; charset=utf-8
