Hosting environment: Development
Content root path: D:\Programming New\AtiehJobCore\Presentation\AtiehJobCore.Web
Application started. Press Ctrl+C to shut down.
info: Microsoft.AspNetCore.Hosting.Internal.WebHost[1]
      Request starting HTTP/2.0 GET https://localhost:44344/  
info: Microsoft.AspNetCore.Hosting.Internal.WebHost[1]
      Request starting HTTP/2.0 GET https://localhost:44344/Account/User/Login  
info: Microsoft.AspNetCore.Mvc.Internal.ControllerActionInvoker[1]
      Route matched with {area = "Account", action = "Login", controller = "User"}. Executing action AtiehJobCore.Web.Areas.Account.Controllers.UserController.Login (AtiehJobCore.Web)
info: Microsoft.AspNetCore.Mvc.Internal.ControllerActionInvoker[1]
      Route matched with {action = "Index", controller = "Home", area = ""}. Executing action AtiehJobCore.Web.Controllers.HomeController.Index (AtiehJobCore.Web)
info: Microsoft.AspNetCore.Mvc.Internal.ControllerActionInvoker[1]
      Executing action method AtiehJobCore.Web.Areas.Account.Controllers.UserController.Login (AtiehJobCore.Web) - Validation state: Valid
info: Microsoft.AspNetCore.Mvc.Internal.ControllerActionInvoker[2]
      Executed action method AtiehJobCore.Web.Areas.Account.Controllers.UserController.Login (AtiehJobCore.Web), returned result Microsoft.AspNetCore.Mvc.ViewResult in 2.1756ms.
info: Microsoft.AspNetCore.Mvc.ViewFeatures.ViewResultExecutor[1]
      Executing ViewResult, running view Login.
info: Microsoft.AspNetCore.Mvc.Internal.ControllerActionInvoker[1]
      Executing action method AtiehJobCore.Web.Controllers.HomeController.Index (AtiehJobCore.Web) - Validation state: Valid
info: Microsoft.AspNetCore.Mvc.Internal.ControllerActionInvoker[2]
      Executed action method AtiehJobCore.Web.Controllers.HomeController.Index (AtiehJobCore.Web), returned result Microsoft.AspNetCore.Mvc.ViewResult in 0.4018ms.
info: Microsoft.AspNetCore.Mvc.ViewFeatures.ViewResultExecutor[1]
      Executing ViewResult, running view Index.
info: Microsoft.AspNetCore.Mvc.ViewFeatures.ViewResultExecutor[4]
      Executed ViewResult - view Login executed in 838.7472ms.
info: Microsoft.AspNetCore.Mvc.Internal.ControllerActionInvoker[2]
      Executed action AtiehJobCore.Web.Areas.Account.Controllers.UserController.Login (AtiehJobCore.Web) in 1318.7636ms
info: Microsoft.AspNetCore.Hosting.Internal.WebHost[2]
      Request finished in 2356.0539ms 200 text/html; charset=utf-8
info: Microsoft.AspNetCore.Mvc.ViewFeatures.ViewResultExecutor[4]
      Executed ViewResult - view Index executed in 612.7348ms.
info: Microsoft.AspNetCore.Mvc.Internal.ControllerActionInvoker[2]
      Executed action AtiehJobCore.Web.Controllers.HomeController.Index (AtiehJobCore.Web) in 1500.264ms
info: Microsoft.AspNetCore.Hosting.Internal.WebHost[1]
      Request starting HTTP/2.0 GET https://localhost:44344/css/web.min.css?v=afSwdgq2OTudoaR1w-BphxesGOrr4KUBU1NZxboj-6g  
info: Microsoft.AspNetCore.Hosting.Internal.WebHost[2]
      Request finished in 2579.8745ms 200 text/html; charset=utf-8
info: Microsoft.AspNetCore.StaticFiles.StaticFileMiddleware[2]
      Sending file. Request path: '/css/web.min.css'. Physical path: 'D:\Programming New\AtiehJobCore\Presentation\AtiehJobCore.Web\wwwroot\css\web.min.css'
info: Microsoft.AspNetCore.Hosting.Internal.WebHost[2]
      Request finished in 59.0544ms 200 text/css
info: Microsoft.AspNetCore.Hosting.Internal.WebHost[1]
      Request starting HTTP/2.0 GET https://localhost:44344/favicon.ico  
info: Microsoft.AspNetCore.StaticFiles.StaticFileMiddleware[2]
      Sending file. Request path: '/favicon.ico'. Physical path: 'D:\Programming New\AtiehJobCore\Presentation\AtiehJobCore.Web\wwwroot\favicon.ico'
info: Microsoft.AspNetCore.Hosting.Internal.WebHost[2]
      Request finished in 8.4173ms 200 image/x-icon
info: Microsoft.AspNetCore.Hosting.Internal.WebHost[1]
      Request starting HTTP/2.0 GET https://localhost:44344/Account/User/Login  
info: Microsoft.AspNetCore.Mvc.Internal.ControllerActionInvoker[1]
      Route matched with {area = "Account", action = "Login", controller = "User"}. Executing action AtiehJobCore.Web.Areas.Account.Controllers.UserController.Login (AtiehJobCore.Web)
info: Microsoft.AspNetCore.Mvc.Internal.ControllerActionInvoker[1]
      Executing action method AtiehJobCore.Web.Areas.Account.Controllers.UserController.Login (AtiehJobCore.Web) - Validation state: Valid
info: Microsoft.AspNetCore.Mvc.Internal.ControllerActionInvoker[2]
      Executed action method AtiehJobCore.Web.Areas.Account.Controllers.UserController.Login (AtiehJobCore.Web), returned result Microsoft.AspNetCore.Mvc.ViewResult in 0.1348ms.
info: Microsoft.AspNetCore.Mvc.ViewFeatures.ViewResultExecutor[1]
      Executing ViewResult, running view Login.
info: Microsoft.AspNetCore.Mvc.ViewFeatures.ViewResultExecutor[4]
      Executed ViewResult - view Login executed in 60.6098ms.
info: Microsoft.AspNetCore.Mvc.Internal.ControllerActionInvoker[2]
      Executed action AtiehJobCore.Web.Areas.Account.Controllers.UserController.Login (AtiehJobCore.Web) in 108.2751ms
info: Microsoft.AspNetCore.Hosting.Internal.WebHost[2]
      Request finished in 119.6735ms 200 text/html; charset=utf-8
info: Microsoft.AspNetCore.Hosting.Internal.WebHost[1]
      Request starting HTTP/2.0 GET https://localhost:44344/Account/User/Login  
info: Microsoft.AspNetCore.Mvc.Internal.ControllerActionInvoker[1]
      Route matched with {area = "Account", action = "Login", controller = "User"}. Executing action AtiehJobCore.Web.Areas.Account.Controllers.UserController.Login (AtiehJobCore.Web)
info: Microsoft.AspNetCore.Mvc.Internal.ControllerActionInvoker[1]
      Executing action method AtiehJobCore.Web.Areas.Account.Controllers.UserController.Login (AtiehJobCore.Web) - Validation state: Valid
info: Microsoft.AspNetCore.Mvc.Internal.ControllerActionInvoker[2]
      Executed action method AtiehJobCore.Web.Areas.Account.Controllers.UserController.Login (AtiehJobCore.Web), returned result Microsoft.AspNetCore.Mvc.ViewResult in 0.0394ms.
info: Microsoft.AspNetCore.Mvc.ViewFeatures.ViewResultExecutor[1]
      Executing ViewResult, running view Login.
info: Microsoft.AspNetCore.Mvc.ViewFeatures.ViewResultExecutor[4]
      Executed ViewResult - view Login executed in 18.3894ms.
info: Microsoft.AspNetCore.Mvc.Internal.ControllerActionInvoker[2]
      Executed action AtiehJobCore.Web.Areas.Account.Controllers.UserController.Login (AtiehJobCore.Web) in 54.4702ms
info: Microsoft.AspNetCore.Hosting.Internal.WebHost[2]
      Request finished in 63.7564ms 200 text/html; charset=utf-8
info: Microsoft.AspNetCore.Hosting.Internal.WebHost[1]
      Request starting HTTP/2.0 GET https://localhost:44344/css/account-rtl.min.css  
info: Microsoft.AspNetCore.Hosting.Internal.WebHost[1]
      Request starting HTTP/2.0 GET https://localhost:44344/js/jqueryAll.min.js?v=XW6yr5crmRky0ij53VOAb7CvfKcNtd1yunsOMEpx_W8  
info: Microsoft.AspNetCore.Hosting.Internal.WebHost[1]
      Request starting HTTP/2.0 GET https://localhost:44344/css/account.min.css  
info: Microsoft.AspNetCore.Hosting.Internal.WebHost[1]
      Request starting HTTP/2.0 GET https://localhost:44344/js/web.min.js?v=svzKX7Z4zzkDh0IRqBQDmiSf7Ylgx_HGXL7NQeMTQUI  
info: Microsoft.AspNetCore.StaticFiles.StaticFileMiddleware[2]
      Sending file. Request path: '/css/account-rtl.min.css'. Physical path: 'D:\Programming New\AtiehJobCore\Presentation\AtiehJobCore.Web\wwwroot\css\account-rtl.min.css'
info: Microsoft.AspNetCore.Hosting.Internal.WebHost[2]
      Request finished in 45.2558ms 200 text/css
info: Microsoft.AspNetCore.StaticFiles.StaticFileMiddleware[2]
      Sending file. Request path: '/js/web.min.js'. Physical path: 'D:\Programming New\AtiehJobCore\Presentation\AtiehJobCore.Web\wwwroot\js\web.min.js'
info: Microsoft.AspNetCore.StaticFiles.StaticFileMiddleware[2]
      Sending file. Request path: '/js/jqueryAll.min.js'. Physical path: 'D:\Programming New\AtiehJobCore\Presentation\AtiehJobCore.Web\wwwroot\js\jqueryAll.min.js'
info: Microsoft.AspNetCore.Hosting.Internal.WebHost[2]
      Request finished in 39.3098ms 200 application/javascript
info: Microsoft.AspNetCore.Hosting.Internal.WebHost[2]
      Request finished in 51.7118ms 200 application/javascript
info: Microsoft.AspNetCore.StaticFiles.StaticFileMiddleware[2]
      Sending file. Request path: '/css/account.min.css'. Physical path: 'D:\Programming New\AtiehJobCore\Presentation\AtiehJobCore.Web\wwwroot\css\account.min.css'
info: Microsoft.AspNetCore.Hosting.Internal.WebHost[2]
      Request finished in 49.6658ms 200 text/css
info: Microsoft.AspNetCore.Hosting.Internal.WebHost[1]
      Request starting HTTP/2.0 GET https://localhost:44344/webfonts/samim/Samim-Bold.woff  
info: Microsoft.AspNetCore.Hosting.Internal.WebHost[1]
      Request starting HTTP/2.0 GET https://localhost:44344/webfonts/samim/Samim.woff  
info: Microsoft.AspNetCore.StaticFiles.StaticFileMiddleware[2]
      Sending file. Request path: '/webfonts/samim/Samim-Bold.woff'. Physical path: 'D:\Programming New\AtiehJobCore\Presentation\AtiehJobCore.Web\wwwroot\webfonts\samim\Samim-Bold.woff'
info: Microsoft.AspNetCore.StaticFiles.StaticFileMiddleware[2]
      Sending file. Request path: '/webfonts/samim/Samim.woff'. Physical path: 'D:\Programming New\AtiehJobCore\Presentation\AtiehJobCore.Web\wwwroot\webfonts\samim\Samim.woff'
info: Microsoft.AspNetCore.Hosting.Internal.WebHost[2]
      Request finished in 20.4965ms 200 application/font-woff
info: Microsoft.AspNetCore.Hosting.Internal.WebHost[2]
      Request finished in 12.6237ms 200 application/font-woff
info: Microsoft.AspNetCore.Hosting.Internal.WebHost[1]
      Request starting HTTP/2.0 GET https://localhost:44344/favicon.ico  
info: Microsoft.AspNetCore.StaticFiles.StaticFileMiddleware[2]
      Sending file. Request path: '/favicon.ico'. Physical path: 'D:\Programming New\AtiehJobCore\Presentation\AtiehJobCore.Web\wwwroot\favicon.ico'
info: Microsoft.AspNetCore.Hosting.Internal.WebHost[2]
      Request finished in 7.4379ms 200 image/x-icon
info: Microsoft.AspNetCore.Hosting.Internal.WebHost[1]
      Request starting HTTP/2.0 POST https://localhost:44344/account/user/login application/x-www-form-urlencoded 242
info: Microsoft.AspNetCore.Mvc.Internal.ControllerActionInvoker[1]
      Route matched with {area = "Account", action = "Login", controller = "User"}. Executing action AtiehJobCore.Web.Areas.Account.Controllers.UserController.Login (AtiehJobCore.Web)
info: Microsoft.AspNetCore.Mvc.Internal.ControllerActionInvoker[1]
      Executing action method AtiehJobCore.Web.Areas.Account.Controllers.UserController.Login (AtiehJobCore.Web) with arguments (AtiehJobCore.Web.Framework.Models.Account.LoginModel, , False, ) - Validation state: Invalid
info: Microsoft.AspNetCore.Mvc.Internal.ControllerActionInvoker[2]
      Executed action method AtiehJobCore.Web.Areas.Account.Controllers.UserController.Login (AtiehJobCore.Web), returned result Microsoft.AspNetCore.Mvc.ViewResult in 2.3236ms.
info: Microsoft.AspNetCore.Mvc.ViewFeatures.ViewResultExecutor[1]
      Executing ViewResult, running view Login.
info: Microsoft.AspNetCore.Mvc.ViewFeatures.ViewResultExecutor[4]
      Executed ViewResult - view Login executed in 28.3709ms.
info: Microsoft.AspNetCore.Mvc.Internal.ControllerActionInvoker[2]
      Executed action AtiehJobCore.Web.Areas.Account.Controllers.UserController.Login (AtiehJobCore.Web) in 204.3904ms
info: Microsoft.AspNetCore.Hosting.Internal.WebHost[2]
      Request finished in 260.4743ms 200 text/html; charset=utf-8
info: Microsoft.AspNetCore.Hosting.Internal.WebHost[1]
      Request starting HTTP/2.0 POST https://localhost:44344/account/user/login application/x-www-form-urlencoded 242
info: Microsoft.AspNetCore.Mvc.Internal.ControllerActionInvoker[1]
      Route matched with {area = "Account", action = "Login", controller = "User"}. Executing action AtiehJobCore.Web.Areas.Account.Controllers.UserController.Login (AtiehJobCore.Web)
info: Microsoft.AspNetCore.Mvc.Internal.ControllerActionInvoker[1]
      Executing action method AtiehJobCore.Web.Areas.Account.Controllers.UserController.Login (AtiehJobCore.Web) with arguments (AtiehJobCore.Web.Framework.Models.Account.LoginModel, , False, ) - Validation state: Invalid
info: Microsoft.AspNetCore.Mvc.Internal.ControllerActionInvoker[2]
      Executed action method AtiehJobCore.Web.Areas.Account.Controllers.UserController.Login (AtiehJobCore.Web), returned result Microsoft.AspNetCore.Mvc.ViewResult in 0.0658ms.
info: Microsoft.AspNetCore.Mvc.ViewFeatures.ViewResultExecutor[1]
      Executing ViewResult, running view Login.
info: Microsoft.AspNetCore.Mvc.ViewFeatures.ViewResultExecutor[4]
      Executed ViewResult - view Login executed in 220568.984ms.
info: Microsoft.AspNetCore.Mvc.Internal.ControllerActionInvoker[2]
      Executed action AtiehJobCore.Web.Areas.Account.Controllers.UserController.Login (AtiehJobCore.Web) in 220615.8741ms
info: Microsoft.AspNetCore.Hosting.Internal.WebHost[2]
      Request finished in 220627.6068ms 200 text/html; charset=utf-8
info: Microsoft.AspNetCore.Hosting.Internal.WebHost[1]
      Request starting HTTP/2.0 GET https://localhost:44344/favicon.ico  
info: Microsoft.AspNetCore.StaticFiles.StaticFileMiddleware[2]
      Sending file. Request path: '/favicon.ico'. Physical path: 'D:\Programming New\AtiehJobCore\Presentation\AtiehJobCore.Web\wwwroot\favicon.ico'
info: Microsoft.AspNetCore.Hosting.Internal.WebHost[2]
      Request finished in 16.6411ms 200 image/x-icon
info: Microsoft.AspNetCore.Hosting.Internal.WebHost[1]
      Request starting HTTP/2.0 POST https://localhost:44344/account/user/login application/x-www-form-urlencoded 242
info: Microsoft.AspNetCore.Mvc.Internal.ControllerActionInvoker[1]
      Route matched with {area = "Account", action = "Login", controller = "User"}. Executing action AtiehJobCore.Web.Areas.Account.Controllers.UserController.Login (AtiehJobCore.Web)
info: AtiehJobCore.Web.Framework.Security.PublicAntiForgeryAttribute.PublicAntiForgeryFilter[1]
      Antiforgery token validation failed. The required antiforgery cookie ".AtiehJob.Antiforgery" is not present.
Microsoft.AspNetCore.Antiforgery.AntiforgeryValidationException: The required antiforgery cookie ".AtiehJob.Antiforgery" is not present.
   at Microsoft.AspNetCore.Antiforgery.Internal.DefaultAntiforgery.ValidateRequestAsync(HttpContext httpContext)
   at Microsoft.AspNetCore.Mvc.ViewFeatures.Internal.ValidateAntiforgeryTokenAuthorizationFilter.OnAuthorizationAsync(AuthorizationFilterContext context)
info: Microsoft.AspNetCore.Mvc.Internal.ControllerActionInvoker[3]
      Authorization failed for the request at filter 'AtiehJobCore.Web.Framework.Security.PublicAntiForgeryAttribute+PublicAntiForgeryFilter'.
info: Microsoft.AspNetCore.Mvc.StatusCodeResult[1]
      Executing HttpStatusCodeResult, setting HTTP status code 400
info: Microsoft.AspNetCore.Mvc.Internal.ControllerActionInvoker[2]
      Executed action AtiehJobCore.Web.Areas.Account.Controllers.UserController.Login (AtiehJobCore.Web) in 202.1886ms
info: Microsoft.AspNetCore.Hosting.Internal.WebHost[2]
      Request finished in 440.0962ms 400 
info: Microsoft.AspNetCore.Hosting.Internal.WebHost[1]
      Request starting HTTP/2.0 GET https://localhost:44344/  
info: Microsoft.AspNetCore.Mvc.Internal.ControllerActionInvoker[1]
      Route matched with {action = "Index", controller = "Home", area = ""}. Executing action AtiehJobCore.Web.Controllers.HomeController.Index (AtiehJobCore.Web)
info: Microsoft.AspNetCore.Mvc.Internal.ControllerActionInvoker[1]
      Executing action method AtiehJobCore.Web.Controllers.HomeController.Index (AtiehJobCore.Web) - Validation state: Valid
info: Microsoft.AspNetCore.Mvc.Internal.ControllerActionInvoker[2]
      Executed action method AtiehJobCore.Web.Controllers.HomeController.Index (AtiehJobCore.Web), returned result Microsoft.AspNetCore.Mvc.ViewResult in 0.0567ms.
info: Microsoft.AspNetCore.Mvc.ViewFeatures.ViewResultExecutor[1]
      Executing ViewResult, running view Index.
info: Microsoft.AspNetCore.Mvc.ViewFeatures.ViewResultExecutor[4]
      Executed ViewResult - view Index executed in 30.3391ms.
info: Microsoft.AspNetCore.Mvc.Internal.ControllerActionInvoker[2]
      Executed action AtiehJobCore.Web.Controllers.HomeController.Index (AtiehJobCore.Web) in 102.348ms
info: Microsoft.AspNetCore.Hosting.Internal.WebHost[2]
      Request finished in 117.1269ms 200 text/html; charset=utf-8
info: Microsoft.AspNetCore.Hosting.Internal.WebHost[1]
      Request starting HTTP/2.0 GET https://localhost:44344/Account/User/Logout  
info: Microsoft.AspNetCore.Mvc.Internal.ControllerActionInvoker[1]
      Route matched with {area = "Account", action = "Logout", controller = "User"}. Executing action AtiehJobCore.Web.Areas.Account.Controllers.UserController.Logout (AtiehJobCore.Web)
info: Microsoft.AspNetCore.Mvc.Internal.ControllerActionInvoker[1]
      Executing action method AtiehJobCore.Web.Areas.Account.Controllers.UserController.Logout (AtiehJobCore.Web) with arguments (AtiehJobCore.Core.Domain.StoreInformationSettings) - Validation state: Valid
info: Microsoft.AspNetCore.Authentication.Cookies.CookieAuthenticationHandler[11]
      AuthenticationScheme: Authentication signed out.
info: Microsoft.AspNetCore.Mvc.Internal.ControllerActionInvoker[2]
      Executed action method AtiehJobCore.Web.Areas.Account.Controllers.UserController.Logout (AtiehJobCore.Web), returned result Microsoft.AspNetCore.Mvc.RedirectToRouteResult in 17.9477ms.
info: Microsoft.AspNetCore.Mvc.RedirectToRouteResult[1]
      Executing RedirectToRouteResult, redirecting to / from route HomePage.
info: Microsoft.AspNetCore.Mvc.Internal.ControllerActionInvoker[2]
      Executed action AtiehJobCore.Web.Areas.Account.Controllers.UserController.Logout (AtiehJobCore.Web) in 54.2606ms
info: Microsoft.AspNetCore.Hosting.Internal.WebHost[2]
      Request finished in 66.8749ms 302 
info: Microsoft.AspNetCore.Hosting.Internal.WebHost[1]
      Request starting HTTP/2.0 GET https://localhost:44344/  
info: Microsoft.AspNetCore.Mvc.Internal.ControllerActionInvoker[1]
      Route matched with {action = "Index", controller = "Home", area = ""}. Executing action AtiehJobCore.Web.Controllers.HomeController.Index (AtiehJobCore.Web)
info: Microsoft.AspNetCore.Mvc.Internal.ControllerActionInvoker[1]
      Executing action method AtiehJobCore.Web.Controllers.HomeController.Index (AtiehJobCore.Web) - Validation state: Valid
info: Microsoft.AspNetCore.Mvc.Internal.ControllerActionInvoker[2]
      Executed action method AtiehJobCore.Web.Controllers.HomeController.Index (AtiehJobCore.Web), returned result Microsoft.AspNetCore.Mvc.ViewResult in 0.0305ms.
info: Microsoft.AspNetCore.Mvc.ViewFeatures.ViewResultExecutor[1]
      Executing ViewResult, running view Index.
info: Microsoft.AspNetCore.Mvc.ViewFeatures.ViewResultExecutor[4]
      Executed ViewResult - view Index executed in 16.0056ms.
info: Microsoft.AspNetCore.Mvc.Internal.ControllerActionInvoker[2]
      Executed action AtiehJobCore.Web.Controllers.HomeController.Index (AtiehJobCore.Web) in 123.4256ms
info: Microsoft.AspNetCore.Hosting.Internal.WebHost[2]
      Request finished in 131.6608ms 200 text/html; charset=utf-8
info: Microsoft.AspNetCore.Hosting.Internal.WebHost[1]
      Request starting HTTP/2.0 GET https://localhost:44344/changelanguage/5c670dd548737f3668f9c931?returnurl=%2f  
info: Microsoft.AspNetCore.Mvc.Internal.ControllerActionInvoker[1]
      Route matched with {action = "SetLanguage", controller = "Common", area = ""}. Executing action AtiehJobCore.Web.Controllers.CommonController.SetLanguage (AtiehJobCore.Web)
info: Microsoft.AspNetCore.Mvc.Internal.ControllerActionInvoker[1]
      Executing action method AtiehJobCore.Web.Controllers.CommonController.SetLanguage (AtiehJobCore.Web) with arguments (AtiehJobCore.Services.Localization.LanguageService, AtiehJobCore.Core.Domain.Localization.LocalizationSettings, 5c670dd548737f3668f9c931, /) - Validation state: Valid
info: Microsoft.AspNetCore.Mvc.Internal.ControllerActionInvoker[2]
      Executed action method AtiehJobCore.Web.Controllers.CommonController.SetLanguage (AtiehJobCore.Web), returned result Microsoft.AspNetCore.Mvc.RedirectResult in 20.9842ms.
info: Microsoft.AspNetCore.Mvc.Infrastructure.RedirectResultExecutor[1]
      Executing RedirectResult, redirecting to /.
info: Microsoft.AspNetCore.Mvc.Internal.ControllerActionInvoker[2]
      Executed action AtiehJobCore.Web.Controllers.CommonController.SetLanguage (AtiehJobCore.Web) in 76.9259ms
info: Microsoft.AspNetCore.Hosting.Internal.WebHost[2]
      Request finished in 106.7517ms 302 
info: Microsoft.AspNetCore.Hosting.Internal.WebHost[1]
      Request starting HTTP/2.0 GET https://localhost:44344/  
info: Microsoft.AspNetCore.Mvc.Internal.ControllerActionInvoker[1]
      Route matched with {action = "Index", controller = "Home", area = ""}. Executing action AtiehJobCore.Web.Controllers.HomeController.Index (AtiehJobCore.Web)
info: Microsoft.AspNetCore.Mvc.Internal.ControllerActionInvoker[1]
      Executing action method AtiehJobCore.Web.Controllers.HomeController.Index (AtiehJobCore.Web) - Validation state: Valid
info: Microsoft.AspNetCore.Mvc.Internal.ControllerActionInvoker[2]
      Executed action method AtiehJobCore.Web.Controllers.HomeController.Index (AtiehJobCore.Web), returned result Microsoft.AspNetCore.Mvc.ViewResult in 0.0315ms.
info: Microsoft.AspNetCore.Mvc.ViewFeatures.ViewResultExecutor[1]
      Executing ViewResult, running view Index.
info: Microsoft.AspNetCore.Mvc.ViewFeatures.ViewResultExecutor[4]
      Executed ViewResult - view Index executed in 13.5356ms.
info: Microsoft.AspNetCore.Mvc.Internal.ControllerActionInvoker[2]
      Executed action AtiehJobCore.Web.Controllers.HomeController.Index (AtiehJobCore.Web) in 66.8064ms
info: Microsoft.AspNetCore.Hosting.Internal.WebHost[2]
      Request finished in 74.4669ms 200 text/html; charset=utf-8
info: Microsoft.AspNetCore.Hosting.Internal.WebHost[1]
      Request starting HTTP/2.0 GET https://localhost:44344/Account/User/Login  
info: Microsoft.AspNetCore.Mvc.Internal.ControllerActionInvoker[1]
      Route matched with {area = "Account", action = "Login", controller = "User"}. Executing action AtiehJobCore.Web.Areas.Account.Controllers.UserController.Login (AtiehJobCore.Web)
info: Microsoft.AspNetCore.Mvc.Internal.ControllerActionInvoker[1]
      Executing action method AtiehJobCore.Web.Areas.Account.Controllers.UserController.Login (AtiehJobCore.Web) - Validation state: Valid
info: Microsoft.AspNetCore.Mvc.Internal.ControllerActionInvoker[2]
      Executed action method AtiehJobCore.Web.Areas.Account.Controllers.UserController.Login (AtiehJobCore.Web), returned result Microsoft.AspNetCore.Mvc.ViewResult in 0.0437ms.
info: Microsoft.AspNetCore.Mvc.ViewFeatures.ViewResultExecutor[1]
      Executing ViewResult, running view Login.
info: Microsoft.AspNetCore.Mvc.ViewFeatures.ViewResultExecutor[4]
      Executed ViewResult - view Login executed in 3817.5709ms.
info: Microsoft.AspNetCore.Mvc.Internal.ControllerActionInvoker[2]
      Executed action AtiehJobCore.Web.Areas.Account.Controllers.UserController.Login (AtiehJobCore.Web) in 3854.2716ms
info: Microsoft.AspNetCore.Hosting.Internal.WebHost[2]
      Request finished in 3864.4937ms 200 text/html; charset=utf-8
info: Microsoft.AspNetCore.Hosting.Internal.WebHost[1]
      Request starting HTTP/2.0 GET https://localhost:44344/Account/User/Login  
info: Microsoft.AspNetCore.Mvc.Internal.ControllerActionInvoker[1]
      Route matched with {area = "Account", action = "Login", controller = "User"}. Executing action AtiehJobCore.Web.Areas.Account.Controllers.UserController.Login (AtiehJobCore.Web)
info: Microsoft.AspNetCore.Mvc.Internal.ControllerActionInvoker[1]
      Executing action method AtiehJobCore.Web.Areas.Account.Controllers.UserController.Login (AtiehJobCore.Web) - Validation state: Valid
info: Microsoft.AspNetCore.Mvc.Internal.ControllerActionInvoker[2]
      Executed action method AtiehJobCore.Web.Areas.Account.Controllers.UserController.Login (AtiehJobCore.Web), returned result Microsoft.AspNetCore.Mvc.ViewResult in 0.0419ms.
info: Microsoft.AspNetCore.Mvc.ViewFeatures.ViewResultExecutor[1]
      Executing ViewResult, running view Login.
info: Microsoft.AspNetCore.Mvc.ViewFeatures.ViewResultExecutor[4]
      Executed ViewResult - view Login executed in 19.7092ms.
info: Microsoft.AspNetCore.Mvc.Internal.ControllerActionInvoker[2]
      Executed action AtiehJobCore.Web.Areas.Account.Controllers.UserController.Login (AtiehJobCore.Web) in 73.5885ms
info: Microsoft.AspNetCore.Hosting.Internal.WebHost[2]
      Request finished in 84.2834ms 200 text/html; charset=utf-8
info: Microsoft.AspNetCore.Hosting.Internal.WebHost[1]
      Request starting HTTP/2.0 GET https://localhost:44344/css/account-rtl.min.css  
info: Microsoft.AspNetCore.Hosting.Internal.WebHost[1]
      Request starting HTTP/2.0 GET https://localhost:44344/css/account.min.css  
info: Microsoft.AspNetCore.Hosting.Internal.WebHost[1]
      Request starting HTTP/2.0 GET https://localhost:44344/js/web.min.js?v=svzKX7Z4zzkDh0IRqBQDmiSf7Ylgx_HGXL7NQeMTQUI  
info: Microsoft.AspNetCore.Hosting.Internal.WebHost[1]
      Request starting HTTP/2.0 GET https://localhost:44344/js/jqueryAll.min.js?v=XW6yr5crmRky0ij53VOAb7CvfKcNtd1yunsOMEpx_W8  
info: Microsoft.AspNetCore.StaticFiles.StaticFileMiddleware[2]
      Sending file. Request path: '/css/account-rtl.min.css'. Physical path: 'D:\Programming New\AtiehJobCore\Presentation\AtiehJobCore.Web\wwwroot\css\account-rtl.min.css'
info: Microsoft.AspNetCore.Hosting.Internal.WebHost[2]
      Request finished in 72.1675ms 200 text/css
info: Microsoft.AspNetCore.StaticFiles.StaticFileMiddleware[2]
      Sending file. Request path: '/css/account.min.css'. Physical path: 'D:\Programming New\AtiehJobCore\Presentation\AtiehJobCore.Web\wwwroot\css\account.min.css'
info: Microsoft.AspNetCore.StaticFiles.StaticFileMiddleware[2]
      Sending file. Request path: '/js/web.min.js'. Physical path: 'D:\Programming New\AtiehJobCore\Presentation\AtiehJobCore.Web\wwwroot\js\web.min.js'
info: Microsoft.AspNetCore.Hosting.Internal.WebHost[2]
      Request finished in 80.4628ms 200 text/css
info: Microsoft.AspNetCore.StaticFiles.StaticFileMiddleware[2]
      Sending file. Request path: '/js/jqueryAll.min.js'. Physical path: 'D:\Programming New\AtiehJobCore\Presentation\AtiehJobCore.Web\wwwroot\js\jqueryAll.min.js'
info: Microsoft.AspNetCore.Hosting.Internal.WebHost[2]
      Request finished in 78.6662ms 200 application/javascript
info: Microsoft.AspNetCore.Hosting.Internal.WebHost[2]
      Request finished in 29.7612ms 200 application/javascript
info: Microsoft.AspNetCore.Hosting.Internal.WebHost[1]
      Request starting HTTP/2.0 GET https://localhost:44344/webfonts/samim/Samim-Bold.woff  
info: Microsoft.AspNetCore.Hosting.Internal.WebHost[1]
      Request starting HTTP/2.0 GET https://localhost:44344/webfonts/samim/Samim.woff  
info: Microsoft.AspNetCore.StaticFiles.StaticFileMiddleware[2]
      Sending file. Request path: '/webfonts/samim/Samim.woff'. Physical path: 'D:\Programming New\AtiehJobCore\Presentation\AtiehJobCore.Web\wwwroot\webfonts\samim\Samim.woff'
info: Microsoft.AspNetCore.Hosting.Internal.WebHost[2]
      Request finished in 8.5013ms 200 application/font-woff
info: Microsoft.AspNetCore.StaticFiles.StaticFileMiddleware[2]
      Sending file. Request path: '/webfonts/samim/Samim-Bold.woff'. Physical path: 'D:\Programming New\AtiehJobCore\Presentation\AtiehJobCore.Web\wwwroot\webfonts\samim\Samim-Bold.woff'
info: Microsoft.AspNetCore.Hosting.Internal.WebHost[2]
      Request finished in 13.9997ms 200 application/font-woff
info: Microsoft.AspNetCore.Hosting.Internal.WebHost[1]
      Request starting HTTP/2.0 GET https://localhost:44344/favicon.ico  
info: Microsoft.AspNetCore.StaticFiles.StaticFileMiddleware[2]
      Sending file. Request path: '/favicon.ico'. Physical path: 'D:\Programming New\AtiehJobCore\Presentation\AtiehJobCore.Web\wwwroot\favicon.ico'
info: Microsoft.AspNetCore.Hosting.Internal.WebHost[2]
      Request finished in 5.782ms 200 image/x-icon
