Hosting environment: Development
Content root path: D:\Programming New\AtiehJobCore\Presentation\AtiehJobCore.Web
Application started. Press Ctrl+C to shut down.
info: Microsoft.AspNetCore.Hosting.Internal.WebHost[1]
      Request starting HTTP/2.0 GET https://localhost:44344/  
info: Microsoft.AspNetCore.Hosting.Internal.WebHost[1]
      Request starting HTTP/2.0 GET https://localhost:44344/install  
info: Microsoft.AspNetCore.Hosting.Internal.WebHost[2]
      Request finished in 209.0148ms 302 
info: Microsoft.AspNetCore.Mvc.Internal.ControllerActionInvoker[1]
      Route matched with {action = "Index", controller = "Install", area = ""}. Executing action AtiehJobCore.Web.Controllers.InstallController.Index (AtiehJobCore.Web)
info: Microsoft.AspNetCore.Mvc.Internal.ControllerActionInvoker[1]
      Executing action method AtiehJobCore.Web.Controllers.InstallController.Index (AtiehJobCore.Web) - Validation state: Valid
info: Microsoft.AspNetCore.Mvc.Internal.ControllerActionInvoker[2]
      Executed action method AtiehJobCore.Web.Controllers.InstallController.Index (AtiehJobCore.Web), returned result Microsoft.AspNetCore.Mvc.ViewResult in 363.2403ms.
info: Microsoft.AspNetCore.Mvc.ViewFeatures.ViewResultExecutor[1]
      Executing ViewResult, running view Index.
info: Microsoft.AspNetCore.Mvc.ViewFeatures.ViewResultExecutor[4]
      Executed ViewResult - view Index executed in 777.5209ms.
info: Microsoft.AspNetCore.Mvc.Internal.ControllerActionInvoker[2]
      Executed action AtiehJobCore.Web.Controllers.InstallController.Index (AtiehJobCore.Web) in 2741.578ms
info: Microsoft.AspNetCore.Hosting.Internal.WebHost[2]
      Request finished in 3645.3507ms 200 text/html; charset=utf-8
info: Microsoft.AspNetCore.Hosting.Internal.WebHost[1]
      Request starting HTTP/2.0 POST https://localhost:44344/install application/x-www-form-urlencoded 571
info: Microsoft.AspNetCore.Mvc.Internal.ControllerActionInvoker[1]
      Route matched with {action = "Index", controller = "Install", area = ""}. Executing action AtiehJobCore.Web.Controllers.InstallController.Index (AtiehJobCore.Web)
info: Microsoft.AspNetCore.Mvc.Internal.ControllerActionInvoker[1]
      Executing action method AtiehJobCore.Web.Controllers.InstallController.Index (AtiehJobCore.Web) with arguments (AtiehJobCore.Web.Framework.Models.InstallModel) - Validation state: Valid
info: Microsoft.AspNetCore.Mvc.Internal.ControllerActionInvoker[2]
      Executed action method AtiehJobCore.Web.Controllers.InstallController.Index (AtiehJobCore.Web), returned result Microsoft.AspNetCore.Mvc.RedirectToActionResult in 45883.1555ms.
info: Microsoft.AspNetCore.Mvc.RedirectToActionResult[1]
      Executing RedirectResult, redirecting to /.
info: Microsoft.AspNetCore.Mvc.Internal.ControllerActionInvoker[2]
      Executed action AtiehJobCore.Web.Controllers.InstallController.Index (AtiehJobCore.Web) in 46064.6308ms
info: Microsoft.AspNetCore.Hosting.Internal.WebHost[2]
      Request finished in 46132.1146ms 302 
Application is shutting down...
